

================================================================
== Vitis HLS Report for 'relu_array_ap_fixed_16u_array_ap_fixed_16_6_5_3_0_16u_relu_config29_s'
================================================================
* Date:           Tue Jun 13 19:47:49 2023

* Version:        2022.1 (Build 3526262 on Mon Apr 18 15:47:01 MDT 2022)
* Project:        AlexNet_Cifar10_Keras_prj
* Solution:       solution1 (Vivado IP Flow Target)
* Product family: zynquplus
* Target device:  xczu7ev-ffvc1156-2-e


================================================================
== Performance Estimates
================================================================
+ Timing: 
    * Summary: 
    +--------+---------+----------+------------+
    |  Clock |  Target | Estimated| Uncertainty|
    +--------+---------+----------+------------+
    |ap_clk  |  5.00 ns|  3.235 ns|     0.62 ns|
    +--------+---------+----------+------------+

+ Latency: 
    * Summary: 
    +---------+---------+----------+----------+-----+-----+---------+
    |  Latency (cycles) |  Latency (absolute) |  Interval | Pipeline|
    |   min   |   max   |    min   |    max   | min | max |   Type  |
    +---------+---------+----------+----------+-----+-----+---------+
    |        1|        1|  5.000 ns|  5.000 ns|    1|    1|       no|
    +---------+---------+----------+----------+-----+-----+---------+

    + Detail: 
        * Instance: 
        N/A

        * Loop: 
        N/A

============================================================
+ Verbose Summary: Synthesis Manager
============================================================
InlineROM: 1
ExposeGlobal: 0
============================================================
+ Verbose Summary: CDFG Model
============================================================
IsTopModel: 0
ResetActiveHigh: 1
IsCombinational: 2
IsDatapathOnly: 0
HasWiredReturn: 1
HasMFsm: 0
HasVarLatency: 1
IsPipeline: 0
IsRtlPipelined: 0
IsInstanceOverlapped: 0
IsDontTouch: 0
HasImplIP: 0
IsGatedGlobalClock: 0


============================================================
+ Verbose Summary: Schedule
============================================================
* Number of FSM states : 2
* Pipeline : 0
* Dataflow Pipeline: 0

* FSM state transitions: 
1 --> 2 
2 --> 

* FSM state operations: 

State 1 <SV = 0> <Delay = 3.23>
ST_1 : Operation 3 [1/1] (1.83ns)   --->   "%layer26_out_read = read i256 @_ssdm_op_Read.ap_fifo.volatile.i256P0A, i256 %layer26_out" [/data/Ao_XIE/vivado/Vitis_HLS/2022.1/common/technology/autopilot/hls_stream_39.h:145]   --->   Operation 3 'read' 'layer26_out_read' <Predicate = true> <Delay = 1.83> <CoreInst = "FIFO_SRL">   --->   Core 81 'FIFO_SRL' <Latency = 0> <II = 1> <Delay = 1.83> <Storage> <Opcode : 'read' 'write' 'nbread' 'nbwrite'> <Ports = 0> <Width = 256> <Depth = 1> <FIFO>
ST_1 : Operation 4 [1/1] (0.00ns)   --->   "%in_data_data = trunc i256 %layer26_out_read" [/data/Ao_XIE/vivado/Vitis_HLS/2022.1/common/technology/autopilot/hls_stream_39.h:145]   --->   Operation 4 'trunc' 'in_data_data' <Predicate = true> <Delay = 0.00>
ST_1 : Operation 5 [1/1] (0.00ns)   --->   "%trunc_ln145_71 = trunc i256 %layer26_out_read" [/data/Ao_XIE/vivado/Vitis_HLS/2022.1/common/technology/autopilot/hls_stream_39.h:145]   --->   Operation 5 'trunc' 'trunc_ln145_71' <Predicate = true> <Delay = 0.00>
ST_1 : Operation 6 [1/1] (0.00ns)   --->   "%trunc_ln145_72 = partselect i16 @_ssdm_op_PartSelect.i16.i256.i32.i32, i256 %layer26_out_read, i32 224, i32 239" [/data/Ao_XIE/vivado/Vitis_HLS/2022.1/common/technology/autopilot/hls_stream_39.h:145]   --->   Operation 6 'partselect' 'trunc_ln145_72' <Predicate = true> <Delay = 0.00>
ST_1 : Operation 7 [1/1] (0.00ns)   --->   "%trunc_ln145_73 = partselect i16 @_ssdm_op_PartSelect.i16.i256.i32.i32, i256 %layer26_out_read, i32 240, i32 255" [/data/Ao_XIE/vivado/Vitis_HLS/2022.1/common/technology/autopilot/hls_stream_39.h:145]   --->   Operation 7 'partselect' 'trunc_ln145_73' <Predicate = true> <Delay = 0.00>
ST_1 : Operation 8 [1/1] (0.00ns)   --->   "%in_data_data_20 = partselect i16 @_ssdm_op_PartSelect.i16.i256.i32.i32, i256 %layer26_out_read, i32 16, i32 31" [/data/Ao_XIE/vivado/Vitis_HLS/2022.1/common/technology/autopilot/hls_stream_39.h:145]   --->   Operation 8 'partselect' 'in_data_data_20' <Predicate = true> <Delay = 0.00>
ST_1 : Operation 9 [1/1] (0.00ns)   --->   "%trunc_ln = partselect i15 @_ssdm_op_PartSelect.i15.i256.i32.i32, i256 %layer26_out_read, i32 16, i32 30" [firmware/nnet_utils/nnet_activation_stream.h:44]   --->   Operation 9 'partselect' 'trunc_ln' <Predicate = true> <Delay = 0.00>
ST_1 : Operation 10 [1/1] (0.00ns)   --->   "%in_data_data_21 = partselect i16 @_ssdm_op_PartSelect.i16.i256.i32.i32, i256 %layer26_out_read, i32 32, i32 47" [/data/Ao_XIE/vivado/Vitis_HLS/2022.1/common/technology/autopilot/hls_stream_39.h:145]   --->   Operation 10 'partselect' 'in_data_data_21' <Predicate = true> <Delay = 0.00>
ST_1 : Operation 11 [1/1] (0.00ns)   --->   "%trunc_ln44_7 = partselect i15 @_ssdm_op_PartSelect.i15.i256.i32.i32, i256 %layer26_out_read, i32 32, i32 46" [firmware/nnet_utils/nnet_activation_stream.h:44]   --->   Operation 11 'partselect' 'trunc_ln44_7' <Predicate = true> <Delay = 0.00>
ST_1 : Operation 12 [1/1] (0.00ns)   --->   "%in_data_data_22 = partselect i16 @_ssdm_op_PartSelect.i16.i256.i32.i32, i256 %layer26_out_read, i32 48, i32 63" [/data/Ao_XIE/vivado/Vitis_HLS/2022.1/common/technology/autopilot/hls_stream_39.h:145]   --->   Operation 12 'partselect' 'in_data_data_22' <Predicate = true> <Delay = 0.00>
ST_1 : Operation 13 [1/1] (0.00ns)   --->   "%trunc_ln44_8 = partselect i15 @_ssdm_op_PartSelect.i15.i256.i32.i32, i256 %layer26_out_read, i32 48, i32 62" [firmware/nnet_utils/nnet_activation_stream.h:44]   --->   Operation 13 'partselect' 'trunc_ln44_8' <Predicate = true> <Delay = 0.00>
ST_1 : Operation 14 [1/1] (0.00ns)   --->   "%tmp = partselect i16 @_ssdm_op_PartSelect.i16.i256.i32.i32, i256 %layer26_out_read, i32 64, i32 79" [/data/Ao_XIE/vivado/Vitis_HLS/2022.1/common/technology/autopilot/hls_stream_39.h:145]   --->   Operation 14 'partselect' 'tmp' <Predicate = true> <Delay = 0.00>
ST_1 : Operation 15 [1/1] (0.00ns)   --->   "%trunc_ln145_s = partselect i15 @_ssdm_op_PartSelect.i15.i256.i32.i32, i256 %layer26_out_read, i32 64, i32 78" [/data/Ao_XIE/vivado/Vitis_HLS/2022.1/common/technology/autopilot/hls_stream_39.h:145]   --->   Operation 15 'partselect' 'trunc_ln145_s' <Predicate = true> <Delay = 0.00>
ST_1 : Operation 16 [1/1] (0.00ns)   --->   "%tmp_s = partselect i16 @_ssdm_op_PartSelect.i16.i256.i32.i32, i256 %layer26_out_read, i32 80, i32 95" [/data/Ao_XIE/vivado/Vitis_HLS/2022.1/common/technology/autopilot/hls_stream_39.h:145]   --->   Operation 16 'partselect' 'tmp_s' <Predicate = true> <Delay = 0.00>
ST_1 : Operation 17 [1/1] (0.00ns)   --->   "%trunc_ln145_61 = partselect i15 @_ssdm_op_PartSelect.i15.i256.i32.i32, i256 %layer26_out_read, i32 80, i32 94" [/data/Ao_XIE/vivado/Vitis_HLS/2022.1/common/technology/autopilot/hls_stream_39.h:145]   --->   Operation 17 'partselect' 'trunc_ln145_61' <Predicate = true> <Delay = 0.00>
ST_1 : Operation 18 [1/1] (0.00ns)   --->   "%tmp_59 = partselect i16 @_ssdm_op_PartSelect.i16.i256.i32.i32, i256 %layer26_out_read, i32 96, i32 111" [/data/Ao_XIE/vivado/Vitis_HLS/2022.1/common/technology/autopilot/hls_stream_39.h:145]   --->   Operation 18 'partselect' 'tmp_59' <Predicate = true> <Delay = 0.00>
ST_1 : Operation 19 [1/1] (0.00ns)   --->   "%trunc_ln145_62 = partselect i15 @_ssdm_op_PartSelect.i15.i256.i32.i32, i256 %layer26_out_read, i32 96, i32 110" [/data/Ao_XIE/vivado/Vitis_HLS/2022.1/common/technology/autopilot/hls_stream_39.h:145]   --->   Operation 19 'partselect' 'trunc_ln145_62' <Predicate = true> <Delay = 0.00>
ST_1 : Operation 20 [1/1] (0.00ns)   --->   "%tmp_60 = partselect i16 @_ssdm_op_PartSelect.i16.i256.i32.i32, i256 %layer26_out_read, i32 112, i32 127" [/data/Ao_XIE/vivado/Vitis_HLS/2022.1/common/technology/autopilot/hls_stream_39.h:145]   --->   Operation 20 'partselect' 'tmp_60' <Predicate = true> <Delay = 0.00>
ST_1 : Operation 21 [1/1] (0.00ns)   --->   "%trunc_ln145_63 = partselect i15 @_ssdm_op_PartSelect.i15.i256.i32.i32, i256 %layer26_out_read, i32 112, i32 126" [/data/Ao_XIE/vivado/Vitis_HLS/2022.1/common/technology/autopilot/hls_stream_39.h:145]   --->   Operation 21 'partselect' 'trunc_ln145_63' <Predicate = true> <Delay = 0.00>
ST_1 : Operation 22 [1/1] (0.00ns)   --->   "%tmp_61 = partselect i16 @_ssdm_op_PartSelect.i16.i256.i32.i32, i256 %layer26_out_read, i32 128, i32 143" [/data/Ao_XIE/vivado/Vitis_HLS/2022.1/common/technology/autopilot/hls_stream_39.h:145]   --->   Operation 22 'partselect' 'tmp_61' <Predicate = true> <Delay = 0.00>
ST_1 : Operation 23 [1/1] (0.00ns)   --->   "%trunc_ln145_64 = partselect i15 @_ssdm_op_PartSelect.i15.i256.i32.i32, i256 %layer26_out_read, i32 128, i32 142" [/data/Ao_XIE/vivado/Vitis_HLS/2022.1/common/technology/autopilot/hls_stream_39.h:145]   --->   Operation 23 'partselect' 'trunc_ln145_64' <Predicate = true> <Delay = 0.00>
ST_1 : Operation 24 [1/1] (0.00ns)   --->   "%tmp_62 = partselect i16 @_ssdm_op_PartSelect.i16.i256.i32.i32, i256 %layer26_out_read, i32 144, i32 159" [/data/Ao_XIE/vivado/Vitis_HLS/2022.1/common/technology/autopilot/hls_stream_39.h:145]   --->   Operation 24 'partselect' 'tmp_62' <Predicate = true> <Delay = 0.00>
ST_1 : Operation 25 [1/1] (0.00ns)   --->   "%trunc_ln145_65 = partselect i15 @_ssdm_op_PartSelect.i15.i256.i32.i32, i256 %layer26_out_read, i32 144, i32 158" [/data/Ao_XIE/vivado/Vitis_HLS/2022.1/common/technology/autopilot/hls_stream_39.h:145]   --->   Operation 25 'partselect' 'trunc_ln145_65' <Predicate = true> <Delay = 0.00>
ST_1 : Operation 26 [1/1] (0.00ns)   --->   "%tmp_63 = partselect i16 @_ssdm_op_PartSelect.i16.i256.i32.i32, i256 %layer26_out_read, i32 160, i32 175" [/data/Ao_XIE/vivado/Vitis_HLS/2022.1/common/technology/autopilot/hls_stream_39.h:145]   --->   Operation 26 'partselect' 'tmp_63' <Predicate = true> <Delay = 0.00>
ST_1 : Operation 27 [1/1] (0.00ns)   --->   "%trunc_ln145_66 = partselect i15 @_ssdm_op_PartSelect.i15.i256.i32.i32, i256 %layer26_out_read, i32 160, i32 174" [/data/Ao_XIE/vivado/Vitis_HLS/2022.1/common/technology/autopilot/hls_stream_39.h:145]   --->   Operation 27 'partselect' 'trunc_ln145_66' <Predicate = true> <Delay = 0.00>
ST_1 : Operation 28 [1/1] (0.00ns)   --->   "%tmp_64 = partselect i16 @_ssdm_op_PartSelect.i16.i256.i32.i32, i256 %layer26_out_read, i32 176, i32 191" [/data/Ao_XIE/vivado/Vitis_HLS/2022.1/common/technology/autopilot/hls_stream_39.h:145]   --->   Operation 28 'partselect' 'tmp_64' <Predicate = true> <Delay = 0.00>
ST_1 : Operation 29 [1/1] (0.00ns)   --->   "%trunc_ln145_67 = partselect i15 @_ssdm_op_PartSelect.i15.i256.i32.i32, i256 %layer26_out_read, i32 176, i32 190" [/data/Ao_XIE/vivado/Vitis_HLS/2022.1/common/technology/autopilot/hls_stream_39.h:145]   --->   Operation 29 'partselect' 'trunc_ln145_67' <Predicate = true> <Delay = 0.00>
ST_1 : Operation 30 [1/1] (0.00ns)   --->   "%tmp_65 = partselect i16 @_ssdm_op_PartSelect.i16.i256.i32.i32, i256 %layer26_out_read, i32 192, i32 207" [/data/Ao_XIE/vivado/Vitis_HLS/2022.1/common/technology/autopilot/hls_stream_39.h:145]   --->   Operation 30 'partselect' 'tmp_65' <Predicate = true> <Delay = 0.00>
ST_1 : Operation 31 [1/1] (0.00ns)   --->   "%trunc_ln145_68 = partselect i15 @_ssdm_op_PartSelect.i15.i256.i32.i32, i256 %layer26_out_read, i32 192, i32 206" [/data/Ao_XIE/vivado/Vitis_HLS/2022.1/common/technology/autopilot/hls_stream_39.h:145]   --->   Operation 31 'partselect' 'trunc_ln145_68' <Predicate = true> <Delay = 0.00>
ST_1 : Operation 32 [1/1] (0.00ns)   --->   "%tmp_66 = partselect i16 @_ssdm_op_PartSelect.i16.i256.i32.i32, i256 %layer26_out_read, i32 208, i32 223" [/data/Ao_XIE/vivado/Vitis_HLS/2022.1/common/technology/autopilot/hls_stream_39.h:145]   --->   Operation 32 'partselect' 'tmp_66' <Predicate = true> <Delay = 0.00>
ST_1 : Operation 33 [1/1] (0.00ns)   --->   "%trunc_ln145_69 = partselect i15 @_ssdm_op_PartSelect.i15.i256.i32.i32, i256 %layer26_out_read, i32 208, i32 222" [/data/Ao_XIE/vivado/Vitis_HLS/2022.1/common/technology/autopilot/hls_stream_39.h:145]   --->   Operation 33 'partselect' 'trunc_ln145_69' <Predicate = true> <Delay = 0.00>
ST_1 : Operation 34 [1/1] (0.00ns)   --->   "%trunc_ln145_70 = partselect i15 @_ssdm_op_PartSelect.i15.i256.i32.i32, i256 %layer26_out_read, i32 224, i32 238" [/data/Ao_XIE/vivado/Vitis_HLS/2022.1/common/technology/autopilot/hls_stream_39.h:145]   --->   Operation 34 'partselect' 'trunc_ln145_70' <Predicate = true> <Delay = 0.00>
ST_1 : Operation 35 [1/1] (0.00ns)   --->   "%trunc_ln3 = partselect i15 @_ssdm_op_PartSelect.i15.i256.i32.i32, i256 %layer26_out_read, i32 240, i32 254"   --->   Operation 35 'partselect' 'trunc_ln3' <Predicate = true> <Delay = 0.00>
ST_1 : Operation 36 [1/1] (1.10ns)   --->   "%icmp_ln1695 = icmp_sgt  i16 %in_data_data, i16 0"   --->   Operation 36 'icmp' 'icmp_ln1695' <Predicate = true> <Delay = 1.10> <CoreInst = "Cmp">   --->   Core 9 'Cmp' <Latency = 0> <II = 1> <Delay = 1.10> <FuncUnit> <Opcode : 'icmp'> <InPorts = 2> <OutPorts = 1>
ST_1 : Operation 37 [1/1] (0.29ns)   --->   "%select_ln51 = select i1 %icmp_ln1695, i15 %trunc_ln145_71, i15 0" [firmware/nnet_utils/nnet_activation_stream.h:51]   --->   Operation 37 'select' 'select_ln51' <Predicate = true> <Delay = 0.29> <CoreInst = "Sel">   --->   Core 73 'Sel' <Latency = 0> <II = 1> <Delay = 0.29> <FuncUnit> <Opcode : 'select'> <InPorts = 3> <OutPorts = 1>
ST_1 : Operation 38 [1/1] (1.10ns)   --->   "%icmp_ln1695_74 = icmp_sgt  i16 %in_data_data_20, i16 0"   --->   Operation 38 'icmp' 'icmp_ln1695_74' <Predicate = true> <Delay = 1.10> <CoreInst = "Cmp">   --->   Core 9 'Cmp' <Latency = 0> <II = 1> <Delay = 1.10> <FuncUnit> <Opcode : 'icmp'> <InPorts = 2> <OutPorts = 1>
ST_1 : Operation 39 [1/1] (0.29ns)   --->   "%select_ln51_63 = select i1 %icmp_ln1695_74, i15 %trunc_ln, i15 0" [firmware/nnet_utils/nnet_activation_stream.h:51]   --->   Operation 39 'select' 'select_ln51_63' <Predicate = true> <Delay = 0.29> <CoreInst = "Sel">   --->   Core 73 'Sel' <Latency = 0> <II = 1> <Delay = 0.29> <FuncUnit> <Opcode : 'select'> <InPorts = 3> <OutPorts = 1>
ST_1 : Operation 40 [1/1] (1.10ns)   --->   "%icmp_ln1695_75 = icmp_sgt  i16 %in_data_data_21, i16 0"   --->   Operation 40 'icmp' 'icmp_ln1695_75' <Predicate = true> <Delay = 1.10> <CoreInst = "Cmp">   --->   Core 9 'Cmp' <Latency = 0> <II = 1> <Delay = 1.10> <FuncUnit> <Opcode : 'icmp'> <InPorts = 2> <OutPorts = 1>
ST_1 : Operation 41 [1/1] (0.29ns)   --->   "%select_ln51_64 = select i1 %icmp_ln1695_75, i15 %trunc_ln44_7, i15 0" [firmware/nnet_utils/nnet_activation_stream.h:51]   --->   Operation 41 'select' 'select_ln51_64' <Predicate = true> <Delay = 0.29> <CoreInst = "Sel">   --->   Core 73 'Sel' <Latency = 0> <II = 1> <Delay = 0.29> <FuncUnit> <Opcode : 'select'> <InPorts = 3> <OutPorts = 1>
ST_1 : Operation 42 [1/1] (1.10ns)   --->   "%icmp_ln1695_76 = icmp_sgt  i16 %in_data_data_22, i16 0"   --->   Operation 42 'icmp' 'icmp_ln1695_76' <Predicate = true> <Delay = 1.10> <CoreInst = "Cmp">   --->   Core 9 'Cmp' <Latency = 0> <II = 1> <Delay = 1.10> <FuncUnit> <Opcode : 'icmp'> <InPorts = 2> <OutPorts = 1>
ST_1 : Operation 43 [1/1] (0.29ns)   --->   "%select_ln51_65 = select i1 %icmp_ln1695_76, i15 %trunc_ln44_8, i15 0" [firmware/nnet_utils/nnet_activation_stream.h:51]   --->   Operation 43 'select' 'select_ln51_65' <Predicate = true> <Delay = 0.29> <CoreInst = "Sel">   --->   Core 73 'Sel' <Latency = 0> <II = 1> <Delay = 0.29> <FuncUnit> <Opcode : 'select'> <InPorts = 3> <OutPorts = 1>
ST_1 : Operation 44 [1/1] (1.10ns)   --->   "%icmp_ln1695_77 = icmp_sgt  i16 %tmp, i16 0"   --->   Operation 44 'icmp' 'icmp_ln1695_77' <Predicate = true> <Delay = 1.10> <CoreInst = "Cmp">   --->   Core 9 'Cmp' <Latency = 0> <II = 1> <Delay = 1.10> <FuncUnit> <Opcode : 'icmp'> <InPorts = 2> <OutPorts = 1>
ST_1 : Operation 45 [1/1] (0.29ns)   --->   "%select_ln51_66 = select i1 %icmp_ln1695_77, i15 %trunc_ln145_s, i15 0" [firmware/nnet_utils/nnet_activation_stream.h:51]   --->   Operation 45 'select' 'select_ln51_66' <Predicate = true> <Delay = 0.29> <CoreInst = "Sel">   --->   Core 73 'Sel' <Latency = 0> <II = 1> <Delay = 0.29> <FuncUnit> <Opcode : 'select'> <InPorts = 3> <OutPorts = 1>
ST_1 : Operation 46 [1/1] (1.10ns)   --->   "%icmp_ln1695_78 = icmp_sgt  i16 %tmp_s, i16 0"   --->   Operation 46 'icmp' 'icmp_ln1695_78' <Predicate = true> <Delay = 1.10> <CoreInst = "Cmp">   --->   Core 9 'Cmp' <Latency = 0> <II = 1> <Delay = 1.10> <FuncUnit> <Opcode : 'icmp'> <InPorts = 2> <OutPorts = 1>
ST_1 : Operation 47 [1/1] (0.29ns)   --->   "%select_ln51_67 = select i1 %icmp_ln1695_78, i15 %trunc_ln145_61, i15 0" [firmware/nnet_utils/nnet_activation_stream.h:51]   --->   Operation 47 'select' 'select_ln51_67' <Predicate = true> <Delay = 0.29> <CoreInst = "Sel">   --->   Core 73 'Sel' <Latency = 0> <II = 1> <Delay = 0.29> <FuncUnit> <Opcode : 'select'> <InPorts = 3> <OutPorts = 1>
ST_1 : Operation 48 [1/1] (1.10ns)   --->   "%icmp_ln1695_79 = icmp_sgt  i16 %tmp_59, i16 0"   --->   Operation 48 'icmp' 'icmp_ln1695_79' <Predicate = true> <Delay = 1.10> <CoreInst = "Cmp">   --->   Core 9 'Cmp' <Latency = 0> <II = 1> <Delay = 1.10> <FuncUnit> <Opcode : 'icmp'> <InPorts = 2> <OutPorts = 1>
ST_1 : Operation 49 [1/1] (0.29ns)   --->   "%select_ln51_68 = select i1 %icmp_ln1695_79, i15 %trunc_ln145_62, i15 0" [firmware/nnet_utils/nnet_activation_stream.h:51]   --->   Operation 49 'select' 'select_ln51_68' <Predicate = true> <Delay = 0.29> <CoreInst = "Sel">   --->   Core 73 'Sel' <Latency = 0> <II = 1> <Delay = 0.29> <FuncUnit> <Opcode : 'select'> <InPorts = 3> <OutPorts = 1>
ST_1 : Operation 50 [1/1] (1.10ns)   --->   "%icmp_ln1695_80 = icmp_sgt  i16 %tmp_60, i16 0"   --->   Operation 50 'icmp' 'icmp_ln1695_80' <Predicate = true> <Delay = 1.10> <CoreInst = "Cmp">   --->   Core 9 'Cmp' <Latency = 0> <II = 1> <Delay = 1.10> <FuncUnit> <Opcode : 'icmp'> <InPorts = 2> <OutPorts = 1>
ST_1 : Operation 51 [1/1] (0.29ns)   --->   "%select_ln51_69 = select i1 %icmp_ln1695_80, i15 %trunc_ln145_63, i15 0" [firmware/nnet_utils/nnet_activation_stream.h:51]   --->   Operation 51 'select' 'select_ln51_69' <Predicate = true> <Delay = 0.29> <CoreInst = "Sel">   --->   Core 73 'Sel' <Latency = 0> <II = 1> <Delay = 0.29> <FuncUnit> <Opcode : 'select'> <InPorts = 3> <OutPorts = 1>
ST_1 : Operation 52 [1/1] (1.10ns)   --->   "%icmp_ln1695_81 = icmp_sgt  i16 %tmp_61, i16 0"   --->   Operation 52 'icmp' 'icmp_ln1695_81' <Predicate = true> <Delay = 1.10> <CoreInst = "Cmp">   --->   Core 9 'Cmp' <Latency = 0> <II = 1> <Delay = 1.10> <FuncUnit> <Opcode : 'icmp'> <InPorts = 2> <OutPorts = 1>
ST_1 : Operation 53 [1/1] (0.29ns)   --->   "%select_ln51_70 = select i1 %icmp_ln1695_81, i15 %trunc_ln145_64, i15 0" [firmware/nnet_utils/nnet_activation_stream.h:51]   --->   Operation 53 'select' 'select_ln51_70' <Predicate = true> <Delay = 0.29> <CoreInst = "Sel">   --->   Core 73 'Sel' <Latency = 0> <II = 1> <Delay = 0.29> <FuncUnit> <Opcode : 'select'> <InPorts = 3> <OutPorts = 1>
ST_1 : Operation 54 [1/1] (1.10ns)   --->   "%icmp_ln1695_82 = icmp_sgt  i16 %tmp_62, i16 0"   --->   Operation 54 'icmp' 'icmp_ln1695_82' <Predicate = true> <Delay = 1.10> <CoreInst = "Cmp">   --->   Core 9 'Cmp' <Latency = 0> <II = 1> <Delay = 1.10> <FuncUnit> <Opcode : 'icmp'> <InPorts = 2> <OutPorts = 1>
ST_1 : Operation 55 [1/1] (0.29ns)   --->   "%select_ln51_71 = select i1 %icmp_ln1695_82, i15 %trunc_ln145_65, i15 0" [firmware/nnet_utils/nnet_activation_stream.h:51]   --->   Operation 55 'select' 'select_ln51_71' <Predicate = true> <Delay = 0.29> <CoreInst = "Sel">   --->   Core 73 'Sel' <Latency = 0> <II = 1> <Delay = 0.29> <FuncUnit> <Opcode : 'select'> <InPorts = 3> <OutPorts = 1>
ST_1 : Operation 56 [1/1] (1.10ns)   --->   "%icmp_ln1695_83 = icmp_sgt  i16 %tmp_63, i16 0"   --->   Operation 56 'icmp' 'icmp_ln1695_83' <Predicate = true> <Delay = 1.10> <CoreInst = "Cmp">   --->   Core 9 'Cmp' <Latency = 0> <II = 1> <Delay = 1.10> <FuncUnit> <Opcode : 'icmp'> <InPorts = 2> <OutPorts = 1>
ST_1 : Operation 57 [1/1] (0.29ns)   --->   "%select_ln51_72 = select i1 %icmp_ln1695_83, i15 %trunc_ln145_66, i15 0" [firmware/nnet_utils/nnet_activation_stream.h:51]   --->   Operation 57 'select' 'select_ln51_72' <Predicate = true> <Delay = 0.29> <CoreInst = "Sel">   --->   Core 73 'Sel' <Latency = 0> <II = 1> <Delay = 0.29> <FuncUnit> <Opcode : 'select'> <InPorts = 3> <OutPorts = 1>
ST_1 : Operation 58 [1/1] (1.10ns)   --->   "%icmp_ln1695_84 = icmp_sgt  i16 %tmp_64, i16 0"   --->   Operation 58 'icmp' 'icmp_ln1695_84' <Predicate = true> <Delay = 1.10> <CoreInst = "Cmp">   --->   Core 9 'Cmp' <Latency = 0> <II = 1> <Delay = 1.10> <FuncUnit> <Opcode : 'icmp'> <InPorts = 2> <OutPorts = 1>
ST_1 : Operation 59 [1/1] (0.29ns)   --->   "%select_ln51_73 = select i1 %icmp_ln1695_84, i15 %trunc_ln145_67, i15 0" [firmware/nnet_utils/nnet_activation_stream.h:51]   --->   Operation 59 'select' 'select_ln51_73' <Predicate = true> <Delay = 0.29> <CoreInst = "Sel">   --->   Core 73 'Sel' <Latency = 0> <II = 1> <Delay = 0.29> <FuncUnit> <Opcode : 'select'> <InPorts = 3> <OutPorts = 1>
ST_1 : Operation 60 [1/1] (1.10ns)   --->   "%icmp_ln1695_85 = icmp_sgt  i16 %tmp_65, i16 0"   --->   Operation 60 'icmp' 'icmp_ln1695_85' <Predicate = true> <Delay = 1.10> <CoreInst = "Cmp">   --->   Core 9 'Cmp' <Latency = 0> <II = 1> <Delay = 1.10> <FuncUnit> <Opcode : 'icmp'> <InPorts = 2> <OutPorts = 1>
ST_1 : Operation 61 [1/1] (0.29ns)   --->   "%select_ln51_74 = select i1 %icmp_ln1695_85, i15 %trunc_ln145_68, i15 0" [firmware/nnet_utils/nnet_activation_stream.h:51]   --->   Operation 61 'select' 'select_ln51_74' <Predicate = true> <Delay = 0.29> <CoreInst = "Sel">   --->   Core 73 'Sel' <Latency = 0> <II = 1> <Delay = 0.29> <FuncUnit> <Opcode : 'select'> <InPorts = 3> <OutPorts = 1>
ST_1 : Operation 62 [1/1] (1.10ns)   --->   "%icmp_ln1695_86 = icmp_sgt  i16 %tmp_66, i16 0"   --->   Operation 62 'icmp' 'icmp_ln1695_86' <Predicate = true> <Delay = 1.10> <CoreInst = "Cmp">   --->   Core 9 'Cmp' <Latency = 0> <II = 1> <Delay = 1.10> <FuncUnit> <Opcode : 'icmp'> <InPorts = 2> <OutPorts = 1>
ST_1 : Operation 63 [1/1] (0.29ns)   --->   "%select_ln51_75 = select i1 %icmp_ln1695_86, i15 %trunc_ln145_69, i15 0" [firmware/nnet_utils/nnet_activation_stream.h:51]   --->   Operation 63 'select' 'select_ln51_75' <Predicate = true> <Delay = 0.29> <CoreInst = "Sel">   --->   Core 73 'Sel' <Latency = 0> <II = 1> <Delay = 0.29> <FuncUnit> <Opcode : 'select'> <InPorts = 3> <OutPorts = 1>
ST_1 : Operation 64 [1/1] (1.10ns)   --->   "%icmp_ln1695_87 = icmp_sgt  i16 %trunc_ln145_72, i16 0"   --->   Operation 64 'icmp' 'icmp_ln1695_87' <Predicate = true> <Delay = 1.10> <CoreInst = "Cmp">   --->   Core 9 'Cmp' <Latency = 0> <II = 1> <Delay = 1.10> <FuncUnit> <Opcode : 'icmp'> <InPorts = 2> <OutPorts = 1>
ST_1 : Operation 65 [1/1] (0.29ns)   --->   "%select_ln51_76 = select i1 %icmp_ln1695_87, i15 %trunc_ln145_70, i15 0" [firmware/nnet_utils/nnet_activation_stream.h:51]   --->   Operation 65 'select' 'select_ln51_76' <Predicate = true> <Delay = 0.29> <CoreInst = "Sel">   --->   Core 73 'Sel' <Latency = 0> <II = 1> <Delay = 0.29> <FuncUnit> <Opcode : 'select'> <InPorts = 3> <OutPorts = 1>
ST_1 : Operation 66 [1/1] (1.10ns)   --->   "%icmp_ln1695_88 = icmp_sgt  i16 %trunc_ln145_73, i16 0"   --->   Operation 66 'icmp' 'icmp_ln1695_88' <Predicate = true> <Delay = 1.10> <CoreInst = "Cmp">   --->   Core 9 'Cmp' <Latency = 0> <II = 1> <Delay = 1.10> <FuncUnit> <Opcode : 'icmp'> <InPorts = 2> <OutPorts = 1>
ST_1 : Operation 67 [1/1] (0.29ns)   --->   "%select_ln51_77 = select i1 %icmp_ln1695_88, i15 %trunc_ln3, i15 0" [firmware/nnet_utils/nnet_activation_stream.h:51]   --->   Operation 67 'select' 'select_ln51_77' <Predicate = true> <Delay = 0.29> <CoreInst = "Sel">   --->   Core 73 'Sel' <Latency = 0> <II = 1> <Delay = 0.29> <FuncUnit> <Opcode : 'select'> <InPorts = 3> <OutPorts = 1>

State 2 <SV = 1> <Delay = 1.83>
ST_2 : Operation 68 [1/1] (0.00ns)   --->   "%specinterface_ln0 = specinterface void @_ssdm_op_SpecInterface, i256 %layer29_out, void @empty_9, i32 0, i32 0, void @empty_3, i32 0, i32 0, void @empty_3, void @empty_3, void @empty_3, i32 0, i32 0, i32 0, i32 0, void @empty_3, void @empty_3, i32 4294967295, i32 0"   --->   Operation 68 'specinterface' 'specinterface_ln0' <Predicate = true> <Delay = 0.00>
ST_2 : Operation 69 [1/1] (0.00ns)   --->   "%specinterface_ln0 = specinterface void @_ssdm_op_SpecInterface, i256 %layer26_out, void @empty_9, i32 0, i32 0, void @empty_3, i32 0, i32 0, void @empty_3, void @empty_3, void @empty_3, i32 0, i32 0, i32 0, i32 0, void @empty_3, void @empty_3, i32 4294967295, i32 0"   --->   Operation 69 'specinterface' 'specinterface_ln0' <Predicate = true> <Delay = 0.00>
ST_2 : Operation 70 [1/1] (0.00ns)   --->   "%zext_ln1695 = zext i15 %select_ln51"   --->   Operation 70 'zext' 'zext_ln1695' <Predicate = true> <Delay = 0.00>
ST_2 : Operation 71 [1/1] (0.00ns)   --->   "%zext_ln1695_61 = zext i15 %select_ln51_63"   --->   Operation 71 'zext' 'zext_ln1695_61' <Predicate = true> <Delay = 0.00>
ST_2 : Operation 72 [1/1] (0.00ns)   --->   "%zext_ln1695_62 = zext i15 %select_ln51_64"   --->   Operation 72 'zext' 'zext_ln1695_62' <Predicate = true> <Delay = 0.00>
ST_2 : Operation 73 [1/1] (0.00ns)   --->   "%zext_ln1695_63 = zext i15 %select_ln51_65"   --->   Operation 73 'zext' 'zext_ln1695_63' <Predicate = true> <Delay = 0.00>
ST_2 : Operation 74 [1/1] (0.00ns)   --->   "%zext_ln1695_64 = zext i15 %select_ln51_66"   --->   Operation 74 'zext' 'zext_ln1695_64' <Predicate = true> <Delay = 0.00>
ST_2 : Operation 75 [1/1] (0.00ns)   --->   "%zext_ln1695_65 = zext i15 %select_ln51_67"   --->   Operation 75 'zext' 'zext_ln1695_65' <Predicate = true> <Delay = 0.00>
ST_2 : Operation 76 [1/1] (0.00ns)   --->   "%zext_ln1695_66 = zext i15 %select_ln51_68"   --->   Operation 76 'zext' 'zext_ln1695_66' <Predicate = true> <Delay = 0.00>
ST_2 : Operation 77 [1/1] (0.00ns)   --->   "%zext_ln1695_67 = zext i15 %select_ln51_69"   --->   Operation 77 'zext' 'zext_ln1695_67' <Predicate = true> <Delay = 0.00>
ST_2 : Operation 78 [1/1] (0.00ns)   --->   "%zext_ln1695_68 = zext i15 %select_ln51_70"   --->   Operation 78 'zext' 'zext_ln1695_68' <Predicate = true> <Delay = 0.00>
ST_2 : Operation 79 [1/1] (0.00ns)   --->   "%zext_ln1695_69 = zext i15 %select_ln51_71"   --->   Operation 79 'zext' 'zext_ln1695_69' <Predicate = true> <Delay = 0.00>
ST_2 : Operation 80 [1/1] (0.00ns)   --->   "%zext_ln1695_70 = zext i15 %select_ln51_72"   --->   Operation 80 'zext' 'zext_ln1695_70' <Predicate = true> <Delay = 0.00>
ST_2 : Operation 81 [1/1] (0.00ns)   --->   "%zext_ln1695_71 = zext i15 %select_ln51_73"   --->   Operation 81 'zext' 'zext_ln1695_71' <Predicate = true> <Delay = 0.00>
ST_2 : Operation 82 [1/1] (0.00ns)   --->   "%zext_ln1695_72 = zext i15 %select_ln51_74"   --->   Operation 82 'zext' 'zext_ln1695_72' <Predicate = true> <Delay = 0.00>
ST_2 : Operation 83 [1/1] (0.00ns)   --->   "%zext_ln1695_73 = zext i15 %select_ln51_75"   --->   Operation 83 'zext' 'zext_ln1695_73' <Predicate = true> <Delay = 0.00>
ST_2 : Operation 84 [1/1] (0.00ns)   --->   "%zext_ln1695_74 = zext i15 %select_ln51_76"   --->   Operation 84 'zext' 'zext_ln1695_74' <Predicate = true> <Delay = 0.00>
ST_2 : Operation 85 [1/1] (0.00ns)   --->   "%or_ln174_s = bitconcatenate i255 @_ssdm_op_BitConcatenate.i255.i15.i16.i16.i16.i16.i16.i16.i16.i16.i16.i16.i16.i16.i16.i16.i16, i15 %select_ln51_77, i16 %zext_ln1695_74, i16 %zext_ln1695_73, i16 %zext_ln1695_72, i16 %zext_ln1695_71, i16 %zext_ln1695_70, i16 %zext_ln1695_69, i16 %zext_ln1695_68, i16 %zext_ln1695_67, i16 %zext_ln1695_66, i16 %zext_ln1695_65, i16 %zext_ln1695_64, i16 %zext_ln1695_63, i16 %zext_ln1695_62, i16 %zext_ln1695_61, i16 %zext_ln1695" [/data/Ao_XIE/vivado/Vitis_HLS/2022.1/common/technology/autopilot/hls_stream_39.h:174]   --->   Operation 85 'bitconcatenate' 'or_ln174_s' <Predicate = true> <Delay = 0.00>
ST_2 : Operation 86 [1/1] (0.00ns)   --->   "%zext_ln174 = zext i255 %or_ln174_s" [/data/Ao_XIE/vivado/Vitis_HLS/2022.1/common/technology/autopilot/hls_stream_39.h:174]   --->   Operation 86 'zext' 'zext_ln174' <Predicate = true> <Delay = 0.00>
ST_2 : Operation 87 [1/1] (1.83ns)   --->   "%write_ln174 = write void @_ssdm_op_Write.ap_fifo.volatile.i256P0A, i256 %layer29_out, i256 %zext_ln174" [/data/Ao_XIE/vivado/Vitis_HLS/2022.1/common/technology/autopilot/hls_stream_39.h:174]   --->   Operation 87 'write' 'write_ln174' <Predicate = true> <Delay = 1.83> <CoreInst = "FIFO_SRL">   --->   Core 81 'FIFO_SRL' <Latency = 0> <II = 1> <Delay = 1.83> <Storage> <Opcode : 'read' 'write' 'nbread' 'nbwrite'> <Ports = 0> <Width = 256> <Depth = 1> <FIFO>
ST_2 : Operation 88 [1/1] (0.00ns)   --->   "%ret_ln59 = ret" [firmware/nnet_utils/nnet_activation_stream.h:59]   --->   Operation 88 'ret' 'ret_ln59' <Predicate = true> <Delay = 0.00>


============================================================
+ Verbose Summary: Timing violations
============================================================
Target clock period: 5ns, clock uncertainty: 0.625ns.

 <State 1>: 3.23ns
The critical path consists of the following:
	fifo read operation ('layer26_out_read', /data/Ao_XIE/vivado/Vitis_HLS/2022.1/common/technology/autopilot/hls_stream_39.h:145) on port 'layer26_out' (/data/Ao_XIE/vivado/Vitis_HLS/2022.1/common/technology/autopilot/hls_stream_39.h:145) [5]  (1.84 ns)
	'icmp' operation ('icmp_ln1695') [38]  (1.1 ns)
	'select' operation ('select_ln51', firmware/nnet_utils/nnet_activation_stream.h:51) [39]  (0.294 ns)

 <State 2>: 1.84ns
The critical path consists of the following:
	fifo write operation ('write_ln174', /data/Ao_XIE/vivado/Vitis_HLS/2022.1/common/technology/autopilot/hls_stream_39.h:174) on port 'layer29_out' (/data/Ao_XIE/vivado/Vitis_HLS/2022.1/common/technology/autopilot/hls_stream_39.h:174) [87]  (1.84 ns)


============================================================
+ Verbose Summary: Binding
============================================================
N/A
* FSMD analyzer results:
  - Output states:
 - Input state : 
  - Chain level:
	State 1
	State 2


============================================================
+ Verbose Summary: Datapath Resource usage 
============================================================
N/A
