

================================================================
== Vitis HLS Report for 'relu_array_ap_fixed_8u_array_ap_fixed_16_6_5_3_0_8u_relu_config15_s'
================================================================
* Date:           Tue Jun 13 19:53:45 2023

* Version:        2022.1 (Build 3526262 on Mon Apr 18 15:47:01 MDT 2022)
* Project:        AlexNet_Cifar10_Keras_prj
* Solution:       solution1 (Vivado IP Flow Target)
* Product family: zynquplus
* Target device:  xczu7ev-ffvc1156-2-e


================================================================
== Performance Estimates
================================================================
+ Timing: 
    * Summary: 
    +--------+---------+----------+------------+
    |  Clock |  Target | Estimated| Uncertainty|
    +--------+---------+----------+------------+
    |ap_clk  |  5.00 ns|  2.954 ns|     0.62 ns|
    +--------+---------+----------+------------+

+ Latency: 
    * Summary: 
    +---------+---------+----------+----------+-----+-----+---------+
    |  Latency (cycles) |  Latency (absolute) |  Interval | Pipeline|
    |   min   |   max   |    min   |    max   | min | max |   Type  |
    +---------+---------+----------+----------+-----+-----+---------+
    |       67|       67|  0.335 us|  0.335 us|   67|   67|       no|
    +---------+---------+----------+----------+-----+-----+---------+

    + Detail: 
        * Instance: 
        N/A

        * Loop: 
        +---------------+---------+---------+----------+-----------+-----------+------+----------+
        |               |  Latency (cycles) | Iteration|  Initiation Interval  | Trip |          |
        |   Loop Name   |   min   |   max   |  Latency |  achieved |   target  | Count| Pipelined|
        +---------------+---------+---------+----------+-----------+-----------+------+----------+
        |- ReLUActLoop  |       65|       65|         3|          1|          1|    64|       yes|
        +---------------+---------+---------+----------+-----------+-----------+------+----------+



================================================================
== Utilization Estimates
================================================================
* Summary: 
+-----------------+---------+------+--------+--------+-----+
|       Name      | BRAM_18K|  DSP |   FF   |   LUT  | URAM|
+-----------------+---------+------+--------+--------+-----+
|DSP              |        -|     -|       -|       -|    -|
|Expression       |        -|     -|       0|     255|    -|
|FIFO             |        -|     -|       -|       -|    -|
|Instance         |        -|     -|       -|       -|    -|
|Memory           |        -|     -|       -|       -|    -|
|Multiplexer      |        -|     -|       -|      63|    -|
|Register         |        -|     -|     133|       -|    -|
+-----------------+---------+------+--------+--------+-----+
|Total            |        0|     0|     133|     318|    0|
+-----------------+---------+------+--------+--------+-----+
|Available        |      624|  1728|  460800|  230400|   96|
+-----------------+---------+------+--------+--------+-----+
|Utilization (%)  |        0|     0|      ~0|      ~0|    0|
+-----------------+---------+------+--------+--------+-----+

+ Detail: 
    * Instance: 
    N/A

    * DSP: 
    N/A

    * Memory: 
    N/A

    * FIFO: 
    N/A

    * Expression: 
    +---------------------------+----------+----+---+----+------------+------------+
    |       Variable Name       | Operation| DSP| FF| LUT| Bitwidth P0| Bitwidth P1|
    +---------------------------+----------+----+---+----+------------+------------+
    |i_12_fu_119_p2             |         +|   0|  0|  14|           7|           1|
    |ap_condition_126           |       and|   0|  0|   2|           1|           1|
    |icmp_ln1695_1_fu_292_p2    |      icmp|   0|  0|  13|          16|           1|
    |icmp_ln1695_2_fu_306_p2    |      icmp|   0|  0|  13|          16|           1|
    |icmp_ln1695_3_fu_320_p2    |      icmp|   0|  0|  13|          16|           1|
    |icmp_ln1695_4_fu_334_p2    |      icmp|   0|  0|  13|          16|           1|
    |icmp_ln1695_5_fu_348_p2    |      icmp|   0|  0|  13|          16|           1|
    |icmp_ln1695_6_fu_362_p2    |      icmp|   0|  0|  13|          16|           1|
    |icmp_ln1695_7_fu_376_p2    |      icmp|   0|  0|  13|          16|           1|
    |icmp_ln1695_fu_278_p2      |      icmp|   0|  0|  13|          16|           1|
    |icmp_ln41_fu_113_p2        |      icmp|   0|  0|  11|           7|           8|
    |ap_block_pp0_stage0_01001  |        or|   0|  0|   2|           1|           1|
    |out_data_data_2_fu_298_p3  |    select|   0|  0|  15|           1|          15|
    |out_data_data_4_fu_312_p3  |    select|   0|  0|  15|           1|          15|
    |out_data_data_6_fu_326_p3  |    select|   0|  0|  15|           1|          15|
    |out_data_data_fu_284_p3    |    select|   0|  0|  15|           1|          15|
    |select_ln51_1_fu_354_p3    |    select|   0|  0|  15|           1|          15|
    |select_ln51_2_fu_368_p3    |    select|   0|  0|  15|           1|          15|
    |select_ln51_3_fu_382_p3    |    select|   0|  0|  15|           1|          15|
    |select_ln51_fu_340_p3      |    select|   0|  0|  15|           1|          15|
    |ap_enable_pp0              |       xor|   0|  0|   2|           1|           2|
    +---------------------------+----------+----+---+----+------------+------------+
    |Total                      |          |   0|  0| 255|         153|         141|
    +---------------------------+----------+----+---+----+------------+------------+

    * Multiplexer: 
    +-------------------------+----+-----------+-----+-----------+
    |           Name          | LUT| Input Size| Bits| Total Bits|
    +-------------------------+----+-----------+-----+-----------+
    |ap_done_int              |   9|          2|    1|          2|
    |ap_enable_reg_pp0_iter1  |   9|          2|    1|          2|
    |ap_sig_allocacmp_i_11    |   9|          2|    7|         14|
    |i_fu_88                  |   9|          2|    7|         14|
    |layer12_out_blk_n        |   9|          2|    1|          2|
    |layer15_out_blk_n        |   9|          2|    1|          2|
    |real_start               |   9|          2|    1|          2|
    +-------------------------+----+-----------+-----+-----------+
    |Total                    |  63|         14|   19|         38|
    +-------------------------+----+-----------+-----+-----------+

    * Register: 
    +----------------------------------+----+----+-----+-----------+
    |               Name               | FF | LUT| Bits| Const Bits|
    +----------------------------------+----+----+-----+-----------+
    |ap_CS_fsm                         |   1|   0|    1|          0|
    |ap_done_reg                       |   1|   0|    1|          0|
    |ap_enable_reg_pp0_iter1           |   1|   0|    1|          0|
    |ap_enable_reg_pp0_iter2           |   1|   0|    1|          0|
    |ap_loop_exit_ready_pp0_iter1_reg  |   1|   0|    1|          0|
    |i_fu_88                           |   7|   0|    7|          0|
    |out_data_data_2_reg_451           |  15|   0|   15|          0|
    |out_data_data_4_reg_456           |  15|   0|   15|          0|
    |out_data_data_6_reg_461           |  15|   0|   15|          0|
    |out_data_data_reg_446             |  15|   0|   15|          0|
    |select_ln51_1_reg_471             |  15|   0|   15|          0|
    |select_ln51_2_reg_476             |  15|   0|   15|          0|
    |select_ln51_3_reg_481             |  15|   0|   15|          0|
    |select_ln51_reg_466               |  15|   0|   15|          0|
    |start_once_reg                    |   1|   0|    1|          0|
    +----------------------------------+----+----+-----+-----------+
    |Total                             | 133|   0|  133|          0|
    +----------------------------------+----+----+-----+-----------+



================================================================
== Interface
================================================================
* Summary: 
+----------------------------+-----+-----+------------+-----------------------------------------------------------------------+--------------+
|          RTL Ports         | Dir | Bits|  Protocol  |                             Source Object                             |    C Type    |
+----------------------------+-----+-----+------------+-----------------------------------------------------------------------+--------------+
|ap_clk                      |   in|    1|  ap_ctrl_hs|  relu<array<ap_fixed,8u>,array<ap_fixed<16,6,5,3,0>,8u>,relu_config15>|  return value|
|ap_rst                      |   in|    1|  ap_ctrl_hs|  relu<array<ap_fixed,8u>,array<ap_fixed<16,6,5,3,0>,8u>,relu_config15>|  return value|
|ap_start                    |   in|    1|  ap_ctrl_hs|  relu<array<ap_fixed,8u>,array<ap_fixed<16,6,5,3,0>,8u>,relu_config15>|  return value|
|start_full_n                |   in|    1|  ap_ctrl_hs|  relu<array<ap_fixed,8u>,array<ap_fixed<16,6,5,3,0>,8u>,relu_config15>|  return value|
|ap_done                     |  out|    1|  ap_ctrl_hs|  relu<array<ap_fixed,8u>,array<ap_fixed<16,6,5,3,0>,8u>,relu_config15>|  return value|
|ap_continue                 |   in|    1|  ap_ctrl_hs|  relu<array<ap_fixed,8u>,array<ap_fixed<16,6,5,3,0>,8u>,relu_config15>|  return value|
|ap_idle                     |  out|    1|  ap_ctrl_hs|  relu<array<ap_fixed,8u>,array<ap_fixed<16,6,5,3,0>,8u>,relu_config15>|  return value|
|ap_ready                    |  out|    1|  ap_ctrl_hs|  relu<array<ap_fixed,8u>,array<ap_fixed<16,6,5,3,0>,8u>,relu_config15>|  return value|
|start_out                   |  out|    1|  ap_ctrl_hs|  relu<array<ap_fixed,8u>,array<ap_fixed<16,6,5,3,0>,8u>,relu_config15>|  return value|
|start_write                 |  out|    1|  ap_ctrl_hs|  relu<array<ap_fixed,8u>,array<ap_fixed<16,6,5,3,0>,8u>,relu_config15>|  return value|
|layer12_out_dout            |   in|  128|     ap_fifo|                                                            layer12_out|       pointer|
|layer12_out_num_data_valid  |   in|    7|     ap_fifo|                                                            layer12_out|       pointer|
|layer12_out_fifo_cap        |   in|    7|     ap_fifo|                                                            layer12_out|       pointer|
|layer12_out_empty_n         |   in|    1|     ap_fifo|                                                            layer12_out|       pointer|
|layer12_out_read            |  out|    1|     ap_fifo|                                                            layer12_out|       pointer|
|layer15_out_din             |  out|  128|     ap_fifo|                                                            layer15_out|       pointer|
|layer15_out_num_data_valid  |   in|    7|     ap_fifo|                                                            layer15_out|       pointer|
|layer15_out_fifo_cap        |   in|    7|     ap_fifo|                                                            layer15_out|       pointer|
|layer15_out_full_n          |   in|    1|     ap_fifo|                                                            layer15_out|       pointer|
|layer15_out_write           |  out|    1|     ap_fifo|                                                            layer15_out|       pointer|
+----------------------------+-----+-----+------------+-----------------------------------------------------------------------+--------------+

============================================================
+ Verbose Summary: Synthesis Manager
============================================================
InlineROM: 1
ExposeGlobal: 0
============================================================
+ Verbose Summary: CDFG Model
============================================================
IsTopModel: 0
ResetActiveHigh: 1
IsCombinational: 2
IsDatapathOnly: 0
HasWiredReturn: 1
HasMFsm: 2
HasVarLatency: 1
IsPipeline: 0
IsRtlPipelined: 0
IsInstanceOverlapped: 0
IsDontTouch: 0
HasImplIP: 0
IsGatedGlobalClock: 0

+ Individual pipeline summary: 
  * Pipeline-0: initiation interval (II) = 1, depth = 3


============================================================
+ Verbose Summary: Schedule
============================================================
* Number of FSM states : 3
* Pipeline : 1
  Pipeline-0 : II = 1, D = 3, States = { 1 2 3 }
* Dataflow Pipeline: 0

* FSM state transitions: 
1 --> 2 
2 --> 3 
3 --> 

* FSM state operations: 

State 1 <SV = 0> <Delay = 1.24>
ST_1 : Operation 6 [1/1] (0.00ns)   --->   "%i = alloca i32 1"   --->   Operation 6 'alloca' 'i' <Predicate = true> <Delay = 0.00>
ST_1 : Operation 7 [1/1] (0.00ns)   --->   "%specinterface_ln0 = specinterface void @_ssdm_op_SpecInterface, i128 %layer15_out, void @empty_9, i32 0, i32 0, void @empty_3, i32 0, i32 0, void @empty_3, void @empty_3, void @empty_3, i32 0, i32 0, i32 0, i32 0, void @empty_3, void @empty_3, i32 4294967295, i32 0"   --->   Operation 7 'specinterface' 'specinterface_ln0' <Predicate = true> <Delay = 0.00>
ST_1 : Operation 8 [1/1] (0.00ns)   --->   "%specinterface_ln0 = specinterface void @_ssdm_op_SpecInterface, i128 %layer12_out, void @empty_9, i32 0, i32 0, void @empty_3, i32 0, i32 0, void @empty_3, void @empty_3, void @empty_3, i32 0, i32 0, i32 0, i32 0, void @empty_3, void @empty_3, i32 4294967295, i32 0"   --->   Operation 8 'specinterface' 'specinterface_ln0' <Predicate = true> <Delay = 0.00>
ST_1 : Operation 9 [1/1] (0.42ns)   --->   "%store_ln41 = store i7 0, i7 %i" [firmware/nnet_utils/nnet_activation_stream.h:41]   --->   Operation 9 'store' 'store_ln41' <Predicate = true> <Delay = 0.42>
ST_1 : Operation 10 [1/1] (0.00ns)   --->   "%br_ln41 = br void %for.body4" [firmware/nnet_utils/nnet_activation_stream.h:41]   --->   Operation 10 'br' 'br_ln41' <Predicate = true> <Delay = 0.00>
ST_1 : Operation 11 [1/1] (0.00ns)   --->   "%i_11 = load i7 %i" [firmware/nnet_utils/nnet_activation_stream.h:41]   --->   Operation 11 'load' 'i_11' <Predicate = true> <Delay = 0.00>
ST_1 : Operation 12 [1/1] (0.81ns)   --->   "%icmp_ln41 = icmp_eq  i7 %i_11, i7 64" [firmware/nnet_utils/nnet_activation_stream.h:41]   --->   Operation 12 'icmp' 'icmp_ln41' <Predicate = true> <Delay = 0.81> <CoreInst = "Cmp">   --->   Core 9 'Cmp' <Latency = 0> <II = 1> <Delay = 0.84> <FuncUnit> <Opcode : 'icmp'> <InPorts = 2> <OutPorts = 1>
ST_1 : Operation 13 [1/1] (0.00ns)   --->   "%empty = speclooptripcount i32 @_ssdm_op_SpecLoopTripCount, i64 64, i64 64, i64 64"   --->   Operation 13 'speclooptripcount' 'empty' <Predicate = true> <Delay = 0.00>
ST_1 : Operation 14 [1/1] (0.77ns)   --->   "%i_12 = add i7 %i_11, i7 1" [firmware/nnet_utils/nnet_activation_stream.h:41]   --->   Operation 14 'add' 'i_12' <Predicate = true> <Delay = 0.77> <CoreInst = "Adder">   --->   Core 1 'Adder' <Latency = 0> <II = 1> <Delay = 0.77> <FuncUnit> <Opcode : 'add' 'sub'> <InPorts = 2> <OutPorts = 1>
ST_1 : Operation 15 [1/1] (0.00ns)   --->   "%br_ln41 = br i1 %icmp_ln41, void %for.body4.split, void %for.end14" [firmware/nnet_utils/nnet_activation_stream.h:41]   --->   Operation 15 'br' 'br_ln41' <Predicate = true> <Delay = 0.00>
ST_1 : Operation 16 [1/1] (0.42ns)   --->   "%store_ln41 = store i7 %i_12, i7 %i" [firmware/nnet_utils/nnet_activation_stream.h:41]   --->   Operation 16 'store' 'store_ln41' <Predicate = (!icmp_ln41)> <Delay = 0.42>

State 2 <SV = 1> <Delay = 2.95>
ST_2 : Operation 17 [1/1] (1.55ns)   --->   "%layer12_out_read = read i128 @_ssdm_op_Read.ap_fifo.volatile.i128P0A, i128 %layer12_out" [/data/Ao_XIE/vivado/Vitis_HLS/2022.1/common/technology/autopilot/hls_stream_39.h:145]   --->   Operation 17 'read' 'layer12_out_read' <Predicate = true> <Delay = 1.55> <CoreInst = "FIFO">   --->   Core 78 'FIFO' <Latency = 0> <II = 1> <Delay = 1.55> <Storage> <Opcode : 'read' 'write' 'nbread' 'nbwrite'> <Ports = 0> <Width = 128> <Depth = 64> <FIFO>
ST_2 : Operation 18 [1/1] (0.00ns)   --->   "%in_data_data = trunc i128 %layer12_out_read" [/data/Ao_XIE/vivado/Vitis_HLS/2022.1/common/technology/autopilot/hls_stream_39.h:145]   --->   Operation 18 'trunc' 'in_data_data' <Predicate = true> <Delay = 0.00>
ST_2 : Operation 19 [1/1] (0.00ns)   --->   "%trunc_ln145_3 = trunc i128 %layer12_out_read" [/data/Ao_XIE/vivado/Vitis_HLS/2022.1/common/technology/autopilot/hls_stream_39.h:145]   --->   Operation 19 'trunc' 'trunc_ln145_3' <Predicate = true> <Delay = 0.00>
ST_2 : Operation 20 [1/1] (0.00ns)   --->   "%trunc_ln145_4 = partselect i16 @_ssdm_op_PartSelect.i16.i128.i32.i32, i128 %layer12_out_read, i32 96, i32 111" [/data/Ao_XIE/vivado/Vitis_HLS/2022.1/common/technology/autopilot/hls_stream_39.h:145]   --->   Operation 20 'partselect' 'trunc_ln145_4' <Predicate = true> <Delay = 0.00>
ST_2 : Operation 21 [1/1] (0.00ns)   --->   "%trunc_ln145_5 = partselect i16 @_ssdm_op_PartSelect.i16.i128.i32.i32, i128 %layer12_out_read, i32 112, i32 127" [/data/Ao_XIE/vivado/Vitis_HLS/2022.1/common/technology/autopilot/hls_stream_39.h:145]   --->   Operation 21 'partselect' 'trunc_ln145_5' <Predicate = true> <Delay = 0.00>
ST_2 : Operation 22 [1/1] (0.00ns)   --->   "%in_data_data_4 = partselect i16 @_ssdm_op_PartSelect.i16.i128.i32.i32, i128 %layer12_out_read, i32 16, i32 31" [/data/Ao_XIE/vivado/Vitis_HLS/2022.1/common/technology/autopilot/hls_stream_39.h:145]   --->   Operation 22 'partselect' 'in_data_data_4' <Predicate = true> <Delay = 0.00>
ST_2 : Operation 23 [1/1] (0.00ns)   --->   "%trunc_ln = partselect i15 @_ssdm_op_PartSelect.i15.i128.i32.i32, i128 %layer12_out_read, i32 16, i32 30" [firmware/nnet_utils/nnet_activation_stream.h:44]   --->   Operation 23 'partselect' 'trunc_ln' <Predicate = true> <Delay = 0.00>
ST_2 : Operation 24 [1/1] (0.00ns)   --->   "%in_data_data_5 = partselect i16 @_ssdm_op_PartSelect.i16.i128.i32.i32, i128 %layer12_out_read, i32 32, i32 47" [/data/Ao_XIE/vivado/Vitis_HLS/2022.1/common/technology/autopilot/hls_stream_39.h:145]   --->   Operation 24 'partselect' 'in_data_data_5' <Predicate = true> <Delay = 0.00>
ST_2 : Operation 25 [1/1] (0.00ns)   --->   "%trunc_ln44_1 = partselect i15 @_ssdm_op_PartSelect.i15.i128.i32.i32, i128 %layer12_out_read, i32 32, i32 46" [firmware/nnet_utils/nnet_activation_stream.h:44]   --->   Operation 25 'partselect' 'trunc_ln44_1' <Predicate = true> <Delay = 0.00>
ST_2 : Operation 26 [1/1] (0.00ns)   --->   "%in_data_data_6 = partselect i16 @_ssdm_op_PartSelect.i16.i128.i32.i32, i128 %layer12_out_read, i32 48, i32 63" [/data/Ao_XIE/vivado/Vitis_HLS/2022.1/common/technology/autopilot/hls_stream_39.h:145]   --->   Operation 26 'partselect' 'in_data_data_6' <Predicate = true> <Delay = 0.00>
ST_2 : Operation 27 [1/1] (0.00ns)   --->   "%trunc_ln44_2 = partselect i15 @_ssdm_op_PartSelect.i15.i128.i32.i32, i128 %layer12_out_read, i32 48, i32 62" [firmware/nnet_utils/nnet_activation_stream.h:44]   --->   Operation 27 'partselect' 'trunc_ln44_2' <Predicate = true> <Delay = 0.00>
ST_2 : Operation 28 [1/1] (0.00ns)   --->   "%tmp = partselect i16 @_ssdm_op_PartSelect.i16.i128.i32.i32, i128 %layer12_out_read, i32 64, i32 79" [/data/Ao_XIE/vivado/Vitis_HLS/2022.1/common/technology/autopilot/hls_stream_39.h:145]   --->   Operation 28 'partselect' 'tmp' <Predicate = true> <Delay = 0.00>
ST_2 : Operation 29 [1/1] (0.00ns)   --->   "%trunc_ln145_s = partselect i15 @_ssdm_op_PartSelect.i15.i128.i32.i32, i128 %layer12_out_read, i32 64, i32 78" [/data/Ao_XIE/vivado/Vitis_HLS/2022.1/common/technology/autopilot/hls_stream_39.h:145]   --->   Operation 29 'partselect' 'trunc_ln145_s' <Predicate = true> <Delay = 0.00>
ST_2 : Operation 30 [1/1] (0.00ns)   --->   "%tmp_s = partselect i16 @_ssdm_op_PartSelect.i16.i128.i32.i32, i128 %layer12_out_read, i32 80, i32 95" [/data/Ao_XIE/vivado/Vitis_HLS/2022.1/common/technology/autopilot/hls_stream_39.h:145]   --->   Operation 30 'partselect' 'tmp_s' <Predicate = true> <Delay = 0.00>
ST_2 : Operation 31 [1/1] (0.00ns)   --->   "%trunc_ln145_1 = partselect i15 @_ssdm_op_PartSelect.i15.i128.i32.i32, i128 %layer12_out_read, i32 80, i32 94" [/data/Ao_XIE/vivado/Vitis_HLS/2022.1/common/technology/autopilot/hls_stream_39.h:145]   --->   Operation 31 'partselect' 'trunc_ln145_1' <Predicate = true> <Delay = 0.00>
ST_2 : Operation 32 [1/1] (0.00ns)   --->   "%trunc_ln145_2 = partselect i15 @_ssdm_op_PartSelect.i15.i128.i32.i32, i128 %layer12_out_read, i32 96, i32 110" [/data/Ao_XIE/vivado/Vitis_HLS/2022.1/common/technology/autopilot/hls_stream_39.h:145]   --->   Operation 32 'partselect' 'trunc_ln145_2' <Predicate = true> <Delay = 0.00>
ST_2 : Operation 33 [1/1] (0.00ns)   --->   "%trunc_ln1 = partselect i15 @_ssdm_op_PartSelect.i15.i128.i32.i32, i128 %layer12_out_read, i32 112, i32 126"   --->   Operation 33 'partselect' 'trunc_ln1' <Predicate = true> <Delay = 0.00>
ST_2 : Operation 34 [1/1] (1.10ns)   --->   "%icmp_ln1695 = icmp_sgt  i16 %in_data_data, i16 0"   --->   Operation 34 'icmp' 'icmp_ln1695' <Predicate = true> <Delay = 1.10> <CoreInst = "Cmp">   --->   Core 9 'Cmp' <Latency = 0> <II = 1> <Delay = 1.10> <FuncUnit> <Opcode : 'icmp'> <InPorts = 2> <OutPorts = 1>
ST_2 : Operation 35 [1/1] (0.29ns)   --->   "%out_data_data = select i1 %icmp_ln1695, i15 %trunc_ln145_3, i15 0" [firmware/nnet_utils/nnet_activation_stream.h:51]   --->   Operation 35 'select' 'out_data_data' <Predicate = true> <Delay = 0.29> <CoreInst = "Sel">   --->   Core 73 'Sel' <Latency = 0> <II = 1> <Delay = 0.29> <FuncUnit> <Opcode : 'select'> <InPorts = 3> <OutPorts = 1>
ST_2 : Operation 36 [1/1] (1.10ns)   --->   "%icmp_ln1695_1 = icmp_sgt  i16 %in_data_data_4, i16 0"   --->   Operation 36 'icmp' 'icmp_ln1695_1' <Predicate = true> <Delay = 1.10> <CoreInst = "Cmp">   --->   Core 9 'Cmp' <Latency = 0> <II = 1> <Delay = 1.10> <FuncUnit> <Opcode : 'icmp'> <InPorts = 2> <OutPorts = 1>
ST_2 : Operation 37 [1/1] (0.29ns)   --->   "%out_data_data_2 = select i1 %icmp_ln1695_1, i15 %trunc_ln, i15 0" [firmware/nnet_utils/nnet_activation_stream.h:51]   --->   Operation 37 'select' 'out_data_data_2' <Predicate = true> <Delay = 0.29> <CoreInst = "Sel">   --->   Core 73 'Sel' <Latency = 0> <II = 1> <Delay = 0.29> <FuncUnit> <Opcode : 'select'> <InPorts = 3> <OutPorts = 1>
ST_2 : Operation 38 [1/1] (1.10ns)   --->   "%icmp_ln1695_2 = icmp_sgt  i16 %in_data_data_5, i16 0"   --->   Operation 38 'icmp' 'icmp_ln1695_2' <Predicate = true> <Delay = 1.10> <CoreInst = "Cmp">   --->   Core 9 'Cmp' <Latency = 0> <II = 1> <Delay = 1.10> <FuncUnit> <Opcode : 'icmp'> <InPorts = 2> <OutPorts = 1>
ST_2 : Operation 39 [1/1] (0.29ns)   --->   "%out_data_data_4 = select i1 %icmp_ln1695_2, i15 %trunc_ln44_1, i15 0" [firmware/nnet_utils/nnet_activation_stream.h:51]   --->   Operation 39 'select' 'out_data_data_4' <Predicate = true> <Delay = 0.29> <CoreInst = "Sel">   --->   Core 73 'Sel' <Latency = 0> <II = 1> <Delay = 0.29> <FuncUnit> <Opcode : 'select'> <InPorts = 3> <OutPorts = 1>
ST_2 : Operation 40 [1/1] (1.10ns)   --->   "%icmp_ln1695_3 = icmp_sgt  i16 %in_data_data_6, i16 0"   --->   Operation 40 'icmp' 'icmp_ln1695_3' <Predicate = true> <Delay = 1.10> <CoreInst = "Cmp">   --->   Core 9 'Cmp' <Latency = 0> <II = 1> <Delay = 1.10> <FuncUnit> <Opcode : 'icmp'> <InPorts = 2> <OutPorts = 1>
ST_2 : Operation 41 [1/1] (0.29ns)   --->   "%out_data_data_6 = select i1 %icmp_ln1695_3, i15 %trunc_ln44_2, i15 0" [firmware/nnet_utils/nnet_activation_stream.h:51]   --->   Operation 41 'select' 'out_data_data_6' <Predicate = true> <Delay = 0.29> <CoreInst = "Sel">   --->   Core 73 'Sel' <Latency = 0> <II = 1> <Delay = 0.29> <FuncUnit> <Opcode : 'select'> <InPorts = 3> <OutPorts = 1>
ST_2 : Operation 42 [1/1] (1.10ns)   --->   "%icmp_ln1695_4 = icmp_sgt  i16 %tmp, i16 0"   --->   Operation 42 'icmp' 'icmp_ln1695_4' <Predicate = true> <Delay = 1.10> <CoreInst = "Cmp">   --->   Core 9 'Cmp' <Latency = 0> <II = 1> <Delay = 1.10> <FuncUnit> <Opcode : 'icmp'> <InPorts = 2> <OutPorts = 1>
ST_2 : Operation 43 [1/1] (0.29ns)   --->   "%select_ln51 = select i1 %icmp_ln1695_4, i15 %trunc_ln145_s, i15 0" [firmware/nnet_utils/nnet_activation_stream.h:51]   --->   Operation 43 'select' 'select_ln51' <Predicate = true> <Delay = 0.29> <CoreInst = "Sel">   --->   Core 73 'Sel' <Latency = 0> <II = 1> <Delay = 0.29> <FuncUnit> <Opcode : 'select'> <InPorts = 3> <OutPorts = 1>
ST_2 : Operation 44 [1/1] (1.10ns)   --->   "%icmp_ln1695_5 = icmp_sgt  i16 %tmp_s, i16 0"   --->   Operation 44 'icmp' 'icmp_ln1695_5' <Predicate = true> <Delay = 1.10> <CoreInst = "Cmp">   --->   Core 9 'Cmp' <Latency = 0> <II = 1> <Delay = 1.10> <FuncUnit> <Opcode : 'icmp'> <InPorts = 2> <OutPorts = 1>
ST_2 : Operation 45 [1/1] (0.29ns)   --->   "%select_ln51_1 = select i1 %icmp_ln1695_5, i15 %trunc_ln145_1, i15 0" [firmware/nnet_utils/nnet_activation_stream.h:51]   --->   Operation 45 'select' 'select_ln51_1' <Predicate = true> <Delay = 0.29> <CoreInst = "Sel">   --->   Core 73 'Sel' <Latency = 0> <II = 1> <Delay = 0.29> <FuncUnit> <Opcode : 'select'> <InPorts = 3> <OutPorts = 1>
ST_2 : Operation 46 [1/1] (1.10ns)   --->   "%icmp_ln1695_6 = icmp_sgt  i16 %trunc_ln145_4, i16 0"   --->   Operation 46 'icmp' 'icmp_ln1695_6' <Predicate = true> <Delay = 1.10> <CoreInst = "Cmp">   --->   Core 9 'Cmp' <Latency = 0> <II = 1> <Delay = 1.10> <FuncUnit> <Opcode : 'icmp'> <InPorts = 2> <OutPorts = 1>
ST_2 : Operation 47 [1/1] (0.29ns)   --->   "%select_ln51_2 = select i1 %icmp_ln1695_6, i15 %trunc_ln145_2, i15 0" [firmware/nnet_utils/nnet_activation_stream.h:51]   --->   Operation 47 'select' 'select_ln51_2' <Predicate = true> <Delay = 0.29> <CoreInst = "Sel">   --->   Core 73 'Sel' <Latency = 0> <II = 1> <Delay = 0.29> <FuncUnit> <Opcode : 'select'> <InPorts = 3> <OutPorts = 1>
ST_2 : Operation 48 [1/1] (1.10ns)   --->   "%icmp_ln1695_7 = icmp_sgt  i16 %trunc_ln145_5, i16 0"   --->   Operation 48 'icmp' 'icmp_ln1695_7' <Predicate = true> <Delay = 1.10> <CoreInst = "Cmp">   --->   Core 9 'Cmp' <Latency = 0> <II = 1> <Delay = 1.10> <FuncUnit> <Opcode : 'icmp'> <InPorts = 2> <OutPorts = 1>
ST_2 : Operation 49 [1/1] (0.29ns)   --->   "%select_ln51_3 = select i1 %icmp_ln1695_7, i15 %trunc_ln1, i15 0" [firmware/nnet_utils/nnet_activation_stream.h:51]   --->   Operation 49 'select' 'select_ln51_3' <Predicate = true> <Delay = 0.29> <CoreInst = "Sel">   --->   Core 73 'Sel' <Latency = 0> <II = 1> <Delay = 0.29> <FuncUnit> <Opcode : 'select'> <InPorts = 3> <OutPorts = 1>
ST_2 : Operation 63 [1/1] (0.00ns)   --->   "%ret_ln59 = ret" [firmware/nnet_utils/nnet_activation_stream.h:59]   --->   Operation 63 'ret' 'ret_ln59' <Predicate = (icmp_ln41)> <Delay = 0.00>

State 3 <SV = 2> <Delay = 1.55>
ST_3 : Operation 50 [1/1] (0.00ns)   --->   "%specpipeline_ln42 = specpipeline void @_ssdm_op_SpecPipeline, i32 4294967295, i32 0, i32 0, i32 0, void @empty_3" [firmware/nnet_utils/nnet_activation_stream.h:42]   --->   Operation 50 'specpipeline' 'specpipeline_ln42' <Predicate = true> <Delay = 0.00>
ST_3 : Operation 51 [1/1] (0.00ns)   --->   "%specloopname_ln144 = specloopname void @_ssdm_op_SpecLoopName, void @empty_17" [/data/Ao_XIE/vivado/Vitis_HLS/2022.1/common/technology/autopilot/hls_stream_39.h:144]   --->   Operation 51 'specloopname' 'specloopname_ln144' <Predicate = true> <Delay = 0.00>
ST_3 : Operation 52 [1/1] (0.00ns)   --->   "%zext_ln45 = zext i15 %out_data_data" [firmware/nnet_utils/nnet_activation_stream.h:45]   --->   Operation 52 'zext' 'zext_ln45' <Predicate = true> <Delay = 0.00>
ST_3 : Operation 53 [1/1] (0.00ns)   --->   "%zext_ln45_1 = zext i15 %out_data_data_2" [firmware/nnet_utils/nnet_activation_stream.h:45]   --->   Operation 53 'zext' 'zext_ln45_1' <Predicate = true> <Delay = 0.00>
ST_3 : Operation 54 [1/1] (0.00ns)   --->   "%zext_ln45_2 = zext i15 %out_data_data_4" [firmware/nnet_utils/nnet_activation_stream.h:45]   --->   Operation 54 'zext' 'zext_ln45_2' <Predicate = true> <Delay = 0.00>
ST_3 : Operation 55 [1/1] (0.00ns)   --->   "%zext_ln45_3 = zext i15 %out_data_data_6" [firmware/nnet_utils/nnet_activation_stream.h:45]   --->   Operation 55 'zext' 'zext_ln45_3' <Predicate = true> <Delay = 0.00>
ST_3 : Operation 56 [1/1] (0.00ns)   --->   "%zext_ln1695 = zext i15 %select_ln51"   --->   Operation 56 'zext' 'zext_ln1695' <Predicate = true> <Delay = 0.00>
ST_3 : Operation 57 [1/1] (0.00ns)   --->   "%zext_ln1695_1 = zext i15 %select_ln51_1"   --->   Operation 57 'zext' 'zext_ln1695_1' <Predicate = true> <Delay = 0.00>
ST_3 : Operation 58 [1/1] (0.00ns)   --->   "%zext_ln1695_2 = zext i15 %select_ln51_2"   --->   Operation 58 'zext' 'zext_ln1695_2' <Predicate = true> <Delay = 0.00>
ST_3 : Operation 59 [1/1] (0.00ns)   --->   "%or_ln174_s = bitconcatenate i127 @_ssdm_op_BitConcatenate.i127.i15.i16.i16.i16.i16.i16.i16.i16, i15 %select_ln51_3, i16 %zext_ln1695_2, i16 %zext_ln1695_1, i16 %zext_ln1695, i16 %zext_ln45_3, i16 %zext_ln45_2, i16 %zext_ln45_1, i16 %zext_ln45" [/data/Ao_XIE/vivado/Vitis_HLS/2022.1/common/technology/autopilot/hls_stream_39.h:174]   --->   Operation 59 'bitconcatenate' 'or_ln174_s' <Predicate = true> <Delay = 0.00>
ST_3 : Operation 60 [1/1] (0.00ns)   --->   "%zext_ln174 = zext i127 %or_ln174_s" [/data/Ao_XIE/vivado/Vitis_HLS/2022.1/common/technology/autopilot/hls_stream_39.h:174]   --->   Operation 60 'zext' 'zext_ln174' <Predicate = true> <Delay = 0.00>
ST_3 : Operation 61 [1/1] (1.55ns)   --->   "%write_ln174 = write void @_ssdm_op_Write.ap_fifo.volatile.i128P0A, i128 %layer15_out, i128 %zext_ln174" [/data/Ao_XIE/vivado/Vitis_HLS/2022.1/common/technology/autopilot/hls_stream_39.h:174]   --->   Operation 61 'write' 'write_ln174' <Predicate = true> <Delay = 1.55> <CoreInst = "FIFO">   --->   Core 78 'FIFO' <Latency = 0> <II = 1> <Delay = 1.55> <Storage> <Opcode : 'read' 'write' 'nbread' 'nbwrite'> <Ports = 0> <Width = 128> <Depth = 64> <FIFO>
ST_3 : Operation 62 [1/1] (0.00ns)   --->   "%br_ln41 = br void %for.body4" [firmware/nnet_utils/nnet_activation_stream.h:41]   --->   Operation 62 'br' 'br_ln41' <Predicate = true> <Delay = 0.00>


============================================================
+ Verbose Summary: Binding
============================================================
STG Binding: 
---------------- STG Properties BEGIN ----------------
- Is combinational: 0
- Is one-state seq: 0
- Is datapath-only: 0
- Is pipelined: 0
- Is top level: 0
Port [ Return ] is wired: 1; IO mode=ap_ctrl_hs:ce=0
Port [ layer12_out]:  wired=1; compound=1; hidden=0; nouse=0; global=0; static=0; extern=0; dir=0; type=3; pingpong=0; private_global=0; IO mode=ap_fifo:ce=0
Port [ layer15_out]:  wired=1; compound=1; hidden=0; nouse=0; global=0; static=0; extern=0; dir=1; type=3; pingpong=0; private_global=0; IO mode=ap_fifo:ce=0
---------------- STG Properties END ------------------

---------------- Datapath Model BEGIN ----------------

<LifeTime>
<method=bitvector/>
i                  (alloca           ) [ 0100]
specinterface_ln0  (specinterface    ) [ 0000]
specinterface_ln0  (specinterface    ) [ 0000]
store_ln41         (store            ) [ 0000]
br_ln41            (br               ) [ 0000]
i_11               (load             ) [ 0000]
icmp_ln41          (icmp             ) [ 0110]
empty              (speclooptripcount) [ 0000]
i_12               (add              ) [ 0000]
br_ln41            (br               ) [ 0000]
store_ln41         (store            ) [ 0000]
layer12_out_read   (read             ) [ 0000]
in_data_data       (trunc            ) [ 0000]
trunc_ln145_3      (trunc            ) [ 0000]
trunc_ln145_4      (partselect       ) [ 0000]
trunc_ln145_5      (partselect       ) [ 0000]
in_data_data_4     (partselect       ) [ 0000]
trunc_ln           (partselect       ) [ 0000]
in_data_data_5     (partselect       ) [ 0000]
trunc_ln44_1       (partselect       ) [ 0000]
in_data_data_6     (partselect       ) [ 0000]
trunc_ln44_2       (partselect       ) [ 0000]
tmp                (partselect       ) [ 0000]
trunc_ln145_s      (partselect       ) [ 0000]
tmp_s              (partselect       ) [ 0000]
trunc_ln145_1      (partselect       ) [ 0000]
trunc_ln145_2      (partselect       ) [ 0000]
trunc_ln1          (partselect       ) [ 0000]
icmp_ln1695        (icmp             ) [ 0000]
out_data_data      (select           ) [ 0101]
icmp_ln1695_1      (icmp             ) [ 0000]
out_data_data_2    (select           ) [ 0101]
icmp_ln1695_2      (icmp             ) [ 0000]
out_data_data_4    (select           ) [ 0101]
icmp_ln1695_3      (icmp             ) [ 0000]
out_data_data_6    (select           ) [ 0101]
icmp_ln1695_4      (icmp             ) [ 0000]
select_ln51        (select           ) [ 0101]
icmp_ln1695_5      (icmp             ) [ 0000]
select_ln51_1      (select           ) [ 0101]
icmp_ln1695_6      (icmp             ) [ 0000]
select_ln51_2      (select           ) [ 0101]
icmp_ln1695_7      (icmp             ) [ 0000]
select_ln51_3      (select           ) [ 0101]
specpipeline_ln42  (specpipeline     ) [ 0000]
specloopname_ln144 (specloopname     ) [ 0000]
zext_ln45          (zext             ) [ 0000]
zext_ln45_1        (zext             ) [ 0000]
zext_ln45_2        (zext             ) [ 0000]
zext_ln45_3        (zext             ) [ 0000]
zext_ln1695        (zext             ) [ 0000]
zext_ln1695_1      (zext             ) [ 0000]
zext_ln1695_2      (zext             ) [ 0000]
or_ln174_s         (bitconcatenate   ) [ 0000]
zext_ln174         (zext             ) [ 0000]
write_ln174        (write            ) [ 0000]
br_ln41            (br               ) [ 0000]
ret_ln59           (ret              ) [ 0000]
</LifeTime>

<model>

<comp_list>
<comp id="0" class="1000" name="layer12_out">
<pin_list>
<pin id="1" dir="1" index="0" bw="1" slack="0"/>
</pin_list>
<bind>
<StgValue><ssdm name="layer12_out"/></StgValue>
</bind>
</comp>

<comp id="2" class="1000" name="layer15_out">
<pin_list>
<pin id="3" dir="1" index="0" bw="1" slack="0"/>
</pin_list>
<bind>
<StgValue><ssdm name="layer15_out"/></StgValue>
</bind>
</comp>

<comp id="4" class="1001" name="const_4">
<pin_list>
<pin id="5" dir="1" index="0" bw="1" slack="0"/>
</pin_list>
<bind>
<StgValue><ssdm name=""/></StgValue>
</bind>
</comp>

<comp id="6" class="1001" name="const_6">
<pin_list>
<pin id="7" dir="1" index="0" bw="1" slack="2147483647"/>
</pin_list>
<bind>
<StgValue><ssdm name="_ssdm_op_SpecInterface"/></StgValue>
</bind>
</comp>

<comp id="8" class="1001" name="const_8">
<pin_list>
<pin id="9" dir="1" index="0" bw="1" slack="2147483647"/>
</pin_list>
<bind>
<StgValue><ssdm name="empty_9"/></StgValue>
</bind>
</comp>

<comp id="10" class="1001" name="const_10">
<pin_list>
<pin id="11" dir="1" index="0" bw="1" slack="2147483647"/>
</pin_list>
<bind>
<StgValue><ssdm name=""/></StgValue>
</bind>
</comp>

<comp id="12" class="1001" name="const_12">
<pin_list>
<pin id="13" dir="1" index="0" bw="1" slack="2147483647"/>
</pin_list>
<bind>
<StgValue><ssdm name="empty_3"/></StgValue>
</bind>
</comp>

<comp id="14" class="1001" name="const_14">
<pin_list>
<pin id="15" dir="1" index="0" bw="1" slack="2147483647"/>
</pin_list>
<bind>
<StgValue><ssdm name=""/></StgValue>
</bind>
</comp>

<comp id="16" class="1001" name="const_16">
<pin_list>
<pin id="17" dir="1" index="0" bw="1" slack="0"/>
</pin_list>
<bind>
<StgValue><ssdm name=""/></StgValue>
</bind>
</comp>

<comp id="18" class="1001" name="const_18">
<pin_list>
<pin id="19" dir="1" index="0" bw="1" slack="0"/>
</pin_list>
<bind>
<StgValue><ssdm name=""/></StgValue>
</bind>
</comp>

<comp id="20" class="1001" name="const_20">
<pin_list>
<pin id="21" dir="1" index="0" bw="1" slack="2147483647"/>
</pin_list>
<bind>
<StgValue><ssdm name="_ssdm_op_SpecLoopTripCount"/></StgValue>
</bind>
</comp>

<comp id="22" class="1001" name="const_22">
<pin_list>
<pin id="23" dir="1" index="0" bw="1" slack="2147483647"/>
</pin_list>
<bind>
<StgValue><ssdm name=""/></StgValue>
</bind>
</comp>

<comp id="24" class="1001" name="const_24">
<pin_list>
<pin id="25" dir="1" index="0" bw="1" slack="0"/>
</pin_list>
<bind>
<StgValue><ssdm name=""/></StgValue>
</bind>
</comp>

<comp id="26" class="1001" name="const_26">
<pin_list>
<pin id="27" dir="1" index="0" bw="1" slack="0"/>
</pin_list>
<bind>
<StgValue><ssdm name="_ssdm_op_Read.ap_fifo.volatile.i128P0A"/></StgValue>
</bind>
</comp>

<comp id="28" class="1001" name="const_28">
<pin_list>
<pin id="29" dir="1" index="0" bw="1" slack="0"/>
</pin_list>
<bind>
<StgValue><ssdm name="_ssdm_op_PartSelect.i16.i128.i32.i32"/></StgValue>
</bind>
</comp>

<comp id="30" class="1001" name="const_30">
<pin_list>
<pin id="31" dir="1" index="0" bw="1" slack="0"/>
</pin_list>
<bind>
<StgValue><ssdm name=""/></StgValue>
</bind>
</comp>

<comp id="32" class="1001" name="const_32">
<pin_list>
<pin id="33" dir="1" index="0" bw="1" slack="0"/>
</pin_list>
<bind>
<StgValue><ssdm name=""/></StgValue>
</bind>
</comp>

<comp id="34" class="1001" name="const_34">
<pin_list>
<pin id="35" dir="1" index="0" bw="1" slack="0"/>
</pin_list>
<bind>
<StgValue><ssdm name=""/></StgValue>
</bind>
</comp>

<comp id="36" class="1001" name="const_36">
<pin_list>
<pin id="37" dir="1" index="0" bw="1" slack="0"/>
</pin_list>
<bind>
<StgValue><ssdm name=""/></StgValue>
</bind>
</comp>

<comp id="38" class="1001" name="const_38">
<pin_list>
<pin id="39" dir="1" index="0" bw="1" slack="0"/>
</pin_list>
<bind>
<StgValue><ssdm name=""/></StgValue>
</bind>
</comp>

<comp id="40" class="1001" name="const_40">
<pin_list>
<pin id="41" dir="1" index="0" bw="1" slack="0"/>
</pin_list>
<bind>
<StgValue><ssdm name=""/></StgValue>
</bind>
</comp>

<comp id="42" class="1001" name="const_42">
<pin_list>
<pin id="43" dir="1" index="0" bw="1" slack="0"/>
</pin_list>
<bind>
<StgValue><ssdm name="_ssdm_op_PartSelect.i15.i128.i32.i32"/></StgValue>
</bind>
</comp>

<comp id="44" class="1001" name="const_44">
<pin_list>
<pin id="45" dir="1" index="0" bw="1" slack="0"/>
</pin_list>
<bind>
<StgValue><ssdm name=""/></StgValue>
</bind>
</comp>

<comp id="46" class="1001" name="const_46">
<pin_list>
<pin id="47" dir="1" index="0" bw="1" slack="0"/>
</pin_list>
<bind>
<StgValue><ssdm name=""/></StgValue>
</bind>
</comp>

<comp id="48" class="1001" name="const_48">
<pin_list>
<pin id="49" dir="1" index="0" bw="1" slack="0"/>
</pin_list>
<bind>
<StgValue><ssdm name=""/></StgValue>
</bind>
</comp>

<comp id="50" class="1001" name="const_50">
<pin_list>
<pin id="51" dir="1" index="0" bw="1" slack="0"/>
</pin_list>
<bind>
<StgValue><ssdm name=""/></StgValue>
</bind>
</comp>

<comp id="52" class="1001" name="const_52">
<pin_list>
<pin id="53" dir="1" index="0" bw="1" slack="0"/>
</pin_list>
<bind>
<StgValue><ssdm name=""/></StgValue>
</bind>
</comp>

<comp id="54" class="1001" name="const_54">
<pin_list>
<pin id="55" dir="1" index="0" bw="1" slack="0"/>
</pin_list>
<bind>
<StgValue><ssdm name=""/></StgValue>
</bind>
</comp>

<comp id="56" class="1001" name="const_56">
<pin_list>
<pin id="57" dir="1" index="0" bw="1" slack="0"/>
</pin_list>
<bind>
<StgValue><ssdm name=""/></StgValue>
</bind>
</comp>

<comp id="58" class="1001" name="const_58">
<pin_list>
<pin id="59" dir="1" index="0" bw="1" slack="0"/>
</pin_list>
<bind>
<StgValue><ssdm name=""/></StgValue>
</bind>
</comp>

<comp id="60" class="1001" name="const_60">
<pin_list>
<pin id="61" dir="1" index="0" bw="1" slack="0"/>
</pin_list>
<bind>
<StgValue><ssdm name=""/></StgValue>
</bind>
</comp>

<comp id="62" class="1001" name="const_62">
<pin_list>
<pin id="63" dir="1" index="0" bw="1" slack="0"/>
</pin_list>
<bind>
<StgValue><ssdm name=""/></StgValue>
</bind>
</comp>

<comp id="64" class="1001" name="const_64">
<pin_list>
<pin id="65" dir="1" index="0" bw="1" slack="0"/>
</pin_list>
<bind>
<StgValue><ssdm name=""/></StgValue>
</bind>
</comp>

<comp id="66" class="1001" name="const_66">
<pin_list>
<pin id="67" dir="1" index="0" bw="1" slack="0"/>
</pin_list>
<bind>
<StgValue><ssdm name=""/></StgValue>
</bind>
</comp>

<comp id="68" class="1001" name="const_68">
<pin_list>
<pin id="69" dir="1" index="0" bw="1" slack="0"/>
</pin_list>
<bind>
<StgValue><ssdm name=""/></StgValue>
</bind>
</comp>

<comp id="70" class="1001" name="const_70">
<pin_list>
<pin id="71" dir="1" index="0" bw="1" slack="0"/>
</pin_list>
<bind>
<StgValue><ssdm name=""/></StgValue>
</bind>
</comp>

<comp id="72" class="1001" name="const_72">
<pin_list>
<pin id="73" dir="1" index="0" bw="1" slack="0"/>
</pin_list>
<bind>
<StgValue><ssdm name=""/></StgValue>
</bind>
</comp>

<comp id="74" class="1001" name="const_74">
<pin_list>
<pin id="75" dir="1" index="0" bw="1" slack="0"/>
</pin_list>
<bind>
<StgValue><ssdm name=""/></StgValue>
</bind>
</comp>

<comp id="76" class="1001" name="const_76">
<pin_list>
<pin id="77" dir="1" index="0" bw="1" slack="0"/>
</pin_list>
<bind>
<StgValue><ssdm name=""/></StgValue>
</bind>
</comp>

<comp id="78" class="1001" name="const_78">
<pin_list>
<pin id="79" dir="1" index="0" bw="1" slack="2147483647"/>
</pin_list>
<bind>
<StgValue><ssdm name="_ssdm_op_SpecPipeline"/></StgValue>
</bind>
</comp>

<comp id="80" class="1001" name="const_80">
<pin_list>
<pin id="81" dir="1" index="0" bw="1" slack="2147483647"/>
</pin_list>
<bind>
<StgValue><ssdm name="_ssdm_op_SpecLoopName"/></StgValue>
</bind>
</comp>

<comp id="82" class="1001" name="const_82">
<pin_list>
<pin id="83" dir="1" index="0" bw="1" slack="2147483647"/>
</pin_list>
<bind>
<StgValue><ssdm name="empty_17"/></StgValue>
</bind>
</comp>

<comp id="84" class="1001" name="const_84">
<pin_list>
<pin id="85" dir="1" index="0" bw="1" slack="0"/>
</pin_list>
<bind>
<StgValue><ssdm name="_ssdm_op_BitConcatenate.i127.i15.i16.i16.i16.i16.i16.i16.i16"/></StgValue>
</bind>
</comp>

<comp id="86" class="1001" name="const_86">
<pin_list>
<pin id="87" dir="1" index="0" bw="1" slack="0"/>
</pin_list>
<bind>
<StgValue><ssdm name="_ssdm_op_Write.ap_fifo.volatile.i128P0A"/></StgValue>
</bind>
</comp>

<comp id="88" class="1004" name="i_fu_88">
<pin_list>
<pin id="89" dir="0" index="0" bw="1" slack="0"/>
<pin id="90" dir="1" index="1" bw="7" slack="0"/>
</pin_list>
<bind>
<opcode="alloca(26) " fcode="alloca"/>
<opset="i/1 "/>
</bind>
</comp>

<comp id="92" class="1004" name="layer12_out_read_read_fu_92">
<pin_list>
<pin id="93" dir="0" index="0" bw="128" slack="0"/>
<pin id="94" dir="0" index="1" bw="128" slack="0"/>
<pin id="95" dir="1" index="2" bw="128" slack="0"/>
</pin_list>
<bind>
<opcode="read(1150) " fcode="read"/>
<opset="layer12_out_read/2 "/>
</bind>
</comp>

<comp id="98" class="1004" name="write_ln174_write_fu_98">
<pin_list>
<pin id="99" dir="0" index="0" bw="0" slack="0"/>
<pin id="100" dir="0" index="1" bw="128" slack="0"/>
<pin id="101" dir="0" index="2" bw="127" slack="0"/>
<pin id="102" dir="1" index="3" bw="0" slack="2147483647"/>
</pin_list>
<bind>
<opcode="write(1151) " fcode="write"/>
<opset="write_ln174/3 "/>
</bind>
</comp>

<comp id="105" class="1004" name="store_ln41_store_fu_105">
<pin_list>
<pin id="106" dir="0" index="0" bw="1" slack="0"/>
<pin id="107" dir="0" index="1" bw="7" slack="0"/>
<pin id="108" dir="1" index="2" bw="0" slack="2147483647"/>
</pin_list>
<bind>
<opcode="store(28) " fcode="store"/>
<opset="store_ln41/1 "/>
</bind>
</comp>

<comp id="110" class="1004" name="i_11_load_fu_110">
<pin_list>
<pin id="111" dir="0" index="0" bw="7" slack="0"/>
<pin id="112" dir="1" index="1" bw="7" slack="0"/>
</pin_list>
<bind>
<opcode="load(27) " fcode="load"/>
<opset="i_11/1 "/>
</bind>
</comp>

<comp id="113" class="1004" name="icmp_ln41_fu_113">
<pin_list>
<pin id="114" dir="0" index="0" bw="7" slack="0"/>
<pin id="115" dir="0" index="1" bw="7" slack="0"/>
<pin id="116" dir="1" index="2" bw="1" slack="1"/>
</pin_list>
<bind>
<opcode="icmp(45) " fcode="icmp"/>
<opset="icmp_ln41/1 "/>
</bind>
</comp>

<comp id="119" class="1004" name="i_12_fu_119">
<pin_list>
<pin id="120" dir="0" index="0" bw="7" slack="0"/>
<pin id="121" dir="0" index="1" bw="1" slack="0"/>
<pin id="122" dir="1" index="2" bw="7" slack="0"/>
</pin_list>
<bind>
<opcode="add(8) " fcode="add"/>
<opset="i_12/1 "/>
</bind>
</comp>

<comp id="125" class="1004" name="store_ln41_store_fu_125">
<pin_list>
<pin id="126" dir="0" index="0" bw="7" slack="0"/>
<pin id="127" dir="0" index="1" bw="7" slack="0"/>
<pin id="128" dir="1" index="2" bw="0" slack="2147483647"/>
</pin_list>
<bind>
<opcode="store(28) " fcode="store"/>
<opset="store_ln41/1 "/>
</bind>
</comp>

<comp id="130" class="1004" name="in_data_data_fu_130">
<pin_list>
<pin id="131" dir="0" index="0" bw="128" slack="0"/>
<pin id="132" dir="1" index="1" bw="16" slack="0"/>
</pin_list>
<bind>
<opcode="trunc(33) " fcode="trunc"/>
<opset="in_data_data/2 "/>
</bind>
</comp>

<comp id="134" class="1004" name="trunc_ln145_3_fu_134">
<pin_list>
<pin id="135" dir="0" index="0" bw="128" slack="0"/>
<pin id="136" dir="1" index="1" bw="15" slack="0"/>
</pin_list>
<bind>
<opcode="trunc(33) " fcode="trunc"/>
<opset="trunc_ln145_3/2 "/>
</bind>
</comp>

<comp id="138" class="1004" name="trunc_ln145_4_fu_138">
<pin_list>
<pin id="139" dir="0" index="0" bw="16" slack="0"/>
<pin id="140" dir="0" index="1" bw="128" slack="0"/>
<pin id="141" dir="0" index="2" bw="8" slack="0"/>
<pin id="142" dir="0" index="3" bw="8" slack="0"/>
<pin id="143" dir="1" index="4" bw="16" slack="0"/>
</pin_list>
<bind>
<opcode="partselect(1002) " fcode="partselect"/>
<opset="trunc_ln145_4/2 "/>
</bind>
</comp>

<comp id="148" class="1004" name="trunc_ln145_5_fu_148">
<pin_list>
<pin id="149" dir="0" index="0" bw="16" slack="0"/>
<pin id="150" dir="0" index="1" bw="128" slack="0"/>
<pin id="151" dir="0" index="2" bw="8" slack="0"/>
<pin id="152" dir="0" index="3" bw="8" slack="0"/>
<pin id="153" dir="1" index="4" bw="16" slack="0"/>
</pin_list>
<bind>
<opcode="partselect(1002) " fcode="partselect"/>
<opset="trunc_ln145_5/2 "/>
</bind>
</comp>

<comp id="158" class="1004" name="in_data_data_4_fu_158">
<pin_list>
<pin id="159" dir="0" index="0" bw="16" slack="0"/>
<pin id="160" dir="0" index="1" bw="128" slack="0"/>
<pin id="161" dir="0" index="2" bw="6" slack="0"/>
<pin id="162" dir="0" index="3" bw="6" slack="0"/>
<pin id="163" dir="1" index="4" bw="16" slack="0"/>
</pin_list>
<bind>
<opcode="partselect(1002) " fcode="partselect"/>
<opset="in_data_data_4/2 "/>
</bind>
</comp>

<comp id="168" class="1004" name="trunc_ln_fu_168">
<pin_list>
<pin id="169" dir="0" index="0" bw="15" slack="0"/>
<pin id="170" dir="0" index="1" bw="128" slack="0"/>
<pin id="171" dir="0" index="2" bw="6" slack="0"/>
<pin id="172" dir="0" index="3" bw="6" slack="0"/>
<pin id="173" dir="1" index="4" bw="15" slack="0"/>
</pin_list>
<bind>
<opcode="partselect(1002) " fcode="partselect"/>
<opset="trunc_ln/2 "/>
</bind>
</comp>

<comp id="178" class="1004" name="in_data_data_5_fu_178">
<pin_list>
<pin id="179" dir="0" index="0" bw="16" slack="0"/>
<pin id="180" dir="0" index="1" bw="128" slack="0"/>
<pin id="181" dir="0" index="2" bw="7" slack="0"/>
<pin id="182" dir="0" index="3" bw="7" slack="0"/>
<pin id="183" dir="1" index="4" bw="16" slack="0"/>
</pin_list>
<bind>
<opcode="partselect(1002) " fcode="partselect"/>
<opset="in_data_data_5/2 "/>
</bind>
</comp>

<comp id="188" class="1004" name="trunc_ln44_1_fu_188">
<pin_list>
<pin id="189" dir="0" index="0" bw="15" slack="0"/>
<pin id="190" dir="0" index="1" bw="128" slack="0"/>
<pin id="191" dir="0" index="2" bw="7" slack="0"/>
<pin id="192" dir="0" index="3" bw="7" slack="0"/>
<pin id="193" dir="1" index="4" bw="15" slack="0"/>
</pin_list>
<bind>
<opcode="partselect(1002) " fcode="partselect"/>
<opset="trunc_ln44_1/2 "/>
</bind>
</comp>

<comp id="198" class="1004" name="in_data_data_6_fu_198">
<pin_list>
<pin id="199" dir="0" index="0" bw="16" slack="0"/>
<pin id="200" dir="0" index="1" bw="128" slack="0"/>
<pin id="201" dir="0" index="2" bw="7" slack="0"/>
<pin id="202" dir="0" index="3" bw="7" slack="0"/>
<pin id="203" dir="1" index="4" bw="16" slack="0"/>
</pin_list>
<bind>
<opcode="partselect(1002) " fcode="partselect"/>
<opset="in_data_data_6/2 "/>
</bind>
</comp>

<comp id="208" class="1004" name="trunc_ln44_2_fu_208">
<pin_list>
<pin id="209" dir="0" index="0" bw="15" slack="0"/>
<pin id="210" dir="0" index="1" bw="128" slack="0"/>
<pin id="211" dir="0" index="2" bw="7" slack="0"/>
<pin id="212" dir="0" index="3" bw="7" slack="0"/>
<pin id="213" dir="1" index="4" bw="15" slack="0"/>
</pin_list>
<bind>
<opcode="partselect(1002) " fcode="partselect"/>
<opset="trunc_ln44_2/2 "/>
</bind>
</comp>

<comp id="218" class="1004" name="tmp_fu_218">
<pin_list>
<pin id="219" dir="0" index="0" bw="16" slack="0"/>
<pin id="220" dir="0" index="1" bw="128" slack="0"/>
<pin id="221" dir="0" index="2" bw="8" slack="0"/>
<pin id="222" dir="0" index="3" bw="8" slack="0"/>
<pin id="223" dir="1" index="4" bw="16" slack="0"/>
</pin_list>
<bind>
<opcode="partselect(1002) " fcode="partselect"/>
<opset="tmp/2 "/>
</bind>
</comp>

<comp id="228" class="1004" name="trunc_ln145_s_fu_228">
<pin_list>
<pin id="229" dir="0" index="0" bw="15" slack="0"/>
<pin id="230" dir="0" index="1" bw="128" slack="0"/>
<pin id="231" dir="0" index="2" bw="8" slack="0"/>
<pin id="232" dir="0" index="3" bw="8" slack="0"/>
<pin id="233" dir="1" index="4" bw="15" slack="0"/>
</pin_list>
<bind>
<opcode="partselect(1002) " fcode="partselect"/>
<opset="trunc_ln145_s/2 "/>
</bind>
</comp>

<comp id="238" class="1004" name="tmp_s_fu_238">
<pin_list>
<pin id="239" dir="0" index="0" bw="16" slack="0"/>
<pin id="240" dir="0" index="1" bw="128" slack="0"/>
<pin id="241" dir="0" index="2" bw="8" slack="0"/>
<pin id="242" dir="0" index="3" bw="8" slack="0"/>
<pin id="243" dir="1" index="4" bw="16" slack="0"/>
</pin_list>
<bind>
<opcode="partselect(1002) " fcode="partselect"/>
<opset="tmp_s/2 "/>
</bind>
</comp>

<comp id="248" class="1004" name="trunc_ln145_1_fu_248">
<pin_list>
<pin id="249" dir="0" index="0" bw="15" slack="0"/>
<pin id="250" dir="0" index="1" bw="128" slack="0"/>
<pin id="251" dir="0" index="2" bw="8" slack="0"/>
<pin id="252" dir="0" index="3" bw="8" slack="0"/>
<pin id="253" dir="1" index="4" bw="15" slack="0"/>
</pin_list>
<bind>
<opcode="partselect(1002) " fcode="partselect"/>
<opset="trunc_ln145_1/2 "/>
</bind>
</comp>

<comp id="258" class="1004" name="trunc_ln145_2_fu_258">
<pin_list>
<pin id="259" dir="0" index="0" bw="15" slack="0"/>
<pin id="260" dir="0" index="1" bw="128" slack="0"/>
<pin id="261" dir="0" index="2" bw="8" slack="0"/>
<pin id="262" dir="0" index="3" bw="8" slack="0"/>
<pin id="263" dir="1" index="4" bw="15" slack="0"/>
</pin_list>
<bind>
<opcode="partselect(1002) " fcode="partselect"/>
<opset="trunc_ln145_2/2 "/>
</bind>
</comp>

<comp id="268" class="1004" name="trunc_ln1_fu_268">
<pin_list>
<pin id="269" dir="0" index="0" bw="15" slack="0"/>
<pin id="270" dir="0" index="1" bw="128" slack="0"/>
<pin id="271" dir="0" index="2" bw="8" slack="0"/>
<pin id="272" dir="0" index="3" bw="8" slack="0"/>
<pin id="273" dir="1" index="4" bw="15" slack="0"/>
</pin_list>
<bind>
<opcode="partselect(1002) " fcode="partselect"/>
<opset="trunc_ln1/2 "/>
</bind>
</comp>

<comp id="278" class="1004" name="icmp_ln1695_fu_278">
<pin_list>
<pin id="279" dir="0" index="0" bw="16" slack="0"/>
<pin id="280" dir="0" index="1" bw="16" slack="0"/>
<pin id="281" dir="1" index="2" bw="1" slack="0"/>
</pin_list>
<bind>
<opcode="icmp(45) " fcode="icmp"/>
<opset="icmp_ln1695/2 "/>
</bind>
</comp>

<comp id="284" class="1004" name="out_data_data_fu_284">
<pin_list>
<pin id="285" dir="0" index="0" bw="1" slack="0"/>
<pin id="286" dir="0" index="1" bw="15" slack="0"/>
<pin id="287" dir="0" index="2" bw="15" slack="0"/>
<pin id="288" dir="1" index="3" bw="15" slack="1"/>
</pin_list>
<bind>
<opcode="select(49) " fcode="select"/>
<opset="out_data_data/2 "/>
</bind>
</comp>

<comp id="292" class="1004" name="icmp_ln1695_1_fu_292">
<pin_list>
<pin id="293" dir="0" index="0" bw="16" slack="0"/>
<pin id="294" dir="0" index="1" bw="16" slack="0"/>
<pin id="295" dir="1" index="2" bw="1" slack="0"/>
</pin_list>
<bind>
<opcode="icmp(45) " fcode="icmp"/>
<opset="icmp_ln1695_1/2 "/>
</bind>
</comp>

<comp id="298" class="1004" name="out_data_data_2_fu_298">
<pin_list>
<pin id="299" dir="0" index="0" bw="1" slack="0"/>
<pin id="300" dir="0" index="1" bw="15" slack="0"/>
<pin id="301" dir="0" index="2" bw="15" slack="0"/>
<pin id="302" dir="1" index="3" bw="15" slack="1"/>
</pin_list>
<bind>
<opcode="select(49) " fcode="select"/>
<opset="out_data_data_2/2 "/>
</bind>
</comp>

<comp id="306" class="1004" name="icmp_ln1695_2_fu_306">
<pin_list>
<pin id="307" dir="0" index="0" bw="16" slack="0"/>
<pin id="308" dir="0" index="1" bw="16" slack="0"/>
<pin id="309" dir="1" index="2" bw="1" slack="0"/>
</pin_list>
<bind>
<opcode="icmp(45) " fcode="icmp"/>
<opset="icmp_ln1695_2/2 "/>
</bind>
</comp>

<comp id="312" class="1004" name="out_data_data_4_fu_312">
<pin_list>
<pin id="313" dir="0" index="0" bw="1" slack="0"/>
<pin id="314" dir="0" index="1" bw="15" slack="0"/>
<pin id="315" dir="0" index="2" bw="15" slack="0"/>
<pin id="316" dir="1" index="3" bw="15" slack="1"/>
</pin_list>
<bind>
<opcode="select(49) " fcode="select"/>
<opset="out_data_data_4/2 "/>
</bind>
</comp>

<comp id="320" class="1004" name="icmp_ln1695_3_fu_320">
<pin_list>
<pin id="321" dir="0" index="0" bw="16" slack="0"/>
<pin id="322" dir="0" index="1" bw="16" slack="0"/>
<pin id="323" dir="1" index="2" bw="1" slack="0"/>
</pin_list>
<bind>
<opcode="icmp(45) " fcode="icmp"/>
<opset="icmp_ln1695_3/2 "/>
</bind>
</comp>

<comp id="326" class="1004" name="out_data_data_6_fu_326">
<pin_list>
<pin id="327" dir="0" index="0" bw="1" slack="0"/>
<pin id="328" dir="0" index="1" bw="15" slack="0"/>
<pin id="329" dir="0" index="2" bw="15" slack="0"/>
<pin id="330" dir="1" index="3" bw="15" slack="1"/>
</pin_list>
<bind>
<opcode="select(49) " fcode="select"/>
<opset="out_data_data_6/2 "/>
</bind>
</comp>

<comp id="334" class="1004" name="icmp_ln1695_4_fu_334">
<pin_list>
<pin id="335" dir="0" index="0" bw="16" slack="0"/>
<pin id="336" dir="0" index="1" bw="16" slack="0"/>
<pin id="337" dir="1" index="2" bw="1" slack="0"/>
</pin_list>
<bind>
<opcode="icmp(45) " fcode="icmp"/>
<opset="icmp_ln1695_4/2 "/>
</bind>
</comp>

<comp id="340" class="1004" name="select_ln51_fu_340">
<pin_list>
<pin id="341" dir="0" index="0" bw="1" slack="0"/>
<pin id="342" dir="0" index="1" bw="15" slack="0"/>
<pin id="343" dir="0" index="2" bw="15" slack="0"/>
<pin id="344" dir="1" index="3" bw="15" slack="1"/>
</pin_list>
<bind>
<opcode="select(49) " fcode="select"/>
<opset="select_ln51/2 "/>
</bind>
</comp>

<comp id="348" class="1004" name="icmp_ln1695_5_fu_348">
<pin_list>
<pin id="349" dir="0" index="0" bw="16" slack="0"/>
<pin id="350" dir="0" index="1" bw="16" slack="0"/>
<pin id="351" dir="1" index="2" bw="1" slack="0"/>
</pin_list>
<bind>
<opcode="icmp(45) " fcode="icmp"/>
<opset="icmp_ln1695_5/2 "/>
</bind>
</comp>

<comp id="354" class="1004" name="select_ln51_1_fu_354">
<pin_list>
<pin id="355" dir="0" index="0" bw="1" slack="0"/>
<pin id="356" dir="0" index="1" bw="15" slack="0"/>
<pin id="357" dir="0" index="2" bw="15" slack="0"/>
<pin id="358" dir="1" index="3" bw="15" slack="1"/>
</pin_list>
<bind>
<opcode="select(49) " fcode="select"/>
<opset="select_ln51_1/2 "/>
</bind>
</comp>

<comp id="362" class="1004" name="icmp_ln1695_6_fu_362">
<pin_list>
<pin id="363" dir="0" index="0" bw="16" slack="0"/>
<pin id="364" dir="0" index="1" bw="16" slack="0"/>
<pin id="365" dir="1" index="2" bw="1" slack="0"/>
</pin_list>
<bind>
<opcode="icmp(45) " fcode="icmp"/>
<opset="icmp_ln1695_6/2 "/>
</bind>
</comp>

<comp id="368" class="1004" name="select_ln51_2_fu_368">
<pin_list>
<pin id="369" dir="0" index="0" bw="1" slack="0"/>
<pin id="370" dir="0" index="1" bw="15" slack="0"/>
<pin id="371" dir="0" index="2" bw="15" slack="0"/>
<pin id="372" dir="1" index="3" bw="15" slack="1"/>
</pin_list>
<bind>
<opcode="select(49) " fcode="select"/>
<opset="select_ln51_2/2 "/>
</bind>
</comp>

<comp id="376" class="1004" name="icmp_ln1695_7_fu_376">
<pin_list>
<pin id="377" dir="0" index="0" bw="16" slack="0"/>
<pin id="378" dir="0" index="1" bw="16" slack="0"/>
<pin id="379" dir="1" index="2" bw="1" slack="0"/>
</pin_list>
<bind>
<opcode="icmp(45) " fcode="icmp"/>
<opset="icmp_ln1695_7/2 "/>
</bind>
</comp>

<comp id="382" class="1004" name="select_ln51_3_fu_382">
<pin_list>
<pin id="383" dir="0" index="0" bw="1" slack="0"/>
<pin id="384" dir="0" index="1" bw="15" slack="0"/>
<pin id="385" dir="0" index="2" bw="15" slack="0"/>
<pin id="386" dir="1" index="3" bw="15" slack="1"/>
</pin_list>
<bind>
<opcode="select(49) " fcode="select"/>
<opset="select_ln51_3/2 "/>
</bind>
</comp>

<comp id="390" class="1004" name="zext_ln45_fu_390">
<pin_list>
<pin id="391" dir="0" index="0" bw="15" slack="1"/>
<pin id="392" dir="1" index="1" bw="16" slack="0"/>
</pin_list>
<bind>
<opcode="zext(34) " fcode="zext"/>
<opset="zext_ln45/3 "/>
</bind>
</comp>

<comp id="393" class="1004" name="zext_ln45_1_fu_393">
<pin_list>
<pin id="394" dir="0" index="0" bw="15" slack="1"/>
<pin id="395" dir="1" index="1" bw="16" slack="0"/>
</pin_list>
<bind>
<opcode="zext(34) " fcode="zext"/>
<opset="zext_ln45_1/3 "/>
</bind>
</comp>

<comp id="396" class="1004" name="zext_ln45_2_fu_396">
<pin_list>
<pin id="397" dir="0" index="0" bw="15" slack="1"/>
<pin id="398" dir="1" index="1" bw="16" slack="0"/>
</pin_list>
<bind>
<opcode="zext(34) " fcode="zext"/>
<opset="zext_ln45_2/3 "/>
</bind>
</comp>

<comp id="399" class="1004" name="zext_ln45_3_fu_399">
<pin_list>
<pin id="400" dir="0" index="0" bw="15" slack="1"/>
<pin id="401" dir="1" index="1" bw="16" slack="0"/>
</pin_list>
<bind>
<opcode="zext(34) " fcode="zext"/>
<opset="zext_ln45_3/3 "/>
</bind>
</comp>

<comp id="402" class="1004" name="zext_ln1695_fu_402">
<pin_list>
<pin id="403" dir="0" index="0" bw="15" slack="1"/>
<pin id="404" dir="1" index="1" bw="16" slack="0"/>
</pin_list>
<bind>
<opcode="zext(34) " fcode="zext"/>
<opset="zext_ln1695/3 "/>
</bind>
</comp>

<comp id="405" class="1004" name="zext_ln1695_1_fu_405">
<pin_list>
<pin id="406" dir="0" index="0" bw="15" slack="1"/>
<pin id="407" dir="1" index="1" bw="16" slack="0"/>
</pin_list>
<bind>
<opcode="zext(34) " fcode="zext"/>
<opset="zext_ln1695_1/3 "/>
</bind>
</comp>

<comp id="408" class="1004" name="zext_ln1695_2_fu_408">
<pin_list>
<pin id="409" dir="0" index="0" bw="15" slack="1"/>
<pin id="410" dir="1" index="1" bw="16" slack="0"/>
</pin_list>
<bind>
<opcode="zext(34) " fcode="zext"/>
<opset="zext_ln1695_2/3 "/>
</bind>
</comp>

<comp id="411" class="1004" name="or_ln174_s_fu_411">
<pin_list>
<pin id="412" dir="0" index="0" bw="127" slack="0"/>
<pin id="413" dir="0" index="1" bw="15" slack="1"/>
<pin id="414" dir="0" index="2" bw="15" slack="0"/>
<pin id="415" dir="0" index="3" bw="15" slack="0"/>
<pin id="416" dir="0" index="4" bw="15" slack="0"/>
<pin id="417" dir="0" index="5" bw="15" slack="0"/>
<pin id="418" dir="0" index="6" bw="15" slack="0"/>
<pin id="419" dir="0" index="7" bw="15" slack="0"/>
<pin id="420" dir="0" index="8" bw="15" slack="0"/>
<pin id="421" dir="1" index="9" bw="127" slack="0"/>
</pin_list>
<bind>
<opcode="bitconcatenate(1004) " fcode="bitconcatenate"/>
<opset="or_ln174_s/3 "/>
</bind>
</comp>

<comp id="430" class="1004" name="zext_ln174_fu_430">
<pin_list>
<pin id="431" dir="0" index="0" bw="127" slack="0"/>
<pin id="432" dir="1" index="1" bw="128" slack="0"/>
</pin_list>
<bind>
<opcode="zext(34) " fcode="zext"/>
<opset="zext_ln174/3 "/>
</bind>
</comp>

<comp id="435" class="1005" name="i_reg_435">
<pin_list>
<pin id="436" dir="0" index="0" bw="7" slack="0"/>
<pin id="437" dir="1" index="1" bw="7" slack="0"/>
</pin_list>
<bind>
<opset="i "/>
</bind>
</comp>

<comp id="442" class="1005" name="icmp_ln41_reg_442">
<pin_list>
<pin id="443" dir="0" index="0" bw="1" slack="1"/>
<pin id="444" dir="1" index="1" bw="1" slack="2147483647"/>
</pin_list>
<bind>
<opset="icmp_ln41 "/>
</bind>
</comp>

<comp id="446" class="1005" name="out_data_data_reg_446">
<pin_list>
<pin id="447" dir="0" index="0" bw="15" slack="1"/>
<pin id="448" dir="1" index="1" bw="15" slack="1"/>
</pin_list>
<bind>
<opset="out_data_data "/>
</bind>
</comp>

<comp id="451" class="1005" name="out_data_data_2_reg_451">
<pin_list>
<pin id="452" dir="0" index="0" bw="15" slack="1"/>
<pin id="453" dir="1" index="1" bw="15" slack="1"/>
</pin_list>
<bind>
<opset="out_data_data_2 "/>
</bind>
</comp>

<comp id="456" class="1005" name="out_data_data_4_reg_456">
<pin_list>
<pin id="457" dir="0" index="0" bw="15" slack="1"/>
<pin id="458" dir="1" index="1" bw="15" slack="1"/>
</pin_list>
<bind>
<opset="out_data_data_4 "/>
</bind>
</comp>

<comp id="461" class="1005" name="out_data_data_6_reg_461">
<pin_list>
<pin id="462" dir="0" index="0" bw="15" slack="1"/>
<pin id="463" dir="1" index="1" bw="15" slack="1"/>
</pin_list>
<bind>
<opset="out_data_data_6 "/>
</bind>
</comp>

<comp id="466" class="1005" name="select_ln51_reg_466">
<pin_list>
<pin id="467" dir="0" index="0" bw="15" slack="1"/>
<pin id="468" dir="1" index="1" bw="15" slack="1"/>
</pin_list>
<bind>
<opset="select_ln51 "/>
</bind>
</comp>

<comp id="471" class="1005" name="select_ln51_1_reg_471">
<pin_list>
<pin id="472" dir="0" index="0" bw="15" slack="1"/>
<pin id="473" dir="1" index="1" bw="15" slack="1"/>
</pin_list>
<bind>
<opset="select_ln51_1 "/>
</bind>
</comp>

<comp id="476" class="1005" name="select_ln51_2_reg_476">
<pin_list>
<pin id="477" dir="0" index="0" bw="15" slack="1"/>
<pin id="478" dir="1" index="1" bw="15" slack="1"/>
</pin_list>
<bind>
<opset="select_ln51_2 "/>
</bind>
</comp>

<comp id="481" class="1005" name="select_ln51_3_reg_481">
<pin_list>
<pin id="482" dir="0" index="0" bw="15" slack="1"/>
<pin id="483" dir="1" index="1" bw="15" slack="1"/>
</pin_list>
<bind>
<opset="select_ln51_3 "/>
</bind>
</comp>

</comp_list>

<net_list>
<net id="91"><net_src comp="4" pin="0"/><net_sink comp="88" pin=0"/></net>

<net id="96"><net_src comp="26" pin="0"/><net_sink comp="92" pin=0"/></net>

<net id="97"><net_src comp="0" pin="0"/><net_sink comp="92" pin=1"/></net>

<net id="103"><net_src comp="86" pin="0"/><net_sink comp="98" pin=0"/></net>

<net id="104"><net_src comp="2" pin="0"/><net_sink comp="98" pin=1"/></net>

<net id="109"><net_src comp="16" pin="0"/><net_sink comp="105" pin=0"/></net>

<net id="117"><net_src comp="110" pin="1"/><net_sink comp="113" pin=0"/></net>

<net id="118"><net_src comp="18" pin="0"/><net_sink comp="113" pin=1"/></net>

<net id="123"><net_src comp="110" pin="1"/><net_sink comp="119" pin=0"/></net>

<net id="124"><net_src comp="24" pin="0"/><net_sink comp="119" pin=1"/></net>

<net id="129"><net_src comp="119" pin="2"/><net_sink comp="125" pin=0"/></net>

<net id="133"><net_src comp="92" pin="2"/><net_sink comp="130" pin=0"/></net>

<net id="137"><net_src comp="92" pin="2"/><net_sink comp="134" pin=0"/></net>

<net id="144"><net_src comp="28" pin="0"/><net_sink comp="138" pin=0"/></net>

<net id="145"><net_src comp="92" pin="2"/><net_sink comp="138" pin=1"/></net>

<net id="146"><net_src comp="30" pin="0"/><net_sink comp="138" pin=2"/></net>

<net id="147"><net_src comp="32" pin="0"/><net_sink comp="138" pin=3"/></net>

<net id="154"><net_src comp="28" pin="0"/><net_sink comp="148" pin=0"/></net>

<net id="155"><net_src comp="92" pin="2"/><net_sink comp="148" pin=1"/></net>

<net id="156"><net_src comp="34" pin="0"/><net_sink comp="148" pin=2"/></net>

<net id="157"><net_src comp="36" pin="0"/><net_sink comp="148" pin=3"/></net>

<net id="164"><net_src comp="28" pin="0"/><net_sink comp="158" pin=0"/></net>

<net id="165"><net_src comp="92" pin="2"/><net_sink comp="158" pin=1"/></net>

<net id="166"><net_src comp="38" pin="0"/><net_sink comp="158" pin=2"/></net>

<net id="167"><net_src comp="40" pin="0"/><net_sink comp="158" pin=3"/></net>

<net id="174"><net_src comp="42" pin="0"/><net_sink comp="168" pin=0"/></net>

<net id="175"><net_src comp="92" pin="2"/><net_sink comp="168" pin=1"/></net>

<net id="176"><net_src comp="38" pin="0"/><net_sink comp="168" pin=2"/></net>

<net id="177"><net_src comp="44" pin="0"/><net_sink comp="168" pin=3"/></net>

<net id="184"><net_src comp="28" pin="0"/><net_sink comp="178" pin=0"/></net>

<net id="185"><net_src comp="92" pin="2"/><net_sink comp="178" pin=1"/></net>

<net id="186"><net_src comp="46" pin="0"/><net_sink comp="178" pin=2"/></net>

<net id="187"><net_src comp="48" pin="0"/><net_sink comp="178" pin=3"/></net>

<net id="194"><net_src comp="42" pin="0"/><net_sink comp="188" pin=0"/></net>

<net id="195"><net_src comp="92" pin="2"/><net_sink comp="188" pin=1"/></net>

<net id="196"><net_src comp="46" pin="0"/><net_sink comp="188" pin=2"/></net>

<net id="197"><net_src comp="50" pin="0"/><net_sink comp="188" pin=3"/></net>

<net id="204"><net_src comp="28" pin="0"/><net_sink comp="198" pin=0"/></net>

<net id="205"><net_src comp="92" pin="2"/><net_sink comp="198" pin=1"/></net>

<net id="206"><net_src comp="52" pin="0"/><net_sink comp="198" pin=2"/></net>

<net id="207"><net_src comp="54" pin="0"/><net_sink comp="198" pin=3"/></net>

<net id="214"><net_src comp="42" pin="0"/><net_sink comp="208" pin=0"/></net>

<net id="215"><net_src comp="92" pin="2"/><net_sink comp="208" pin=1"/></net>

<net id="216"><net_src comp="52" pin="0"/><net_sink comp="208" pin=2"/></net>

<net id="217"><net_src comp="56" pin="0"/><net_sink comp="208" pin=3"/></net>

<net id="224"><net_src comp="28" pin="0"/><net_sink comp="218" pin=0"/></net>

<net id="225"><net_src comp="92" pin="2"/><net_sink comp="218" pin=1"/></net>

<net id="226"><net_src comp="58" pin="0"/><net_sink comp="218" pin=2"/></net>

<net id="227"><net_src comp="60" pin="0"/><net_sink comp="218" pin=3"/></net>

<net id="234"><net_src comp="42" pin="0"/><net_sink comp="228" pin=0"/></net>

<net id="235"><net_src comp="92" pin="2"/><net_sink comp="228" pin=1"/></net>

<net id="236"><net_src comp="58" pin="0"/><net_sink comp="228" pin=2"/></net>

<net id="237"><net_src comp="62" pin="0"/><net_sink comp="228" pin=3"/></net>

<net id="244"><net_src comp="28" pin="0"/><net_sink comp="238" pin=0"/></net>

<net id="245"><net_src comp="92" pin="2"/><net_sink comp="238" pin=1"/></net>

<net id="246"><net_src comp="64" pin="0"/><net_sink comp="238" pin=2"/></net>

<net id="247"><net_src comp="66" pin="0"/><net_sink comp="238" pin=3"/></net>

<net id="254"><net_src comp="42" pin="0"/><net_sink comp="248" pin=0"/></net>

<net id="255"><net_src comp="92" pin="2"/><net_sink comp="248" pin=1"/></net>

<net id="256"><net_src comp="64" pin="0"/><net_sink comp="248" pin=2"/></net>

<net id="257"><net_src comp="68" pin="0"/><net_sink comp="248" pin=3"/></net>

<net id="264"><net_src comp="42" pin="0"/><net_sink comp="258" pin=0"/></net>

<net id="265"><net_src comp="92" pin="2"/><net_sink comp="258" pin=1"/></net>

<net id="266"><net_src comp="30" pin="0"/><net_sink comp="258" pin=2"/></net>

<net id="267"><net_src comp="70" pin="0"/><net_sink comp="258" pin=3"/></net>

<net id="274"><net_src comp="42" pin="0"/><net_sink comp="268" pin=0"/></net>

<net id="275"><net_src comp="92" pin="2"/><net_sink comp="268" pin=1"/></net>

<net id="276"><net_src comp="34" pin="0"/><net_sink comp="268" pin=2"/></net>

<net id="277"><net_src comp="72" pin="0"/><net_sink comp="268" pin=3"/></net>

<net id="282"><net_src comp="130" pin="1"/><net_sink comp="278" pin=0"/></net>

<net id="283"><net_src comp="74" pin="0"/><net_sink comp="278" pin=1"/></net>

<net id="289"><net_src comp="278" pin="2"/><net_sink comp="284" pin=0"/></net>

<net id="290"><net_src comp="134" pin="1"/><net_sink comp="284" pin=1"/></net>

<net id="291"><net_src comp="76" pin="0"/><net_sink comp="284" pin=2"/></net>

<net id="296"><net_src comp="158" pin="4"/><net_sink comp="292" pin=0"/></net>

<net id="297"><net_src comp="74" pin="0"/><net_sink comp="292" pin=1"/></net>

<net id="303"><net_src comp="292" pin="2"/><net_sink comp="298" pin=0"/></net>

<net id="304"><net_src comp="168" pin="4"/><net_sink comp="298" pin=1"/></net>

<net id="305"><net_src comp="76" pin="0"/><net_sink comp="298" pin=2"/></net>

<net id="310"><net_src comp="178" pin="4"/><net_sink comp="306" pin=0"/></net>

<net id="311"><net_src comp="74" pin="0"/><net_sink comp="306" pin=1"/></net>

<net id="317"><net_src comp="306" pin="2"/><net_sink comp="312" pin=0"/></net>

<net id="318"><net_src comp="188" pin="4"/><net_sink comp="312" pin=1"/></net>

<net id="319"><net_src comp="76" pin="0"/><net_sink comp="312" pin=2"/></net>

<net id="324"><net_src comp="198" pin="4"/><net_sink comp="320" pin=0"/></net>

<net id="325"><net_src comp="74" pin="0"/><net_sink comp="320" pin=1"/></net>

<net id="331"><net_src comp="320" pin="2"/><net_sink comp="326" pin=0"/></net>

<net id="332"><net_src comp="208" pin="4"/><net_sink comp="326" pin=1"/></net>

<net id="333"><net_src comp="76" pin="0"/><net_sink comp="326" pin=2"/></net>

<net id="338"><net_src comp="218" pin="4"/><net_sink comp="334" pin=0"/></net>

<net id="339"><net_src comp="74" pin="0"/><net_sink comp="334" pin=1"/></net>

<net id="345"><net_src comp="334" pin="2"/><net_sink comp="340" pin=0"/></net>

<net id="346"><net_src comp="228" pin="4"/><net_sink comp="340" pin=1"/></net>

<net id="347"><net_src comp="76" pin="0"/><net_sink comp="340" pin=2"/></net>

<net id="352"><net_src comp="238" pin="4"/><net_sink comp="348" pin=0"/></net>

<net id="353"><net_src comp="74" pin="0"/><net_sink comp="348" pin=1"/></net>

<net id="359"><net_src comp="348" pin="2"/><net_sink comp="354" pin=0"/></net>

<net id="360"><net_src comp="248" pin="4"/><net_sink comp="354" pin=1"/></net>

<net id="361"><net_src comp="76" pin="0"/><net_sink comp="354" pin=2"/></net>

<net id="366"><net_src comp="138" pin="4"/><net_sink comp="362" pin=0"/></net>

<net id="367"><net_src comp="74" pin="0"/><net_sink comp="362" pin=1"/></net>

<net id="373"><net_src comp="362" pin="2"/><net_sink comp="368" pin=0"/></net>

<net id="374"><net_src comp="258" pin="4"/><net_sink comp="368" pin=1"/></net>

<net id="375"><net_src comp="76" pin="0"/><net_sink comp="368" pin=2"/></net>

<net id="380"><net_src comp="148" pin="4"/><net_sink comp="376" pin=0"/></net>

<net id="381"><net_src comp="74" pin="0"/><net_sink comp="376" pin=1"/></net>

<net id="387"><net_src comp="376" pin="2"/><net_sink comp="382" pin=0"/></net>

<net id="388"><net_src comp="268" pin="4"/><net_sink comp="382" pin=1"/></net>

<net id="389"><net_src comp="76" pin="0"/><net_sink comp="382" pin=2"/></net>

<net id="422"><net_src comp="84" pin="0"/><net_sink comp="411" pin=0"/></net>

<net id="423"><net_src comp="408" pin="1"/><net_sink comp="411" pin=2"/></net>

<net id="424"><net_src comp="405" pin="1"/><net_sink comp="411" pin=3"/></net>

<net id="425"><net_src comp="402" pin="1"/><net_sink comp="411" pin=4"/></net>

<net id="426"><net_src comp="399" pin="1"/><net_sink comp="411" pin=5"/></net>

<net id="427"><net_src comp="396" pin="1"/><net_sink comp="411" pin=6"/></net>

<net id="428"><net_src comp="393" pin="1"/><net_sink comp="411" pin=7"/></net>

<net id="429"><net_src comp="390" pin="1"/><net_sink comp="411" pin=8"/></net>

<net id="433"><net_src comp="411" pin="9"/><net_sink comp="430" pin=0"/></net>

<net id="434"><net_src comp="430" pin="1"/><net_sink comp="98" pin=2"/></net>

<net id="438"><net_src comp="88" pin="1"/><net_sink comp="435" pin=0"/></net>

<net id="439"><net_src comp="435" pin="1"/><net_sink comp="105" pin=1"/></net>

<net id="440"><net_src comp="435" pin="1"/><net_sink comp="110" pin=0"/></net>

<net id="441"><net_src comp="435" pin="1"/><net_sink comp="125" pin=1"/></net>

<net id="445"><net_src comp="113" pin="2"/><net_sink comp="442" pin=0"/></net>

<net id="449"><net_src comp="284" pin="3"/><net_sink comp="446" pin=0"/></net>

<net id="450"><net_src comp="446" pin="1"/><net_sink comp="390" pin=0"/></net>

<net id="454"><net_src comp="298" pin="3"/><net_sink comp="451" pin=0"/></net>

<net id="455"><net_src comp="451" pin="1"/><net_sink comp="393" pin=0"/></net>

<net id="459"><net_src comp="312" pin="3"/><net_sink comp="456" pin=0"/></net>

<net id="460"><net_src comp="456" pin="1"/><net_sink comp="396" pin=0"/></net>

<net id="464"><net_src comp="326" pin="3"/><net_sink comp="461" pin=0"/></net>

<net id="465"><net_src comp="461" pin="1"/><net_sink comp="399" pin=0"/></net>

<net id="469"><net_src comp="340" pin="3"/><net_sink comp="466" pin=0"/></net>

<net id="470"><net_src comp="466" pin="1"/><net_sink comp="402" pin=0"/></net>

<net id="474"><net_src comp="354" pin="3"/><net_sink comp="471" pin=0"/></net>

<net id="475"><net_src comp="471" pin="1"/><net_sink comp="405" pin=0"/></net>

<net id="479"><net_src comp="368" pin="3"/><net_sink comp="476" pin=0"/></net>

<net id="480"><net_src comp="476" pin="1"/><net_sink comp="408" pin=0"/></net>

<net id="484"><net_src comp="382" pin="3"/><net_sink comp="481" pin=0"/></net>

<net id="485"><net_src comp="481" pin="1"/><net_sink comp="411" pin=1"/></net>

</net_list>

</model> 
---------------- Datapath Model END ------------------

* FSMD analyzer results:
  - Output states:
	Port: layer15_out | {3 }
 - Input state : 
	Port: relu<array<ap_fixed,8u>,array<ap_fixed<16,6,5,3,0>,8u>,relu_config15> : layer12_out | {2 }
  - Chain level:
	State 1
		store_ln41 : 1
		i_11 : 1
		icmp_ln41 : 2
		i_12 : 2
		br_ln41 : 3
		store_ln41 : 3
	State 2
		icmp_ln1695 : 1
		out_data_data : 2
		icmp_ln1695_1 : 1
		out_data_data_2 : 2
		icmp_ln1695_2 : 1
		out_data_data_4 : 2
		icmp_ln1695_3 : 1
		out_data_data_6 : 2
		icmp_ln1695_4 : 1
		select_ln51 : 2
		icmp_ln1695_5 : 1
		select_ln51_1 : 2
		icmp_ln1695_6 : 1
		select_ln51_2 : 2
		icmp_ln1695_7 : 1
		select_ln51_3 : 2
	State 3
		or_ln174_s : 1
		zext_ln174 : 2
		write_ln174 : 3


============================================================
+ Verbose Summary: Datapath Resource usage 
============================================================

* Functional unit list:
|----------|-----------------------------|---------|---------|
| Operation|       Functional Unit       |    FF   |   LUT   |
|----------|-----------------------------|---------|---------|
|          |     out_data_data_fu_284    |    0    |    15   |
|          |    out_data_data_2_fu_298   |    0    |    15   |
|          |    out_data_data_4_fu_312   |    0    |    15   |
|  select  |    out_data_data_6_fu_326   |    0    |    15   |
|          |      select_ln51_fu_340     |    0    |    15   |
|          |     select_ln51_1_fu_354    |    0    |    15   |
|          |     select_ln51_2_fu_368    |    0    |    15   |
|          |     select_ln51_3_fu_382    |    0    |    15   |
|----------|-----------------------------|---------|---------|
|          |       icmp_ln41_fu_113      |    0    |    10   |
|          |      icmp_ln1695_fu_278     |    0    |    13   |
|          |     icmp_ln1695_1_fu_292    |    0    |    13   |
|          |     icmp_ln1695_2_fu_306    |    0    |    13   |
|   icmp   |     icmp_ln1695_3_fu_320    |    0    |    13   |
|          |     icmp_ln1695_4_fu_334    |    0    |    13   |
|          |     icmp_ln1695_5_fu_348    |    0    |    13   |
|          |     icmp_ln1695_6_fu_362    |    0    |    13   |
|          |     icmp_ln1695_7_fu_376    |    0    |    13   |
|----------|-----------------------------|---------|---------|
|    add   |         i_12_fu_119         |    0    |    14   |
|----------|-----------------------------|---------|---------|
|   read   | layer12_out_read_read_fu_92 |    0    |    0    |
|----------|-----------------------------|---------|---------|
|   write  |   write_ln174_write_fu_98   |    0    |    0    |
|----------|-----------------------------|---------|---------|
|   trunc  |     in_data_data_fu_130     |    0    |    0    |
|          |     trunc_ln145_3_fu_134    |    0    |    0    |
|----------|-----------------------------|---------|---------|
|          |     trunc_ln145_4_fu_138    |    0    |    0    |
|          |     trunc_ln145_5_fu_148    |    0    |    0    |
|          |    in_data_data_4_fu_158    |    0    |    0    |
|          |       trunc_ln_fu_168       |    0    |    0    |
|          |    in_data_data_5_fu_178    |    0    |    0    |
|          |     trunc_ln44_1_fu_188     |    0    |    0    |
|partselect|    in_data_data_6_fu_198    |    0    |    0    |
|          |     trunc_ln44_2_fu_208     |    0    |    0    |
|          |          tmp_fu_218         |    0    |    0    |
|          |     trunc_ln145_s_fu_228    |    0    |    0    |
|          |         tmp_s_fu_238        |    0    |    0    |
|          |     trunc_ln145_1_fu_248    |    0    |    0    |
|          |     trunc_ln145_2_fu_258    |    0    |    0    |
|          |       trunc_ln1_fu_268      |    0    |    0    |
|----------|-----------------------------|---------|---------|
|          |       zext_ln45_fu_390      |    0    |    0    |
|          |      zext_ln45_1_fu_393     |    0    |    0    |
|          |      zext_ln45_2_fu_396     |    0    |    0    |
|   zext   |      zext_ln45_3_fu_399     |    0    |    0    |
|          |      zext_ln1695_fu_402     |    0    |    0    |
|          |     zext_ln1695_1_fu_405    |    0    |    0    |
|          |     zext_ln1695_2_fu_408    |    0    |    0    |
|          |      zext_ln174_fu_430      |    0    |    0    |
|----------|-----------------------------|---------|---------|
|bitconcatenate|      or_ln174_s_fu_411      |    0    |    0    |
|----------|-----------------------------|---------|---------|
|   Total  |                             |    0    |   248   |
|----------|-----------------------------|---------|---------|

Memories:
N/A

* Register list:
+-----------------------+--------+
|                       |   FF   |
+-----------------------+--------+
|       i_reg_435       |    7   |
|   icmp_ln41_reg_442   |    1   |
|out_data_data_2_reg_451|   15   |
|out_data_data_4_reg_456|   15   |
|out_data_data_6_reg_461|   15   |
| out_data_data_reg_446 |   15   |
| select_ln51_1_reg_471 |   15   |
| select_ln51_2_reg_476 |   15   |
| select_ln51_3_reg_481 |   15   |
|  select_ln51_reg_466  |   15   |
+-----------------------+--------+
|         Total         |   128  |
+-----------------------+--------+

* Multiplexer (MUX) list: 
|--------|------|------|------|--------|
|  Comp  |  Pin | Size |  BW  | S x BW |
|--------|------|------|------|--------|
|  Total |      |      |      |    0   |
|--------|------|------|------|--------|



* Summary:
+-----------+--------+--------+
|           |   FF   |   LUT  |
+-----------+--------+--------+
|  Function |    0   |   248  |
|   Memory  |    -   |    -   |
|Multiplexer|    -   |    -   |
|  Register |   128  |    -   |
+-----------+--------+--------+
|   Total   |   128  |   248  |
+-----------+--------+--------+
