

================================================================
== Vitis HLS Report for 'relu_array_ap_fixed_16u_array_ap_fixed_16_6_5_3_0_16u_relu_config23_s'
================================================================
* Date:           Tue Jun 13 19:29:09 2023

* Version:        2022.1 (Build 3526262 on Mon Apr 18 15:47:01 MDT 2022)
* Project:        AlexNet_Cifar10_Keras_prj
* Solution:       solution1 (Vivado IP Flow Target)
* Product family: zynquplus
* Target device:  xczu7ev-ffvc1156-2-e


================================================================
== Performance Estimates
================================================================
+ Timing: 
    * Summary: 
    +--------+---------+----------+------------+
    |  Clock |  Target | Estimated| Uncertainty|
    +--------+---------+----------+------------+
    |ap_clk  |  5.00 ns|  2.954 ns|     0.62 ns|
    +--------+---------+----------+------------+

+ Latency: 
    * Summary: 
    +---------+---------+----------+----------+-----+-----+---------+
    |  Latency (cycles) |  Latency (absolute) |  Interval | Pipeline|
    |   min   |   max   |    min   |    max   | min | max |   Type  |
    +---------+---------+----------+----------+-----+-----+---------+
    |       67|       67|  0.335 us|  0.335 us|   67|   67|       no|
    +---------+---------+----------+----------+-----+-----+---------+

    + Detail: 
        * Instance: 
        N/A

        * Loop: 
        +---------------+---------+---------+----------+-----------+-----------+------+----------+
        |               |  Latency (cycles) | Iteration|  Initiation Interval  | Trip |          |
        |   Loop Name   |   min   |   max   |  Latency |  achieved |   target  | Count| Pipelined|
        +---------------+---------+---------+----------+-----------+-----------+------+----------+
        |- ReLUActLoop  |       65|       65|         3|          1|          1|    64|       yes|
        +---------------+---------+---------+----------+-----------+-----------+------+----------+

============================================================
+ Verbose Summary: Synthesis Manager
============================================================
InlineROM: 1
ExposeGlobal: 0
============================================================
+ Verbose Summary: CDFG Model
============================================================
IsTopModel: 0
ResetActiveHigh: 1
IsCombinational: 2
IsDatapathOnly: 0
HasWiredReturn: 1
HasMFsm: 2
HasVarLatency: 1
IsPipeline: 0
IsRtlPipelined: 0
IsInstanceOverlapped: 0
IsDontTouch: 0
HasImplIP: 0
IsGatedGlobalClock: 0

+ Individual pipeline summary: 
  * Pipeline-0: initiation interval (II) = 1, depth = 3


============================================================
+ Verbose Summary: Schedule
============================================================
* Number of FSM states : 3
* Pipeline : 1
  Pipeline-0 : II = 1, D = 3, States = { 1 2 3 }
* Dataflow Pipeline: 0

* FSM state transitions: 
1 --> 2 
2 --> 3 
3 --> 

* FSM state operations: 

State 1 <SV = 0> <Delay = 1.24>
ST_1 : Operation 6 [1/1] (0.00ns)   --->   "%i = alloca i32 1"   --->   Operation 6 'alloca' 'i' <Predicate = true> <Delay = 0.00>
ST_1 : Operation 7 [1/1] (0.00ns)   --->   "%specinterface_ln0 = specinterface void @_ssdm_op_SpecInterface, i256 %layer23_out, void @empty_9, i32 0, i32 0, void @empty_3, i32 0, i32 0, void @empty_3, void @empty_3, void @empty_3, i32 0, i32 0, i32 0, i32 0, void @empty_3, void @empty_3, i32 4294967295, i32 0"   --->   Operation 7 'specinterface' 'specinterface_ln0' <Predicate = true> <Delay = 0.00>
ST_1 : Operation 8 [1/1] (0.00ns)   --->   "%specinterface_ln0 = specinterface void @_ssdm_op_SpecInterface, i256 %layer20_out, void @empty_9, i32 0, i32 0, void @empty_3, i32 0, i32 0, void @empty_3, void @empty_3, void @empty_3, i32 0, i32 0, i32 0, i32 0, void @empty_3, void @empty_3, i32 4294967295, i32 0"   --->   Operation 8 'specinterface' 'specinterface_ln0' <Predicate = true> <Delay = 0.00>
ST_1 : Operation 9 [1/1] (0.42ns)   --->   "%store_ln41 = store i7 0, i7 %i" [firmware/nnet_utils/nnet_activation_stream.h:41]   --->   Operation 9 'store' 'store_ln41' <Predicate = true> <Delay = 0.42>
ST_1 : Operation 10 [1/1] (0.00ns)   --->   "%br_ln41 = br void %for.body4" [firmware/nnet_utils/nnet_activation_stream.h:41]   --->   Operation 10 'br' 'br_ln41' <Predicate = true> <Delay = 0.00>
ST_1 : Operation 11 [1/1] (0.00ns)   --->   "%i_17 = load i7 %i" [firmware/nnet_utils/nnet_activation_stream.h:41]   --->   Operation 11 'load' 'i_17' <Predicate = true> <Delay = 0.00>
ST_1 : Operation 12 [1/1] (0.81ns)   --->   "%icmp_ln41 = icmp_eq  i7 %i_17, i7 64" [firmware/nnet_utils/nnet_activation_stream.h:41]   --->   Operation 12 'icmp' 'icmp_ln41' <Predicate = true> <Delay = 0.81> <CoreInst = "Cmp">   --->   Core 9 'Cmp' <Latency = 0> <II = 1> <Delay = 0.81> <FuncUnit> <Opcode : 'icmp'> <InPorts = 2> <OutPorts = 1>
ST_1 : Operation 13 [1/1] (0.00ns)   --->   "%empty = speclooptripcount i32 @_ssdm_op_SpecLoopTripCount, i64 64, i64 64, i64 64"   --->   Operation 13 'speclooptripcount' 'empty' <Predicate = true> <Delay = 0.00>
ST_1 : Operation 14 [1/1] (0.77ns)   --->   "%i_18 = add i7 %i_17, i7 1" [firmware/nnet_utils/nnet_activation_stream.h:41]   --->   Operation 14 'add' 'i_18' <Predicate = true> <Delay = 0.77> <CoreInst = "Adder">   --->   Core 1 'Adder' <Latency = 0> <II = 1> <Delay = 0.77> <FuncUnit> <Opcode : 'add' 'sub'> <InPorts = 2> <OutPorts = 1>
ST_1 : Operation 15 [1/1] (0.00ns)   --->   "%br_ln41 = br i1 %icmp_ln41, void %for.body4.split, void %for.end14" [firmware/nnet_utils/nnet_activation_stream.h:41]   --->   Operation 15 'br' 'br_ln41' <Predicate = true> <Delay = 0.00>
ST_1 : Operation 16 [1/1] (0.42ns)   --->   "%store_ln41 = store i7 %i_18, i7 %i" [firmware/nnet_utils/nnet_activation_stream.h:41]   --->   Operation 16 'store' 'store_ln41' <Predicate = (!icmp_ln41)> <Delay = 0.42>

State 2 <SV = 1> <Delay = 2.95>
ST_2 : Operation 17 [1/1] (1.55ns)   --->   "%layer20_out_read = read i256 @_ssdm_op_Read.ap_fifo.volatile.i256P0A, i256 %layer20_out" [/data/Ao_XIE/vivado/Vitis_HLS/2022.1/common/technology/autopilot/hls_stream_39.h:145]   --->   Operation 17 'read' 'layer20_out_read' <Predicate = true> <Delay = 1.55> <CoreInst = "FIFO">   --->   Core 78 'FIFO' <Latency = 0> <II = 1> <Delay = 1.55> <Storage> <Opcode : 'read' 'write' 'nbread' 'nbwrite'> <Ports = 0> <Width = 256> <Depth = 64> <FIFO>
ST_2 : Operation 18 [1/1] (0.00ns)   --->   "%in_data_data = trunc i256 %layer20_out_read" [/data/Ao_XIE/vivado/Vitis_HLS/2022.1/common/technology/autopilot/hls_stream_39.h:145]   --->   Operation 18 'trunc' 'in_data_data' <Predicate = true> <Delay = 0.00>
ST_2 : Operation 19 [1/1] (0.00ns)   --->   "%trunc_ln145_81 = trunc i256 %layer20_out_read" [/data/Ao_XIE/vivado/Vitis_HLS/2022.1/common/technology/autopilot/hls_stream_39.h:145]   --->   Operation 19 'trunc' 'trunc_ln145_81' <Predicate = true> <Delay = 0.00>
ST_2 : Operation 20 [1/1] (0.00ns)   --->   "%trunc_ln145_82 = partselect i16 @_ssdm_op_PartSelect.i16.i256.i32.i32, i256 %layer20_out_read, i32 224, i32 239" [/data/Ao_XIE/vivado/Vitis_HLS/2022.1/common/technology/autopilot/hls_stream_39.h:145]   --->   Operation 20 'partselect' 'trunc_ln145_82' <Predicate = true> <Delay = 0.00>
ST_2 : Operation 21 [1/1] (0.00ns)   --->   "%trunc_ln145_83 = partselect i16 @_ssdm_op_PartSelect.i16.i256.i32.i32, i256 %layer20_out_read, i32 240, i32 255" [/data/Ao_XIE/vivado/Vitis_HLS/2022.1/common/technology/autopilot/hls_stream_39.h:145]   --->   Operation 21 'partselect' 'trunc_ln145_83' <Predicate = true> <Delay = 0.00>
ST_2 : Operation 22 [1/1] (0.00ns)   --->   "%in_data_data_26 = partselect i16 @_ssdm_op_PartSelect.i16.i256.i32.i32, i256 %layer20_out_read, i32 16, i32 31" [/data/Ao_XIE/vivado/Vitis_HLS/2022.1/common/technology/autopilot/hls_stream_39.h:145]   --->   Operation 22 'partselect' 'in_data_data_26' <Predicate = true> <Delay = 0.00>
ST_2 : Operation 23 [1/1] (0.00ns)   --->   "%trunc_ln = partselect i15 @_ssdm_op_PartSelect.i15.i256.i32.i32, i256 %layer20_out_read, i32 16, i32 30" [firmware/nnet_utils/nnet_activation_stream.h:44]   --->   Operation 23 'partselect' 'trunc_ln' <Predicate = true> <Delay = 0.00>
ST_2 : Operation 24 [1/1] (0.00ns)   --->   "%in_data_data_27 = partselect i16 @_ssdm_op_PartSelect.i16.i256.i32.i32, i256 %layer20_out_read, i32 32, i32 47" [/data/Ao_XIE/vivado/Vitis_HLS/2022.1/common/technology/autopilot/hls_stream_39.h:145]   --->   Operation 24 'partselect' 'in_data_data_27' <Predicate = true> <Delay = 0.00>
ST_2 : Operation 25 [1/1] (0.00ns)   --->   "%trunc_ln44_9 = partselect i15 @_ssdm_op_PartSelect.i15.i256.i32.i32, i256 %layer20_out_read, i32 32, i32 46" [firmware/nnet_utils/nnet_activation_stream.h:44]   --->   Operation 25 'partselect' 'trunc_ln44_9' <Predicate = true> <Delay = 0.00>
ST_2 : Operation 26 [1/1] (0.00ns)   --->   "%in_data_data_28 = partselect i16 @_ssdm_op_PartSelect.i16.i256.i32.i32, i256 %layer20_out_read, i32 48, i32 63" [/data/Ao_XIE/vivado/Vitis_HLS/2022.1/common/technology/autopilot/hls_stream_39.h:145]   --->   Operation 26 'partselect' 'in_data_data_28' <Predicate = true> <Delay = 0.00>
ST_2 : Operation 27 [1/1] (0.00ns)   --->   "%trunc_ln44_s = partselect i15 @_ssdm_op_PartSelect.i15.i256.i32.i32, i256 %layer20_out_read, i32 48, i32 62" [firmware/nnet_utils/nnet_activation_stream.h:44]   --->   Operation 27 'partselect' 'trunc_ln44_s' <Predicate = true> <Delay = 0.00>
ST_2 : Operation 28 [1/1] (0.00ns)   --->   "%tmp = partselect i16 @_ssdm_op_PartSelect.i16.i256.i32.i32, i256 %layer20_out_read, i32 64, i32 79" [/data/Ao_XIE/vivado/Vitis_HLS/2022.1/common/technology/autopilot/hls_stream_39.h:145]   --->   Operation 28 'partselect' 'tmp' <Predicate = true> <Delay = 0.00>
ST_2 : Operation 29 [1/1] (0.00ns)   --->   "%trunc_ln145_s = partselect i15 @_ssdm_op_PartSelect.i15.i256.i32.i32, i256 %layer20_out_read, i32 64, i32 78" [/data/Ao_XIE/vivado/Vitis_HLS/2022.1/common/technology/autopilot/hls_stream_39.h:145]   --->   Operation 29 'partselect' 'trunc_ln145_s' <Predicate = true> <Delay = 0.00>
ST_2 : Operation 30 [1/1] (0.00ns)   --->   "%tmp_s = partselect i16 @_ssdm_op_PartSelect.i16.i256.i32.i32, i256 %layer20_out_read, i32 80, i32 95" [/data/Ao_XIE/vivado/Vitis_HLS/2022.1/common/technology/autopilot/hls_stream_39.h:145]   --->   Operation 30 'partselect' 'tmp_s' <Predicate = true> <Delay = 0.00>
ST_2 : Operation 31 [1/1] (0.00ns)   --->   "%trunc_ln145_71 = partselect i15 @_ssdm_op_PartSelect.i15.i256.i32.i32, i256 %layer20_out_read, i32 80, i32 94" [/data/Ao_XIE/vivado/Vitis_HLS/2022.1/common/technology/autopilot/hls_stream_39.h:145]   --->   Operation 31 'partselect' 'trunc_ln145_71' <Predicate = true> <Delay = 0.00>
ST_2 : Operation 32 [1/1] (0.00ns)   --->   "%tmp_67 = partselect i16 @_ssdm_op_PartSelect.i16.i256.i32.i32, i256 %layer20_out_read, i32 96, i32 111" [/data/Ao_XIE/vivado/Vitis_HLS/2022.1/common/technology/autopilot/hls_stream_39.h:145]   --->   Operation 32 'partselect' 'tmp_67' <Predicate = true> <Delay = 0.00>
ST_2 : Operation 33 [1/1] (0.00ns)   --->   "%trunc_ln145_72 = partselect i15 @_ssdm_op_PartSelect.i15.i256.i32.i32, i256 %layer20_out_read, i32 96, i32 110" [/data/Ao_XIE/vivado/Vitis_HLS/2022.1/common/technology/autopilot/hls_stream_39.h:145]   --->   Operation 33 'partselect' 'trunc_ln145_72' <Predicate = true> <Delay = 0.00>
ST_2 : Operation 34 [1/1] (0.00ns)   --->   "%tmp_68 = partselect i16 @_ssdm_op_PartSelect.i16.i256.i32.i32, i256 %layer20_out_read, i32 112, i32 127" [/data/Ao_XIE/vivado/Vitis_HLS/2022.1/common/technology/autopilot/hls_stream_39.h:145]   --->   Operation 34 'partselect' 'tmp_68' <Predicate = true> <Delay = 0.00>
ST_2 : Operation 35 [1/1] (0.00ns)   --->   "%trunc_ln145_73 = partselect i15 @_ssdm_op_PartSelect.i15.i256.i32.i32, i256 %layer20_out_read, i32 112, i32 126" [/data/Ao_XIE/vivado/Vitis_HLS/2022.1/common/technology/autopilot/hls_stream_39.h:145]   --->   Operation 35 'partselect' 'trunc_ln145_73' <Predicate = true> <Delay = 0.00>
ST_2 : Operation 36 [1/1] (0.00ns)   --->   "%tmp_69 = partselect i16 @_ssdm_op_PartSelect.i16.i256.i32.i32, i256 %layer20_out_read, i32 128, i32 143" [/data/Ao_XIE/vivado/Vitis_HLS/2022.1/common/technology/autopilot/hls_stream_39.h:145]   --->   Operation 36 'partselect' 'tmp_69' <Predicate = true> <Delay = 0.00>
ST_2 : Operation 37 [1/1] (0.00ns)   --->   "%trunc_ln145_74 = partselect i15 @_ssdm_op_PartSelect.i15.i256.i32.i32, i256 %layer20_out_read, i32 128, i32 142" [/data/Ao_XIE/vivado/Vitis_HLS/2022.1/common/technology/autopilot/hls_stream_39.h:145]   --->   Operation 37 'partselect' 'trunc_ln145_74' <Predicate = true> <Delay = 0.00>
ST_2 : Operation 38 [1/1] (0.00ns)   --->   "%tmp_70 = partselect i16 @_ssdm_op_PartSelect.i16.i256.i32.i32, i256 %layer20_out_read, i32 144, i32 159" [/data/Ao_XIE/vivado/Vitis_HLS/2022.1/common/technology/autopilot/hls_stream_39.h:145]   --->   Operation 38 'partselect' 'tmp_70' <Predicate = true> <Delay = 0.00>
ST_2 : Operation 39 [1/1] (0.00ns)   --->   "%trunc_ln145_75 = partselect i15 @_ssdm_op_PartSelect.i15.i256.i32.i32, i256 %layer20_out_read, i32 144, i32 158" [/data/Ao_XIE/vivado/Vitis_HLS/2022.1/common/technology/autopilot/hls_stream_39.h:145]   --->   Operation 39 'partselect' 'trunc_ln145_75' <Predicate = true> <Delay = 0.00>
ST_2 : Operation 40 [1/1] (0.00ns)   --->   "%tmp_71 = partselect i16 @_ssdm_op_PartSelect.i16.i256.i32.i32, i256 %layer20_out_read, i32 160, i32 175" [/data/Ao_XIE/vivado/Vitis_HLS/2022.1/common/technology/autopilot/hls_stream_39.h:145]   --->   Operation 40 'partselect' 'tmp_71' <Predicate = true> <Delay = 0.00>
ST_2 : Operation 41 [1/1] (0.00ns)   --->   "%trunc_ln145_76 = partselect i15 @_ssdm_op_PartSelect.i15.i256.i32.i32, i256 %layer20_out_read, i32 160, i32 174" [/data/Ao_XIE/vivado/Vitis_HLS/2022.1/common/technology/autopilot/hls_stream_39.h:145]   --->   Operation 41 'partselect' 'trunc_ln145_76' <Predicate = true> <Delay = 0.00>
ST_2 : Operation 42 [1/1] (0.00ns)   --->   "%tmp_72 = partselect i16 @_ssdm_op_PartSelect.i16.i256.i32.i32, i256 %layer20_out_read, i32 176, i32 191" [/data/Ao_XIE/vivado/Vitis_HLS/2022.1/common/technology/autopilot/hls_stream_39.h:145]   --->   Operation 42 'partselect' 'tmp_72' <Predicate = true> <Delay = 0.00>
ST_2 : Operation 43 [1/1] (0.00ns)   --->   "%trunc_ln145_77 = partselect i15 @_ssdm_op_PartSelect.i15.i256.i32.i32, i256 %layer20_out_read, i32 176, i32 190" [/data/Ao_XIE/vivado/Vitis_HLS/2022.1/common/technology/autopilot/hls_stream_39.h:145]   --->   Operation 43 'partselect' 'trunc_ln145_77' <Predicate = true> <Delay = 0.00>
ST_2 : Operation 44 [1/1] (0.00ns)   --->   "%tmp_73 = partselect i16 @_ssdm_op_PartSelect.i16.i256.i32.i32, i256 %layer20_out_read, i32 192, i32 207" [/data/Ao_XIE/vivado/Vitis_HLS/2022.1/common/technology/autopilot/hls_stream_39.h:145]   --->   Operation 44 'partselect' 'tmp_73' <Predicate = true> <Delay = 0.00>
ST_2 : Operation 45 [1/1] (0.00ns)   --->   "%trunc_ln145_78 = partselect i15 @_ssdm_op_PartSelect.i15.i256.i32.i32, i256 %layer20_out_read, i32 192, i32 206" [/data/Ao_XIE/vivado/Vitis_HLS/2022.1/common/technology/autopilot/hls_stream_39.h:145]   --->   Operation 45 'partselect' 'trunc_ln145_78' <Predicate = true> <Delay = 0.00>
ST_2 : Operation 46 [1/1] (0.00ns)   --->   "%tmp_74 = partselect i16 @_ssdm_op_PartSelect.i16.i256.i32.i32, i256 %layer20_out_read, i32 208, i32 223" [/data/Ao_XIE/vivado/Vitis_HLS/2022.1/common/technology/autopilot/hls_stream_39.h:145]   --->   Operation 46 'partselect' 'tmp_74' <Predicate = true> <Delay = 0.00>
ST_2 : Operation 47 [1/1] (0.00ns)   --->   "%trunc_ln145_79 = partselect i15 @_ssdm_op_PartSelect.i15.i256.i32.i32, i256 %layer20_out_read, i32 208, i32 222" [/data/Ao_XIE/vivado/Vitis_HLS/2022.1/common/technology/autopilot/hls_stream_39.h:145]   --->   Operation 47 'partselect' 'trunc_ln145_79' <Predicate = true> <Delay = 0.00>
ST_2 : Operation 48 [1/1] (0.00ns)   --->   "%trunc_ln145_80 = partselect i15 @_ssdm_op_PartSelect.i15.i256.i32.i32, i256 %layer20_out_read, i32 224, i32 238" [/data/Ao_XIE/vivado/Vitis_HLS/2022.1/common/technology/autopilot/hls_stream_39.h:145]   --->   Operation 48 'partselect' 'trunc_ln145_80' <Predicate = true> <Delay = 0.00>
ST_2 : Operation 49 [1/1] (0.00ns)   --->   "%trunc_ln4 = partselect i15 @_ssdm_op_PartSelect.i15.i256.i32.i32, i256 %layer20_out_read, i32 240, i32 254"   --->   Operation 49 'partselect' 'trunc_ln4' <Predicate = true> <Delay = 0.00>
ST_2 : Operation 50 [1/1] (1.10ns)   --->   "%icmp_ln1695 = icmp_sgt  i16 %in_data_data, i16 0"   --->   Operation 50 'icmp' 'icmp_ln1695' <Predicate = true> <Delay = 1.10> <CoreInst = "Cmp">   --->   Core 9 'Cmp' <Latency = 0> <II = 1> <Delay = 1.10> <FuncUnit> <Opcode : 'icmp'> <InPorts = 2> <OutPorts = 1>
ST_2 : Operation 51 [1/1] (0.29ns)   --->   "%out_data_data = select i1 %icmp_ln1695, i15 %trunc_ln145_81, i15 0" [firmware/nnet_utils/nnet_activation_stream.h:51]   --->   Operation 51 'select' 'out_data_data' <Predicate = true> <Delay = 0.29> <CoreInst = "Sel">   --->   Core 73 'Sel' <Latency = 0> <II = 1> <Delay = 0.29> <FuncUnit> <Opcode : 'select'> <InPorts = 3> <OutPorts = 1>
ST_2 : Operation 52 [1/1] (1.10ns)   --->   "%icmp_ln1695_89 = icmp_sgt  i16 %in_data_data_26, i16 0"   --->   Operation 52 'icmp' 'icmp_ln1695_89' <Predicate = true> <Delay = 1.10> <CoreInst = "Cmp">   --->   Core 9 'Cmp' <Latency = 0> <II = 1> <Delay = 1.10> <FuncUnit> <Opcode : 'icmp'> <InPorts = 2> <OutPorts = 1>
ST_2 : Operation 53 [1/1] (0.29ns)   --->   "%out_data_data_22 = select i1 %icmp_ln1695_89, i15 %trunc_ln, i15 0" [firmware/nnet_utils/nnet_activation_stream.h:51]   --->   Operation 53 'select' 'out_data_data_22' <Predicate = true> <Delay = 0.29> <CoreInst = "Sel">   --->   Core 73 'Sel' <Latency = 0> <II = 1> <Delay = 0.29> <FuncUnit> <Opcode : 'select'> <InPorts = 3> <OutPorts = 1>
ST_2 : Operation 54 [1/1] (1.10ns)   --->   "%icmp_ln1695_90 = icmp_sgt  i16 %in_data_data_27, i16 0"   --->   Operation 54 'icmp' 'icmp_ln1695_90' <Predicate = true> <Delay = 1.10> <CoreInst = "Cmp">   --->   Core 9 'Cmp' <Latency = 0> <II = 1> <Delay = 1.10> <FuncUnit> <Opcode : 'icmp'> <InPorts = 2> <OutPorts = 1>
ST_2 : Operation 55 [1/1] (0.29ns)   --->   "%out_data_data_24 = select i1 %icmp_ln1695_90, i15 %trunc_ln44_9, i15 0" [firmware/nnet_utils/nnet_activation_stream.h:51]   --->   Operation 55 'select' 'out_data_data_24' <Predicate = true> <Delay = 0.29> <CoreInst = "Sel">   --->   Core 73 'Sel' <Latency = 0> <II = 1> <Delay = 0.29> <FuncUnit> <Opcode : 'select'> <InPorts = 3> <OutPorts = 1>
ST_2 : Operation 56 [1/1] (1.10ns)   --->   "%icmp_ln1695_91 = icmp_sgt  i16 %in_data_data_28, i16 0"   --->   Operation 56 'icmp' 'icmp_ln1695_91' <Predicate = true> <Delay = 1.10> <CoreInst = "Cmp">   --->   Core 9 'Cmp' <Latency = 0> <II = 1> <Delay = 1.10> <FuncUnit> <Opcode : 'icmp'> <InPorts = 2> <OutPorts = 1>
ST_2 : Operation 57 [1/1] (0.29ns)   --->   "%out_data_data_26 = select i1 %icmp_ln1695_91, i15 %trunc_ln44_s, i15 0" [firmware/nnet_utils/nnet_activation_stream.h:51]   --->   Operation 57 'select' 'out_data_data_26' <Predicate = true> <Delay = 0.29> <CoreInst = "Sel">   --->   Core 73 'Sel' <Latency = 0> <II = 1> <Delay = 0.29> <FuncUnit> <Opcode : 'select'> <InPorts = 3> <OutPorts = 1>
ST_2 : Operation 58 [1/1] (1.10ns)   --->   "%icmp_ln1695_92 = icmp_sgt  i16 %tmp, i16 0"   --->   Operation 58 'icmp' 'icmp_ln1695_92' <Predicate = true> <Delay = 1.10> <CoreInst = "Cmp">   --->   Core 9 'Cmp' <Latency = 0> <II = 1> <Delay = 1.10> <FuncUnit> <Opcode : 'icmp'> <InPorts = 2> <OutPorts = 1>
ST_2 : Operation 59 [1/1] (0.29ns)   --->   "%select_ln51 = select i1 %icmp_ln1695_92, i15 %trunc_ln145_s, i15 0" [firmware/nnet_utils/nnet_activation_stream.h:51]   --->   Operation 59 'select' 'select_ln51' <Predicate = true> <Delay = 0.29> <CoreInst = "Sel">   --->   Core 73 'Sel' <Latency = 0> <II = 1> <Delay = 0.29> <FuncUnit> <Opcode : 'select'> <InPorts = 3> <OutPorts = 1>
ST_2 : Operation 60 [1/1] (1.10ns)   --->   "%icmp_ln1695_93 = icmp_sgt  i16 %tmp_s, i16 0"   --->   Operation 60 'icmp' 'icmp_ln1695_93' <Predicate = true> <Delay = 1.10> <CoreInst = "Cmp">   --->   Core 9 'Cmp' <Latency = 0> <II = 1> <Delay = 1.10> <FuncUnit> <Opcode : 'icmp'> <InPorts = 2> <OutPorts = 1>
ST_2 : Operation 61 [1/1] (0.29ns)   --->   "%select_ln51_78 = select i1 %icmp_ln1695_93, i15 %trunc_ln145_71, i15 0" [firmware/nnet_utils/nnet_activation_stream.h:51]   --->   Operation 61 'select' 'select_ln51_78' <Predicate = true> <Delay = 0.29> <CoreInst = "Sel">   --->   Core 73 'Sel' <Latency = 0> <II = 1> <Delay = 0.29> <FuncUnit> <Opcode : 'select'> <InPorts = 3> <OutPorts = 1>
ST_2 : Operation 62 [1/1] (1.10ns)   --->   "%icmp_ln1695_94 = icmp_sgt  i16 %tmp_67, i16 0"   --->   Operation 62 'icmp' 'icmp_ln1695_94' <Predicate = true> <Delay = 1.10> <CoreInst = "Cmp">   --->   Core 9 'Cmp' <Latency = 0> <II = 1> <Delay = 1.10> <FuncUnit> <Opcode : 'icmp'> <InPorts = 2> <OutPorts = 1>
ST_2 : Operation 63 [1/1] (0.29ns)   --->   "%select_ln51_79 = select i1 %icmp_ln1695_94, i15 %trunc_ln145_72, i15 0" [firmware/nnet_utils/nnet_activation_stream.h:51]   --->   Operation 63 'select' 'select_ln51_79' <Predicate = true> <Delay = 0.29> <CoreInst = "Sel">   --->   Core 73 'Sel' <Latency = 0> <II = 1> <Delay = 0.29> <FuncUnit> <Opcode : 'select'> <InPorts = 3> <OutPorts = 1>
ST_2 : Operation 64 [1/1] (1.10ns)   --->   "%icmp_ln1695_95 = icmp_sgt  i16 %tmp_68, i16 0"   --->   Operation 64 'icmp' 'icmp_ln1695_95' <Predicate = true> <Delay = 1.10> <CoreInst = "Cmp">   --->   Core 9 'Cmp' <Latency = 0> <II = 1> <Delay = 1.10> <FuncUnit> <Opcode : 'icmp'> <InPorts = 2> <OutPorts = 1>
ST_2 : Operation 65 [1/1] (0.29ns)   --->   "%select_ln51_80 = select i1 %icmp_ln1695_95, i15 %trunc_ln145_73, i15 0" [firmware/nnet_utils/nnet_activation_stream.h:51]   --->   Operation 65 'select' 'select_ln51_80' <Predicate = true> <Delay = 0.29> <CoreInst = "Sel">   --->   Core 73 'Sel' <Latency = 0> <II = 1> <Delay = 0.29> <FuncUnit> <Opcode : 'select'> <InPorts = 3> <OutPorts = 1>
ST_2 : Operation 66 [1/1] (1.10ns)   --->   "%icmp_ln1695_96 = icmp_sgt  i16 %tmp_69, i16 0"   --->   Operation 66 'icmp' 'icmp_ln1695_96' <Predicate = true> <Delay = 1.10> <CoreInst = "Cmp">   --->   Core 9 'Cmp' <Latency = 0> <II = 1> <Delay = 1.10> <FuncUnit> <Opcode : 'icmp'> <InPorts = 2> <OutPorts = 1>
ST_2 : Operation 67 [1/1] (0.29ns)   --->   "%select_ln51_81 = select i1 %icmp_ln1695_96, i15 %trunc_ln145_74, i15 0" [firmware/nnet_utils/nnet_activation_stream.h:51]   --->   Operation 67 'select' 'select_ln51_81' <Predicate = true> <Delay = 0.29> <CoreInst = "Sel">   --->   Core 73 'Sel' <Latency = 0> <II = 1> <Delay = 0.29> <FuncUnit> <Opcode : 'select'> <InPorts = 3> <OutPorts = 1>
ST_2 : Operation 68 [1/1] (1.10ns)   --->   "%icmp_ln1695_97 = icmp_sgt  i16 %tmp_70, i16 0"   --->   Operation 68 'icmp' 'icmp_ln1695_97' <Predicate = true> <Delay = 1.10> <CoreInst = "Cmp">   --->   Core 9 'Cmp' <Latency = 0> <II = 1> <Delay = 1.10> <FuncUnit> <Opcode : 'icmp'> <InPorts = 2> <OutPorts = 1>
ST_2 : Operation 69 [1/1] (0.29ns)   --->   "%select_ln51_82 = select i1 %icmp_ln1695_97, i15 %trunc_ln145_75, i15 0" [firmware/nnet_utils/nnet_activation_stream.h:51]   --->   Operation 69 'select' 'select_ln51_82' <Predicate = true> <Delay = 0.29> <CoreInst = "Sel">   --->   Core 73 'Sel' <Latency = 0> <II = 1> <Delay = 0.29> <FuncUnit> <Opcode : 'select'> <InPorts = 3> <OutPorts = 1>
ST_2 : Operation 70 [1/1] (1.10ns)   --->   "%icmp_ln1695_98 = icmp_sgt  i16 %tmp_71, i16 0"   --->   Operation 70 'icmp' 'icmp_ln1695_98' <Predicate = true> <Delay = 1.10> <CoreInst = "Cmp">   --->   Core 9 'Cmp' <Latency = 0> <II = 1> <Delay = 1.10> <FuncUnit> <Opcode : 'icmp'> <InPorts = 2> <OutPorts = 1>
ST_2 : Operation 71 [1/1] (0.29ns)   --->   "%select_ln51_83 = select i1 %icmp_ln1695_98, i15 %trunc_ln145_76, i15 0" [firmware/nnet_utils/nnet_activation_stream.h:51]   --->   Operation 71 'select' 'select_ln51_83' <Predicate = true> <Delay = 0.29> <CoreInst = "Sel">   --->   Core 73 'Sel' <Latency = 0> <II = 1> <Delay = 0.29> <FuncUnit> <Opcode : 'select'> <InPorts = 3> <OutPorts = 1>
ST_2 : Operation 72 [1/1] (1.10ns)   --->   "%icmp_ln1695_99 = icmp_sgt  i16 %tmp_72, i16 0"   --->   Operation 72 'icmp' 'icmp_ln1695_99' <Predicate = true> <Delay = 1.10> <CoreInst = "Cmp">   --->   Core 9 'Cmp' <Latency = 0> <II = 1> <Delay = 1.10> <FuncUnit> <Opcode : 'icmp'> <InPorts = 2> <OutPorts = 1>
ST_2 : Operation 73 [1/1] (0.29ns)   --->   "%select_ln51_84 = select i1 %icmp_ln1695_99, i15 %trunc_ln145_77, i15 0" [firmware/nnet_utils/nnet_activation_stream.h:51]   --->   Operation 73 'select' 'select_ln51_84' <Predicate = true> <Delay = 0.29> <CoreInst = "Sel">   --->   Core 73 'Sel' <Latency = 0> <II = 1> <Delay = 0.29> <FuncUnit> <Opcode : 'select'> <InPorts = 3> <OutPorts = 1>
ST_2 : Operation 74 [1/1] (1.10ns)   --->   "%icmp_ln1695_100 = icmp_sgt  i16 %tmp_73, i16 0"   --->   Operation 74 'icmp' 'icmp_ln1695_100' <Predicate = true> <Delay = 1.10> <CoreInst = "Cmp">   --->   Core 9 'Cmp' <Latency = 0> <II = 1> <Delay = 1.10> <FuncUnit> <Opcode : 'icmp'> <InPorts = 2> <OutPorts = 1>
ST_2 : Operation 75 [1/1] (0.29ns)   --->   "%select_ln51_85 = select i1 %icmp_ln1695_100, i15 %trunc_ln145_78, i15 0" [firmware/nnet_utils/nnet_activation_stream.h:51]   --->   Operation 75 'select' 'select_ln51_85' <Predicate = true> <Delay = 0.29> <CoreInst = "Sel">   --->   Core 73 'Sel' <Latency = 0> <II = 1> <Delay = 0.29> <FuncUnit> <Opcode : 'select'> <InPorts = 3> <OutPorts = 1>
ST_2 : Operation 76 [1/1] (1.10ns)   --->   "%icmp_ln1695_101 = icmp_sgt  i16 %tmp_74, i16 0"   --->   Operation 76 'icmp' 'icmp_ln1695_101' <Predicate = true> <Delay = 1.10> <CoreInst = "Cmp">   --->   Core 9 'Cmp' <Latency = 0> <II = 1> <Delay = 1.10> <FuncUnit> <Opcode : 'icmp'> <InPorts = 2> <OutPorts = 1>
ST_2 : Operation 77 [1/1] (0.29ns)   --->   "%select_ln51_86 = select i1 %icmp_ln1695_101, i15 %trunc_ln145_79, i15 0" [firmware/nnet_utils/nnet_activation_stream.h:51]   --->   Operation 77 'select' 'select_ln51_86' <Predicate = true> <Delay = 0.29> <CoreInst = "Sel">   --->   Core 73 'Sel' <Latency = 0> <II = 1> <Delay = 0.29> <FuncUnit> <Opcode : 'select'> <InPorts = 3> <OutPorts = 1>
ST_2 : Operation 78 [1/1] (1.10ns)   --->   "%icmp_ln1695_102 = icmp_sgt  i16 %trunc_ln145_82, i16 0"   --->   Operation 78 'icmp' 'icmp_ln1695_102' <Predicate = true> <Delay = 1.10> <CoreInst = "Cmp">   --->   Core 9 'Cmp' <Latency = 0> <II = 1> <Delay = 1.10> <FuncUnit> <Opcode : 'icmp'> <InPorts = 2> <OutPorts = 1>
ST_2 : Operation 79 [1/1] (0.29ns)   --->   "%select_ln51_87 = select i1 %icmp_ln1695_102, i15 %trunc_ln145_80, i15 0" [firmware/nnet_utils/nnet_activation_stream.h:51]   --->   Operation 79 'select' 'select_ln51_87' <Predicate = true> <Delay = 0.29> <CoreInst = "Sel">   --->   Core 73 'Sel' <Latency = 0> <II = 1> <Delay = 0.29> <FuncUnit> <Opcode : 'select'> <InPorts = 3> <OutPorts = 1>
ST_2 : Operation 80 [1/1] (1.10ns)   --->   "%icmp_ln1695_103 = icmp_sgt  i16 %trunc_ln145_83, i16 0"   --->   Operation 80 'icmp' 'icmp_ln1695_103' <Predicate = true> <Delay = 1.10> <CoreInst = "Cmp">   --->   Core 9 'Cmp' <Latency = 0> <II = 1> <Delay = 1.10> <FuncUnit> <Opcode : 'icmp'> <InPorts = 2> <OutPorts = 1>
ST_2 : Operation 81 [1/1] (0.29ns)   --->   "%select_ln51_88 = select i1 %icmp_ln1695_103, i15 %trunc_ln4, i15 0" [firmware/nnet_utils/nnet_activation_stream.h:51]   --->   Operation 81 'select' 'select_ln51_88' <Predicate = true> <Delay = 0.29> <CoreInst = "Sel">   --->   Core 73 'Sel' <Latency = 0> <II = 1> <Delay = 0.29> <FuncUnit> <Opcode : 'select'> <InPorts = 3> <OutPorts = 1>
ST_2 : Operation 103 [1/1] (0.00ns)   --->   "%ret_ln59 = ret" [firmware/nnet_utils/nnet_activation_stream.h:59]   --->   Operation 103 'ret' 'ret_ln59' <Predicate = (icmp_ln41)> <Delay = 0.00>

State 3 <SV = 2> <Delay = 1.55>
ST_3 : Operation 82 [1/1] (0.00ns)   --->   "%specpipeline_ln42 = specpipeline void @_ssdm_op_SpecPipeline, i32 4294967295, i32 0, i32 0, i32 0, void @empty_3" [firmware/nnet_utils/nnet_activation_stream.h:42]   --->   Operation 82 'specpipeline' 'specpipeline_ln42' <Predicate = true> <Delay = 0.00>
ST_3 : Operation 83 [1/1] (0.00ns)   --->   "%specloopname_ln144 = specloopname void @_ssdm_op_SpecLoopName, void @empty_17" [/data/Ao_XIE/vivado/Vitis_HLS/2022.1/common/technology/autopilot/hls_stream_39.h:144]   --->   Operation 83 'specloopname' 'specloopname_ln144' <Predicate = true> <Delay = 0.00>
ST_3 : Operation 84 [1/1] (0.00ns)   --->   "%zext_ln45 = zext i15 %out_data_data" [firmware/nnet_utils/nnet_activation_stream.h:45]   --->   Operation 84 'zext' 'zext_ln45' <Predicate = true> <Delay = 0.00>
ST_3 : Operation 85 [1/1] (0.00ns)   --->   "%zext_ln45_9 = zext i15 %out_data_data_22" [firmware/nnet_utils/nnet_activation_stream.h:45]   --->   Operation 85 'zext' 'zext_ln45_9' <Predicate = true> <Delay = 0.00>
ST_3 : Operation 86 [1/1] (0.00ns)   --->   "%zext_ln45_10 = zext i15 %out_data_data_24" [firmware/nnet_utils/nnet_activation_stream.h:45]   --->   Operation 86 'zext' 'zext_ln45_10' <Predicate = true> <Delay = 0.00>
ST_3 : Operation 87 [1/1] (0.00ns)   --->   "%zext_ln45_11 = zext i15 %out_data_data_26" [firmware/nnet_utils/nnet_activation_stream.h:45]   --->   Operation 87 'zext' 'zext_ln45_11' <Predicate = true> <Delay = 0.00>
ST_3 : Operation 88 [1/1] (0.00ns)   --->   "%zext_ln1695 = zext i15 %select_ln51"   --->   Operation 88 'zext' 'zext_ln1695' <Predicate = true> <Delay = 0.00>
ST_3 : Operation 89 [1/1] (0.00ns)   --->   "%zext_ln1695_75 = zext i15 %select_ln51_78"   --->   Operation 89 'zext' 'zext_ln1695_75' <Predicate = true> <Delay = 0.00>
ST_3 : Operation 90 [1/1] (0.00ns)   --->   "%zext_ln1695_76 = zext i15 %select_ln51_79"   --->   Operation 90 'zext' 'zext_ln1695_76' <Predicate = true> <Delay = 0.00>
ST_3 : Operation 91 [1/1] (0.00ns)   --->   "%zext_ln1695_77 = zext i15 %select_ln51_80"   --->   Operation 91 'zext' 'zext_ln1695_77' <Predicate = true> <Delay = 0.00>
ST_3 : Operation 92 [1/1] (0.00ns)   --->   "%zext_ln1695_78 = zext i15 %select_ln51_81"   --->   Operation 92 'zext' 'zext_ln1695_78' <Predicate = true> <Delay = 0.00>
ST_3 : Operation 93 [1/1] (0.00ns)   --->   "%zext_ln1695_79 = zext i15 %select_ln51_82"   --->   Operation 93 'zext' 'zext_ln1695_79' <Predicate = true> <Delay = 0.00>
ST_3 : Operation 94 [1/1] (0.00ns)   --->   "%zext_ln1695_80 = zext i15 %select_ln51_83"   --->   Operation 94 'zext' 'zext_ln1695_80' <Predicate = true> <Delay = 0.00>
ST_3 : Operation 95 [1/1] (0.00ns)   --->   "%zext_ln1695_81 = zext i15 %select_ln51_84"   --->   Operation 95 'zext' 'zext_ln1695_81' <Predicate = true> <Delay = 0.00>
ST_3 : Operation 96 [1/1] (0.00ns)   --->   "%zext_ln1695_82 = zext i15 %select_ln51_85"   --->   Operation 96 'zext' 'zext_ln1695_82' <Predicate = true> <Delay = 0.00>
ST_3 : Operation 97 [1/1] (0.00ns)   --->   "%zext_ln1695_83 = zext i15 %select_ln51_86"   --->   Operation 97 'zext' 'zext_ln1695_83' <Predicate = true> <Delay = 0.00>
ST_3 : Operation 98 [1/1] (0.00ns)   --->   "%zext_ln1695_84 = zext i15 %select_ln51_87"   --->   Operation 98 'zext' 'zext_ln1695_84' <Predicate = true> <Delay = 0.00>
ST_3 : Operation 99 [1/1] (0.00ns)   --->   "%or_ln174_s = bitconcatenate i255 @_ssdm_op_BitConcatenate.i255.i15.i16.i16.i16.i16.i16.i16.i16.i16.i16.i16.i16.i16.i16.i16.i16, i15 %select_ln51_88, i16 %zext_ln1695_84, i16 %zext_ln1695_83, i16 %zext_ln1695_82, i16 %zext_ln1695_81, i16 %zext_ln1695_80, i16 %zext_ln1695_79, i16 %zext_ln1695_78, i16 %zext_ln1695_77, i16 %zext_ln1695_76, i16 %zext_ln1695_75, i16 %zext_ln1695, i16 %zext_ln45_11, i16 %zext_ln45_10, i16 %zext_ln45_9, i16 %zext_ln45" [/data/Ao_XIE/vivado/Vitis_HLS/2022.1/common/technology/autopilot/hls_stream_39.h:174]   --->   Operation 99 'bitconcatenate' 'or_ln174_s' <Predicate = true> <Delay = 0.00>
ST_3 : Operation 100 [1/1] (0.00ns)   --->   "%zext_ln174 = zext i255 %or_ln174_s" [/data/Ao_XIE/vivado/Vitis_HLS/2022.1/common/technology/autopilot/hls_stream_39.h:174]   --->   Operation 100 'zext' 'zext_ln174' <Predicate = true> <Delay = 0.00>
ST_3 : Operation 101 [1/1] (1.55ns)   --->   "%write_ln174 = write void @_ssdm_op_Write.ap_fifo.volatile.i256P0A, i256 %layer23_out, i256 %zext_ln174" [/data/Ao_XIE/vivado/Vitis_HLS/2022.1/common/technology/autopilot/hls_stream_39.h:174]   --->   Operation 101 'write' 'write_ln174' <Predicate = true> <Delay = 1.55> <CoreInst = "FIFO">   --->   Core 78 'FIFO' <Latency = 0> <II = 1> <Delay = 1.55> <Storage> <Opcode : 'read' 'write' 'nbread' 'nbwrite'> <Ports = 0> <Width = 256> <Depth = 64> <FIFO>
ST_3 : Operation 102 [1/1] (0.00ns)   --->   "%br_ln41 = br void %for.body4" [firmware/nnet_utils/nnet_activation_stream.h:41]   --->   Operation 102 'br' 'br_ln41' <Predicate = true> <Delay = 0.00>


============================================================
+ Verbose Summary: Timing violations
============================================================
Target clock period: 5ns, clock uncertainty: 0.625ns.

 <State 1>: 1.24ns
The critical path consists of the following:
	'alloca' operation ('i') [3]  (0 ns)
	'load' operation ('i', firmware/nnet_utils/nnet_activation_stream.h:41) on local variable 'i' [9]  (0 ns)
	'add' operation ('i', firmware/nnet_utils/nnet_activation_stream.h:41) [12]  (0.773 ns)
	'store' operation ('store_ln41', firmware/nnet_utils/nnet_activation_stream.h:41) of variable 'i', firmware/nnet_utils/nnet_activation_stream.h:41 on local variable 'i' [100]  (0.427 ns)
	blocking operation 0.044 ns on control path)

 <State 2>: 2.95ns
The critical path consists of the following:
	fifo read operation ('layer20_out_read', /data/Ao_XIE/vivado/Vitis_HLS/2022.1/common/technology/autopilot/hls_stream_39.h:145) on port 'layer20_out' (/data/Ao_XIE/vivado/Vitis_HLS/2022.1/common/technology/autopilot/hls_stream_39.h:145) [17]  (1.56 ns)
	'icmp' operation ('icmp_ln1695') [50]  (1.1 ns)
	'select' operation ('out_data.data', firmware/nnet_utils/nnet_activation_stream.h:51) [51]  (0.294 ns)

 <State 3>: 1.56ns
The critical path consists of the following:
	fifo write operation ('write_ln174', /data/Ao_XIE/vivado/Vitis_HLS/2022.1/common/technology/autopilot/hls_stream_39.h:174) on port 'layer23_out' (/data/Ao_XIE/vivado/Vitis_HLS/2022.1/common/technology/autopilot/hls_stream_39.h:174) [99]  (1.56 ns)


============================================================
+ Verbose Summary: Binding
============================================================
N/A
* FSMD analyzer results:
  - Output states:
 - Input state : 
  - Chain level:
	State 1
	State 2
	State 3


============================================================
+ Verbose Summary: Datapath Resource usage 
============================================================
N/A
