

================================================================
== Vitis HLS Report for 'zeropad2d_cl_array_array_ap_fixed_16_6_5_3_0_64u_config38_s'
================================================================
* Date:           Tue Jun 13 19:23:31 2023

* Version:        2022.1 (Build 3526262 on Mon Apr 18 15:47:01 MDT 2022)
* Project:        AlexNet_Cifar10_Keras_prj
* Solution:       solution1 (Vivado IP Flow Target)
* Product family: zynquplus
* Target device:  xczu7ev-ffvc1156-2-e


================================================================
== Performance Estimates
================================================================
+ Timing: 
    * Summary: 
    +--------+---------+----------+------------+
    |  Clock |  Target | Estimated| Uncertainty|
    +--------+---------+----------+------------+
    |ap_clk  |  5.00 ns|  1.704 ns|     0.62 ns|
    +--------+---------+----------+------------+

+ Latency: 
    * Summary: 
    +---------+---------+----------+----------+-----+-----+---------+
    |  Latency (cycles) |  Latency (absolute) |  Interval | Pipeline|
    |   min   |   max   |    min   |    max   | min | max |   Type  |
    +---------+---------+----------+----------+-----+-----+---------+
    |      337|      337|  1.685 us|  1.685 us|  337|  337|       no|
    +---------+---------+----------+----------+-----+-----+---------+

    + Detail: 
        * Instance: 
        N/A

        * Loop: 
        N/A

============================================================
+ Verbose Summary: Synthesis Manager
============================================================
InlineROM: 1
ExposeGlobal: 0
============================================================
+ Verbose Summary: CDFG Model
============================================================
IsTopModel: 0
ResetActiveHigh: 1
IsCombinational: 2
IsDatapathOnly: 0
HasWiredReturn: 1
HasMFsm: 0
HasVarLatency: 1
IsPipeline: 0
IsRtlPipelined: 0
IsInstanceOverlapped: 0
IsDontTouch: 0
HasImplIP: 0
IsGatedGlobalClock: 0


============================================================
+ Verbose Summary: Schedule
============================================================
* Number of FSM states : 8
* Pipeline : 0
* Dataflow Pipeline: 0

* FSM state transitions: 
1 --> 2 
2 --> 3 
3 --> 4 
4 --> 5 
5 --> 6 
6 --> 7 
7 --> 8 
8 --> 

* FSM state operations: 

State 1 <SV = 0> <Delay = 0.00>
ST_1 : Operation 9 [1/1] (0.00ns)   --->   "%empty = wait i32 @_ssdm_op_Wait"   --->   Operation 9 'wait' 'empty' <Predicate = true> <Delay = 0.00>
ST_1 : Operation 10 [2/2] (0.00ns)   --->   "%call_ln0 = call void @zeropad2d_cl<array,array<ap_fixed,64u>,config38>_Pipeline_PadTopWidth, i1024 %layer38_out"   --->   Operation 10 'call' 'call_ln0' <Predicate = true> <Delay = 0.00> <CoreType = "Generic">   --->   Core 0 '' <Latency = 0> <II = 1> <Delay = 1.00> <Generic> <Opcode : >

State 2 <SV = 1> <Delay = 0.00>
ST_2 : Operation 11 [1/2] (0.00ns)   --->   "%call_ln0 = call void @zeropad2d_cl<array,array<ap_fixed,64u>,config38>_Pipeline_PadTopWidth, i1024 %layer38_out"   --->   Operation 11 'call' 'call_ln0' <Predicate = true> <Delay = 0.00> <CoreType = "Generic">   --->   Core 0 '' <Latency = 0> <II = 1> <Delay = 1.00> <Generic> <Opcode : >

State 3 <SV = 2> <Delay = 0.00>
ST_3 : Operation 12 [1/1] (0.00ns)   --->   "%empty_90 = wait i32 @_ssdm_op_Wait"   --->   Operation 12 'wait' 'empty_90' <Predicate = true> <Delay = 0.00>

State 4 <SV = 3> <Delay = 0.00>
ST_4 : Operation 13 [1/1] (0.00ns)   --->   "%empty_91 = wait i32 @_ssdm_op_Wait"   --->   Operation 13 'wait' 'empty_91' <Predicate = true> <Delay = 0.00>
ST_4 : Operation 14 [2/2] (0.00ns)   --->   "%call_ln0 = call void @zeropad2d_cl<array,array<ap_fixed<16,6,5,3,0>,64u>,config38>_Pipeline_PadMain, i1024 %layer38_out, i1024 %layer6_out"   --->   Operation 14 'call' 'call_ln0' <Predicate = true> <Delay = 0.00> <CoreType = "Generic">   --->   Core 0 '' <Latency = 0> <II = 1> <Delay = 1.00> <Generic> <Opcode : >

State 5 <SV = 4> <Delay = 0.00>
ST_5 : Operation 15 [1/2] (0.00ns)   --->   "%call_ln0 = call void @zeropad2d_cl<array,array<ap_fixed<16,6,5,3,0>,64u>,config38>_Pipeline_PadMain, i1024 %layer38_out, i1024 %layer6_out"   --->   Operation 15 'call' 'call_ln0' <Predicate = true> <Delay = 0.00> <CoreType = "Generic">   --->   Core 0 '' <Latency = 0> <II = 1> <Delay = 1.00> <Generic> <Opcode : >

State 6 <SV = 5> <Delay = 0.00>
ST_6 : Operation 16 [1/1] (0.00ns)   --->   "%empty_92 = wait i32 @_ssdm_op_Wait"   --->   Operation 16 'wait' 'empty_92' <Predicate = true> <Delay = 0.00>

State 7 <SV = 6> <Delay = 0.00>
ST_7 : Operation 17 [1/1] (0.00ns)   --->   "%empty_93 = wait i32 @_ssdm_op_Wait"   --->   Operation 17 'wait' 'empty_93' <Predicate = true> <Delay = 0.00>
ST_7 : Operation 18 [2/2] (0.00ns)   --->   "%call_ln0 = call void @zeropad2d_cl<array,array<ap_fixed,64u>,config38>_Pipeline_PadBottomWidth, i1024 %layer38_out"   --->   Operation 18 'call' 'call_ln0' <Predicate = true> <Delay = 0.00> <CoreType = "Generic">   --->   Core 0 '' <Latency = 0> <II = 1> <Delay = 1.00> <Generic> <Opcode : >

State 8 <SV = 7> <Delay = 0.00>
ST_8 : Operation 19 [1/1] (0.00ns)   --->   "%specinterface_ln0 = specinterface void @_ssdm_op_SpecInterface, i1024 %layer38_out, void @empty_9, i32 0, i32 0, void @empty_3, i32 0, i32 0, void @empty_3, void @empty_3, void @empty_3, i32 0, i32 0, i32 0, i32 0, void @empty_3, void @empty_3, i32 4294967295, i32 0"   --->   Operation 19 'specinterface' 'specinterface_ln0' <Predicate = true> <Delay = 0.00>
ST_8 : Operation 20 [1/1] (0.00ns)   --->   "%specinterface_ln0 = specinterface void @_ssdm_op_SpecInterface, i1024 %layer6_out, void @empty_9, i32 0, i32 0, void @empty_3, i32 0, i32 0, void @empty_3, void @empty_3, void @empty_3, i32 0, i32 0, i32 0, i32 0, void @empty_3, void @empty_3, i32 4294967295, i32 0"   --->   Operation 20 'specinterface' 'specinterface_ln0' <Predicate = true> <Delay = 0.00>
ST_8 : Operation 21 [1/2] (0.00ns)   --->   "%call_ln0 = call void @zeropad2d_cl<array,array<ap_fixed,64u>,config38>_Pipeline_PadBottomWidth, i1024 %layer38_out"   --->   Operation 21 'call' 'call_ln0' <Predicate = true> <Delay = 0.00> <CoreType = "Generic">   --->   Core 0 '' <Latency = 0> <II = 1> <Delay = 1.00> <Generic> <Opcode : >
ST_8 : Operation 22 [1/1] (0.00ns)   --->   "%ret_ln81 = ret" [firmware/nnet_utils/nnet_padding_stream.h:81]   --->   Operation 22 'ret' 'ret_ln81' <Predicate = true> <Delay = 0.00>


============================================================
+ Verbose Summary: Timing violations
============================================================
Target clock period: 5ns, clock uncertainty: 0.625ns.

 <State 1>: 0ns
The critical path consists of the following:

 <State 2>: 0ns
The critical path consists of the following:

 <State 3>: 0ns
The critical path consists of the following:

 <State 4>: 0ns
The critical path consists of the following:

 <State 5>: 0ns
The critical path consists of the following:

 <State 6>: 0ns
The critical path consists of the following:

 <State 7>: 0ns
The critical path consists of the following:

 <State 8>: 0ns
The critical path consists of the following:


============================================================
+ Verbose Summary: Binding
============================================================
N/A
* FSMD analyzer results:
  - Output states:
 - Input state : 
  - Chain level:
	State 1
	State 2
	State 3
	State 4
	State 5
	State 6
	State 7
	State 8


============================================================
+ Verbose Summary: Datapath Resource usage 
============================================================
N/A
