

================================================================
== Vitis HLS Report for 'AlexNet_Cifar10_Keras'
================================================================
* Date:           Tue Jun 13 19:59:11 2023

* Version:        2022.1 (Build 3526262 on Mon Apr 18 15:47:01 MDT 2022)
* Project:        AlexNet_Cifar10_Keras_prj
* Solution:       solution1 (Vivado IP Flow Target)
* Product family: zynquplus
* Target device:  xczu7ev-ffvc1156-2-e


================================================================
== Performance Estimates
================================================================
+ Timing: 
    * Summary: 
    +--------+---------+----------+------------+
    |  Clock |  Target | Estimated| Uncertainty|
    +--------+---------+----------+------------+
    |ap_clk  |  5.00 ns|  4.331 ns|     0.62 ns|
    +--------+---------+----------+------------+

+ Latency: 
    * Summary: 
    +---------+---------+----------+----------+------+------+----------+
    |  Latency (cycles) |  Latency (absolute) |   Interval  | Pipeline |
    |   min   |   max   |    min   |    max   |  min |  max |   Type   |
    +---------+---------+----------+----------+------+------+----------+
    |     1171|     1171|  5.855 us|  5.855 us|  1170|  1170|  dataflow|
    +---------+---------+----------+----------+------+------+----------+

    + Detail: 
        * Instance: 
        +-------------------------------------------------------------------------+------------------------------------------------------------------------+---------+---------+-----------+-----------+------+------+---------+
        |                                                                         |                                                                        |  Latency (cycles) |   Latency (absolute)  |   Interval  | Pipeline|
        |                                 Instance                                |                                 Module                                 |   min   |   max   |    min    |    max    |  min |  max |   Type  |
        +-------------------------------------------------------------------------+------------------------------------------------------------------------+---------+---------+-----------+-----------+------+------+---------+
        |zeropad2d_cl_array_ap_fixed_3u_array_ap_fixed_16_6_5_3_0_3u_config37_U0  |zeropad2d_cl_array_ap_fixed_3u_array_ap_fixed_16_6_5_3_0_3u_config37_s  |     1169|     1169|   5.845 us|   5.845 us|  1169|  1169|       no|
        |conv_2d_cl_array_ap_fixed_3u_array_ap_fixed_16_6_5_3_0_64u_config2_U0    |conv_2d_cl_array_ap_fixed_3u_array_ap_fixed_16_6_5_3_0_64u_config2_s    |     1160|     1160|   5.800 us|   5.800 us|  1160|  1160|       no|
        |relu_array_ap_fixed_64u_array_ap_fixed_16_6_5_3_0_64u_relu_config5_U0    |relu_array_ap_fixed_64u_array_ap_fixed_16_6_5_3_0_64u_relu_config5_s    |     1027|     1027|   5.135 us|   5.135 us|  1027|  1027|       no|
        |pooling2d_cl_array_array_ap_fixed_16_6_5_3_0_64u_config6_U0              |pooling2d_cl_array_array_ap_fixed_16_6_5_3_0_64u_config6_s              |     1027|     1027|   5.135 us|   5.135 us|  1027|  1027|       no|
        |zeropad2d_cl_array_array_ap_fixed_16_6_5_3_0_64u_config38_U0             |zeropad2d_cl_array_array_ap_fixed_16_6_5_3_0_64u_config38_s             |      337|      337|   1.685 us|   1.685 us|   337|   337|       no|
        |conv_2d_cl_array_ap_fixed_64u_array_ap_fixed_16_6_5_3_0_4u_config7_U0    |conv_2d_cl_array_ap_fixed_64u_array_ap_fixed_16_6_5_3_0_4u_config7_s    |      329|      329|   1.645 us|   1.645 us|   329|   329|       no|
        |relu_array_ap_fixed_4u_array_ap_fixed_16_6_5_3_0_4u_relu_config10_U0     |relu_array_ap_fixed_4u_array_ap_fixed_16_6_5_3_0_4u_relu_config10_s     |      259|      259|   1.295 us|   1.295 us|   259|   259|       no|
        |pooling2d_cl_array_ap_fixed_4u_array_ap_fixed_16_6_5_3_0_4u_config11_U0  |pooling2d_cl_array_ap_fixed_4u_array_ap_fixed_16_6_5_3_0_4u_config11_s  |      259|      259|   1.295 us|   1.295 us|   259|   259|       no|
        |zeropad2d_cl_array_ap_fixed_4u_array_ap_fixed_16_6_5_3_0_4u_config39_U0  |zeropad2d_cl_array_ap_fixed_4u_array_ap_fixed_16_6_5_3_0_4u_config39_s  |      113|      113|   0.565 us|   0.565 us|   113|   113|       no|
        |conv_2d_cl_array_ap_fixed_4u_array_ap_fixed_16_6_5_3_0_8u_config12_U0    |conv_2d_cl_array_ap_fixed_4u_array_ap_fixed_16_6_5_3_0_8u_config12_s    |      104|      104|   0.520 us|   0.520 us|   104|   104|       no|
        |relu_array_ap_fixed_8u_array_ap_fixed_16_6_5_3_0_8u_relu_config15_U0     |relu_array_ap_fixed_8u_array_ap_fixed_16_6_5_3_0_8u_relu_config15_s     |       67|       67|   0.335 us|   0.335 us|    67|    67|       no|
        |zeropad2d_cl_array_ap_fixed_8u_array_ap_fixed_16_6_5_3_0_8u_config40_U0  |zeropad2d_cl_array_ap_fixed_8u_array_ap_fixed_16_6_5_3_0_8u_config40_s  |      113|      113|   0.565 us|   0.565 us|   113|   113|       no|
        |conv_2d_cl_array_ap_fixed_8u_array_ap_fixed_16_6_5_3_0_16u_config16_U0   |conv_2d_cl_array_ap_fixed_8u_array_ap_fixed_16_6_5_3_0_16u_config16_s   |      105|      105|   0.525 us|   0.525 us|   105|   105|       no|
        |relu_array_ap_fixed_16u_array_ap_fixed_16_6_5_3_0_16u_relu_config19_U0   |relu_array_ap_fixed_16u_array_ap_fixed_16_6_5_3_0_16u_relu_config19_s   |       67|       67|   0.335 us|   0.335 us|    67|    67|       no|
        |zeropad2d_cl_array_array_ap_fixed_16_6_5_3_0_16u_config41_U0             |zeropad2d_cl_array_array_ap_fixed_16_6_5_3_0_16u_config41_s             |      113|      113|   0.565 us|   0.565 us|   113|   113|       no|
        |conv_2d_cl_array_ap_fixed_16u_array_ap_fixed_16_6_5_3_0_16u_config20_U0  |conv_2d_cl_array_ap_fixed_16u_array_ap_fixed_16_6_5_3_0_16u_config20_s  |      105|      105|   0.525 us|   0.525 us|   105|   105|       no|
        |relu_array_ap_fixed_16u_array_ap_fixed_16_6_5_3_0_16u_relu_config23_U0   |relu_array_ap_fixed_16u_array_ap_fixed_16_6_5_3_0_16u_relu_config23_s   |       67|       67|   0.335 us|   0.335 us|    67|    67|       no|
        |pooling2d_cl_array_array_ap_fixed_16_6_5_3_0_16u_config24_U0             |pooling2d_cl_array_array_ap_fixed_16_6_5_3_0_16u_config24_s             |       67|       67|   0.335 us|   0.335 us|    67|    67|       no|
        |dense_array_ap_fixed_16u_array_ap_fixed_16_6_5_3_0_16u_config26_U0       |dense_array_ap_fixed_16u_array_ap_fixed_16_6_5_3_0_16u_config26_s       |       22|       22|   0.110 us|   0.110 us|    22|    22|       no|
        |relu_array_ap_fixed_16u_array_ap_fixed_16_6_5_3_0_16u_relu_config29_U0   |relu_array_ap_fixed_16u_array_ap_fixed_16_6_5_3_0_16u_relu_config29_s   |        1|        1|   5.000 ns|   5.000 ns|     1|     1|       no|
        |dense_array_ap_fixed_16u_array_ap_fixed_16_6_5_3_0_10u_config30_U0       |dense_array_ap_fixed_16u_array_ap_fixed_16_6_5_3_0_10u_config30_s       |        2|        2|  10.000 ns|  10.000 ns|     2|     2|       no|
        |relu_array_ap_fixed_10u_array_ap_fixed_16_6_5_3_0_10u_relu_config33_U0   |relu_array_ap_fixed_10u_array_ap_fixed_16_6_5_3_0_10u_relu_config33_s   |        1|        1|   5.000 ns|   5.000 ns|     1|     1|       no|
        |dense_array_ap_fixed_10u_array_ap_fixed_16_6_5_3_0_10u_config34_U0       |dense_array_ap_fixed_10u_array_ap_fixed_16_6_5_3_0_10u_config34_s       |        2|        2|  10.000 ns|  10.000 ns|     2|     2|       no|
        |softmax_array_array_ap_fixed_16_6_5_3_0_10u_softmax_config36_U0          |softmax_array_array_ap_fixed_16_6_5_3_0_10u_softmax_config36_s          |        8|        8|  40.000 ns|  40.000 ns|     8|     8|       no|
        +-------------------------------------------------------------------------+------------------------------------------------------------------------+---------+---------+-----------+-----------+------+------+---------+

        * Loop: 
        N/A



================================================================
== Utilization Estimates
================================================================
* Summary: 
+-----------------+---------+------+--------+--------+-----+
|       Name      | BRAM_18K|  DSP |   FF   |   LUT  | URAM|
+-----------------+---------+------+--------+--------+-----+
|DSP              |        -|     -|       -|       -|    -|
|Expression       |        -|     -|       0|       2|    -|
|FIFO             |      364|     -|    3354|    1327|    -|
|Instance         |       10|  6558|  106615|  410678|    -|
|Memory           |        -|     -|       -|       -|    -|
|Multiplexer      |        -|     -|       -|       -|    -|
|Register         |        -|     -|       -|       -|    -|
+-----------------+---------+------+--------+--------+-----+
|Total            |      374|  6558|  109969|  412007|    0|
+-----------------+---------+------+--------+--------+-----+
|Available        |      624|  1728|  460800|  230400|   96|
+-----------------+---------+------+--------+--------+-----+
|Utilization (%)  |       59|   379|      23|     178|    0|
+-----------------+---------+------+--------+--------+-----+

+ Detail: 
    * Instance: 
    +-------------------------------------------------------------------------+------------------------------------------------------------------------+---------+------+-------+--------+-----+
    |                                 Instance                                |                                 Module                                 | BRAM_18K|  DSP |   FF  |   LUT  | URAM|
    +-------------------------------------------------------------------------+------------------------------------------------------------------------+---------+------+-------+--------+-----+
    |conv_2d_cl_array_ap_fixed_16u_array_ap_fixed_16_6_5_3_0_16u_config20_U0  |conv_2d_cl_array_ap_fixed_16u_array_ap_fixed_16_6_5_3_0_16u_config20_s  |        0|  1532|  17391|   73273|    0|
    |conv_2d_cl_array_ap_fixed_3u_array_ap_fixed_16_6_5_3_0_64u_config2_U0    |conv_2d_cl_array_ap_fixed_3u_array_ap_fixed_16_6_5_3_0_64u_config2_s    |        0|  1005|   9217|   48455|    0|
    |conv_2d_cl_array_ap_fixed_4u_array_ap_fixed_16_6_5_3_0_8u_config12_U0    |conv_2d_cl_array_ap_fixed_4u_array_ap_fixed_16_6_5_3_0_8u_config12_s    |        0|   201|   2915|    9541|    0|
    |conv_2d_cl_array_ap_fixed_64u_array_ap_fixed_16_6_5_3_0_4u_config7_U0    |conv_2d_cl_array_ap_fixed_64u_array_ap_fixed_16_6_5_3_0_4u_config7_s    |        0|   822|  32777|   77643|    0|
    |conv_2d_cl_array_ap_fixed_8u_array_ap_fixed_16_6_5_3_0_16u_config16_U0   |conv_2d_cl_array_ap_fixed_8u_array_ap_fixed_16_6_5_3_0_16u_config16_s   |        0|   743|   8883|   36837|    0|
    |dense_array_ap_fixed_10u_array_ap_fixed_16_6_5_3_0_10u_config34_U0       |dense_array_ap_fixed_10u_array_ap_fixed_16_6_5_3_0_10u_config34_s       |        0|    96|    710|    2502|    0|
    |dense_array_ap_fixed_16u_array_ap_fixed_16_6_5_3_0_10u_config30_U0       |dense_array_ap_fixed_16u_array_ap_fixed_16_6_5_3_0_10u_config30_s       |        0|   140|    964|    4326|    0|
    |dense_array_ap_fixed_16u_array_ap_fixed_16_6_5_3_0_16u_config26_U0       |dense_array_ap_fixed_16u_array_ap_fixed_16_6_5_3_0_16u_config26_s       |        0|  2009|  18166|  137947|    0|
    |pooling2d_cl_array_ap_fixed_4u_array_ap_fixed_16_6_5_3_0_4u_config11_U0  |pooling2d_cl_array_ap_fixed_4u_array_ap_fixed_16_6_5_3_0_4u_config11_s  |        0|     0|    695|     955|    0|
    |pooling2d_cl_array_array_ap_fixed_16_6_5_3_0_16u_config24_U0             |pooling2d_cl_array_array_ap_fixed_16_6_5_3_0_16u_config24_s             |        0|     0|   2229|    2453|    0|
    |pooling2d_cl_array_array_ap_fixed_16_6_5_3_0_64u_config6_U0              |pooling2d_cl_array_array_ap_fixed_16_6_5_3_0_64u_config6_s              |        0|     0|   8377|    8458|    0|
    |relu_array_ap_fixed_10u_array_ap_fixed_16_6_5_3_0_10u_relu_config33_U0   |relu_array_ap_fixed_10u_array_ap_fixed_16_6_5_3_0_10u_relu_config33_s   |        0|     0|    154|     332|    0|
    |relu_array_ap_fixed_16u_array_ap_fixed_16_6_5_3_0_16u_relu_config19_U0   |relu_array_ap_fixed_16u_array_ap_fixed_16_6_5_3_0_16u_relu_config19_s   |        0|     0|    253|     542|    0|
    |relu_array_ap_fixed_16u_array_ap_fixed_16_6_5_3_0_16u_relu_config23_U0   |relu_array_ap_fixed_16u_array_ap_fixed_16_6_5_3_0_16u_relu_config23_s   |        0|     0|    253|     542|    0|
    |relu_array_ap_fixed_16u_array_ap_fixed_16_6_5_3_0_16u_relu_config29_U0   |relu_array_ap_fixed_16u_array_ap_fixed_16_6_5_3_0_16u_relu_config29_s   |        0|     0|    244|     500|    0|
    |relu_array_ap_fixed_4u_array_ap_fixed_16_6_5_3_0_4u_relu_config10_U0     |relu_array_ap_fixed_4u_array_ap_fixed_16_6_5_3_0_4u_relu_config10_s     |        0|     0|     75|     208|    0|
    |relu_array_ap_fixed_64u_array_ap_fixed_16_6_5_3_0_64u_relu_config5_U0    |relu_array_ap_fixed_64u_array_ap_fixed_16_6_5_3_0_64u_relu_config5_s    |        0|     0|    977|    1891|    0|
    |relu_array_ap_fixed_8u_array_ap_fixed_16_6_5_3_0_8u_relu_config15_U0     |relu_array_ap_fixed_8u_array_ap_fixed_16_6_5_3_0_8u_relu_config15_s     |        0|     0|    133|     318|    0|
    |softmax_array_array_ap_fixed_16_6_5_3_0_10u_softmax_config36_U0          |softmax_array_array_ap_fixed_16_6_5_3_0_10u_softmax_config36_s          |       10|    10|    399|    1660|    0|
    |zeropad2d_cl_array_ap_fixed_3u_array_ap_fixed_16_6_5_3_0_3u_config37_U0  |zeropad2d_cl_array_ap_fixed_3u_array_ap_fixed_16_6_5_3_0_3u_config37_s  |        0|     0|    123|     536|    0|
    |zeropad2d_cl_array_ap_fixed_4u_array_ap_fixed_16_6_5_3_0_4u_config39_U0  |zeropad2d_cl_array_ap_fixed_4u_array_ap_fixed_16_6_5_3_0_4u_config39_s  |        0|     0|    113|     430|    0|
    |zeropad2d_cl_array_ap_fixed_8u_array_ap_fixed_16_6_5_3_0_8u_config40_U0  |zeropad2d_cl_array_ap_fixed_8u_array_ap_fixed_16_6_5_3_0_8u_config40_s  |        0|     0|    177|     430|    0|
    |zeropad2d_cl_array_array_ap_fixed_16_6_5_3_0_16u_config41_U0             |zeropad2d_cl_array_array_ap_fixed_16_6_5_3_0_16u_config41_s             |        0|     0|    305|     430|    0|
    |zeropad2d_cl_array_array_ap_fixed_16_6_5_3_0_64u_config38_U0             |zeropad2d_cl_array_array_ap_fixed_16_6_5_3_0_64u_config38_s             |        0|     0|   1085|     469|    0|
    +-------------------------------------------------------------------------+------------------------------------------------------------------------+---------+------+-------+--------+-----+
    |Total                                                                    |                                                                        |       10|  6558| 106615|  410678|    0|
    +-------------------------------------------------------------------------+------------------------------------------------------------------------+---------+------+-------+--------+-----+

    * DSP: 
    N/A

    * Memory: 
    N/A

    * FIFO: 
    +---------------+---------+-----+----+-----+------+------+---------+
    |      Name     | BRAM_18K|  FF | LUT| URAM| Depth| Bits | Size:D*B|
    +---------------+---------+-----+----+-----+------+------+---------+
    |layer10_out_U  |        4|  159|   0|    -|   256|    64|    16384|
    |layer11_out_U  |        4|  155|   0|    -|    64|    64|     4096|
    |layer12_out_U  |        8|  155|   0|    -|    64|   128|     8192|
    |layer15_out_U  |        8|  155|   0|    -|    64|   128|     8192|
    |layer16_out_U  |       15|  155|   0|    -|    64|   256|    16384|
    |layer19_out_U  |       15|  155|   0|    -|    64|   256|    16384|
    |layer20_out_U  |       15|  155|   0|    -|    64|   256|    16384|
    |layer23_out_U  |       15|  155|   0|    -|    64|   256|    16384|
    |layer24_out_U  |       15|  151|   0|    -|    16|   256|     4096|
    |layer26_out_U  |        0|   99|   0|    -|     1|   256|      256|
    |layer29_out_U  |        0|   99|   0|    -|     1|   256|      256|
    |layer2_out_U   |       57|  163|   0|    -|  1024|  1024|  1048576|
    |layer30_out_U  |        0|   99|   0|    -|     1|   160|      160|
    |layer33_out_U  |        0|   99|   0|    -|     1|   160|      160|
    |layer34_out_U  |        0|   99|   0|    -|     1|   160|      160|
    |layer37_out_U  |        6|  163|   0|    -|  1156|    48|    55488|
    |layer38_out_U  |       57|  165|   0|    -|   324|  1024|   331776|
    |layer39_out_U  |        4|  164|   0|    -|   100|    64|     6400|
    |layer40_out_U  |        8|  164|   0|    -|   100|   128|    12800|
    |layer41_out_U  |       15|  164|   0|    -|   100|   256|    25600|
    |layer5_out_U   |       57|  163|   0|    -|  1024|  1024|  1048576|
    |layer6_out_U   |       57|  159|   0|    -|   256|  1024|   262144|
    |layer7_out_U   |        4|  159|   0|    -|   256|    64|    16384|
    +---------------+---------+-----+----+-----+------+------+---------+
    |Total          |      364| 3354|   0|    0|  5065|  7312|  2915232|
    +---------------+---------+-----+----+-----+------+------+---------+

    * Expression: 
    +--------------+----------+----+---+----+------------+------------+
    | Variable Name| Operation| DSP| FF| LUT| Bitwidth P0| Bitwidth P1|
    +--------------+----------+----+---+----+------------+------------+
    |ap_idle       |       and|   0|  0|   2|           1|           1|
    +--------------+----------+----+---+----+------------+------------+
    |Total         |          |   0|  0|   2|           1|           1|
    +--------------+----------+----+---+----+------------+------------+

    * Multiplexer: 
    N/A

    * Register: 
    N/A



================================================================
== Interface
================================================================
* Summary: 
+--------------------+-----+-----+------------+-----------------------+--------------+
|      RTL Ports     | Dir | Bits|  Protocol  |     Source Object     |    C Type    |
+--------------------+-----+-----+------------+-----------------------+--------------+
|input_1_TDATA       |   in|   48|        axis|                input_1|       pointer|
|input_1_TVALID      |   in|    1|        axis|                input_1|       pointer|
|input_1_TREADY      |  out|    1|        axis|                input_1|       pointer|
|layer36_out_TDATA   |  out|  160|        axis|            layer36_out|       pointer|
|layer36_out_TVALID  |  out|    1|        axis|            layer36_out|       pointer|
|layer36_out_TREADY  |   in|    1|        axis|            layer36_out|       pointer|
|ap_clk              |   in|    1|  ap_ctrl_hs|  AlexNet_Cifar10_Keras|  return value|
|ap_rst_n            |   in|    1|  ap_ctrl_hs|  AlexNet_Cifar10_Keras|  return value|
|ap_start            |   in|    1|  ap_ctrl_hs|  AlexNet_Cifar10_Keras|  return value|
|ap_done             |  out|    1|  ap_ctrl_hs|  AlexNet_Cifar10_Keras|  return value|
|ap_ready            |  out|    1|  ap_ctrl_hs|  AlexNet_Cifar10_Keras|  return value|
|ap_idle             |  out|    1|  ap_ctrl_hs|  AlexNet_Cifar10_Keras|  return value|
+--------------------+-----+-----+------------+-----------------------+--------------+

