

================================================================
== Vitis HLS Report for 'conv_2d_cl_array_ap_fixed_4u_array_ap_fixed_16_6_5_3_0_8u_config12_s'
================================================================
* Date:           Tue Jun 13 19:53:36 2023

* Version:        2022.1 (Build 3526262 on Mon Apr 18 15:47:01 MDT 2022)
* Project:        AlexNet_Cifar10_Keras_prj
* Solution:       solution1 (Vivado IP Flow Target)
* Product family: zynquplus
* Target device:  xczu7ev-ffvc1156-2-e


================================================================
== Performance Estimates
================================================================
+ Timing: 
    * Summary: 
    +--------+---------+----------+------------+
    |  Clock |  Target | Estimated| Uncertainty|
    +--------+---------+----------+------------+
    |ap_clk  |  5.00 ns|  4.206 ns|     0.62 ns|
    +--------+---------+----------+------------+

+ Latency: 
    * Summary: 
    +---------+---------+----------+----------+-----+-----+---------+
    |  Latency (cycles) |  Latency (absolute) |  Interval | Pipeline|
    |   min   |   max   |    min   |    max   | min | max |   Type  |
    +---------+---------+----------+----------+-----+-----+---------+
    |      104|      104|  0.520 us|  0.520 us|  104|  104|       no|
    +---------+---------+----------+----------+-----+-----+---------+

    + Detail: 
        * Instance: 
        N/A

        * Loop: 
        +----------------------------------+---------+---------+----------+-----------+-----------+------+----------+
        |                                  |  Latency (cycles) | Iteration|  Initiation Interval  | Trip |          |
        |             Loop Name            |   min   |   max   |  Latency |  achieved |   target  | Count| Pipelined|
        +----------------------------------+---------+---------+----------+-----------+-----------+------+----------+
        |- ReadInputHeight_ReadInputWidth  |      102|      102|         4|          1|          1|   100|       yes|
        +----------------------------------+---------+---------+----------+-----------+-----------+------+----------+



================================================================
== Utilization Estimates
================================================================
* Summary: 
+-----------------+---------+------+--------+--------+-----+
|       Name      | BRAM_18K|  DSP |   FF   |   LUT  | URAM|
+-----------------+---------+------+--------+--------+-----+
|DSP              |        -|     -|       -|       -|    -|
|Expression       |        -|     -|       0|    8064|    -|
|FIFO             |        -|     -|       -|       -|    -|
|Instance         |        -|   201|       0|    1005|    -|
|Memory           |        -|     -|     512|     256|    -|
|Multiplexer      |        -|     -|       -|     152|    -|
|Register         |        -|     -|    2403|      64|    -|
+-----------------+---------+------+--------+--------+-----+
|Total            |        0|   201|    2915|    9541|    0|
+-----------------+---------+------+--------+--------+-----+
|Available        |      624|  1728|  460800|  230400|   96|
+-----------------+---------+------+--------+--------+-----+
|Utilization (%)  |        0|    11|      ~0|       4|    0|
+-----------------+---------+------+--------+--------+-----+

+ Detail: 
    * Instance: 
    +---------------------------+---------------------+---------+----+---+----+-----+
    |          Instance         |        Module       | BRAM_18K| DSP| FF| LUT| URAM|
    +---------------------------+---------------------+---------+----+---+----+-----+
    |mul_16s_10ns_26_1_1_U1906  |mul_16s_10ns_26_1_1  |        0|   1|  0|   5|    0|
    |mul_16s_10ns_26_1_1_U1914  |mul_16s_10ns_26_1_1  |        0|   1|  0|   5|    0|
    |mul_16s_10ns_26_1_1_U1916  |mul_16s_10ns_26_1_1  |        0|   1|  0|   5|    0|
    |mul_16s_10ns_26_1_1_U1922  |mul_16s_10ns_26_1_1  |        0|   1|  0|   5|    0|
    |mul_16s_10ns_26_1_1_U1928  |mul_16s_10ns_26_1_1  |        0|   1|  0|   5|    0|
    |mul_16s_10ns_26_1_1_U1929  |mul_16s_10ns_26_1_1  |        0|   1|  0|   5|    0|
    |mul_16s_10ns_26_1_1_U1932  |mul_16s_10ns_26_1_1  |        0|   1|  0|   5|    0|
    |mul_16s_10ns_26_1_1_U1937  |mul_16s_10ns_26_1_1  |        0|   1|  0|   5|    0|
    |mul_16s_10ns_26_1_1_U1975  |mul_16s_10ns_26_1_1  |        0|   1|  0|   5|    0|
    |mul_16s_10ns_26_1_1_U1979  |mul_16s_10ns_26_1_1  |        0|   1|  0|   5|    0|
    |mul_16s_10ns_26_1_1_U2001  |mul_16s_10ns_26_1_1  |        0|   1|  0|   5|    0|
    |mul_16s_10ns_26_1_1_U2004  |mul_16s_10ns_26_1_1  |        0|   1|  0|   5|    0|
    |mul_16s_10ns_26_1_1_U2006  |mul_16s_10ns_26_1_1  |        0|   1|  0|   5|    0|
    |mul_16s_10ns_26_1_1_U2017  |mul_16s_10ns_26_1_1  |        0|   1|  0|   5|    0|
    |mul_16s_10ns_26_1_1_U2019  |mul_16s_10ns_26_1_1  |        0|   1|  0|   5|    0|
    |mul_16s_10ns_26_1_1_U2033  |mul_16s_10ns_26_1_1  |        0|   1|  0|   5|    0|
    |mul_16s_10ns_26_1_1_U2034  |mul_16s_10ns_26_1_1  |        0|   1|  0|   5|    0|
    |mul_16s_10ns_26_1_1_U2036  |mul_16s_10ns_26_1_1  |        0|   1|  0|   5|    0|
    |mul_16s_10ns_26_1_1_U2039  |mul_16s_10ns_26_1_1  |        0|   1|  0|   5|    0|
    |mul_16s_10ns_26_1_1_U2049  |mul_16s_10ns_26_1_1  |        0|   1|  0|   5|    0|
    |mul_16s_10s_26_1_1_U1886   |mul_16s_10s_26_1_1   |        0|   1|  0|   5|    0|
    |mul_16s_10s_26_1_1_U1900   |mul_16s_10s_26_1_1   |        0|   1|  0|   5|    0|
    |mul_16s_10s_26_1_1_U1904   |mul_16s_10s_26_1_1   |        0|   1|  0|   5|    0|
    |mul_16s_10s_26_1_1_U1923   |mul_16s_10s_26_1_1   |        0|   1|  0|   5|    0|
    |mul_16s_10s_26_1_1_U1948   |mul_16s_10s_26_1_1   |        0|   1|  0|   5|    0|
    |mul_16s_10s_26_1_1_U1952   |mul_16s_10s_26_1_1   |        0|   1|  0|   5|    0|
    |mul_16s_10s_26_1_1_U1958   |mul_16s_10s_26_1_1   |        0|   1|  0|   5|    0|
    |mul_16s_10s_26_1_1_U1971   |mul_16s_10s_26_1_1   |        0|   1|  0|   5|    0|
    |mul_16s_10s_26_1_1_U1972   |mul_16s_10s_26_1_1   |        0|   1|  0|   5|    0|
    |mul_16s_10s_26_1_1_U1977   |mul_16s_10s_26_1_1   |        0|   1|  0|   5|    0|
    |mul_16s_10s_26_1_1_U2002   |mul_16s_10s_26_1_1   |        0|   1|  0|   5|    0|
    |mul_16s_10s_26_1_1_U2009   |mul_16s_10s_26_1_1   |        0|   1|  0|   5|    0|
    |mul_16s_10s_26_1_1_U2021   |mul_16s_10s_26_1_1   |        0|   1|  0|   5|    0|
    |mul_16s_10s_26_1_1_U2025   |mul_16s_10s_26_1_1   |        0|   1|  0|   5|    0|
    |mul_16s_10s_26_1_1_U2028   |mul_16s_10s_26_1_1   |        0|   1|  0|   5|    0|
    |mul_16s_10s_26_1_1_U2032   |mul_16s_10s_26_1_1   |        0|   1|  0|   5|    0|
    |mul_16s_10s_26_1_1_U2035   |mul_16s_10s_26_1_1   |        0|   1|  0|   5|    0|
    |mul_16s_10s_26_1_1_U2048   |mul_16s_10s_26_1_1   |        0|   1|  0|   5|    0|
    |mul_16s_10s_26_1_1_U2050   |mul_16s_10s_26_1_1   |        0|   1|  0|   5|    0|
    |mul_16s_10s_26_1_1_U2060   |mul_16s_10s_26_1_1   |        0|   1|  0|   5|    0|
    |mul_16s_10s_26_1_1_U2064   |mul_16s_10s_26_1_1   |        0|   1|  0|   5|    0|
    |mul_16s_10s_26_1_1_U2074   |mul_16s_10s_26_1_1   |        0|   1|  0|   5|    0|
    |mul_16s_10s_26_1_1_U2076   |mul_16s_10s_26_1_1   |        0|   1|  0|   5|    0|
    |mul_16s_11ns_26_1_1_U1915  |mul_16s_11ns_26_1_1  |        0|   1|  0|   5|    0|
    |mul_16s_11ns_26_1_1_U1935  |mul_16s_11ns_26_1_1  |        0|   1|  0|   5|    0|
    |mul_16s_11ns_26_1_1_U1949  |mul_16s_11ns_26_1_1  |        0|   1|  0|   5|    0|
    |mul_16s_11ns_26_1_1_U2078  |mul_16s_11ns_26_1_1  |        0|   1|  0|   5|    0|
    |mul_16s_11s_26_1_1_U1936   |mul_16s_11s_26_1_1   |        0|   1|  0|   5|    0|
    |mul_16s_11s_26_1_1_U1989   |mul_16s_11s_26_1_1   |        0|   1|  0|   5|    0|
    |mul_16s_11s_26_1_1_U2012   |mul_16s_11s_26_1_1   |        0|   1|  0|   5|    0|
    |mul_16s_11s_26_1_1_U2059   |mul_16s_11s_26_1_1   |        0|   1|  0|   5|    0|
    |mul_16s_11s_26_1_1_U2063   |mul_16s_11s_26_1_1   |        0|   1|  0|   5|    0|
    |mul_16s_5ns_21_1_1_U1990   |mul_16s_5ns_21_1_1   |        0|   1|  0|   5|    0|
    |mul_16s_6ns_22_1_1_U1883   |mul_16s_6ns_22_1_1   |        0|   1|  0|   5|    0|
    |mul_16s_6ns_22_1_1_U1918   |mul_16s_6ns_22_1_1   |        0|   1|  0|   5|    0|
    |mul_16s_6ns_22_1_1_U1919   |mul_16s_6ns_22_1_1   |        0|   1|  0|   5|    0|
    |mul_16s_6ns_22_1_1_U1997   |mul_16s_6ns_22_1_1   |        0|   1|  0|   5|    0|
    |mul_16s_6ns_22_1_1_U2066   |mul_16s_6ns_22_1_1   |        0|   1|  0|   5|    0|
    |mul_16s_6ns_22_1_1_U2073   |mul_16s_6ns_22_1_1   |        0|   1|  0|   5|    0|
    |mul_16s_6s_22_1_1_U1891    |mul_16s_6s_22_1_1    |        0|   1|  0|   5|    0|
    |mul_16s_6s_22_1_1_U1894    |mul_16s_6s_22_1_1    |        0|   1|  0|   5|    0|
    |mul_16s_6s_22_1_1_U1924    |mul_16s_6s_22_1_1    |        0|   1|  0|   5|    0|
    |mul_16s_6s_22_1_1_U2008    |mul_16s_6s_22_1_1    |        0|   1|  0|   5|    0|
    |mul_16s_6s_22_1_1_U2020    |mul_16s_6s_22_1_1    |        0|   1|  0|   5|    0|
    |mul_16s_6s_22_1_1_U2051    |mul_16s_6s_22_1_1    |        0|   1|  0|   5|    0|
    |mul_16s_6s_22_1_1_U2075    |mul_16s_6s_22_1_1    |        0|   1|  0|   5|    0|
    |mul_16s_7ns_23_1_1_U1884   |mul_16s_7ns_23_1_1   |        0|   1|  0|   5|    0|
    |mul_16s_7ns_23_1_1_U1925   |mul_16s_7ns_23_1_1   |        0|   1|  0|   5|    0|
    |mul_16s_7ns_23_1_1_U1931   |mul_16s_7ns_23_1_1   |        0|   1|  0|   5|    0|
    |mul_16s_7ns_23_1_1_U1954   |mul_16s_7ns_23_1_1   |        0|   1|  0|   5|    0|
    |mul_16s_7ns_23_1_1_U1970   |mul_16s_7ns_23_1_1   |        0|   1|  0|   5|    0|
    |mul_16s_7ns_23_1_1_U1985   |mul_16s_7ns_23_1_1   |        0|   1|  0|   5|    0|
    |mul_16s_7ns_23_1_1_U1988   |mul_16s_7ns_23_1_1   |        0|   1|  0|   5|    0|
    |mul_16s_7ns_23_1_1_U1994   |mul_16s_7ns_23_1_1   |        0|   1|  0|   5|    0|
    |mul_16s_7ns_23_1_1_U2000   |mul_16s_7ns_23_1_1   |        0|   1|  0|   5|    0|
    |mul_16s_7ns_23_1_1_U2016   |mul_16s_7ns_23_1_1   |        0|   1|  0|   5|    0|
    |mul_16s_7ns_23_1_1_U2029   |mul_16s_7ns_23_1_1   |        0|   1|  0|   5|    0|
    |mul_16s_7ns_23_1_1_U2038   |mul_16s_7ns_23_1_1   |        0|   1|  0|   5|    0|
    |mul_16s_7ns_23_1_1_U2045   |mul_16s_7ns_23_1_1   |        0|   1|  0|   5|    0|
    |mul_16s_7ns_23_1_1_U2055   |mul_16s_7ns_23_1_1   |        0|   1|  0|   5|    0|
    |mul_16s_7ns_23_1_1_U2072   |mul_16s_7ns_23_1_1   |        0|   1|  0|   5|    0|
    |mul_16s_7ns_23_1_1_U2080   |mul_16s_7ns_23_1_1   |        0|   1|  0|   5|    0|
    |mul_16s_7s_23_1_1_U1896    |mul_16s_7s_23_1_1    |        0|   1|  0|   5|    0|
    |mul_16s_7s_23_1_1_U1902    |mul_16s_7s_23_1_1    |        0|   1|  0|   5|    0|
    |mul_16s_7s_23_1_1_U1920    |mul_16s_7s_23_1_1    |        0|   1|  0|   5|    0|
    |mul_16s_7s_23_1_1_U1933    |mul_16s_7s_23_1_1    |        0|   1|  0|   5|    0|
    |mul_16s_7s_23_1_1_U2010    |mul_16s_7s_23_1_1    |        0|   1|  0|   5|    0|
    |mul_16s_7s_23_1_1_U2015    |mul_16s_7s_23_1_1    |        0|   1|  0|   5|    0|
    |mul_16s_7s_23_1_1_U2052    |mul_16s_7s_23_1_1    |        0|   1|  0|   5|    0|
    |mul_16s_7s_23_1_1_U2053    |mul_16s_7s_23_1_1    |        0|   1|  0|   5|    0|
    |mul_16s_8ns_24_1_1_U1888   |mul_16s_8ns_24_1_1   |        0|   1|  0|   5|    0|
    |mul_16s_8ns_24_1_1_U1899   |mul_16s_8ns_24_1_1   |        0|   1|  0|   5|    0|
    |mul_16s_8ns_24_1_1_U1903   |mul_16s_8ns_24_1_1   |        0|   1|  0|   5|    0|
    |mul_16s_8ns_24_1_1_U1910   |mul_16s_8ns_24_1_1   |        0|   1|  0|   5|    0|
    |mul_16s_8ns_24_1_1_U1911   |mul_16s_8ns_24_1_1   |        0|   1|  0|   5|    0|
    |mul_16s_8ns_24_1_1_U1963   |mul_16s_8ns_24_1_1   |        0|   1|  0|   5|    0|
    |mul_16s_8ns_24_1_1_U1968   |mul_16s_8ns_24_1_1   |        0|   1|  0|   5|    0|
    |mul_16s_8ns_24_1_1_U1969   |mul_16s_8ns_24_1_1   |        0|   1|  0|   5|    0|
    |mul_16s_8ns_24_1_1_U1984   |mul_16s_8ns_24_1_1   |        0|   1|  0|   5|    0|
    |mul_16s_8ns_24_1_1_U1996   |mul_16s_8ns_24_1_1   |        0|   1|  0|   5|    0|
    |mul_16s_8ns_24_1_1_U2003   |mul_16s_8ns_24_1_1   |        0|   1|  0|   5|    0|
    |mul_16s_8ns_24_1_1_U2013   |mul_16s_8ns_24_1_1   |        0|   1|  0|   5|    0|
    |mul_16s_8ns_24_1_1_U2024   |mul_16s_8ns_24_1_1   |        0|   1|  0|   5|    0|
    |mul_16s_8ns_24_1_1_U2037   |mul_16s_8ns_24_1_1   |        0|   1|  0|   5|    0|
    |mul_16s_8ns_24_1_1_U2040   |mul_16s_8ns_24_1_1   |        0|   1|  0|   5|    0|
    |mul_16s_8ns_24_1_1_U2043   |mul_16s_8ns_24_1_1   |        0|   1|  0|   5|    0|
    |mul_16s_8ns_24_1_1_U2044   |mul_16s_8ns_24_1_1   |        0|   1|  0|   5|    0|
    |mul_16s_8ns_24_1_1_U2046   |mul_16s_8ns_24_1_1   |        0|   1|  0|   5|    0|
    |mul_16s_8ns_24_1_1_U2047   |mul_16s_8ns_24_1_1   |        0|   1|  0|   5|    0|
    |mul_16s_8ns_24_1_1_U2068   |mul_16s_8ns_24_1_1   |        0|   1|  0|   5|    0|
    |mul_16s_8ns_24_1_1_U2069   |mul_16s_8ns_24_1_1   |        0|   1|  0|   5|    0|
    |mul_16s_8ns_24_1_1_U2079   |mul_16s_8ns_24_1_1   |        0|   1|  0|   5|    0|
    |mul_16s_8ns_24_1_1_U2083   |mul_16s_8ns_24_1_1   |        0|   1|  0|   5|    0|
    |mul_16s_8s_24_1_1_U1890    |mul_16s_8s_24_1_1    |        0|   1|  0|   5|    0|
    |mul_16s_8s_24_1_1_U1907    |mul_16s_8s_24_1_1    |        0|   1|  0|   5|    0|
    |mul_16s_8s_24_1_1_U1909    |mul_16s_8s_24_1_1    |        0|   1|  0|   5|    0|
    |mul_16s_8s_24_1_1_U1926    |mul_16s_8s_24_1_1    |        0|   1|  0|   5|    0|
    |mul_16s_8s_24_1_1_U1927    |mul_16s_8s_24_1_1    |        0|   1|  0|   5|    0|
    |mul_16s_8s_24_1_1_U1942    |mul_16s_8s_24_1_1    |        0|   1|  0|   5|    0|
    |mul_16s_8s_24_1_1_U1945    |mul_16s_8s_24_1_1    |        0|   1|  0|   5|    0|
    |mul_16s_8s_24_1_1_U1946    |mul_16s_8s_24_1_1    |        0|   1|  0|   5|    0|
    |mul_16s_8s_24_1_1_U1966    |mul_16s_8s_24_1_1    |        0|   1|  0|   5|    0|
    |mul_16s_8s_24_1_1_U1973    |mul_16s_8s_24_1_1    |        0|   1|  0|   5|    0|
    |mul_16s_8s_24_1_1_U1974    |mul_16s_8s_24_1_1    |        0|   1|  0|   5|    0|
    |mul_16s_8s_24_1_1_U1981    |mul_16s_8s_24_1_1    |        0|   1|  0|   5|    0|
    |mul_16s_8s_24_1_1_U1992    |mul_16s_8s_24_1_1    |        0|   1|  0|   5|    0|
    |mul_16s_8s_24_1_1_U1995    |mul_16s_8s_24_1_1    |        0|   1|  0|   5|    0|
    |mul_16s_8s_24_1_1_U1999    |mul_16s_8s_24_1_1    |        0|   1|  0|   5|    0|
    |mul_16s_8s_24_1_1_U2007    |mul_16s_8s_24_1_1    |        0|   1|  0|   5|    0|
    |mul_16s_8s_24_1_1_U2018    |mul_16s_8s_24_1_1    |        0|   1|  0|   5|    0|
    |mul_16s_8s_24_1_1_U2031    |mul_16s_8s_24_1_1    |        0|   1|  0|   5|    0|
    |mul_16s_8s_24_1_1_U2041    |mul_16s_8s_24_1_1    |        0|   1|  0|   5|    0|
    |mul_16s_8s_24_1_1_U2062    |mul_16s_8s_24_1_1    |        0|   1|  0|   5|    0|
    |mul_16s_8s_24_1_1_U2082    |mul_16s_8s_24_1_1    |        0|   1|  0|   5|    0|
    |mul_16s_9ns_25_1_1_U1893   |mul_16s_9ns_25_1_1   |        0|   1|  0|   5|    0|
    |mul_16s_9ns_25_1_1_U1895   |mul_16s_9ns_25_1_1   |        0|   1|  0|   5|    0|
    |mul_16s_9ns_25_1_1_U1897   |mul_16s_9ns_25_1_1   |        0|   1|  0|   5|    0|
    |mul_16s_9ns_25_1_1_U1901   |mul_16s_9ns_25_1_1   |        0|   1|  0|   5|    0|
    |mul_16s_9ns_25_1_1_U1905   |mul_16s_9ns_25_1_1   |        0|   1|  0|   5|    0|
    |mul_16s_9ns_25_1_1_U1913   |mul_16s_9ns_25_1_1   |        0|   1|  0|   5|    0|
    |mul_16s_9ns_25_1_1_U1917   |mul_16s_9ns_25_1_1   |        0|   1|  0|   5|    0|
    |mul_16s_9ns_25_1_1_U1921   |mul_16s_9ns_25_1_1   |        0|   1|  0|   5|    0|
    |mul_16s_9ns_25_1_1_U1938   |mul_16s_9ns_25_1_1   |        0|   1|  0|   5|    0|
    |mul_16s_9ns_25_1_1_U1940   |mul_16s_9ns_25_1_1   |        0|   1|  0|   5|    0|
    |mul_16s_9ns_25_1_1_U1943   |mul_16s_9ns_25_1_1   |        0|   1|  0|   5|    0|
    |mul_16s_9ns_25_1_1_U1950   |mul_16s_9ns_25_1_1   |        0|   1|  0|   5|    0|
    |mul_16s_9ns_25_1_1_U1953   |mul_16s_9ns_25_1_1   |        0|   1|  0|   5|    0|
    |mul_16s_9ns_25_1_1_U1957   |mul_16s_9ns_25_1_1   |        0|   1|  0|   5|    0|
    |mul_16s_9ns_25_1_1_U1959   |mul_16s_9ns_25_1_1   |        0|   1|  0|   5|    0|
    |mul_16s_9ns_25_1_1_U1960   |mul_16s_9ns_25_1_1   |        0|   1|  0|   5|    0|
    |mul_16s_9ns_25_1_1_U1965   |mul_16s_9ns_25_1_1   |        0|   1|  0|   5|    0|
    |mul_16s_9ns_25_1_1_U1976   |mul_16s_9ns_25_1_1   |        0|   1|  0|   5|    0|
    |mul_16s_9ns_25_1_1_U1978   |mul_16s_9ns_25_1_1   |        0|   1|  0|   5|    0|
    |mul_16s_9ns_25_1_1_U1983   |mul_16s_9ns_25_1_1   |        0|   1|  0|   5|    0|
    |mul_16s_9ns_25_1_1_U1986   |mul_16s_9ns_25_1_1   |        0|   1|  0|   5|    0|
    |mul_16s_9ns_25_1_1_U1993   |mul_16s_9ns_25_1_1   |        0|   1|  0|   5|    0|
    |mul_16s_9ns_25_1_1_U2005   |mul_16s_9ns_25_1_1   |        0|   1|  0|   5|    0|
    |mul_16s_9ns_25_1_1_U2011   |mul_16s_9ns_25_1_1   |        0|   1|  0|   5|    0|
    |mul_16s_9ns_25_1_1_U2026   |mul_16s_9ns_25_1_1   |        0|   1|  0|   5|    0|
    |mul_16s_9ns_25_1_1_U2030   |mul_16s_9ns_25_1_1   |        0|   1|  0|   5|    0|
    |mul_16s_9ns_25_1_1_U2042   |mul_16s_9ns_25_1_1   |        0|   1|  0|   5|    0|
    |mul_16s_9ns_25_1_1_U2058   |mul_16s_9ns_25_1_1   |        0|   1|  0|   5|    0|
    |mul_16s_9ns_25_1_1_U2061   |mul_16s_9ns_25_1_1   |        0|   1|  0|   5|    0|
    |mul_16s_9ns_25_1_1_U2067   |mul_16s_9ns_25_1_1   |        0|   1|  0|   5|    0|
    |mul_16s_9ns_25_1_1_U2070   |mul_16s_9ns_25_1_1   |        0|   1|  0|   5|    0|
    |mul_16s_9ns_25_1_1_U2071   |mul_16s_9ns_25_1_1   |        0|   1|  0|   5|    0|
    |mul_16s_9ns_25_1_1_U2077   |mul_16s_9ns_25_1_1   |        0|   1|  0|   5|    0|
    |mul_16s_9s_25_1_1_U1885    |mul_16s_9s_25_1_1    |        0|   1|  0|   5|    0|
    |mul_16s_9s_25_1_1_U1887    |mul_16s_9s_25_1_1    |        0|   1|  0|   5|    0|
    |mul_16s_9s_25_1_1_U1889    |mul_16s_9s_25_1_1    |        0|   1|  0|   5|    0|
    |mul_16s_9s_25_1_1_U1892    |mul_16s_9s_25_1_1    |        0|   1|  0|   5|    0|
    |mul_16s_9s_25_1_1_U1898    |mul_16s_9s_25_1_1    |        0|   1|  0|   5|    0|
    |mul_16s_9s_25_1_1_U1908    |mul_16s_9s_25_1_1    |        0|   1|  0|   5|    0|
    |mul_16s_9s_25_1_1_U1912    |mul_16s_9s_25_1_1    |        0|   1|  0|   5|    0|
    |mul_16s_9s_25_1_1_U1930    |mul_16s_9s_25_1_1    |        0|   1|  0|   5|    0|
    |mul_16s_9s_25_1_1_U1934    |mul_16s_9s_25_1_1    |        0|   1|  0|   5|    0|
    |mul_16s_9s_25_1_1_U1939    |mul_16s_9s_25_1_1    |        0|   1|  0|   5|    0|
    |mul_16s_9s_25_1_1_U1941    |mul_16s_9s_25_1_1    |        0|   1|  0|   5|    0|
    |mul_16s_9s_25_1_1_U1944    |mul_16s_9s_25_1_1    |        0|   1|  0|   5|    0|
    |mul_16s_9s_25_1_1_U1947    |mul_16s_9s_25_1_1    |        0|   1|  0|   5|    0|
    |mul_16s_9s_25_1_1_U1951    |mul_16s_9s_25_1_1    |        0|   1|  0|   5|    0|
    |mul_16s_9s_25_1_1_U1955    |mul_16s_9s_25_1_1    |        0|   1|  0|   5|    0|
    |mul_16s_9s_25_1_1_U1956    |mul_16s_9s_25_1_1    |        0|   1|  0|   5|    0|
    |mul_16s_9s_25_1_1_U1961    |mul_16s_9s_25_1_1    |        0|   1|  0|   5|    0|
    |mul_16s_9s_25_1_1_U1962    |mul_16s_9s_25_1_1    |        0|   1|  0|   5|    0|
    |mul_16s_9s_25_1_1_U1964    |mul_16s_9s_25_1_1    |        0|   1|  0|   5|    0|
    |mul_16s_9s_25_1_1_U1967    |mul_16s_9s_25_1_1    |        0|   1|  0|   5|    0|
    |mul_16s_9s_25_1_1_U1980    |mul_16s_9s_25_1_1    |        0|   1|  0|   5|    0|
    |mul_16s_9s_25_1_1_U1982    |mul_16s_9s_25_1_1    |        0|   1|  0|   5|    0|
    |mul_16s_9s_25_1_1_U1987    |mul_16s_9s_25_1_1    |        0|   1|  0|   5|    0|
    |mul_16s_9s_25_1_1_U1991    |mul_16s_9s_25_1_1    |        0|   1|  0|   5|    0|
    |mul_16s_9s_25_1_1_U1998    |mul_16s_9s_25_1_1    |        0|   1|  0|   5|    0|
    |mul_16s_9s_25_1_1_U2014    |mul_16s_9s_25_1_1    |        0|   1|  0|   5|    0|
    |mul_16s_9s_25_1_1_U2022    |mul_16s_9s_25_1_1    |        0|   1|  0|   5|    0|
    |mul_16s_9s_25_1_1_U2023    |mul_16s_9s_25_1_1    |        0|   1|  0|   5|    0|
    |mul_16s_9s_25_1_1_U2027    |mul_16s_9s_25_1_1    |        0|   1|  0|   5|    0|
    |mul_16s_9s_25_1_1_U2054    |mul_16s_9s_25_1_1    |        0|   1|  0|   5|    0|
    |mul_16s_9s_25_1_1_U2056    |mul_16s_9s_25_1_1    |        0|   1|  0|   5|    0|
    |mul_16s_9s_25_1_1_U2057    |mul_16s_9s_25_1_1    |        0|   1|  0|   5|    0|
    |mul_16s_9s_25_1_1_U2065    |mul_16s_9s_25_1_1    |        0|   1|  0|   5|    0|
    |mul_16s_9s_25_1_1_U2081    |mul_16s_9s_25_1_1    |        0|   1|  0|   5|    0|
    +---------------------------+---------------------+---------+----+---+----+-----+
    |Total                      |                     |        0| 201|  0|1005|    0|
    +---------------------------+---------------------+---------+----+---+----+-----+

    * DSP: 
    N/A

    * Memory: 
    +-----------------------------------------------------------------------------------------+----------------------------------------------------------------------------------+---------+----+----+-----+------+-----+------+-------------+
    |                                          Memory                                         |                                      Module                                      | BRAM_18K| FF | LUT| URAM| Words| Bits| Banks| W*Bits*Banks|
    +-----------------------------------------------------------------------------------------+----------------------------------------------------------------------------------+---------+----+----+-----+------+-----+------+-------------+
    |p_ZZN4nnet25conv_2d_buffer_latency_clINS_5arrayI8ap_fixedILi16ELi6EL9ap_q_mode5EL_227_U  |conv_2d_cl_array_ap_fixed_4u_array_ap_fixed_16_6_5_3_0_8u_config12_s_p_ZZN4nndrG  |        0|  64|  32|    0|    10|   16|     1|          160|
    |p_ZZN4nnet25conv_2d_buffer_latency_clINS_5arrayI8ap_fixedILi16ELi6EL9ap_q_mode5EL_231_U  |conv_2d_cl_array_ap_fixed_4u_array_ap_fixed_16_6_5_3_0_8u_config12_s_p_ZZN4nndrG  |        0|  64|  32|    0|    10|   16|     1|          160|
    |p_ZZN4nnet25conv_2d_buffer_latency_clINS_5arrayI8ap_fixedILi16ELi6EL9ap_q_mode5EL_228_U  |conv_2d_cl_array_ap_fixed_4u_array_ap_fixed_16_6_5_3_0_8u_config12_s_p_ZZN4nndrG  |        0|  64|  32|    0|    10|   16|     1|          160|
    |p_ZZN4nnet25conv_2d_buffer_latency_clINS_5arrayI8ap_fixedILi16ELi6EL9ap_q_mode5EL_232_U  |conv_2d_cl_array_ap_fixed_4u_array_ap_fixed_16_6_5_3_0_8u_config12_s_p_ZZN4nndrG  |        0|  64|  32|    0|    10|   16|     1|          160|
    |p_ZZN4nnet25conv_2d_buffer_latency_clINS_5arrayI8ap_fixedILi16ELi6EL9ap_q_mode5EL_229_U  |conv_2d_cl_array_ap_fixed_4u_array_ap_fixed_16_6_5_3_0_8u_config12_s_p_ZZN4nndrG  |        0|  64|  32|    0|    10|   16|     1|          160|
    |p_ZZN4nnet25conv_2d_buffer_latency_clINS_5arrayI8ap_fixedILi16ELi6EL9ap_q_mode5EL_233_U  |conv_2d_cl_array_ap_fixed_4u_array_ap_fixed_16_6_5_3_0_8u_config12_s_p_ZZN4nndrG  |        0|  64|  32|    0|    10|   16|     1|          160|
    |p_ZZN4nnet25conv_2d_buffer_latency_clINS_5arrayI8ap_fixedILi16ELi6EL9ap_q_mode5EL_230_U  |conv_2d_cl_array_ap_fixed_4u_array_ap_fixed_16_6_5_3_0_8u_config12_s_p_ZZN4nndrG  |        0|  64|  32|    0|    10|   16|     1|          160|
    |p_ZZN4nnet25conv_2d_buffer_latency_clINS_5arrayI8ap_fixedILi16ELi6EL9ap_q_mode5EL_234_U  |conv_2d_cl_array_ap_fixed_4u_array_ap_fixed_16_6_5_3_0_8u_config12_s_p_ZZN4nndrG  |        0|  64|  32|    0|    10|   16|     1|          160|
    +-----------------------------------------------------------------------------------------+----------------------------------------------------------------------------------+---------+----+----+-----+------+-----+------+-------------+
    |Total                                                                                    |                                                                                  |        0| 512| 256|    0|    80|  128|     8|         1280|
    +-----------------------------------------------------------------------------------------+----------------------------------------------------------------------------------+---------+----+----+-----+------+-----+------+-------------+

    * FIFO: 
    N/A

    * Expression: 
    +----------------------------------+----------+----+---+----+------------+------------+
    |           Variable Name          | Operation| DSP| FF| LUT| Bitwidth P0| Bitwidth P1|
    +----------------------------------+----------+----+---+----+------------+------------+
    |add_ln24_fu_231592_p2             |         +|   0|  0|  14|           7|           1|
    |add_ln313_fu_231670_p2            |         +|   0|  0|  39|          32|           1|
    |add_ln317_fu_231728_p2            |         +|   0|  0|  39|          32|           1|
    |add_ln323_fu_231755_p2            |         +|   0|  0|  39|          32|           1|
    |add_ln328_fu_231688_p2            |         +|   0|  0|  39|          32|           1|
    |add_ln859_7489_fu_238248_p2       |         +|   0|  0|  23|          16|          16|
    |add_ln859_7490_fu_239798_p2       |         +|   0|  0|  16|          16|          16|
    |add_ln859_7491_fu_238254_p2       |         +|   0|  0|  16|          16|          16|
    |add_ln859_7492_fu_238260_p2       |         +|   0|  0|  16|          16|          16|
    |add_ln859_7493_fu_238266_p2       |         +|   0|  0|  16|          16|          16|
    |add_ln859_7494_fu_238272_p2       |         +|   0|  0|  16|          16|          16|
    |add_ln859_7495_fu_239802_p2       |         +|   0|  0|  16|          16|          16|
    |add_ln859_7496_fu_238278_p2       |         +|   0|  0|  23|          16|          16|
    |add_ln859_7497_fu_238284_p2       |         +|   0|  0|  23|          16|          16|
    |add_ln859_7498_fu_239807_p2       |         +|   0|  0|  16|          16|          16|
    |add_ln859_7499_fu_238290_p2       |         +|   0|  0|  22|          15|          15|
    |add_ln859_7500_fu_238300_p2       |         +|   0|  0|  22|          15|          15|
    |add_ln859_7501_fu_238310_p2       |         +|   0|  0|  16|          16|          16|
    |add_ln859_7502_fu_238316_p2       |         +|   0|  0|  16|          16|          16|
    |add_ln859_7503_fu_239811_p2       |         +|   0|  0|  16|          16|          16|
    |add_ln859_7504_fu_239816_p2       |         +|   0|  0|  16|          16|          16|
    |add_ln859_7505_fu_238322_p2       |         +|   0|  0|  22|          15|          15|
    |add_ln859_7506_fu_238332_p2       |         +|   0|  0|  21|          14|          14|
    |add_ln859_7507_fu_238342_p2       |         +|   0|  0|  23|          16|          16|
    |add_ln859_7508_fu_238348_p2       |         +|   0|  0|  21|          14|          14|
    |add_ln859_7509_fu_238354_p2       |         +|   0|  0|  21|          14|          14|
    |add_ln859_7510_fu_238364_p2       |         +|   0|  0|  22|          15|          15|
    |add_ln859_7511_fu_239828_p2       |         +|   0|  0|  23|          16|          16|
    |add_ln859_7512_fu_239834_p2       |         +|   0|  0|  16|          16|          16|
    |add_ln859_7513_fu_238370_p2       |         +|   0|  0|  20|          13|          13|
    |add_ln859_7514_fu_238380_p2       |         +|   0|  0|  20|          13|          11|
    |add_ln859_7515_fu_238390_p2       |         +|   0|  0|  21|          14|          14|
    |add_ln859_7516_fu_238400_p2       |         +|   0|  0|  16|          15|          15|
    |add_ln859_7517_fu_238406_p2       |         +|   0|  0|  19|          12|          12|
    |add_ln859_7518_fu_238416_p2       |         +|   0|  0|  17|          10|          10|
    |add_ln859_7519_fu_238426_p2       |         +|   0|  0|  18|          11|          11|
    |add_ln859_7520_fu_238436_p2       |         +|   0|  0|  20|          13|          13|
    |add_ln859_7521_fu_238446_p2       |         +|   0|  0|  16|          15|          15|
    |add_ln859_7522_fu_239842_p2       |         +|   0|  0|  16|          16|          16|
    |add_ln859_7524_fu_238452_p2       |         +|   0|  0|  23|          16|          16|
    |add_ln859_7525_fu_238458_p2       |         +|   0|  0|  23|          16|          16|
    |add_ln859_7526_fu_239854_p2       |         +|   0|  0|  16|          16|          16|
    |add_ln859_7527_fu_238464_p2       |         +|   0|  0|  16|          16|          16|
    |add_ln859_7528_fu_238470_p2       |         +|   0|  0|  16|          16|          16|
    |add_ln859_7529_fu_238476_p2       |         +|   0|  0|  16|          16|          16|
    |add_ln859_7530_fu_238482_p2       |         +|   0|  0|  16|          16|          16|
    |add_ln859_7531_fu_239858_p2       |         +|   0|  0|  16|          16|          16|
    |add_ln859_7532_fu_238488_p2       |         +|   0|  0|  23|          16|          16|
    |add_ln859_7533_fu_238494_p2       |         +|   0|  0|  23|          16|          16|
    |add_ln859_7534_fu_239863_p2       |         +|   0|  0|  16|          16|          16|
    |add_ln859_7535_fu_238500_p2       |         +|   0|  0|  16|          16|          16|
    |add_ln859_7536_fu_238506_p2       |         +|   0|  0|  16|          16|          16|
    |add_ln859_7537_fu_238512_p2       |         +|   0|  0|  16|          16|          16|
    |add_ln859_7538_fu_238518_p2       |         +|   0|  0|  16|          16|          16|
    |add_ln859_7539_fu_239867_p2       |         +|   0|  0|  16|          16|          16|
    |add_ln859_7540_fu_239872_p2       |         +|   0|  0|  16|          16|          16|
    |add_ln859_7541_fu_238524_p2       |         +|   0|  0|  16|          16|          16|
    |add_ln859_7542_fu_238530_p2       |         +|   0|  0|  22|          15|          15|
    |add_ln859_7543_fu_238540_p2       |         +|   0|  0|  16|          16|          16|
    |add_ln859_7544_fu_238546_p2       |         +|   0|  0|  22|          15|          15|
    |add_ln859_7545_fu_238556_p2       |         +|   0|  0|  22|          15|          15|
    |add_ln859_7546_fu_238566_p2       |         +|   0|  0|  16|          16|          16|
    |add_ln859_7547_fu_238572_p2       |         +|   0|  0|  16|          16|          16|
    |add_ln859_7548_fu_239878_p2       |         +|   0|  0|  16|          16|          16|
    |add_ln859_7549_fu_238578_p2       |         +|   0|  0|  21|          14|          14|
    |add_ln859_7550_fu_238588_p2       |         +|   0|  0|  21|          14|          14|
    |add_ln859_7551_fu_238598_p2       |         +|   0|  0|  22|          15|          15|
    |add_ln859_7552_fu_238604_p2       |         +|   0|  0|  21|          14|          14|
    |add_ln859_7553_fu_238614_p2       |         +|   0|  0|  19|          12|          11|
    |add_ln859_7554_fu_238624_p2       |         +|   0|  0|  21|          14|          14|
    |add_ln859_7555_fu_238634_p2       |         +|   0|  0|  22|          15|          15|
    |add_ln859_7556_fu_239888_p2       |         +|   0|  0|  23|          16|          16|
    |add_ln859_7557_fu_239894_p2       |         +|   0|  0|  16|          16|          16|
    |add_ln859_7559_fu_238640_p2       |         +|   0|  0|  23|          16|          16|
    |add_ln859_7560_fu_238646_p2       |         +|   0|  0|  23|          16|          16|
    |add_ln859_7561_fu_239906_p2       |         +|   0|  0|  16|          16|          16|
    |add_ln859_7562_fu_238652_p2       |         +|   0|  0|  16|          16|          16|
    |add_ln859_7563_fu_238658_p2       |         +|   0|  0|  16|          16|          16|
    |add_ln859_7564_fu_238664_p2       |         +|   0|  0|  16|          16|          16|
    |add_ln859_7565_fu_238670_p2       |         +|   0|  0|  16|          16|          16|
    |add_ln859_7566_fu_239910_p2       |         +|   0|  0|  16|          16|          16|
    |add_ln859_7567_fu_238676_p2       |         +|   0|  0|  23|          16|          16|
    |add_ln859_7568_fu_238682_p2       |         +|   0|  0|  23|          16|          16|
    |add_ln859_7569_fu_239915_p2       |         +|   0|  0|  16|          16|          16|
    |add_ln859_7570_fu_239919_p2       |         +|   0|  0|  16|          16|          16|
    |add_ln859_7571_fu_238688_p2       |         +|   0|  0|  22|          15|          15|
    |add_ln859_7572_fu_238698_p2       |         +|   0|  0|  23|          16|          16|
    |add_ln859_7573_fu_239925_p2       |         +|   0|  0|  16|          16|          16|
    |add_ln859_7574_fu_239930_p2       |         +|   0|  0|  16|          16|          16|
    |add_ln859_7575_fu_239936_p2       |         +|   0|  0|  16|          16|          16|
    |add_ln859_7576_fu_238704_p2       |         +|   0|  0|  22|          15|          15|
    |add_ln859_7577_fu_238714_p2       |         +|   0|  0|  22|          15|          15|
    |add_ln859_7578_fu_238724_p2       |         +|   0|  0|  23|          16|          16|
    |add_ln859_7579_fu_238730_p2       |         +|   0|  0|  21|          14|          14|
    |add_ln859_7580_fu_238736_p2       |         +|   0|  0|  21|          14|          14|
    |add_ln859_7581_fu_238746_p2       |         +|   0|  0|  22|          15|          15|
    |add_ln859_7582_fu_239948_p2       |         +|   0|  0|  23|          16|          16|
    |add_ln859_7583_fu_239954_p2       |         +|   0|  0|  16|          16|          16|
    |add_ln859_7584_fu_238752_p2       |         +|   0|  0|  20|          13|          13|
    |add_ln859_7585_fu_238758_p2       |         +|   0|  0|  20|          13|          13|
    |add_ln859_7586_fu_238768_p2       |         +|   0|  0|  21|          14|          14|
    |add_ln859_7587_fu_239965_p2       |         +|   0|  0|  16|          15|          15|
    |add_ln859_7588_fu_238774_p2       |         +|   0|  0|  17|          11|          10|
    |add_ln859_7589_fu_238780_p2       |         +|   0|  0|  16|           9|           9|
    |add_ln859_7590_fu_238790_p2       |         +|   0|  0|  17|          10|          10|
    |add_ln859_7591_fu_238800_p2       |         +|   0|  0|  17|          11|          11|
    |add_ln859_7592_fu_239974_p2       |         +|   0|  0|  16|          15|          15|
    |add_ln859_7593_fu_239984_p2       |         +|   0|  0|  16|          16|          16|
    |add_ln859_7595_fu_238806_p2       |         +|   0|  0|  23|          16|          16|
    |add_ln859_7596_fu_238812_p2       |         +|   0|  0|  23|          16|          16|
    |add_ln859_7597_fu_239996_p2       |         +|   0|  0|  16|          16|          16|
    |add_ln859_7598_fu_238818_p2       |         +|   0|  0|  16|          16|          16|
    |add_ln859_7599_fu_238824_p2       |         +|   0|  0|  16|          16|          16|
    |add_ln859_7600_fu_238830_p2       |         +|   0|  0|  16|          16|          16|
    |add_ln859_7601_fu_238836_p2       |         +|   0|  0|  16|          16|          16|
    |add_ln859_7602_fu_240000_p2       |         +|   0|  0|  16|          16|          16|
    |add_ln859_7603_fu_238842_p2       |         +|   0|  0|  23|          16|          16|
    |add_ln859_7604_fu_238848_p2       |         +|   0|  0|  23|          16|          16|
    |add_ln859_7605_fu_240005_p2       |         +|   0|  0|  16|          16|          16|
    |add_ln859_7606_fu_240009_p2       |         +|   0|  0|  16|          16|          16|
    |add_ln859_7607_fu_238854_p2       |         +|   0|  0|  22|          15|          15|
    |add_ln859_7608_fu_238864_p2       |         +|   0|  0|  23|          16|          16|
    |add_ln859_7609_fu_240015_p2       |         +|   0|  0|  16|          16|          16|
    |add_ln859_7610_fu_240020_p2       |         +|   0|  0|  16|          16|          16|
    |add_ln859_7611_fu_240026_p2       |         +|   0|  0|  16|          16|          16|
    |add_ln859_7612_fu_238870_p2       |         +|   0|  0|  22|          15|          15|
    |add_ln859_7613_fu_238880_p2       |         +|   0|  0|  22|          15|          15|
    |add_ln859_7614_fu_238890_p2       |         +|   0|  0|  23|          16|          16|
    |add_ln859_7615_fu_238896_p2       |         +|   0|  0|  22|          15|          15|
    |add_ln859_7616_fu_238906_p2       |         +|   0|  0|  22|          15|          15|
    |add_ln859_7617_fu_238916_p2       |         +|   0|  0|  16|          16|          16|
    |add_ln859_7618_fu_238922_p2       |         +|   0|  0|  16|          16|          16|
    |add_ln859_7619_fu_240032_p2       |         +|   0|  0|  16|          16|          16|
    |add_ln859_7620_fu_238928_p2       |         +|   0|  0|  21|          14|          14|
    |add_ln859_7621_fu_238934_p2       |         +|   0|  0|  21|          14|          14|
    |add_ln859_7622_fu_238944_p2       |         +|   0|  0|  22|          15|          15|
    |add_ln859_7623_fu_240042_p2       |         +|   0|  0|  16|          16|          16|
    |add_ln859_7624_fu_238950_p2       |         +|   0|  0|  17|          13|          13|
    |add_ln859_7625_fu_238956_p2       |         +|   0|  0|  15|           8|           8|
    |add_ln859_7626_fu_238970_p2       |         +|   0|  0|  18|          11|          11|
    |add_ln859_7627_fu_238980_p2       |         +|   0|  0|  17|          13|          13|
    |add_ln859_7628_fu_240051_p2       |         +|   0|  0|  16|          16|          16|
    |add_ln859_7629_fu_240057_p2       |         +|   0|  0|  16|          16|          16|
    |add_ln859_7631_fu_238986_p2       |         +|   0|  0|  23|          16|          16|
    |add_ln859_7632_fu_238992_p2       |         +|   0|  0|  23|          16|          16|
    |add_ln859_7633_fu_240069_p2       |         +|   0|  0|  16|          16|          16|
    |add_ln859_7634_fu_238998_p2       |         +|   0|  0|  16|          16|          16|
    |add_ln859_7635_fu_239004_p2       |         +|   0|  0|  16|          16|          16|
    |add_ln859_7636_fu_239010_p2       |         +|   0|  0|  16|          16|          16|
    |add_ln859_7637_fu_239016_p2       |         +|   0|  0|  16|          16|          16|
    |add_ln859_7638_fu_240073_p2       |         +|   0|  0|  16|          16|          16|
    |add_ln859_7639_fu_239022_p2       |         +|   0|  0|  23|          16|          16|
    |add_ln859_7640_fu_239028_p2       |         +|   0|  0|  23|          16|          16|
    |add_ln859_7641_fu_240078_p2       |         +|   0|  0|  16|          16|          16|
    |add_ln859_7642_fu_239034_p2       |         +|   0|  0|  16|          16|          16|
    |add_ln859_7643_fu_239040_p2       |         +|   0|  0|  16|          16|          16|
    |add_ln859_7644_fu_239046_p2       |         +|   0|  0|  16|          16|          16|
    |add_ln859_7645_fu_239052_p2       |         +|   0|  0|  16|          16|          16|
    |add_ln859_7646_fu_240082_p2       |         +|   0|  0|  16|          16|          16|
    |add_ln859_7647_fu_240087_p2       |         +|   0|  0|  16|          16|          16|
    |add_ln859_7648_fu_239058_p2       |         +|   0|  0|  16|          16|          16|
    |add_ln859_7649_fu_239064_p2       |         +|   0|  0|  22|          15|          15|
    |add_ln859_7650_fu_239074_p2       |         +|   0|  0|  16|          16|          16|
    |add_ln859_7651_fu_239080_p2       |         +|   0|  0|  22|          15|          15|
    |add_ln859_7652_fu_239086_p2       |         +|   0|  0|  21|          14|          14|
    |add_ln859_7653_fu_239096_p2       |         +|   0|  0|  22|          15|          15|
    |add_ln859_7654_fu_240099_p2       |         +|   0|  0|  23|          16|          16|
    |add_ln859_7655_fu_240105_p2       |         +|   0|  0|  16|          16|          16|
    |add_ln859_7656_fu_239102_p2       |         +|   0|  0|  21|          14|          14|
    |add_ln859_7657_fu_239112_p2       |         +|   0|  0|  20|          13|          13|
    |add_ln859_7658_fu_239122_p2       |         +|   0|  0|  21|          14|          14|
    |add_ln859_7659_fu_239132_p2       |         +|   0|  0|  22|          15|          15|
    |add_ln859_7660_fu_239142_p2       |         +|   0|  0|  17|          10|          10|
    |add_ln859_7661_fu_239152_p2       |         +|   0|  0|  14|           7|           7|
    |add_ln859_7662_fu_239162_p2       |         +|   0|  0|  17|          10|          10|
    |add_ln859_7663_fu_239172_p2       |         +|   0|  0|  18|          11|          11|
    |add_ln859_7664_fu_239182_p2       |         +|   0|  0|  23|          16|          16|
    |add_ln859_7665_fu_240110_p2       |         +|   0|  0|  16|          16|          16|
    |add_ln859_7667_fu_239188_p2       |         +|   0|  0|  23|          16|          16|
    |add_ln859_7668_fu_239194_p2       |         +|   0|  0|  23|          16|          16|
    |add_ln859_7669_fu_240121_p2       |         +|   0|  0|  16|          16|          16|
    |add_ln859_7670_fu_239200_p2       |         +|   0|  0|  16|          16|          16|
    |add_ln859_7671_fu_239206_p2       |         +|   0|  0|  16|          16|          16|
    |add_ln859_7672_fu_239212_p2       |         +|   0|  0|  16|          16|          16|
    |add_ln859_7673_fu_239218_p2       |         +|   0|  0|  16|          16|          16|
    |add_ln859_7674_fu_240125_p2       |         +|   0|  0|  16|          16|          16|
    |add_ln859_7675_fu_239224_p2       |         +|   0|  0|  23|          16|          16|
    |add_ln859_7676_fu_239230_p2       |         +|   0|  0|  23|          16|          16|
    |add_ln859_7677_fu_240130_p2       |         +|   0|  0|  16|          16|          16|
    |add_ln859_7678_fu_239236_p2       |         +|   0|  0|  16|          16|          16|
    |add_ln859_7679_fu_239242_p2       |         +|   0|  0|  16|          16|          16|
    |add_ln859_7680_fu_239248_p2       |         +|   0|  0|  16|          16|          16|
    |add_ln859_7681_fu_239254_p2       |         +|   0|  0|  16|          16|          16|
    |add_ln859_7682_fu_240134_p2       |         +|   0|  0|  16|          16|          16|
    |add_ln859_7683_fu_240139_p2       |         +|   0|  0|  16|          16|          16|
    |add_ln859_7684_fu_239260_p2       |         +|   0|  0|  22|          15|          15|
    |add_ln859_7685_fu_239270_p2       |         +|   0|  0|  22|          15|          15|
    |add_ln859_7686_fu_239280_p2       |         +|   0|  0|  23|          16|          16|
    |add_ln859_7687_fu_239286_p2       |         +|   0|  0|  22|          15|          15|
    |add_ln859_7688_fu_239292_p2       |         +|   0|  0|  21|          14|          14|
    |add_ln859_7689_fu_239302_p2       |         +|   0|  0|  22|          15|          15|
    |add_ln859_7690_fu_240151_p2       |         +|   0|  0|  23|          16|          16|
    |add_ln859_7691_fu_240157_p2       |         +|   0|  0|  16|          16|          16|
    |add_ln859_7692_fu_239308_p2       |         +|   0|  0|  21|          14|          14|
    |add_ln859_7693_fu_239318_p2       |         +|   0|  0|  19|          12|          12|
    |add_ln859_7694_fu_239328_p2       |         +|   0|  0|  20|          13|          13|
    |add_ln859_7695_fu_239338_p2       |         +|   0|  0|  16|          15|          15|
    |add_ln859_7696_fu_239344_p2       |         +|   0|  0|  17|          10|           9|
    |add_ln859_7697_fu_239354_p2       |         +|   0|  0|  16|           9|           9|
    |add_ln859_7698_fu_239364_p2       |         +|   0|  0|  17|          10|          10|
    |add_ln859_7699_fu_239374_p2       |         +|   0|  0|  18|          11|          11|
    |add_ln859_7700_fu_239384_p2       |         +|   0|  0|  16|          15|          15|
    |add_ln859_7701_fu_240165_p2       |         +|   0|  0|  16|          16|          16|
    |add_ln859_7703_fu_239390_p2       |         +|   0|  0|  18|          10|          10|
    |add_ln859_7704_fu_239396_p2       |         +|   0|  0|  23|          16|          16|
    |add_ln859_7705_fu_239402_p2       |         +|   0|  0|  23|          16|          16|
    |add_ln859_7706_fu_240177_p2       |         +|   0|  0|  16|          16|          16|
    |add_ln859_7707_fu_239408_p2       |         +|   0|  0|  16|          16|          16|
    |add_ln859_7708_fu_239414_p2       |         +|   0|  0|  23|          16|          16|
    |add_ln859_7709_fu_239420_p2       |         +|   0|  0|  16|          16|          16|
    |add_ln859_7710_fu_240181_p2       |         +|   0|  0|  16|          16|          16|
    |add_ln859_7711_fu_239426_p2       |         +|   0|  0|  23|          16|          16|
    |add_ln859_7712_fu_239432_p2       |         +|   0|  0|  23|          16|          16|
    |add_ln859_7713_fu_240186_p2       |         +|   0|  0|  16|          16|          16|
    |add_ln859_7714_fu_239438_p2       |         +|   0|  0|  16|          16|          16|
    |add_ln859_7715_fu_239444_p2       |         +|   0|  0|  22|          15|          15|
    |add_ln859_7716_fu_239454_p2       |         +|   0|  0|  23|          16|          16|
    |add_ln859_7717_fu_239460_p2       |         +|   0|  0|  16|          16|          16|
    |add_ln859_7718_fu_240190_p2       |         +|   0|  0|  16|          16|          16|
    |add_ln859_7719_fu_240195_p2       |         +|   0|  0|  16|          16|          16|
    |add_ln859_7720_fu_239466_p2       |         +|   0|  0|  22|          15|          15|
    |add_ln859_7721_fu_239476_p2       |         +|   0|  0|  22|          15|          15|
    |add_ln859_7722_fu_239486_p2       |         +|   0|  0|  23|          16|          16|
    |add_ln859_7723_fu_239492_p2       |         +|   0|  0|  22|          15|          15|
    |add_ln859_7724_fu_239498_p2       |         +|   0|  0|  21|          14|          14|
    |add_ln859_7725_fu_239508_p2       |         +|   0|  0|  22|          15|          15|
    |add_ln859_7726_fu_240207_p2       |         +|   0|  0|  23|          16|          16|
    |add_ln859_7727_fu_240213_p2       |         +|   0|  0|  16|          16|          16|
    |add_ln859_7728_fu_239514_p2       |         +|   0|  0|  21|          14|          14|
    |add_ln859_7729_fu_239524_p2       |         +|   0|  0|  20|          13|          13|
    |add_ln859_7730_fu_239534_p2       |         +|   0|  0|  16|          15|          15|
    |add_ln859_7731_fu_239540_p2       |         +|   0|  0|  19|          12|          12|
    |add_ln859_7732_fu_239550_p2       |         +|   0|  0|  18|          10|          10|
    |add_ln859_7733_fu_239560_p2       |         +|   0|  0|  18|          11|          11|
    |add_ln859_7734_fu_239570_p2       |         +|   0|  0|  20|          13|          13|
    |add_ln859_7735_fu_239580_p2       |         +|   0|  0|  16|          15|          15|
    |add_ln859_7736_fu_240221_p2       |         +|   0|  0|  16|          16|          16|
    |add_ln859_7738_fu_239586_p2       |         +|   0|  0|  23|          16|          16|
    |add_ln859_7739_fu_239592_p2       |         +|   0|  0|  23|          16|          16|
    |add_ln859_7740_fu_240233_p2       |         +|   0|  0|  16|          16|          16|
    |add_ln859_7741_fu_239598_p2       |         +|   0|  0|  16|          16|          16|
    |add_ln859_7742_fu_239604_p2       |         +|   0|  0|  16|          16|          16|
    |add_ln859_7743_fu_239610_p2       |         +|   0|  0|  16|          16|          16|
    |add_ln859_7744_fu_239616_p2       |         +|   0|  0|  16|          16|          16|
    |add_ln859_7745_fu_240237_p2       |         +|   0|  0|  16|          16|          16|
    |add_ln859_7746_fu_239622_p2       |         +|   0|  0|  23|          16|          16|
    |add_ln859_7747_fu_239628_p2       |         +|   0|  0|  23|          16|          16|
    |add_ln859_7748_fu_240242_p2       |         +|   0|  0|  16|          16|          16|
    |add_ln859_7749_fu_240246_p2       |         +|   0|  0|  16|          16|          16|
    |add_ln859_7750_fu_239634_p2       |         +|   0|  0|  22|          15|          15|
    |add_ln859_7751_fu_239644_p2       |         +|   0|  0|  23|          16|          16|
    |add_ln859_7752_fu_240252_p2       |         +|   0|  0|  16|          16|          16|
    |add_ln859_7753_fu_240257_p2       |         +|   0|  0|  16|          16|          16|
    |add_ln859_7754_fu_240263_p2       |         +|   0|  0|  16|          16|          16|
    |add_ln859_7755_fu_239650_p2       |         +|   0|  0|  22|          15|          15|
    |add_ln859_7756_fu_239660_p2       |         +|   0|  0|  22|          15|          15|
    |add_ln859_7757_fu_239670_p2       |         +|   0|  0|  23|          16|          16|
    |add_ln859_7758_fu_239676_p2       |         +|   0|  0|  21|          14|          14|
    |add_ln859_7759_fu_239682_p2       |         +|   0|  0|  20|          13|          13|
    |add_ln859_7760_fu_239692_p2       |         +|   0|  0|  21|          14|          14|
    |add_ln859_7761_fu_240275_p2       |         +|   0|  0|  22|          15|          15|
    |add_ln859_7762_fu_240285_p2       |         +|   0|  0|  16|          16|          16|
    |add_ln859_7763_fu_239698_p2       |         +|   0|  0|  20|          13|          13|
    |add_ln859_7764_fu_239708_p2       |         +|   0|  0|  18|          11|          11|
    |add_ln859_7765_fu_239718_p2       |         +|   0|  0|  19|          12|          12|
    |add_ln859_7766_fu_239728_p2       |         +|   0|  0|  16|          14|          14|
    |add_ln859_7767_fu_239734_p2       |         +|   0|  0|  17|          10|           9|
    |add_ln859_7768_fu_239744_p2       |         +|   0|  0|  15|           8|           8|
    |add_ln859_7769_fu_239754_p2       |         +|   0|  0|  16|           9|           9|
    |add_ln859_7770_fu_239764_p2       |         +|   0|  0|  18|          11|          11|
    |add_ln859_7771_fu_239774_p2       |         +|   0|  0|  16|          14|          14|
    |add_ln859_7772_fu_240293_p2       |         +|   0|  0|  16|          16|          16|
    |add_ln859_fu_238242_p2            |         +|   0|  0|  23|          16|          16|
    |r_V_9350_fu_232306_p2             |         +|   0|  0|  30|          23|          23|
    |r_V_9401_fu_233403_p2             |         +|   0|  0|  33|          26|          26|
    |r_V_9404_fu_233483_p2             |         +|   0|  0|  26|          19|          19|
    |r_V_9408_fu_233563_p2             |         +|   0|  0|  33|          26|          26|
    |r_V_9416_fu_233740_p2             |         +|   0|  0|  31|          24|          24|
    |r_V_9454_fu_234461_p2             |         +|   0|  0|  27|          20|          20|
    |r_V_9467_fu_234738_p2             |         +|   0|  0|  31|          24|          24|
    |r_V_9468_fu_234770_p2             |         +|   0|  0|  31|          24|          24|
    |r_V_9520_fu_235738_p2             |         +|   0|  0|  30|          23|          23|
    |r_V_9552_fu_236270_p2             |         +|   0|  0|  28|          21|          21|
    |r_V_9586_fu_237051_p2             |         +|   0|  0|  28|          21|          21|
    |r_V_9614_fu_237621_p2             |         +|   0|  0|  31|          24|          24|
    |r_V_9621_fu_237790_p2             |         +|   0|  0|  31|          24|          24|
    |res_out_V_28_fu_240115_p2         |         +|   0|  0|  16|          16|          16|
    |res_out_V_29_fu_240171_p2         |         +|   0|  0|  16|          16|          16|
    |res_out_V_30_fu_240227_p2         |         +|   0|  0|  16|          16|          16|
    |res_out_V_31_fu_240299_p2         |         +|   0|  0|  16|          16|          16|
    |res_out_V_32_fu_239900_p2         |         +|   0|  0|  16|          16|          16|
    |res_out_V_33_fu_239990_p2         |         +|   0|  0|  16|          16|          16|
    |res_out_V_34_fu_240063_p2         |         +|   0|  0|  16|          16|          16|
    |res_out_V_fu_239848_p2            |         +|   0|  0|  16|          16|          16|
    |r_V_9358_fu_232441_p2             |         -|   0|  0|  23|          23|          23|
    |r_V_9359_fu_232479_p2             |         -|   0|  0|  19|          19|          19|
    |r_V_9361_fu_232543_p2             |         -|   0|  0|  24|          24|          24|
    |r_V_9366_fu_232655_p2             |         -|   0|  0|  27|          20|          20|
    |r_V_9367_fu_232687_p2             |         -|   0|  0|  26|          19|          19|
    |r_V_9372_fu_232779_p2             |         -|   0|  0|  28|           1|          21|
    |r_V_9374_fu_232837_p2             |         -|   0|  0|  32|          25|          25|
    |r_V_9381_fu_232973_p2             |         -|   0|  0|  27|          20|          20|
    |r_V_9384_fu_233033_p2             |         -|   0|  0|  30|          23|          23|
    |r_V_9389_fu_233138_p2             |         -|   0|  0|  31|          24|          24|
    |r_V_9394_fu_233240_p2             |         -|   0|  0|  32|          25|          25|
    |r_V_9400_fu_233359_p2             |         -|   0|  0|  30|          23|          23|
    |r_V_9409_fu_233603_p2             |         -|   0|  0|  28|          21|          21|
    |r_V_9414_fu_233688_p2             |         -|   0|  0|  24|           1|          17|
    |r_V_9418_fu_233791_p2             |         -|   0|  0|  20|          20|          20|
    |r_V_9422_fu_233870_p2             |         -|   0|  0|  30|          23|          23|
    |r_V_9424_fu_233915_p2             |         -|   0|  0|  30|          23|          23|
    |r_V_9427_fu_233970_p2             |         -|   0|  0|  31|           1|          24|
    |r_V_9428_fu_233994_p2             |         -|   0|  0|  27|          20|          20|
    |r_V_9437_fu_234151_p2             |         -|   0|  0|  22|          22|          22|
    |r_V_9439_fu_234211_p2             |         -|   0|  0|  30|          23|          23|
    |r_V_9442_fu_234270_p2             |         -|   0|  0|  30|          23|          23|
    |r_V_9457_fu_234530_p2             |         -|   0|  0|  29|          22|          22|
    |r_V_9461_fu_234602_p2             |         -|   0|  0|  30|           1|          23|
    |r_V_9462_fu_234633_p2             |         -|   0|  0|  31|          24|          24|
    |r_V_9475_fu_234902_p2             |         -|   0|  0|  29|          22|          22|
    |r_V_9492_fu_235171_p2             |         -|   0|  0|  29|          22|          22|
    |r_V_9504_fu_235379_p2             |         -|   0|  0|  30|          23|          23|
    |r_V_9506_fu_235409_p2             |         -|   0|  0|  26|          19|          19|
    |r_V_9507_fu_235357_p2             |         -|   0|  0|  30|           1|          23|
    |r_V_9508_fu_235457_p2             |         -|   0|  0|  26|           1|          19|
    |r_V_9510_fu_235509_p2             |         -|   0|  0|  21|          21|          21|
    |r_V_9516_fu_235632_p2             |         -|   0|  0|  24|          24|          24|
    |r_V_9518_fu_235677_p2             |         -|   0|  0|  32|          25|          25|
    |r_V_9542_fu_236067_p2             |         -|   0|  0|  33|          26|          26|
    |r_V_9543_fu_236105_p2             |         -|   0|  0|  31|          24|          24|
    |r_V_9549_fu_236222_p2             |         -|   0|  0|  28|          21|          21|
    |r_V_9554_fu_236322_p2             |         -|   0|  0|  21|          21|          21|
    |r_V_9556_fu_236383_p2             |         -|   0|  0|  31|          24|          24|
    |r_V_9558_fu_236447_p2             |         -|   0|  0|  25|          25|          25|
    |r_V_9571_fu_236681_p2             |         -|   0|  0|  26|           1|          19|
    |r_V_9575_fu_236767_p2             |         -|   0|  0|  30|          23|          23|
    |r_V_9580_fu_236882_p2             |         -|   0|  0|  28|          21|          21|
    |r_V_9581_fu_236902_p2             |         -|   0|  0|  25|           1|          18|
    |r_V_9583_fu_236976_p2             |         -|   0|  0|  31|          24|          24|
    |r_V_9590_fu_237127_p2             |         -|   0|  0|  28|          21|          21|
    |r_V_9591_fu_237147_p2             |         -|   0|  0|  28|           1|          21|
    |r_V_9595_fu_237240_p2             |         -|   0|  0|  30|          23|          23|
    |r_V_9596_fu_237278_p2             |         -|   0|  0|  19|          19|          19|
    |r_V_9600_fu_237346_p2             |         -|   0|  0|  27|           1|          20|
    |r_V_9606_fu_237458_p2             |         -|   0|  0|  19|          19|          19|
    |r_V_9609_fu_237530_p2             |         -|   0|  0|  30|          23|          23|
    |r_V_9616_fu_237672_p2             |         -|   0|  0|  24|          24|          24|
    |r_V_9620_fu_237748_p2             |         -|   0|  0|  29|          22|          22|
    |r_V_9628_fu_237908_p2             |         -|   0|  0|  32|          25|          25|
    |r_V_9635_fu_238001_p2             |         -|   0|  0|  26|           1|          19|
    |r_V_9640_fu_238109_p2             |         -|   0|  0|  21|          21|          21|
    |r_V_9643_fu_238174_p2             |         -|   0|  0|  25|          25|          25|
    |r_V_9644_fu_238222_p2             |         -|   0|  0|  22|          22|          22|
    |sub_ln1319_2570_fu_232473_p2      |         -|   0|  0|  19|           1|          19|
    |sub_ln1319_2572_fu_232525_p2      |         -|   0|  0|  24|           1|          24|
    |sub_ln1319_2585_fu_233785_p2      |         -|   0|  0|  20|           1|          20|
    |sub_ln1319_2590_fu_234134_p2      |         -|   0|  0|  22|           1|          22|
    |sub_ln1319_2602_fu_235503_p2      |         -|   0|  0|  21|           1|          21|
    |sub_ln1319_2604_fu_235615_p2      |         -|   0|  0|  24|           1|          24|
    |sub_ln1319_2609_fu_236304_p2      |         -|   0|  0|  21|           1|          21|
    |sub_ln1319_2612_fu_236429_p2      |         -|   0|  0|  25|           1|          25|
    |sub_ln1319_2622_fu_237272_p2      |         -|   0|  0|  19|           1|          19|
    |sub_ln1319_2625_fu_237452_p2      |         -|   0|  0|  19|           1|          19|
    |sub_ln1319_2628_fu_237655_p2      |         -|   0|  0|  24|           1|          24|
    |sub_ln1319_2632_fu_238088_p2      |         -|   0|  0|  21|           1|          21|
    |sub_ln1319_2634_fu_238168_p2      |         -|   0|  0|  25|           1|          25|
    |sub_ln1319_2636_fu_238205_p2      |         -|   0|  0|  22|           1|          22|
    |sub_ln1319_fu_232435_p2           |         -|   0|  0|  23|           1|          23|
    |and_ln289_3_fu_231661_p2          |       and|   0|  0|   2|           1|           1|
    |and_ln289_fu_231655_p2            |       and|   0|  0|   2|           1|           1|
    |ap_block_state5_pp0_stage0_iter3  |       and|   0|  0|   2|           1|           1|
    |ap_condition_473                  |       and|   0|  0|   2|           1|           1|
    |ap_condition_539                  |       and|   0|  0|   2|           1|           1|
    |ap_predicate_op1666_write_state5  |       and|   0|  0|   2|           1|           1|
    |icmp_ln24_fu_231586_p2            |      icmp|   0|  0|  10|           7|           6|
    |icmp_ln289_7_fu_231617_p2         |      icmp|   0|  0|  20|          32|           2|
    |icmp_ln289_8_fu_231633_p2         |      icmp|   0|  0|  19|          31|           1|
    |icmp_ln289_9_fu_231649_p2         |      icmp|   0|  0|  19|          31|           1|
    |icmp_ln289_fu_231602_p2           |      icmp|   0|  0|  20|          32|           2|
    |icmp_ln313_fu_231676_p2           |      icmp|   0|  0|  20|          32|           4|
    |icmp_ln317_fu_231734_p2           |      icmp|   0|  0|  20|          32|           4|
    |icmp_ln323_fu_231749_p2           |      icmp|   0|  0|  20|          32|           2|
    |ap_block_pp0_stage0_01001         |        or|   0|  0|   2|           1|           1|
    |ap_block_state1                   |        or|   0|  0|   2|           1|           1|
    |select_ln323_fu_231761_p3         |    select|   0|  0|  32|           1|           2|
    |select_ln328_fu_231694_p3         |    select|   0|  0|  32|           1|           2|
    |ap_enable_pp0                     |       xor|   0|  0|   2|           1|           2|
    |ap_enable_reg_pp0_iter1           |       xor|   0|  0|   2|           2|           1|
    +----------------------------------+----------+----+---+----+------------+------------+
    |Total                             |          |   0|  0|8064|        6057|        6243|
    +----------------------------------+----------+----+---+----+------------+------------+

    * Multiplexer: 
    +-------------------------+----+-----------+-----+-----------+
    |           Name          | LUT| Input Size| Bits| Total Bits|
    +-------------------------+----+-----------+-----+-----------+
    |ap_NS_fsm                |  20|          4|    1|          4|
    |ap_done                  |   9|          2|    1|          2|
    |ap_enable_reg_pp0_iter1  |   9|          2|    1|          2|
    |ap_enable_reg_pp0_iter3  |   9|          2|    1|          2|
    |indvar_flatten_fu_654    |   9|          2|    7|         14|
    |layer12_out_blk_n        |   9|          2|    1|          2|
    |layer39_out_blk_n        |   9|          2|    1|          2|
    |pX_7                     |   9|          2|   32|         64|
    |pX_9_loc_1_fu_650        |  14|          3|   32|         96|
    |pY_7                     |   9|          2|   32|         64|
    |pY_9_loc_1_fu_658        |  14|          3|   32|         96|
    |real_start               |   9|          2|    1|          2|
    |sX_7                     |   9|          2|   32|         64|
    |sY_9_loc_1_fu_662        |  14|          3|   32|         96|
    +-------------------------+----+-----------+-----+-----------+
    |Total                    | 152|         33|  206|        510|
    +-------------------------+----+-----------+-----+-----------+

    * Register: 
    +---------------------------------------------------------------------------------------+----+----+-----+-----------+
    |                                          Name                                         | FF | LUT| Bits| Const Bits|
    +---------------------------------------------------------------------------------------+----+----+-----+-----------+
    |a_V_583_reg_240436                                                                     |  16|   0|   16|          0|
    |a_V_584_reg_240460                                                                     |  16|   0|   16|          0|
    |a_V_585_reg_240482                                                                     |  16|   0|   16|          0|
    |a_V_586_reg_240506                                                                     |  16|   0|   16|          0|
    |a_V_588_reg_240518                                                                     |  16|   0|   16|          0|
    |a_V_592_reg_240529                                                                     |  16|   0|   16|          0|
    |a_V_595_reg_240424                                                                     |  16|   0|   16|          0|
    |a_V_596_reg_240450                                                                     |  16|   0|   16|          0|
    |a_V_597_reg_240472                                                                     |  16|   0|   16|          0|
    |a_V_598_reg_240493                                                                     |  16|   0|   16|          0|
    |a_V_607_reg_240379                                                                     |  16|   0|   16|          0|
    |a_V_608_reg_240412                                                                     |  16|   0|   16|          0|
    |a_V_609_reg_240390                                                                     |  16|   0|   16|          0|
    |a_V_610_reg_240399                                                                     |  16|   0|   16|          0|
    |add_ln859_7489_reg_240593                                                              |  16|   0|   16|          0|
    |add_ln859_7494_reg_240598                                                              |  16|   0|   16|          0|
    |add_ln859_7496_reg_240603                                                              |  16|   0|   16|          0|
    |add_ln859_7497_reg_240608                                                              |  16|   0|   16|          0|
    |add_ln859_7502_reg_240613                                                              |  16|   0|   16|          0|
    |add_ln859_7507_reg_240618                                                              |  16|   0|   16|          0|
    |add_ln859_7508_reg_240623                                                              |  14|   0|   14|          0|
    |add_ln859_7510_reg_240628                                                              |  15|   0|   15|          0|
    |add_ln859_7521_reg_240633                                                              |  15|   0|   15|          0|
    |add_ln859_7524_reg_240638                                                              |  16|   0|   16|          0|
    |add_ln859_7525_reg_240643                                                              |  16|   0|   16|          0|
    |add_ln859_7530_reg_240648                                                              |  16|   0|   16|          0|
    |add_ln859_7532_reg_240653                                                              |  16|   0|   16|          0|
    |add_ln859_7533_reg_240658                                                              |  16|   0|   16|          0|
    |add_ln859_7538_reg_240663                                                              |  16|   0|   16|          0|
    |add_ln859_7543_reg_240668                                                              |  16|   0|   16|          0|
    |add_ln859_7547_reg_240673                                                              |  16|   0|   16|          0|
    |add_ln859_7551_reg_240678                                                              |  15|   0|   15|          0|
    |add_ln859_7555_reg_240683                                                              |  15|   0|   15|          0|
    |add_ln859_7559_reg_240688                                                              |  16|   0|   16|          0|
    |add_ln859_7560_reg_240693                                                              |  16|   0|   16|          0|
    |add_ln859_7565_reg_240698                                                              |  16|   0|   16|          0|
    |add_ln859_7567_reg_240703                                                              |  16|   0|   16|          0|
    |add_ln859_7568_reg_240708                                                              |  16|   0|   16|          0|
    |add_ln859_7572_reg_240713                                                              |  16|   0|   16|          0|
    |add_ln859_7578_reg_240718                                                              |  16|   0|   16|          0|
    |add_ln859_7579_reg_240723                                                              |  14|   0|   14|          0|
    |add_ln859_7581_reg_240728                                                              |  15|   0|   15|          0|
    |add_ln859_7584_reg_240733                                                              |  13|   0|   13|          0|
    |add_ln859_7586_reg_240738                                                              |  14|   0|   14|          0|
    |add_ln859_7591_reg_240743                                                              |  11|   0|   11|          0|
    |add_ln859_7595_reg_240748                                                              |  16|   0|   16|          0|
    |add_ln859_7596_reg_240753                                                              |  16|   0|   16|          0|
    |add_ln859_7601_reg_240758                                                              |  16|   0|   16|          0|
    |add_ln859_7603_reg_240763                                                              |  16|   0|   16|          0|
    |add_ln859_7604_reg_240768                                                              |  16|   0|   16|          0|
    |add_ln859_7608_reg_240773                                                              |  16|   0|   16|          0|
    |add_ln859_7614_reg_240778                                                              |  16|   0|   16|          0|
    |add_ln859_7618_reg_240783                                                              |  16|   0|   16|          0|
    |add_ln859_7620_reg_240788                                                              |  14|   0|   14|          0|
    |add_ln859_7622_reg_240793                                                              |  15|   0|   15|          0|
    |add_ln859_7627_reg_240798                                                              |  13|   0|   13|          0|
    |add_ln859_7631_reg_240803                                                              |  16|   0|   16|          0|
    |add_ln859_7632_reg_240808                                                              |  16|   0|   16|          0|
    |add_ln859_7637_reg_240813                                                              |  16|   0|   16|          0|
    |add_ln859_7639_reg_240818                                                              |  16|   0|   16|          0|
    |add_ln859_7640_reg_240823                                                              |  16|   0|   16|          0|
    |add_ln859_7645_reg_240828                                                              |  16|   0|   16|          0|
    |add_ln859_7650_reg_240833                                                              |  16|   0|   16|          0|
    |add_ln859_7651_reg_240838                                                              |  15|   0|   15|          0|
    |add_ln859_7653_reg_240843                                                              |  15|   0|   15|          0|
    |add_ln859_7664_reg_240848                                                              |  16|   0|   16|          0|
    |add_ln859_7667_reg_240853                                                              |  16|   0|   16|          0|
    |add_ln859_7668_reg_240858                                                              |  16|   0|   16|          0|
    |add_ln859_7673_reg_240863                                                              |  16|   0|   16|          0|
    |add_ln859_7675_reg_240868                                                              |  16|   0|   16|          0|
    |add_ln859_7676_reg_240873                                                              |  16|   0|   16|          0|
    |add_ln859_7681_reg_240878                                                              |  16|   0|   16|          0|
    |add_ln859_7686_reg_240883                                                              |  16|   0|   16|          0|
    |add_ln859_7687_reg_240888                                                              |  15|   0|   15|          0|
    |add_ln859_7689_reg_240893                                                              |  15|   0|   15|          0|
    |add_ln859_7700_reg_240898                                                              |  15|   0|   15|          0|
    |add_ln859_7704_reg_240903                                                              |  16|   0|   16|          0|
    |add_ln859_7705_reg_240908                                                              |  16|   0|   16|          0|
    |add_ln859_7709_reg_240913                                                              |  16|   0|   16|          0|
    |add_ln859_7711_reg_240918                                                              |  16|   0|   16|          0|
    |add_ln859_7712_reg_240923                                                              |  16|   0|   16|          0|
    |add_ln859_7717_reg_240928                                                              |  16|   0|   16|          0|
    |add_ln859_7722_reg_240933                                                              |  16|   0|   16|          0|
    |add_ln859_7723_reg_240938                                                              |  15|   0|   15|          0|
    |add_ln859_7725_reg_240943                                                              |  15|   0|   15|          0|
    |add_ln859_7735_reg_240948                                                              |  15|   0|   15|          0|
    |add_ln859_7738_reg_240953                                                              |  16|   0|   16|          0|
    |add_ln859_7739_reg_240958                                                              |  16|   0|   16|          0|
    |add_ln859_7744_reg_240963                                                              |  16|   0|   16|          0|
    |add_ln859_7746_reg_240968                                                              |  16|   0|   16|          0|
    |add_ln859_7747_reg_240973                                                              |  16|   0|   16|          0|
    |add_ln859_7751_reg_240978                                                              |  16|   0|   16|          0|
    |add_ln859_7757_reg_240983                                                              |  16|   0|   16|          0|
    |add_ln859_7758_reg_240988                                                              |  14|   0|   14|          0|
    |add_ln859_7760_reg_240993                                                              |  14|   0|   14|          0|
    |add_ln859_7771_reg_240998                                                              |  14|   0|   14|          0|
    |add_ln859_reg_240588                                                                   |  16|   0|   16|          0|
    |and_ln289_3_reg_240368                                                                 |   1|   0|    1|          0|
    |ap_CS_fsm                                                                              |   3|   0|    3|          0|
    |ap_done_reg                                                                            |   1|   0|    1|          0|
    |ap_enable_reg_pp0_iter0                                                                |   1|   0|    1|          0|
    |ap_enable_reg_pp0_iter1                                                                |   1|   0|    1|          0|
    |ap_enable_reg_pp0_iter2                                                                |   1|   0|    1|          0|
    |ap_enable_reg_pp0_iter3                                                                |   1|   0|    1|          0|
    |icmp_ln289_reg_240364                                                                  |   1|   0|    1|          0|
    |icmp_ln313_reg_240372                                                                  |   1|   0|    1|          0|
    |indvar_flatten_fu_654                                                                  |   7|   0|    7|          0|
    |mult_V_7218_reg_240558                                                                 |  15|   0|   15|          0|
    |mult_V_7227_reg_240563                                                                 |  15|   0|   15|          0|
    |mult_V_7284_reg_240538                                                                 |  12|   0|   12|          0|
    |mult_V_7317_reg_240568                                                                 |  15|   0|   15|          0|
    |mult_V_7321_reg_240573                                                                 |  15|   0|   15|          0|
    |mult_V_7413_reg_240578                                                                 |  15|   0|   15|          0|
    |mult_V_7440_reg_240583                                                                 |  14|   0|   14|          0|
    |mult_V_7444_reg_240543                                                                 |   6|   0|    6|          0|
    |mult_V_7451_reg_240548                                                                 |  14|   0|   14|          0|
    |mult_V_7452_reg_240553                                                                 |  14|   0|   14|          0|
    |pX_7                                                                                   |  32|   0|   32|          0|
    |pX_9_loc_1_fu_650                                                                      |  32|   0|   32|          0|
    |pY_7                                                                                   |  32|   0|   32|          0|
    |pY_9_loc_1_fu_658                                                                      |  32|   0|   32|          0|
    |p_ZZN4nnet24compute_output_buffer_2dINS_5arrayI8ap_fixedILi16ELi6EL9ap_q_mode5EL9_880  |  16|   0|   16|          0|
    |p_ZZN4nnet24compute_output_buffer_2dINS_5arrayI8ap_fixedILi16ELi6EL9ap_q_mode5EL9_881  |  16|   0|   16|          0|
    |p_ZZN4nnet24compute_output_buffer_2dINS_5arrayI8ap_fixedILi16ELi6EL9ap_q_mode5EL9_882  |  16|   0|   16|          0|
    |p_ZZN4nnet24compute_output_buffer_2dINS_5arrayI8ap_fixedILi16ELi6EL9ap_q_mode5EL9_883  |  16|   0|   16|          0|
    |p_ZZN4nnet24compute_output_buffer_2dINS_5arrayI8ap_fixedILi16ELi6EL9ap_q_mode5EL9_884  |  16|   0|   16|          0|
    |p_ZZN4nnet24compute_output_buffer_2dINS_5arrayI8ap_fixedILi16ELi6EL9ap_q_mode5EL9_885  |  16|   0|   16|          0|
    |p_ZZN4nnet24compute_output_buffer_2dINS_5arrayI8ap_fixedILi16ELi6EL9ap_q_mode5EL9_886  |  16|   0|   16|          0|
    |p_ZZN4nnet24compute_output_buffer_2dINS_5arrayI8ap_fixedILi16ELi6EL9ap_q_mode5EL9_887  |  16|   0|   16|          0|
    |p_ZZN4nnet24compute_output_buffer_2dINS_5arrayI8ap_fixedILi16ELi6EL9ap_q_mode5EL9_888  |  16|   0|   16|          0|
    |p_ZZN4nnet24compute_output_buffer_2dINS_5arrayI8ap_fixedILi16ELi6EL9ap_q_mode5EL9_889  |  16|   0|   16|          0|
    |p_ZZN4nnet24compute_output_buffer_2dINS_5arrayI8ap_fixedILi16ELi6EL9ap_q_mode5EL9_890  |  16|   0|   16|          0|
    |p_ZZN4nnet24compute_output_buffer_2dINS_5arrayI8ap_fixedILi16ELi6EL9ap_q_mode5EL9_891  |  16|   0|   16|          0|
    |p_ZZN4nnet24compute_output_buffer_2dINS_5arrayI8ap_fixedILi16ELi6EL9ap_q_mode5EL9_892  |  16|   0|   16|          0|
    |p_ZZN4nnet24compute_output_buffer_2dINS_5arrayI8ap_fixedILi16ELi6EL9ap_q_mode5EL9_893  |  16|   0|   16|          0|
    |p_ZZN4nnet24compute_output_buffer_2dINS_5arrayI8ap_fixedILi16ELi6EL9ap_q_mode5EL9_894  |  16|   0|   16|          0|
    |p_ZZN4nnet24compute_output_buffer_2dINS_5arrayI8ap_fixedILi16ELi6EL9ap_q_mode5EL9_895  |  16|   0|   16|          0|
    |p_ZZN4nnet24compute_output_buffer_2dINS_5arrayI8ap_fixedILi16ELi6EL9ap_q_mode5EL9_896  |  16|   0|   16|          0|
    |p_ZZN4nnet24compute_output_buffer_2dINS_5arrayI8ap_fixedILi16ELi6EL9ap_q_mode5EL9_897  |  16|   0|   16|          0|
    |sX_7                                                                                   |  32|   0|   32|          0|
    |sY_7                                                                                   |  32|   0|   32|          0|
    |sY_9_loc_1_fu_662                                                                      |  32|   0|   32|          0|
    |start_once_reg                                                                         |   1|   0|    1|          0|
    |void_compute_output_buffer_2d_array_const_ap_shift_reg_n_chan_stream_weig_2            |  16|   0|   16|          0|
    |void_compute_output_buffer_2d_array_const_ap_shift_reg_n_chan_stream_weig_3            |  16|   0|   16|          0|
    |void_compute_output_buffer_2d_array_const_ap_shift_reg_n_chan_stream_weig_4            |  16|   0|   16|          0|
    |void_compute_output_buffer_2d_array_const_ap_shift_reg_n_chan_stream_weig_5            |  16|   0|   16|          0|
    |void_compute_output_buffer_2d_array_const_ap_shift_reg_n_chan_stream_weig_6            |  16|   0|   16|          0|
    |void_compute_output_buffer_2d_array_const_ap_shift_reg_n_chan_stream_weig_7            |  16|   0|   16|          0|
    |and_ln289_3_reg_240368                                                                 |  64|  32|    1|          0|
    |icmp_ln289_reg_240364                                                                  |  64|  32|    1|          0|
    +---------------------------------------------------------------------------------------+----+----+-----+-----------+
    |Total                                                                                  |2403|  64| 2277|          0|
    +---------------------------------------------------------------------------------------+----+----+-----+-----------+



================================================================
== Interface
================================================================
* Summary: 
+----------------------------+-----+-----+------------+------------------------------------------------------------------------+--------------+
|          RTL Ports         | Dir | Bits|  Protocol  |                              Source Object                             |    C Type    |
+----------------------------+-----+-----+------------+------------------------------------------------------------------------+--------------+
|ap_clk                      |   in|    1|  ap_ctrl_hs|  conv_2d_cl<array<ap_fixed,4u>,array<ap_fixed<16,6,5,3,0>,8u>,config12>|  return value|
|ap_rst                      |   in|    1|  ap_ctrl_hs|  conv_2d_cl<array<ap_fixed,4u>,array<ap_fixed<16,6,5,3,0>,8u>,config12>|  return value|
|ap_start                    |   in|    1|  ap_ctrl_hs|  conv_2d_cl<array<ap_fixed,4u>,array<ap_fixed<16,6,5,3,0>,8u>,config12>|  return value|
|start_full_n                |   in|    1|  ap_ctrl_hs|  conv_2d_cl<array<ap_fixed,4u>,array<ap_fixed<16,6,5,3,0>,8u>,config12>|  return value|
|ap_done                     |  out|    1|  ap_ctrl_hs|  conv_2d_cl<array<ap_fixed,4u>,array<ap_fixed<16,6,5,3,0>,8u>,config12>|  return value|
|ap_continue                 |   in|    1|  ap_ctrl_hs|  conv_2d_cl<array<ap_fixed,4u>,array<ap_fixed<16,6,5,3,0>,8u>,config12>|  return value|
|ap_idle                     |  out|    1|  ap_ctrl_hs|  conv_2d_cl<array<ap_fixed,4u>,array<ap_fixed<16,6,5,3,0>,8u>,config12>|  return value|
|ap_ready                    |  out|    1|  ap_ctrl_hs|  conv_2d_cl<array<ap_fixed,4u>,array<ap_fixed<16,6,5,3,0>,8u>,config12>|  return value|
|start_out                   |  out|    1|  ap_ctrl_hs|  conv_2d_cl<array<ap_fixed,4u>,array<ap_fixed<16,6,5,3,0>,8u>,config12>|  return value|
|start_write                 |  out|    1|  ap_ctrl_hs|  conv_2d_cl<array<ap_fixed,4u>,array<ap_fixed<16,6,5,3,0>,8u>,config12>|  return value|
|layer39_out_dout            |   in|   64|     ap_fifo|                                                             layer39_out|       pointer|
|layer39_out_num_data_valid  |   in|    8|     ap_fifo|                                                             layer39_out|       pointer|
|layer39_out_fifo_cap        |   in|    8|     ap_fifo|                                                             layer39_out|       pointer|
|layer39_out_empty_n         |   in|    1|     ap_fifo|                                                             layer39_out|       pointer|
|layer39_out_read            |  out|    1|     ap_fifo|                                                             layer39_out|       pointer|
|layer12_out_din             |  out|  128|     ap_fifo|                                                             layer12_out|       pointer|
|layer12_out_num_data_valid  |   in|    7|     ap_fifo|                                                             layer12_out|       pointer|
|layer12_out_fifo_cap        |   in|    7|     ap_fifo|                                                             layer12_out|       pointer|
|layer12_out_full_n          |   in|    1|     ap_fifo|                                                             layer12_out|       pointer|
|layer12_out_write           |  out|    1|     ap_fifo|                                                             layer12_out|       pointer|
+----------------------------+-----+-----+------------+------------------------------------------------------------------------+--------------+

