

================================================================
== Vitis HLS Report for 'pooling2d_cl_array_array_ap_fixed_16_6_5_3_0_16u_config24_s'
================================================================
* Date:           Tue Jun 13 19:56:12 2023

* Version:        2022.1 (Build 3526262 on Mon Apr 18 15:47:01 MDT 2022)
* Project:        AlexNet_Cifar10_Keras_prj
* Solution:       solution1 (Vivado IP Flow Target)
* Product family: zynquplus
* Target device:  xczu7ev-ffvc1156-2-e


================================================================
== Performance Estimates
================================================================
+ Timing: 
    * Summary: 
    +--------+---------+----------+------------+
    |  Clock |  Target | Estimated| Uncertainty|
    +--------+---------+----------+------------+
    |ap_clk  |  5.00 ns|  3.733 ns|     0.62 ns|
    +--------+---------+----------+------------+

+ Latency: 
    * Summary: 
    +---------+---------+----------+----------+-----+-----+---------+
    |  Latency (cycles) |  Latency (absolute) |  Interval | Pipeline|
    |   min   |   max   |    min   |    max   | min | max |   Type  |
    +---------+---------+----------+----------+-----+-----+---------+
    |       67|       67|  0.335 us|  0.335 us|   67|   67|       no|
    +---------+---------+----------+----------+-----+-----+---------+

    + Detail: 
        * Instance: 
        N/A

        * Loop: 
        +----------------------------------+---------+---------+----------+-----------+-----------+------+----------+
        |                                  |  Latency (cycles) | Iteration|  Initiation Interval  | Trip |          |
        |             Loop Name            |   min   |   max   |  Latency |  achieved |   target  | Count| Pipelined|
        +----------------------------------+---------+---------+----------+-----------+-----------+------+----------+
        |- ReadInputHeight_ReadInputWidth  |       65|       65|         3|          1|          1|    64|       yes|
        +----------------------------------+---------+---------+----------+-----------+-----------+------+----------+



================================================================
== Utilization Estimates
================================================================
* Summary: 
+-----------------+---------+------+--------+--------+-----+
|       Name      | BRAM_18K|  DSP |   FF   |   LUT  | URAM|
+-----------------+---------+------+--------+--------+-----+
|DSP              |        -|     -|       -|       -|    -|
|Expression       |        -|     -|       0|    1833|    -|
|FIFO             |        -|     -|       -|       -|    -|
|Instance         |        -|     -|       -|       -|    -|
|Memory           |        -|     -|    1024|     512|    -|
|Multiplexer      |        -|     -|       -|     108|    -|
|Register         |        -|     -|    1205|       -|    -|
+-----------------+---------+------+--------+--------+-----+
|Total            |        0|     0|    2229|    2453|    0|
+-----------------+---------+------+--------+--------+-----+
|Available        |      624|  1728|  460800|  230400|   96|
+-----------------+---------+------+--------+--------+-----+
|Utilization (%)  |        0|     0|      ~0|       1|    0|
+-----------------+---------+------+--------+--------+-----+

+ Detail: 
    * Instance: 
    N/A

    * DSP: 
    N/A

    * Memory: 
    +----------------------------------------------------------------------------------------+----------------------------------------------------------------------------------+---------+----+----+-----+------+-----+------+-------------+
    |                                         Memory                                         |                                      Module                                      | BRAM_18K| FF | LUT| URAM| Words| Bits| Banks| W*Bits*Banks|
    +----------------------------------------------------------------------------------------+----------------------------------------------------------------------------------+---------+----+----+-----+------+-----+------+-------------+
    |void_pooling2d_cl_stream_stream_array_ap_fixed_16u_0_line_buffer_9_U                    |pooling2d_cl_array_array_ap_fixed_16_6_5_3_0_16u_config24_s_void_pooling2d_clelP  |        0|  64|  32|    0|     8|   16|     1|          128|
    |void_pooling2d_cl_stream_stream_array_ap_fixed_16u_0_line_buffer_8_U                    |pooling2d_cl_array_array_ap_fixed_16_6_5_3_0_16u_config24_s_void_pooling2d_clelP  |        0|  64|  32|    0|     8|   16|     1|          128|
    |void_pooling2d_cl_stream_stream_array_ap_fixed_16u_0_line_buffer_7_U                    |pooling2d_cl_array_array_ap_fixed_16_6_5_3_0_16u_config24_s_void_pooling2d_clelP  |        0|  64|  32|    0|     8|   16|     1|          128|
    |void_pooling2d_cl_stream_stream_array_ap_fixed_16u_0_line_buffer_6_U                    |pooling2d_cl_array_array_ap_fixed_16_6_5_3_0_16u_config24_s_void_pooling2d_clelP  |        0|  64|  32|    0|     8|   16|     1|          128|
    |void_pooling2d_cl_stream_stream_array_ap_fixed_16u_0_line_buffer_5_U                    |pooling2d_cl_array_array_ap_fixed_16_6_5_3_0_16u_config24_s_void_pooling2d_clelP  |        0|  64|  32|    0|     8|   16|     1|          128|
    |void_pooling2d_cl_stream_stream_array_ap_fixed_16u_0_line_buffer_4_U                    |pooling2d_cl_array_array_ap_fixed_16_6_5_3_0_16u_config24_s_void_pooling2d_clelP  |        0|  64|  32|    0|     8|   16|     1|          128|
    |void_pooling2d_cl_stream_stream_array_ap_fixed_16u_0_line_buffer_3_U                    |pooling2d_cl_array_array_ap_fixed_16_6_5_3_0_16u_config24_s_void_pooling2d_clelP  |        0|  64|  32|    0|     8|   16|     1|          128|
    |void_pooling2d_cl_stream_stream_array_ap_fixed_16u_0_line_buffer_2_U                    |pooling2d_cl_array_array_ap_fixed_16_6_5_3_0_16u_config24_s_void_pooling2d_clelP  |        0|  64|  32|    0|     8|   16|     1|          128|
    |void_pooling2d_cl_stream_stream_array_ap_fixed_16u_0_line_buffer_1_U                    |pooling2d_cl_array_array_ap_fixed_16_6_5_3_0_16u_config24_s_void_pooling2d_clelP  |        0|  64|  32|    0|     8|   16|     1|          128|
    |void_pooling2d_cl_stream_stream_array_ap_fixed_16u_0_line_buffer_U                      |pooling2d_cl_array_array_ap_fixed_16_6_5_3_0_16u_config24_s_void_pooling2d_clelP  |        0|  64|  32|    0|     8|   16|     1|          128|
    |p_ZZN4nnet12pooling2d_clINS_5arrayI8ap_fixedILi16ELi6EL9ap_q_mode5EL9ap_o_mode3EL_59_U  |pooling2d_cl_array_array_ap_fixed_16_6_5_3_0_16u_config24_s_void_pooling2d_clelP  |        0|  64|  32|    0|     8|   16|     1|          128|
    |p_ZZN4nnet12pooling2d_clINS_5arrayI8ap_fixedILi16ELi6EL9ap_q_mode5EL9ap_o_mode3EL_58_U  |pooling2d_cl_array_array_ap_fixed_16_6_5_3_0_16u_config24_s_void_pooling2d_clelP  |        0|  64|  32|    0|     8|   16|     1|          128|
    |p_ZZN4nnet12pooling2d_clINS_5arrayI8ap_fixedILi16ELi6EL9ap_q_mode5EL9ap_o_mode3EL_57_U  |pooling2d_cl_array_array_ap_fixed_16_6_5_3_0_16u_config24_s_void_pooling2d_clelP  |        0|  64|  32|    0|     8|   16|     1|          128|
    |p_ZZN4nnet12pooling2d_clINS_5arrayI8ap_fixedILi16ELi6EL9ap_q_mode5EL9ap_o_mode3EL_56_U  |pooling2d_cl_array_array_ap_fixed_16_6_5_3_0_16u_config24_s_void_pooling2d_clelP  |        0|  64|  32|    0|     8|   16|     1|          128|
    |p_ZZN4nnet12pooling2d_clINS_5arrayI8ap_fixedILi16ELi6EL9ap_q_mode5EL9ap_o_mode3EL_55_U  |pooling2d_cl_array_array_ap_fixed_16_6_5_3_0_16u_config24_s_void_pooling2d_clelP  |        0|  64|  32|    0|     8|   16|     1|          128|
    |p_ZZN4nnet12pooling2d_clINS_5arrayI8ap_fixedILi16ELi6EL9ap_q_mode5EL9ap_o_mode3EL_54_U  |pooling2d_cl_array_array_ap_fixed_16_6_5_3_0_16u_config24_s_void_pooling2d_clelP  |        0|  64|  32|    0|     8|   16|     1|          128|
    +----------------------------------------------------------------------------------------+----------------------------------------------------------------------------------+---------+----+----+-----+------+-----+------+-------------+
    |Total                                                                                   |                                                                                  |        0|1024| 512|    0|   128|  256|    16|         2048|
    +----------------------------------------------------------------------------------------+----------------------------------------------------------------------------------+---------+----+----+-----+------+-----+------+-------------+

    * FIFO: 
    N/A

    * Expression: 
    +----------------------------------+----------+----+---+----+------------+------------+
    |           Variable Name          | Operation| DSP| FF| LUT| Bitwidth P0| Bitwidth P1|
    +----------------------------------+----------+----+---+----+------------+------------+
    |add_ln109_fu_286_p2               |         +|   0|  0|  14|           7|           1|
    |add_ln76_fu_322_p2                |         +|   0|  0|  39|          32|           1|
    |add_ln80_fu_376_p2                |         +|   0|  0|  39|          32|           1|
    |add_ln86_fu_1717_p2               |         +|   0|  0|  39|          32|          32|
    |add_ln91_fu_348_p2                |         +|   0|  0|  39|          32|          32|
    |and_ln55_2_fu_1053_p2             |       and|   0|  0|   2|           1|           1|
    |and_ln55_fu_1049_p2               |       and|   0|  0|   2|           1|           1|
    |ap_block_state3_pp0_stage0_iter2  |       and|   0|  0|   2|           1|           1|
    |ap_condition_390                  |       and|   0|  0|   2|           1|           1|
    |ap_condition_392                  |       and|   0|  0|   2|           1|           1|
    |ap_condition_416                  |       and|   0|  0|   2|           1|           1|
    |ap_condition_529                  |       and|   0|  0|   2|           1|           1|
    |ap_predicate_op300_write_state3   |       and|   0|  0|   2|           1|           1|
    |icmp_ln109_fu_280_p2              |      icmp|   0|  0|  11|           7|           8|
    |icmp_ln1697_211_fu_1079_p2        |      icmp|   0|  0|  13|          16|          16|
    |icmp_ln1697_212_fu_1730_p2        |      icmp|   0|  0|  13|          16|          16|
    |icmp_ln1697_213_fu_1099_p2        |      icmp|   0|  0|  13|          16|          16|
    |icmp_ln1697_214_fu_1119_p2        |      icmp|   0|  0|  13|          16|          16|
    |icmp_ln1697_215_fu_1746_p2        |      icmp|   0|  0|  13|          16|          16|
    |icmp_ln1697_216_fu_1139_p2        |      icmp|   0|  0|  13|          16|          16|
    |icmp_ln1697_217_fu_1159_p2        |      icmp|   0|  0|  13|          16|          16|
    |icmp_ln1697_218_fu_1762_p2        |      icmp|   0|  0|  13|          16|          16|
    |icmp_ln1697_219_fu_1179_p2        |      icmp|   0|  0|  13|          16|          16|
    |icmp_ln1697_220_fu_1199_p2        |      icmp|   0|  0|  13|          16|          16|
    |icmp_ln1697_221_fu_1778_p2        |      icmp|   0|  0|  13|          16|          16|
    |icmp_ln1697_222_fu_1219_p2        |      icmp|   0|  0|  13|          16|          16|
    |icmp_ln1697_223_fu_1239_p2        |      icmp|   0|  0|  13|          16|          16|
    |icmp_ln1697_224_fu_1794_p2        |      icmp|   0|  0|  13|          16|          16|
    |icmp_ln1697_225_fu_1259_p2        |      icmp|   0|  0|  13|          16|          16|
    |icmp_ln1697_226_fu_1279_p2        |      icmp|   0|  0|  13|          16|          16|
    |icmp_ln1697_227_fu_1810_p2        |      icmp|   0|  0|  13|          16|          16|
    |icmp_ln1697_228_fu_1299_p2        |      icmp|   0|  0|  13|          16|          16|
    |icmp_ln1697_229_fu_1319_p2        |      icmp|   0|  0|  13|          16|          16|
    |icmp_ln1697_230_fu_1826_p2        |      icmp|   0|  0|  13|          16|          16|
    |icmp_ln1697_231_fu_1339_p2        |      icmp|   0|  0|  13|          16|          16|
    |icmp_ln1697_232_fu_1359_p2        |      icmp|   0|  0|  13|          16|          16|
    |icmp_ln1697_233_fu_1842_p2        |      icmp|   0|  0|  13|          16|          16|
    |icmp_ln1697_234_fu_1379_p2        |      icmp|   0|  0|  13|          16|          16|
    |icmp_ln1697_235_fu_1399_p2        |      icmp|   0|  0|  13|          16|          16|
    |icmp_ln1697_236_fu_1858_p2        |      icmp|   0|  0|  13|          16|          16|
    |icmp_ln1697_237_fu_1419_p2        |      icmp|   0|  0|  13|          16|          16|
    |icmp_ln1697_238_fu_1439_p2        |      icmp|   0|  0|  13|          16|          16|
    |icmp_ln1697_239_fu_1874_p2        |      icmp|   0|  0|  13|          16|          16|
    |icmp_ln1697_240_fu_1459_p2        |      icmp|   0|  0|  13|          16|          16|
    |icmp_ln1697_241_fu_1479_p2        |      icmp|   0|  0|  13|          16|          16|
    |icmp_ln1697_242_fu_1890_p2        |      icmp|   0|  0|  13|          16|          16|
    |icmp_ln1697_243_fu_1499_p2        |      icmp|   0|  0|  13|          16|          16|
    |icmp_ln1697_244_fu_1519_p2        |      icmp|   0|  0|  13|          16|          16|
    |icmp_ln1697_245_fu_1906_p2        |      icmp|   0|  0|  13|          16|          16|
    |icmp_ln1697_246_fu_1539_p2        |      icmp|   0|  0|  13|          16|          16|
    |icmp_ln1697_247_fu_1559_p2        |      icmp|   0|  0|  13|          16|          16|
    |icmp_ln1697_248_fu_1922_p2        |      icmp|   0|  0|  13|          16|          16|
    |icmp_ln1697_249_fu_1579_p2        |      icmp|   0|  0|  13|          16|          16|
    |icmp_ln1697_250_fu_1599_p2        |      icmp|   0|  0|  13|          16|          16|
    |icmp_ln1697_251_fu_1938_p2        |      icmp|   0|  0|  13|          16|          16|
    |icmp_ln1697_252_fu_1619_p2        |      icmp|   0|  0|  13|          16|          16|
    |icmp_ln1697_253_fu_1639_p2        |      icmp|   0|  0|  13|          16|          16|
    |icmp_ln1697_254_fu_1954_p2        |      icmp|   0|  0|  13|          16|          16|
    |icmp_ln1697_255_fu_1659_p2        |      icmp|   0|  0|  13|          16|          16|
    |icmp_ln1697_256_fu_1679_p2        |      icmp|   0|  0|  13|          16|          16|
    |icmp_ln1697_257_fu_1970_p2        |      icmp|   0|  0|  13|          16|          16|
    |icmp_ln1697_fu_1059_p2            |      icmp|   0|  0|  13|          16|          16|
    |icmp_ln55_4_fu_1043_p2            |      icmp|   0|  0|  20|          32|           1|
    |icmp_ln55_5_fu_310_p2             |      icmp|   0|  0|  20|          32|           1|
    |icmp_ln55_6_fu_316_p2             |      icmp|   0|  0|  20|          32|           1|
    |icmp_ln55_fu_296_p2               |      icmp|   0|  0|  20|          32|           1|
    |icmp_ln76_fu_328_p2               |      icmp|   0|  0|  20|          32|           4|
    |icmp_ln80_fu_382_p2               |      icmp|   0|  0|  20|          32|           4|
    |icmp_ln86_fu_1703_p2              |      icmp|   0|  0|  20|          32|           1|
    |ap_block_pp0_stage0_01001         |        or|   0|  0|   2|           1|           1|
    |res_pack_data_7_fu_1756_p3        |    select|   0|  0|  16|           1|          16|
    |res_pack_data_8_fu_1772_p3        |    select|   0|  0|  16|           1|          16|
    |res_pack_data_9_fu_1788_p3        |    select|   0|  0|  16|           1|          16|
    |res_pack_data_fu_1740_p3          |    select|   0|  0|  16|           1|          16|
    |select_ln65_204_fu_1091_p3        |    select|   0|  0|  16|           1|          16|
    |select_ln65_206_fu_1111_p3        |    select|   0|  0|  16|           1|          16|
    |select_ln65_207_fu_1131_p3        |    select|   0|  0|  16|           1|          16|
    |select_ln65_209_fu_1151_p3        |    select|   0|  0|  16|           1|          16|
    |select_ln65_210_fu_1171_p3        |    select|   0|  0|  16|           1|          16|
    |select_ln65_212_fu_1191_p3        |    select|   0|  0|  16|           1|          16|
    |select_ln65_213_fu_1211_p3        |    select|   0|  0|  16|           1|          16|
    |select_ln65_215_fu_1231_p3        |    select|   0|  0|  16|           1|          16|
    |select_ln65_216_fu_1251_p3        |    select|   0|  0|  16|           1|          16|
    |select_ln65_217_fu_1804_p3        |    select|   0|  0|  16|           1|          16|
    |select_ln65_218_fu_1271_p3        |    select|   0|  0|  16|           1|          16|
    |select_ln65_219_fu_1291_p3        |    select|   0|  0|  16|           1|          16|
    |select_ln65_220_fu_1820_p3        |    select|   0|  0|  16|           1|          16|
    |select_ln65_221_fu_1311_p3        |    select|   0|  0|  16|           1|          16|
    |select_ln65_222_fu_1331_p3        |    select|   0|  0|  16|           1|          16|
    |select_ln65_223_fu_1836_p3        |    select|   0|  0|  16|           1|          16|
    |select_ln65_224_fu_1351_p3        |    select|   0|  0|  16|           1|          16|
    |select_ln65_225_fu_1371_p3        |    select|   0|  0|  16|           1|          16|
    |select_ln65_226_fu_1852_p3        |    select|   0|  0|  16|           1|          16|
    |select_ln65_227_fu_1391_p3        |    select|   0|  0|  16|           1|          16|
    |select_ln65_228_fu_1411_p3        |    select|   0|  0|  16|           1|          16|
    |select_ln65_229_fu_1868_p3        |    select|   0|  0|  16|           1|          16|
    |select_ln65_230_fu_1431_p3        |    select|   0|  0|  16|           1|          16|
    |select_ln65_231_fu_1451_p3        |    select|   0|  0|  16|           1|          16|
    |select_ln65_232_fu_1884_p3        |    select|   0|  0|  16|           1|          16|
    |select_ln65_233_fu_1471_p3        |    select|   0|  0|  16|           1|          16|
    |select_ln65_234_fu_1491_p3        |    select|   0|  0|  16|           1|          16|
    |select_ln65_235_fu_1900_p3        |    select|   0|  0|  16|           1|          16|
    |select_ln65_236_fu_1511_p3        |    select|   0|  0|  16|           1|          16|
    |select_ln65_237_fu_1531_p3        |    select|   0|  0|  16|           1|          16|
    |select_ln65_238_fu_1916_p3        |    select|   0|  0|  16|           1|          16|
    |select_ln65_239_fu_1551_p3        |    select|   0|  0|  16|           1|          16|
    |select_ln65_240_fu_1571_p3        |    select|   0|  0|  16|           1|          16|
    |select_ln65_241_fu_1932_p3        |    select|   0|  0|  16|           1|          16|
    |select_ln65_242_fu_1591_p3        |    select|   0|  0|  16|           1|          16|
    |select_ln65_243_fu_1611_p3        |    select|   0|  0|  16|           1|          16|
    |select_ln65_244_fu_1948_p3        |    select|   0|  0|  16|           1|          16|
    |select_ln65_245_fu_1631_p3        |    select|   0|  0|  16|           1|          16|
    |select_ln65_246_fu_1651_p3        |    select|   0|  0|  16|           1|          16|
    |select_ln65_247_fu_1964_p3        |    select|   0|  0|  16|           1|          16|
    |select_ln65_248_fu_1671_p3        |    select|   0|  0|  16|           1|          16|
    |select_ln65_249_fu_1691_p3        |    select|   0|  0|  16|           1|          16|
    |select_ln65_250_fu_1980_p3        |    select|   0|  0|  16|           1|          16|
    |select_ln65_fu_1071_p3            |    select|   0|  0|  16|           1|          16|
    |select_ln86_fu_1709_p3            |    select|   0|  0|   2|           1|           2|
    |select_ln91_fu_340_p3             |    select|   0|  0|   2|           1|           2|
    |ap_enable_pp0                     |       xor|   0|  0|   2|           1|           2|
    |xor_ln1697_211_fu_1085_p2         |       xor|   0|  0|   2|           1|           2|
    |xor_ln1697_212_fu_1734_p2         |       xor|   0|  0|   2|           1|           2|
    |xor_ln1697_213_fu_1105_p2         |       xor|   0|  0|   2|           1|           2|
    |xor_ln1697_214_fu_1125_p2         |       xor|   0|  0|   2|           1|           2|
    |xor_ln1697_215_fu_1750_p2         |       xor|   0|  0|   2|           1|           2|
    |xor_ln1697_216_fu_1145_p2         |       xor|   0|  0|   2|           1|           2|
    |xor_ln1697_217_fu_1165_p2         |       xor|   0|  0|   2|           1|           2|
    |xor_ln1697_218_fu_1766_p2         |       xor|   0|  0|   2|           1|           2|
    |xor_ln1697_219_fu_1185_p2         |       xor|   0|  0|   2|           1|           2|
    |xor_ln1697_220_fu_1205_p2         |       xor|   0|  0|   2|           1|           2|
    |xor_ln1697_221_fu_1782_p2         |       xor|   0|  0|   2|           1|           2|
    |xor_ln1697_222_fu_1225_p2         |       xor|   0|  0|   2|           1|           2|
    |xor_ln1697_223_fu_1245_p2         |       xor|   0|  0|   2|           1|           2|
    |xor_ln1697_224_fu_1798_p2         |       xor|   0|  0|   2|           1|           2|
    |xor_ln1697_225_fu_1265_p2         |       xor|   0|  0|   2|           1|           2|
    |xor_ln1697_226_fu_1285_p2         |       xor|   0|  0|   2|           1|           2|
    |xor_ln1697_227_fu_1814_p2         |       xor|   0|  0|   2|           1|           2|
    |xor_ln1697_228_fu_1305_p2         |       xor|   0|  0|   2|           1|           2|
    |xor_ln1697_229_fu_1325_p2         |       xor|   0|  0|   2|           1|           2|
    |xor_ln1697_230_fu_1830_p2         |       xor|   0|  0|   2|           1|           2|
    |xor_ln1697_231_fu_1345_p2         |       xor|   0|  0|   2|           1|           2|
    |xor_ln1697_232_fu_1365_p2         |       xor|   0|  0|   2|           1|           2|
    |xor_ln1697_233_fu_1846_p2         |       xor|   0|  0|   2|           1|           2|
    |xor_ln1697_234_fu_1385_p2         |       xor|   0|  0|   2|           1|           2|
    |xor_ln1697_235_fu_1405_p2         |       xor|   0|  0|   2|           1|           2|
    |xor_ln1697_236_fu_1862_p2         |       xor|   0|  0|   2|           1|           2|
    |xor_ln1697_237_fu_1425_p2         |       xor|   0|  0|   2|           1|           2|
    |xor_ln1697_238_fu_1445_p2         |       xor|   0|  0|   2|           1|           2|
    |xor_ln1697_239_fu_1878_p2         |       xor|   0|  0|   2|           1|           2|
    |xor_ln1697_240_fu_1465_p2         |       xor|   0|  0|   2|           1|           2|
    |xor_ln1697_241_fu_1485_p2         |       xor|   0|  0|   2|           1|           2|
    |xor_ln1697_242_fu_1894_p2         |       xor|   0|  0|   2|           1|           2|
    |xor_ln1697_243_fu_1505_p2         |       xor|   0|  0|   2|           1|           2|
    |xor_ln1697_244_fu_1525_p2         |       xor|   0|  0|   2|           1|           2|
    |xor_ln1697_245_fu_1910_p2         |       xor|   0|  0|   2|           1|           2|
    |xor_ln1697_246_fu_1545_p2         |       xor|   0|  0|   2|           1|           2|
    |xor_ln1697_247_fu_1565_p2         |       xor|   0|  0|   2|           1|           2|
    |xor_ln1697_248_fu_1926_p2         |       xor|   0|  0|   2|           1|           2|
    |xor_ln1697_249_fu_1585_p2         |       xor|   0|  0|   2|           1|           2|
    |xor_ln1697_250_fu_1605_p2         |       xor|   0|  0|   2|           1|           2|
    |xor_ln1697_251_fu_1942_p2         |       xor|   0|  0|   2|           1|           2|
    |xor_ln1697_252_fu_1625_p2         |       xor|   0|  0|   2|           1|           2|
    |xor_ln1697_253_fu_1645_p2         |       xor|   0|  0|   2|           1|           2|
    |xor_ln1697_254_fu_1958_p2         |       xor|   0|  0|   2|           1|           2|
    |xor_ln1697_255_fu_1665_p2         |       xor|   0|  0|   2|           1|           2|
    |xor_ln1697_256_fu_1685_p2         |       xor|   0|  0|   2|           1|           2|
    |xor_ln1697_257_fu_1974_p2         |       xor|   0|  0|   2|           1|           2|
    |xor_ln1697_fu_1065_p2             |       xor|   0|  0|   2|           1|           2|
    +----------------------------------+----------+----+---+----+------------+------------+
    |Total                             |          |   0|  0|1833|        1242|        1735|
    +----------------------------------+----------+----+---+----+------------+------------+

    * Multiplexer: 
    +-----------------------------------------+----+-----------+-----+-----------+
    |                   Name                  | LUT| Input Size| Bits| Total Bits|
    +-----------------------------------------+----+-----------+-----+-----------+
    |ap_done_int                              |   9|          2|    1|          2|
    |ap_enable_reg_pp0_iter1                  |   9|          2|    1|          2|
    |ap_phi_mux_storemerge_phi_fu_265_p4      |   9|          2|   32|         64|
    |ap_phi_reg_pp0_iter1_storemerge_reg_261  |   9|          2|   32|         64|
    |ap_sig_allocacmp_indvar_flatten_load     |   9|          2|    7|         14|
    |indvar_flatten_fu_244                    |   9|          2|    7|         14|
    |layer23_out_blk_n                        |   9|          2|    1|          2|
    |layer24_out_blk_n                        |   9|          2|    1|          2|
    |pX_4                                     |   9|          2|   32|         64|
    |pY_4                                     |   9|          2|   32|         64|
    |real_start                               |   9|          2|    1|          2|
    |sX_4                                     |   9|          2|   32|         64|
    +-----------------------------------------+----+-----------+-----+-----------+
    |Total                                    | 108|         24|  179|        358|
    +-----------------------------------------+----+-----------+-----+-----------+

    * Register: 
    +---------------------------------------------------------------------------------------+----+----+-----+-----------+
    |                                          Name                                         | FF | LUT| Bits| Const Bits|
    +---------------------------------------------------------------------------------------+----+----+-----+-----------+
    |and_ln55_2_reg_2056                                                                    |   1|   0|    1|          0|
    |ap_CS_fsm                                                                              |   1|   0|    1|          0|
    |ap_done_reg                                                                            |   1|   0|    1|          0|
    |ap_enable_reg_pp0_iter1                                                                |   1|   0|    1|          0|
    |ap_enable_reg_pp0_iter2                                                                |   1|   0|    1|          0|
    |ap_loop_exit_ready_pp0_iter1_reg                                                       |   1|   0|    1|          0|
    |ap_phi_reg_pp0_iter1_storemerge_reg_261                                                |  32|   0|   32|          0|
    |icmp_ln109_reg_2030                                                                    |   1|   0|    1|          0|
    |icmp_ln55_5_reg_2038                                                                   |   1|   0|    1|          0|
    |icmp_ln55_6_reg_2043                                                                   |   1|   0|    1|          0|
    |icmp_ln55_reg_2034                                                                     |   1|   0|    1|          0|
    |icmp_ln55_reg_2034_pp0_iter1_reg                                                       |   1|   0|    1|          0|
    |icmp_ln76_reg_2048                                                                     |   1|   0|    1|          0|
    |icmp_ln80_reg_2052                                                                     |   1|   0|    1|          0|
    |indvar_flatten_fu_244                                                                  |   7|   0|    7|          0|
    |pX_4                                                                                   |  32|   0|   32|          0|
    |pY_4                                                                                   |  32|   0|   32|          0|
    |p_ZZN4nnet22compute_pool_buffer_2dINS_5arrayI8ap_fixedILi16ELi6EL9ap_q_mode5EL9ap_163  |  16|   0|   16|          0|
    |p_ZZN4nnet22compute_pool_buffer_2dINS_5arrayI8ap_fixedILi16ELi6EL9ap_q_mode5EL9ap_164  |  16|   0|   16|          0|
    |p_ZZN4nnet22compute_pool_buffer_2dINS_5arrayI8ap_fixedILi16ELi6EL9ap_q_mode5EL9ap_165  |  16|   0|   16|          0|
    |p_ZZN4nnet22compute_pool_buffer_2dINS_5arrayI8ap_fixedILi16ELi6EL9ap_q_mode5EL9ap_166  |  16|   0|   16|          0|
    |p_ZZN4nnet22compute_pool_buffer_2dINS_5arrayI8ap_fixedILi16ELi6EL9ap_q_mode5EL9ap_167  |  16|   0|   16|          0|
    |p_ZZN4nnet22compute_pool_buffer_2dINS_5arrayI8ap_fixedILi16ELi6EL9ap_q_mode5EL9ap_168  |  16|   0|   16|          0|
    |p_ZZN4nnet22compute_pool_buffer_2dINS_5arrayI8ap_fixedILi16ELi6EL9ap_q_mode5EL9ap_169  |  16|   0|   16|          0|
    |p_ZZN4nnet22compute_pool_buffer_2dINS_5arrayI8ap_fixedILi16ELi6EL9ap_q_mode5EL9ap_170  |  16|   0|   16|          0|
    |p_ZZN4nnet22compute_pool_buffer_2dINS_5arrayI8ap_fixedILi16ELi6EL9ap_q_mode5EL9ap_171  |  16|   0|   16|          0|
    |p_ZZN4nnet22compute_pool_buffer_2dINS_5arrayI8ap_fixedILi16ELi6EL9ap_q_mode5EL9ap_172  |  16|   0|   16|          0|
    |p_ZZN4nnet22compute_pool_buffer_2dINS_5arrayI8ap_fixedILi16ELi6EL9ap_q_mode5EL9ap_173  |  16|   0|   16|          0|
    |p_ZZN4nnet22compute_pool_buffer_2dINS_5arrayI8ap_fixedILi16ELi6EL9ap_q_mode5EL9ap_174  |  16|   0|   16|          0|
    |p_ZZN4nnet22compute_pool_buffer_2dINS_5arrayI8ap_fixedILi16ELi6EL9ap_q_mode5EL9ap_175  |  16|   0|   16|          0|
    |p_ZZN4nnet22compute_pool_buffer_2dINS_5arrayI8ap_fixedILi16ELi6EL9ap_q_mode5EL9ap_176  |  16|   0|   16|          0|
    |p_ZZN4nnet22compute_pool_buffer_2dINS_5arrayI8ap_fixedILi16ELi6EL9ap_q_mode5EL9ap_177  |  16|   0|   16|          0|
    |p_ZZN4nnet22compute_pool_buffer_2dINS_5arrayI8ap_fixedILi16ELi6EL9ap_q_mode5EL9ap_178  |  16|   0|   16|          0|
    |p_ZZN4nnet22compute_pool_buffer_2dINS_5arrayI8ap_fixedILi16ELi6EL9ap_q_mode5EL9ap_179  |  16|   0|   16|          0|
    |p_ZZN4nnet22compute_pool_buffer_2dINS_5arrayI8ap_fixedILi16ELi6EL9ap_q_mode5EL9ap_180  |  16|   0|   16|          0|
    |p_ZZN4nnet22compute_pool_buffer_2dINS_5arrayI8ap_fixedILi16ELi6EL9ap_q_mode5EL9ap_181  |  16|   0|   16|          0|
    |p_ZZN4nnet22compute_pool_buffer_2dINS_5arrayI8ap_fixedILi16ELi6EL9ap_q_mode5EL9ap_182  |  16|   0|   16|          0|
    |p_ZZN4nnet22compute_pool_buffer_2dINS_5arrayI8ap_fixedILi16ELi6EL9ap_q_mode5EL9ap_183  |  16|   0|   16|          0|
    |p_ZZN4nnet22compute_pool_buffer_2dINS_5arrayI8ap_fixedILi16ELi6EL9ap_q_mode5EL9ap_184  |  16|   0|   16|          0|
    |p_ZZN4nnet22compute_pool_buffer_2dINS_5arrayI8ap_fixedILi16ELi6EL9ap_q_mode5EL9ap_185  |  16|   0|   16|          0|
    |p_ZZN4nnet22compute_pool_buffer_2dINS_5arrayI8ap_fixedILi16ELi6EL9ap_q_mode5EL9ap_186  |  16|   0|   16|          0|
    |p_ZZN4nnet22compute_pool_buffer_2dINS_5arrayI8ap_fixedILi16ELi6EL9ap_q_mode5EL9ap_187  |  16|   0|   16|          0|
    |p_ZZN4nnet22compute_pool_buffer_2dINS_5arrayI8ap_fixedILi16ELi6EL9ap_q_mode5EL9ap_188  |  16|   0|   16|          0|
    |p_ZZN4nnet22compute_pool_buffer_2dINS_5arrayI8ap_fixedILi16ELi6EL9ap_q_mode5EL9ap_189  |  16|   0|   16|          0|
    |p_ZZN4nnet22compute_pool_buffer_2dINS_5arrayI8ap_fixedILi16ELi6EL9ap_q_mode5EL9ap_190  |  16|   0|   16|          0|
    |p_ZZN4nnet22compute_pool_buffer_2dINS_5arrayI8ap_fixedILi16ELi6EL9ap_q_mode5EL9ap_191  |  16|   0|   16|          0|
    |p_ZZN4nnet22compute_pool_buffer_2dINS_5arrayI8ap_fixedILi16ELi6EL9ap_q_mode5EL9ap_192  |  16|   0|   16|          0|
    |p_ZZN4nnet22compute_pool_buffer_2dINS_5arrayI8ap_fixedILi16ELi6EL9ap_q_mode5EL9ap_193  |  16|   0|   16|          0|
    |p_ZZN4nnet22compute_pool_buffer_2dINS_5arrayI8ap_fixedILi16ELi6EL9ap_q_mode5EL9ap_194  |  16|   0|   16|          0|
    |sX_4                                                                                   |  32|   0|   32|          0|
    |sY_4                                                                                   |  32|   0|   32|          0|
    |select_ln65_204_reg_2066                                                               |  16|   0|   16|          0|
    |select_ln65_206_reg_2072                                                               |  16|   0|   16|          0|
    |select_ln65_207_reg_2078                                                               |  16|   0|   16|          0|
    |select_ln65_209_reg_2084                                                               |  16|   0|   16|          0|
    |select_ln65_210_reg_2090                                                               |  16|   0|   16|          0|
    |select_ln65_212_reg_2096                                                               |  16|   0|   16|          0|
    |select_ln65_213_reg_2102                                                               |  16|   0|   16|          0|
    |select_ln65_215_reg_2108                                                               |  16|   0|   16|          0|
    |select_ln65_216_reg_2114                                                               |  16|   0|   16|          0|
    |select_ln65_218_reg_2120                                                               |  16|   0|   16|          0|
    |select_ln65_219_reg_2126                                                               |  16|   0|   16|          0|
    |select_ln65_221_reg_2132                                                               |  16|   0|   16|          0|
    |select_ln65_222_reg_2138                                                               |  16|   0|   16|          0|
    |select_ln65_224_reg_2144                                                               |  16|   0|   16|          0|
    |select_ln65_225_reg_2150                                                               |  16|   0|   16|          0|
    |select_ln65_227_reg_2156                                                               |  16|   0|   16|          0|
    |select_ln65_228_reg_2162                                                               |  16|   0|   16|          0|
    |select_ln65_230_reg_2168                                                               |  16|   0|   16|          0|
    |select_ln65_231_reg_2174                                                               |  16|   0|   16|          0|
    |select_ln65_233_reg_2180                                                               |  16|   0|   16|          0|
    |select_ln65_234_reg_2186                                                               |  16|   0|   16|          0|
    |select_ln65_236_reg_2192                                                               |  16|   0|   16|          0|
    |select_ln65_237_reg_2198                                                               |  16|   0|   16|          0|
    |select_ln65_239_reg_2204                                                               |  16|   0|   16|          0|
    |select_ln65_240_reg_2210                                                               |  16|   0|   16|          0|
    |select_ln65_242_reg_2216                                                               |  16|   0|   16|          0|
    |select_ln65_243_reg_2222                                                               |  16|   0|   16|          0|
    |select_ln65_245_reg_2228                                                               |  16|   0|   16|          0|
    |select_ln65_246_reg_2234                                                               |  16|   0|   16|          0|
    |select_ln65_248_reg_2240                                                               |  16|   0|   16|          0|
    |select_ln65_249_reg_2246                                                               |  16|   0|   16|          0|
    |select_ln65_reg_2060                                                                   |  16|   0|   16|          0|
    |start_once_reg                                                                         |   1|   0|    1|          0|
    +---------------------------------------------------------------------------------------+----+----+-----+-----------+
    |Total                                                                                  |1205|   0| 1205|          0|
    +---------------------------------------------------------------------------------------+----+----+-----+-----------+



================================================================
== Interface
================================================================
* Summary: 
+----------------------------+-----+-----+------------+--------------------------------------------------------------+--------------+
|          RTL Ports         | Dir | Bits|  Protocol  |                         Source Object                        |    C Type    |
+----------------------------+-----+-----+------------+--------------------------------------------------------------+--------------+
|ap_clk                      |   in|    1|  ap_ctrl_hs|  pooling2d_cl<array,array<ap_fixed<16,6,5,3,0>,16u>,config24>|  return value|
|ap_rst                      |   in|    1|  ap_ctrl_hs|  pooling2d_cl<array,array<ap_fixed<16,6,5,3,0>,16u>,config24>|  return value|
|ap_start                    |   in|    1|  ap_ctrl_hs|  pooling2d_cl<array,array<ap_fixed<16,6,5,3,0>,16u>,config24>|  return value|
|start_full_n                |   in|    1|  ap_ctrl_hs|  pooling2d_cl<array,array<ap_fixed<16,6,5,3,0>,16u>,config24>|  return value|
|ap_done                     |  out|    1|  ap_ctrl_hs|  pooling2d_cl<array,array<ap_fixed<16,6,5,3,0>,16u>,config24>|  return value|
|ap_continue                 |   in|    1|  ap_ctrl_hs|  pooling2d_cl<array,array<ap_fixed<16,6,5,3,0>,16u>,config24>|  return value|
|ap_idle                     |  out|    1|  ap_ctrl_hs|  pooling2d_cl<array,array<ap_fixed<16,6,5,3,0>,16u>,config24>|  return value|
|ap_ready                    |  out|    1|  ap_ctrl_hs|  pooling2d_cl<array,array<ap_fixed<16,6,5,3,0>,16u>,config24>|  return value|
|start_out                   |  out|    1|  ap_ctrl_hs|  pooling2d_cl<array,array<ap_fixed<16,6,5,3,0>,16u>,config24>|  return value|
|start_write                 |  out|    1|  ap_ctrl_hs|  pooling2d_cl<array,array<ap_fixed<16,6,5,3,0>,16u>,config24>|  return value|
|layer23_out_dout            |   in|  256|     ap_fifo|                                                   layer23_out|       pointer|
|layer23_out_num_data_valid  |   in|    7|     ap_fifo|                                                   layer23_out|       pointer|
|layer23_out_fifo_cap        |   in|    7|     ap_fifo|                                                   layer23_out|       pointer|
|layer23_out_empty_n         |   in|    1|     ap_fifo|                                                   layer23_out|       pointer|
|layer23_out_read            |  out|    1|     ap_fifo|                                                   layer23_out|       pointer|
|layer24_out_din             |  out|  256|     ap_fifo|                                                   layer24_out|       pointer|
|layer24_out_num_data_valid  |   in|    5|     ap_fifo|                                                   layer24_out|       pointer|
|layer24_out_fifo_cap        |   in|    5|     ap_fifo|                                                   layer24_out|       pointer|
|layer24_out_full_n          |   in|    1|     ap_fifo|                                                   layer24_out|       pointer|
|layer24_out_write           |  out|    1|     ap_fifo|                                                   layer24_out|       pointer|
+----------------------------+-----+-----+------------+--------------------------------------------------------------+--------------+

