

================================================================
== Vitis HLS Report for 'relu_array_ap_fixed_64u_array_ap_fixed_16_6_5_3_0_64u_relu_config5_s'
================================================================
* Date:           Tue Jun 13 19:51:28 2023

* Version:        2022.1 (Build 3526262 on Mon Apr 18 15:47:01 MDT 2022)
* Project:        AlexNet_Cifar10_Keras_prj
* Solution:       solution1 (Vivado IP Flow Target)
* Product family: zynquplus
* Target device:  xczu7ev-ffvc1156-2-e


================================================================
== Performance Estimates
================================================================
+ Timing: 
    * Summary: 
    +--------+---------+----------+------------+
    |  Clock |  Target | Estimated| Uncertainty|
    +--------+---------+----------+------------+
    |ap_clk  |  5.00 ns|  3.147 ns|     0.62 ns|
    +--------+---------+----------+------------+

+ Latency: 
    * Summary: 
    +---------+---------+----------+----------+------+------+---------+
    |  Latency (cycles) |  Latency (absolute) |   Interval  | Pipeline|
    |   min   |   max   |    min   |    max   |  min |  max |   Type  |
    +---------+---------+----------+----------+------+------+---------+
    |     1027|     1027|  5.135 us|  5.135 us|  1027|  1027|       no|
    +---------+---------+----------+----------+------+------+---------+

    + Detail: 
        * Instance: 
        N/A

        * Loop: 
        +---------------+---------+---------+----------+-----------+-----------+------+----------+
        |               |  Latency (cycles) | Iteration|  Initiation Interval  | Trip |          |
        |   Loop Name   |   min   |   max   |  Latency |  achieved |   target  | Count| Pipelined|
        +---------------+---------+---------+----------+-----------+-----------+------+----------+
        |- ReLUActLoop  |     1025|     1025|         3|          1|          1|  1024|       yes|
        +---------------+---------+---------+----------+-----------+-----------+------+----------+



================================================================
== Utilization Estimates
================================================================
* Summary: 
+-----------------+---------+------+--------+--------+-----+
|       Name      | BRAM_18K|  DSP |   FF   |   LUT  | URAM|
+-----------------+---------+------+--------+--------+-----+
|DSP              |        -|     -|       -|       -|    -|
|Expression       |        -|     -|       0|    1828|    -|
|FIFO             |        -|     -|       -|       -|    -|
|Instance         |        -|     -|       -|       -|    -|
|Memory           |        -|     -|       -|       -|    -|
|Multiplexer      |        -|     -|       -|      63|    -|
|Register         |        -|     -|     977|       -|    -|
+-----------------+---------+------+--------+--------+-----+
|Total            |        0|     0|     977|    1891|    0|
+-----------------+---------+------+--------+--------+-----+
|Available        |      624|  1728|  460800|  230400|   96|
+-----------------+---------+------+--------+--------+-----+
|Utilization (%)  |        0|     0|      ~0|      ~0|    0|
+-----------------+---------+------+--------+--------+-----+

+ Detail: 
    * Instance: 
    N/A

    * DSP: 
    N/A

    * Memory: 
    N/A

    * FIFO: 
    N/A

    * Expression: 
    +-----------------------------+----------+----+---+----+------------+------------+
    |        Variable Name        | Operation| DSP| FF| LUT| Bitwidth P0| Bitwidth P1|
    +-----------------------------+----------+----+---+----+------------+------------+
    |i_14_fu_455_p2               |         +|   0|  0|  18|          11|           1|
    |ap_condition_238             |       and|   0|  0|   2|           1|           1|
    |icmp_ln1695_10_fu_1776_p2    |      icmp|   0|  0|  13|          16|           1|
    |icmp_ln1695_11_fu_1790_p2    |      icmp|   0|  0|  13|          16|           1|
    |icmp_ln1695_12_fu_1804_p2    |      icmp|   0|  0|  13|          16|           1|
    |icmp_ln1695_13_fu_1818_p2    |      icmp|   0|  0|  13|          16|           1|
    |icmp_ln1695_14_fu_1832_p2    |      icmp|   0|  0|  13|          16|           1|
    |icmp_ln1695_15_fu_1846_p2    |      icmp|   0|  0|  13|          16|           1|
    |icmp_ln1695_16_fu_1860_p2    |      icmp|   0|  0|  13|          16|           1|
    |icmp_ln1695_17_fu_1874_p2    |      icmp|   0|  0|  13|          16|           1|
    |icmp_ln1695_18_fu_1888_p2    |      icmp|   0|  0|  13|          16|           1|
    |icmp_ln1695_19_fu_1902_p2    |      icmp|   0|  0|  13|          16|           1|
    |icmp_ln1695_20_fu_1916_p2    |      icmp|   0|  0|  13|          16|           1|
    |icmp_ln1695_21_fu_1930_p2    |      icmp|   0|  0|  13|          16|           1|
    |icmp_ln1695_22_fu_1944_p2    |      icmp|   0|  0|  13|          16|           1|
    |icmp_ln1695_23_fu_1958_p2    |      icmp|   0|  0|  13|          16|           1|
    |icmp_ln1695_24_fu_1972_p2    |      icmp|   0|  0|  13|          16|           1|
    |icmp_ln1695_25_fu_1986_p2    |      icmp|   0|  0|  13|          16|           1|
    |icmp_ln1695_26_fu_2000_p2    |      icmp|   0|  0|  13|          16|           1|
    |icmp_ln1695_27_fu_2014_p2    |      icmp|   0|  0|  13|          16|           1|
    |icmp_ln1695_28_fu_2028_p2    |      icmp|   0|  0|  13|          16|           1|
    |icmp_ln1695_29_fu_2042_p2    |      icmp|   0|  0|  13|          16|           1|
    |icmp_ln1695_30_fu_2056_p2    |      icmp|   0|  0|  13|          16|           1|
    |icmp_ln1695_31_fu_2070_p2    |      icmp|   0|  0|  13|          16|           1|
    |icmp_ln1695_32_fu_2084_p2    |      icmp|   0|  0|  13|          16|           1|
    |icmp_ln1695_33_fu_2098_p2    |      icmp|   0|  0|  13|          16|           1|
    |icmp_ln1695_34_fu_2112_p2    |      icmp|   0|  0|  13|          16|           1|
    |icmp_ln1695_35_fu_2126_p2    |      icmp|   0|  0|  13|          16|           1|
    |icmp_ln1695_36_fu_2140_p2    |      icmp|   0|  0|  13|          16|           1|
    |icmp_ln1695_37_fu_2154_p2    |      icmp|   0|  0|  13|          16|           1|
    |icmp_ln1695_38_fu_2168_p2    |      icmp|   0|  0|  13|          16|           1|
    |icmp_ln1695_39_fu_2182_p2    |      icmp|   0|  0|  13|          16|           1|
    |icmp_ln1695_40_fu_2196_p2    |      icmp|   0|  0|  13|          16|           1|
    |icmp_ln1695_41_fu_2210_p2    |      icmp|   0|  0|  13|          16|           1|
    |icmp_ln1695_42_fu_2224_p2    |      icmp|   0|  0|  13|          16|           1|
    |icmp_ln1695_43_fu_2238_p2    |      icmp|   0|  0|  13|          16|           1|
    |icmp_ln1695_44_fu_2252_p2    |      icmp|   0|  0|  13|          16|           1|
    |icmp_ln1695_45_fu_2266_p2    |      icmp|   0|  0|  13|          16|           1|
    |icmp_ln1695_46_fu_2280_p2    |      icmp|   0|  0|  13|          16|           1|
    |icmp_ln1695_47_fu_2294_p2    |      icmp|   0|  0|  13|          16|           1|
    |icmp_ln1695_48_fu_2308_p2    |      icmp|   0|  0|  13|          16|           1|
    |icmp_ln1695_49_fu_2322_p2    |      icmp|   0|  0|  13|          16|           1|
    |icmp_ln1695_50_fu_2336_p2    |      icmp|   0|  0|  13|          16|           1|
    |icmp_ln1695_51_fu_2350_p2    |      icmp|   0|  0|  13|          16|           1|
    |icmp_ln1695_52_fu_2364_p2    |      icmp|   0|  0|  13|          16|           1|
    |icmp_ln1695_53_fu_2378_p2    |      icmp|   0|  0|  13|          16|           1|
    |icmp_ln1695_54_fu_2392_p2    |      icmp|   0|  0|  13|          16|           1|
    |icmp_ln1695_55_fu_2406_p2    |      icmp|   0|  0|  13|          16|           1|
    |icmp_ln1695_56_fu_2420_p2    |      icmp|   0|  0|  13|          16|           1|
    |icmp_ln1695_57_fu_2434_p2    |      icmp|   0|  0|  13|          16|           1|
    |icmp_ln1695_58_fu_2448_p2    |      icmp|   0|  0|  13|          16|           1|
    |icmp_ln1695_59_fu_2462_p2    |      icmp|   0|  0|  13|          16|           1|
    |icmp_ln1695_60_fu_2476_p2    |      icmp|   0|  0|  13|          16|           1|
    |icmp_ln1695_61_fu_2490_p2    |      icmp|   0|  0|  13|          16|           1|
    |icmp_ln1695_62_fu_2504_p2    |      icmp|   0|  0|  13|          16|           1|
    |icmp_ln1695_63_fu_2518_p2    |      icmp|   0|  0|  13|          16|           1|
    |icmp_ln1695_64_fu_2532_p2    |      icmp|   0|  0|  13|          16|           1|
    |icmp_ln1695_65_fu_2546_p2    |      icmp|   0|  0|  13|          16|           1|
    |icmp_ln1695_66_fu_2560_p2    |      icmp|   0|  0|  13|          16|           1|
    |icmp_ln1695_67_fu_2574_p2    |      icmp|   0|  0|  13|          16|           1|
    |icmp_ln1695_68_fu_2588_p2    |      icmp|   0|  0|  13|          16|           1|
    |icmp_ln1695_69_fu_2602_p2    |      icmp|   0|  0|  13|          16|           1|
    |icmp_ln1695_70_fu_2616_p2    |      icmp|   0|  0|  13|          16|           1|
    |icmp_ln1695_8_fu_1748_p2     |      icmp|   0|  0|  13|          16|           1|
    |icmp_ln1695_9_fu_1762_p2     |      icmp|   0|  0|  13|          16|           1|
    |icmp_ln1695_fu_1734_p2       |      icmp|   0|  0|  13|          16|           1|
    |icmp_ln41_fu_449_p2          |      icmp|   0|  0|  12|          11|          12|
    |ap_block_pp0_stage0_01001    |        or|   0|  0|   2|           1|           1|
    |out_data_data_10_fu_1768_p3  |    select|   0|  0|  15|           1|          15|
    |out_data_data_12_fu_1782_p3  |    select|   0|  0|  15|           1|          15|
    |out_data_data_8_fu_1754_p3   |    select|   0|  0|  15|           1|          15|
    |out_data_data_fu_1740_p3     |    select|   0|  0|  15|           1|          15|
    |select_ln51_10_fu_1894_p3    |    select|   0|  0|  15|           1|          15|
    |select_ln51_11_fu_1908_p3    |    select|   0|  0|  15|           1|          15|
    |select_ln51_12_fu_1922_p3    |    select|   0|  0|  15|           1|          15|
    |select_ln51_13_fu_1936_p3    |    select|   0|  0|  15|           1|          15|
    |select_ln51_14_fu_1950_p3    |    select|   0|  0|  15|           1|          15|
    |select_ln51_15_fu_1964_p3    |    select|   0|  0|  15|           1|          15|
    |select_ln51_16_fu_1978_p3    |    select|   0|  0|  15|           1|          15|
    |select_ln51_17_fu_1992_p3    |    select|   0|  0|  15|           1|          15|
    |select_ln51_18_fu_2006_p3    |    select|   0|  0|  15|           1|          15|
    |select_ln51_19_fu_2020_p3    |    select|   0|  0|  15|           1|          15|
    |select_ln51_20_fu_2034_p3    |    select|   0|  0|  15|           1|          15|
    |select_ln51_21_fu_2048_p3    |    select|   0|  0|  15|           1|          15|
    |select_ln51_22_fu_2062_p3    |    select|   0|  0|  15|           1|          15|
    |select_ln51_23_fu_2076_p3    |    select|   0|  0|  15|           1|          15|
    |select_ln51_24_fu_2090_p3    |    select|   0|  0|  15|           1|          15|
    |select_ln51_25_fu_2104_p3    |    select|   0|  0|  15|           1|          15|
    |select_ln51_26_fu_2118_p3    |    select|   0|  0|  15|           1|          15|
    |select_ln51_27_fu_2132_p3    |    select|   0|  0|  15|           1|          15|
    |select_ln51_28_fu_2146_p3    |    select|   0|  0|  15|           1|          15|
    |select_ln51_29_fu_2160_p3    |    select|   0|  0|  15|           1|          15|
    |select_ln51_30_fu_2174_p3    |    select|   0|  0|  15|           1|          15|
    |select_ln51_31_fu_2188_p3    |    select|   0|  0|  15|           1|          15|
    |select_ln51_32_fu_2202_p3    |    select|   0|  0|  15|           1|          15|
    |select_ln51_33_fu_2216_p3    |    select|   0|  0|  15|           1|          15|
    |select_ln51_34_fu_2230_p3    |    select|   0|  0|  15|           1|          15|
    |select_ln51_35_fu_2244_p3    |    select|   0|  0|  15|           1|          15|
    |select_ln51_36_fu_2258_p3    |    select|   0|  0|  15|           1|          15|
    |select_ln51_37_fu_2272_p3    |    select|   0|  0|  15|           1|          15|
    |select_ln51_38_fu_2286_p3    |    select|   0|  0|  15|           1|          15|
    |select_ln51_39_fu_2300_p3    |    select|   0|  0|  15|           1|          15|
    |select_ln51_40_fu_2314_p3    |    select|   0|  0|  15|           1|          15|
    |select_ln51_41_fu_2328_p3    |    select|   0|  0|  15|           1|          15|
    |select_ln51_42_fu_2342_p3    |    select|   0|  0|  15|           1|          15|
    |select_ln51_43_fu_2356_p3    |    select|   0|  0|  15|           1|          15|
    |select_ln51_44_fu_2370_p3    |    select|   0|  0|  15|           1|          15|
    |select_ln51_45_fu_2384_p3    |    select|   0|  0|  15|           1|          15|
    |select_ln51_46_fu_2398_p3    |    select|   0|  0|  15|           1|          15|
    |select_ln51_47_fu_2412_p3    |    select|   0|  0|  15|           1|          15|
    |select_ln51_48_fu_2426_p3    |    select|   0|  0|  15|           1|          15|
    |select_ln51_49_fu_2440_p3    |    select|   0|  0|  15|           1|          15|
    |select_ln51_4_fu_1810_p3     |    select|   0|  0|  15|           1|          15|
    |select_ln51_50_fu_2454_p3    |    select|   0|  0|  15|           1|          15|
    |select_ln51_51_fu_2468_p3    |    select|   0|  0|  15|           1|          15|
    |select_ln51_52_fu_2482_p3    |    select|   0|  0|  15|           1|          15|
    |select_ln51_53_fu_2496_p3    |    select|   0|  0|  15|           1|          15|
    |select_ln51_54_fu_2510_p3    |    select|   0|  0|  15|           1|          15|
    |select_ln51_55_fu_2524_p3    |    select|   0|  0|  15|           1|          15|
    |select_ln51_56_fu_2538_p3    |    select|   0|  0|  15|           1|          15|
    |select_ln51_57_fu_2552_p3    |    select|   0|  0|  15|           1|          15|
    |select_ln51_58_fu_2566_p3    |    select|   0|  0|  15|           1|          15|
    |select_ln51_59_fu_2580_p3    |    select|   0|  0|  15|           1|          15|
    |select_ln51_5_fu_1824_p3     |    select|   0|  0|  15|           1|          15|
    |select_ln51_60_fu_2594_p3    |    select|   0|  0|  15|           1|          15|
    |select_ln51_61_fu_2608_p3    |    select|   0|  0|  15|           1|          15|
    |select_ln51_62_fu_2622_p3    |    select|   0|  0|  15|           1|          15|
    |select_ln51_6_fu_1838_p3     |    select|   0|  0|  15|           1|          15|
    |select_ln51_7_fu_1852_p3     |    select|   0|  0|  15|           1|          15|
    |select_ln51_8_fu_1866_p3     |    select|   0|  0|  15|           1|          15|
    |select_ln51_9_fu_1880_p3     |    select|   0|  0|  15|           1|          15|
    |select_ln51_fu_1796_p3       |    select|   0|  0|  15|           1|          15|
    |ap_enable_pp0                |       xor|   0|  0|   2|           1|           2|
    +-----------------------------+----------+----+---+----+------------+------------+
    |Total                        |          |   0|  0|1828|        1113|        1041|
    +-----------------------------+----------+----+---+----+------------+------------+

    * Multiplexer: 
    +-------------------------+----+-----------+-----+-----------+
    |           Name          | LUT| Input Size| Bits| Total Bits|
    +-------------------------+----+-----------+-----+-----------+
    |ap_done_int              |   9|          2|    1|          2|
    |ap_enable_reg_pp0_iter1  |   9|          2|    1|          2|
    |ap_sig_allocacmp_i_13    |   9|          2|   11|         22|
    |i_fu_424                 |   9|          2|   11|         22|
    |layer2_out_blk_n         |   9|          2|    1|          2|
    |layer5_out_blk_n         |   9|          2|    1|          2|
    |real_start               |   9|          2|    1|          2|
    +-------------------------+----+-----------+-----+-----------+
    |Total                    |  63|         14|   27|         54|
    +-------------------------+----+-----------+-----+-----------+

    * Register: 
    +----------------------------------+----+----+-----+-----------+
    |               Name               | FF | LUT| Bits| Const Bits|
    +----------------------------------+----+----+-----+-----------+
    |ap_CS_fsm                         |   1|   0|    1|          0|
    |ap_done_reg                       |   1|   0|    1|          0|
    |ap_enable_reg_pp0_iter1           |   1|   0|    1|          0|
    |ap_enable_reg_pp0_iter2           |   1|   0|    1|          0|
    |ap_loop_exit_ready_pp0_iter1_reg  |   1|   0|    1|          0|
    |i_fu_424                          |  11|   0|   11|          0|
    |out_data_data_10_reg_2976         |  15|   0|   15|          0|
    |out_data_data_12_reg_2981         |  15|   0|   15|          0|
    |out_data_data_8_reg_2971          |  15|   0|   15|          0|
    |out_data_data_reg_2966            |  15|   0|   15|          0|
    |select_ln51_10_reg_3021           |  15|   0|   15|          0|
    |select_ln51_11_reg_3026           |  15|   0|   15|          0|
    |select_ln51_12_reg_3031           |  15|   0|   15|          0|
    |select_ln51_13_reg_3036           |  15|   0|   15|          0|
    |select_ln51_14_reg_3041           |  15|   0|   15|          0|
    |select_ln51_15_reg_3046           |  15|   0|   15|          0|
    |select_ln51_16_reg_3051           |  15|   0|   15|          0|
    |select_ln51_17_reg_3056           |  15|   0|   15|          0|
    |select_ln51_18_reg_3061           |  15|   0|   15|          0|
    |select_ln51_19_reg_3066           |  15|   0|   15|          0|
    |select_ln51_20_reg_3071           |  15|   0|   15|          0|
    |select_ln51_21_reg_3076           |  15|   0|   15|          0|
    |select_ln51_22_reg_3081           |  15|   0|   15|          0|
    |select_ln51_23_reg_3086           |  15|   0|   15|          0|
    |select_ln51_24_reg_3091           |  15|   0|   15|          0|
    |select_ln51_25_reg_3096           |  15|   0|   15|          0|
    |select_ln51_26_reg_3101           |  15|   0|   15|          0|
    |select_ln51_27_reg_3106           |  15|   0|   15|          0|
    |select_ln51_28_reg_3111           |  15|   0|   15|          0|
    |select_ln51_29_reg_3116           |  15|   0|   15|          0|
    |select_ln51_30_reg_3121           |  15|   0|   15|          0|
    |select_ln51_31_reg_3126           |  15|   0|   15|          0|
    |select_ln51_32_reg_3131           |  15|   0|   15|          0|
    |select_ln51_33_reg_3136           |  15|   0|   15|          0|
    |select_ln51_34_reg_3141           |  15|   0|   15|          0|
    |select_ln51_35_reg_3146           |  15|   0|   15|          0|
    |select_ln51_36_reg_3151           |  15|   0|   15|          0|
    |select_ln51_37_reg_3156           |  15|   0|   15|          0|
    |select_ln51_38_reg_3161           |  15|   0|   15|          0|
    |select_ln51_39_reg_3166           |  15|   0|   15|          0|
    |select_ln51_40_reg_3171           |  15|   0|   15|          0|
    |select_ln51_41_reg_3176           |  15|   0|   15|          0|
    |select_ln51_42_reg_3181           |  15|   0|   15|          0|
    |select_ln51_43_reg_3186           |  15|   0|   15|          0|
    |select_ln51_44_reg_3191           |  15|   0|   15|          0|
    |select_ln51_45_reg_3196           |  15|   0|   15|          0|
    |select_ln51_46_reg_3201           |  15|   0|   15|          0|
    |select_ln51_47_reg_3206           |  15|   0|   15|          0|
    |select_ln51_48_reg_3211           |  15|   0|   15|          0|
    |select_ln51_49_reg_3216           |  15|   0|   15|          0|
    |select_ln51_4_reg_2991            |  15|   0|   15|          0|
    |select_ln51_50_reg_3221           |  15|   0|   15|          0|
    |select_ln51_51_reg_3226           |  15|   0|   15|          0|
    |select_ln51_52_reg_3231           |  15|   0|   15|          0|
    |select_ln51_53_reg_3236           |  15|   0|   15|          0|
    |select_ln51_54_reg_3241           |  15|   0|   15|          0|
    |select_ln51_55_reg_3246           |  15|   0|   15|          0|
    |select_ln51_56_reg_3251           |  15|   0|   15|          0|
    |select_ln51_57_reg_3256           |  15|   0|   15|          0|
    |select_ln51_58_reg_3261           |  15|   0|   15|          0|
    |select_ln51_59_reg_3266           |  15|   0|   15|          0|
    |select_ln51_5_reg_2996            |  15|   0|   15|          0|
    |select_ln51_60_reg_3271           |  15|   0|   15|          0|
    |select_ln51_61_reg_3276           |  15|   0|   15|          0|
    |select_ln51_62_reg_3281           |  15|   0|   15|          0|
    |select_ln51_6_reg_3001            |  15|   0|   15|          0|
    |select_ln51_7_reg_3006            |  15|   0|   15|          0|
    |select_ln51_8_reg_3011            |  15|   0|   15|          0|
    |select_ln51_9_reg_3016            |  15|   0|   15|          0|
    |select_ln51_reg_2986              |  15|   0|   15|          0|
    |start_once_reg                    |   1|   0|    1|          0|
    +----------------------------------+----+----+-----+-----------+
    |Total                             | 977|   0|  977|          0|
    +----------------------------------+----+----+-----+-----------+



================================================================
== Interface
================================================================
* Summary: 
+---------------------------+-----+------+------------+------------------------------------------------------------------------+--------------+
|         RTL Ports         | Dir | Bits |  Protocol  |                              Source Object                             |    C Type    |
+---------------------------+-----+------+------------+------------------------------------------------------------------------+--------------+
|ap_clk                     |   in|     1|  ap_ctrl_hs|  relu<array<ap_fixed,64u>,array<ap_fixed<16,6,5,3,0>,64u>,relu_config5>|  return value|
|ap_rst                     |   in|     1|  ap_ctrl_hs|  relu<array<ap_fixed,64u>,array<ap_fixed<16,6,5,3,0>,64u>,relu_config5>|  return value|
|ap_start                   |   in|     1|  ap_ctrl_hs|  relu<array<ap_fixed,64u>,array<ap_fixed<16,6,5,3,0>,64u>,relu_config5>|  return value|
|start_full_n               |   in|     1|  ap_ctrl_hs|  relu<array<ap_fixed,64u>,array<ap_fixed<16,6,5,3,0>,64u>,relu_config5>|  return value|
|ap_done                    |  out|     1|  ap_ctrl_hs|  relu<array<ap_fixed,64u>,array<ap_fixed<16,6,5,3,0>,64u>,relu_config5>|  return value|
|ap_continue                |   in|     1|  ap_ctrl_hs|  relu<array<ap_fixed,64u>,array<ap_fixed<16,6,5,3,0>,64u>,relu_config5>|  return value|
|ap_idle                    |  out|     1|  ap_ctrl_hs|  relu<array<ap_fixed,64u>,array<ap_fixed<16,6,5,3,0>,64u>,relu_config5>|  return value|
|ap_ready                   |  out|     1|  ap_ctrl_hs|  relu<array<ap_fixed,64u>,array<ap_fixed<16,6,5,3,0>,64u>,relu_config5>|  return value|
|start_out                  |  out|     1|  ap_ctrl_hs|  relu<array<ap_fixed,64u>,array<ap_fixed<16,6,5,3,0>,64u>,relu_config5>|  return value|
|start_write                |  out|     1|  ap_ctrl_hs|  relu<array<ap_fixed,64u>,array<ap_fixed<16,6,5,3,0>,64u>,relu_config5>|  return value|
|layer2_out_dout            |   in|  1024|     ap_fifo|                                                              layer2_out|       pointer|
|layer2_out_num_data_valid  |   in|    11|     ap_fifo|                                                              layer2_out|       pointer|
|layer2_out_fifo_cap        |   in|    11|     ap_fifo|                                                              layer2_out|       pointer|
|layer2_out_empty_n         |   in|     1|     ap_fifo|                                                              layer2_out|       pointer|
|layer2_out_read            |  out|     1|     ap_fifo|                                                              layer2_out|       pointer|
|layer5_out_din             |  out|  1024|     ap_fifo|                                                              layer5_out|       pointer|
|layer5_out_num_data_valid  |   in|    11|     ap_fifo|                                                              layer5_out|       pointer|
|layer5_out_fifo_cap        |   in|    11|     ap_fifo|                                                              layer5_out|       pointer|
|layer5_out_full_n          |   in|     1|     ap_fifo|                                                              layer5_out|       pointer|
|layer5_out_write           |  out|     1|     ap_fifo|                                                              layer5_out|       pointer|
+---------------------------+-----+------+------------+------------------------------------------------------------------------+--------------+

