

================================================================
== Vitis HLS Report for 'zeropad2d_cl_array_array_ap_fixed_16_6_5_3_0_64u_config38_Pipeline_PadMain'
================================================================
* Date:           Tue Jun 13 19:51:46 2023

* Version:        2022.1 (Build 3526262 on Mon Apr 18 15:47:01 MDT 2022)
* Project:        AlexNet_Cifar10_Keras_prj
* Solution:       solution1 (Vivado IP Flow Target)
* Product family: zynquplus
* Target device:  xczu7ev-ffvc1156-2-e


================================================================
== Performance Estimates
================================================================
+ Timing: 
    * Summary: 
    +--------+---------+----------+------------+
    |  Clock |  Target | Estimated| Uncertainty|
    +--------+---------+----------+------------+
    |ap_clk  |  5.00 ns|  1.704 ns|     0.62 ns|
    +--------+---------+----------+------------+

+ Latency: 
    * Summary: 
    +---------+---------+----------+----------+-----+-----+---------+
    |  Latency (cycles) |  Latency (absolute) |  Interval | Pipeline|
    |   min   |   max   |    min   |    max   | min | max |   Type  |
    +---------+---------+----------+----------+-----+-----+---------+
    |      290|      290|  1.450 us|  1.450 us|  290|  290|       no|
    +---------+---------+----------+----------+-----+-----+---------+

    + Detail: 
        * Instance: 
        N/A

        * Loop: 
        +-----------+---------+---------+----------+-----------+-----------+------+----------+
        |           |  Latency (cycles) | Iteration|  Initiation Interval  | Trip |          |
        | Loop Name |   min   |   max   |  Latency |  achieved |   target  | Count| Pipelined|
        +-----------+---------+---------+----------+-----------+-----------+------+----------+
        |- PadMain  |      288|      288|        19|         18|          1|    16|       yes|
        +-----------+---------+---------+----------+-----------+-----------+------+----------+



================================================================
== Utilization Estimates
================================================================
* Summary: 
+-----------------+---------+------+--------+--------+-----+
|       Name      | BRAM_18K|  DSP |   FF   |   LUT  | URAM|
+-----------------+---------+------+--------+--------+-----+
|DSP              |        -|     -|       -|       -|    -|
|Expression       |        -|     -|       0|      34|    -|
|FIFO             |        -|     -|       -|       -|    -|
|Instance         |        -|     -|       -|       -|    -|
|Memory           |        -|     -|       -|       -|    -|
|Multiplexer      |        -|     -|       -|     183|    -|
|Register         |        -|     -|    1056|       -|    -|
+-----------------+---------+------+--------+--------+-----+
|Total            |        0|     0|    1056|     217|    0|
+-----------------+---------+------+--------+--------+-----+
|Available        |      624|  1728|  460800|  230400|   96|
+-----------------+---------+------+--------+--------+-----+
|Utilization (%)  |        0|     0|      ~0|      ~0|    0|
+-----------------+---------+------+--------+--------+-----+

+ Detail: 
    * Instance: 
    N/A

    * DSP: 
    N/A

    * Memory: 
    N/A

    * FIFO: 
    N/A

    * Expression: 
    +------------------------------------+----------+----+---+----+------------+------------+
    |            Variable Name           | Operation| DSP| FF| LUT| Bitwidth P0| Bitwidth P1|
    +------------------------------------+----------+----+---+----+------------+------------+
    |i_4_fu_77_p2                        |         +|   0|  0|  12|           5|           1|
    |ap_block_pp0_stage0_01001           |       and|   0|  0|   2|           1|           1|
    |ap_block_pp0_stage10_01001          |       and|   0|  0|   2|           1|           1|
    |ap_block_pp0_stage17_01001          |       and|   0|  0|   2|           1|           1|
    |ap_block_state18_pp0_stage17_iter0  |       and|   0|  0|   2|           1|           1|
    |icmp_ln59_fu_71_p2                  |      icmp|   0|  0|  10|           5|           6|
    |ap_block_state10_pp0_stage9_iter0   |        or|   0|  0|   2|           1|           1|
    |ap_enable_pp0                       |       xor|   0|  0|   2|           1|           2|
    +------------------------------------+----------+----+---+----+------------+------------+
    |Total                               |          |   0|  0|  34|          16|          14|
    +------------------------------------+----------+----+---+----+------------+------------+

    * Multiplexer: 
    +-----------------------------+----+-----------+------+-----------+
    |             Name            | LUT| Input Size| Bits | Total Bits|
    +-----------------------------+----+-----------+------+-----------+
    |ap_NS_fsm                    |  97|         19|     1|         19|
    |ap_done_int                  |   9|          2|     1|          2|
    |ap_enable_reg_pp0_iter0      |   9|          2|     1|          2|
    |ap_enable_reg_pp0_iter0_reg  |   9|          2|     1|          2|
    |ap_enable_reg_pp0_iter1      |   9|          2|     1|          2|
    |ap_sig_allocacmp_i_3         |   9|          2|     5|         10|
    |i_fu_40                      |   9|          2|     5|         10|
    |layer38_out_blk_n            |   9|          2|     1|          2|
    |layer38_out_din              |  14|          3|  1024|       3072|
    |layer6_out_blk_n             |   9|          2|     1|          2|
    +-----------------------------+----+-----------+------+-----------+
    |Total                        | 183|         38|  1041|       3123|
    +-----------------------------+----+-----------+------+-----------+

    * Register: 
    +-----------------------------+------+----+------+-----------+
    |             Name            |  FF  | LUT| Bits | Const Bits|
    +-----------------------------+------+----+------+-----------+
    |ap_CS_fsm                    |    18|   0|    18|          0|
    |ap_done_reg                  |     1|   0|     1|          0|
    |ap_enable_reg_pp0_iter0_reg  |     1|   0|     1|          0|
    |ap_enable_reg_pp0_iter1      |     1|   0|     1|          0|
    |i_4_reg_98                   |     5|   0|     5|          0|
    |i_fu_40                      |     5|   0|     5|          0|
    |icmp_ln59_reg_94             |     1|   0|     1|          0|
    |reg_58                       |  1024|   0|  1024|          0|
    +-----------------------------+------+----+------+-----------+
    |Total                        |  1056|   0|  1056|          0|
    +-----------------------------+------+----+------+-----------+



================================================================
== Interface
================================================================
* Summary: 
+----------------------------+-----+------+------------+-------------------------------------------------------------------------------+--------------+
|          RTL Ports         | Dir | Bits |  Protocol  |                                 Source Object                                 |    C Type    |
+----------------------------+-----+------+------------+-------------------------------------------------------------------------------+--------------+
|ap_clk                      |   in|     1|  ap_ctrl_hs|  zeropad2d_cl<array,array<ap_fixed<16,6,5,3,0>,64u>,config38>_Pipeline_PadMain|  return value|
|ap_rst                      |   in|     1|  ap_ctrl_hs|  zeropad2d_cl<array,array<ap_fixed<16,6,5,3,0>,64u>,config38>_Pipeline_PadMain|  return value|
|ap_start                    |   in|     1|  ap_ctrl_hs|  zeropad2d_cl<array,array<ap_fixed<16,6,5,3,0>,64u>,config38>_Pipeline_PadMain|  return value|
|ap_done                     |  out|     1|  ap_ctrl_hs|  zeropad2d_cl<array,array<ap_fixed<16,6,5,3,0>,64u>,config38>_Pipeline_PadMain|  return value|
|ap_idle                     |  out|     1|  ap_ctrl_hs|  zeropad2d_cl<array,array<ap_fixed<16,6,5,3,0>,64u>,config38>_Pipeline_PadMain|  return value|
|ap_ready                    |  out|     1|  ap_ctrl_hs|  zeropad2d_cl<array,array<ap_fixed<16,6,5,3,0>,64u>,config38>_Pipeline_PadMain|  return value|
|layer38_out_din             |  out|  1024|     ap_fifo|                                                                    layer38_out|       pointer|
|layer38_out_num_data_valid  |   in|    10|     ap_fifo|                                                                    layer38_out|       pointer|
|layer38_out_fifo_cap        |   in|    10|     ap_fifo|                                                                    layer38_out|       pointer|
|layer38_out_full_n          |   in|     1|     ap_fifo|                                                                    layer38_out|       pointer|
|layer38_out_write           |  out|     1|     ap_fifo|                                                                    layer38_out|       pointer|
|layer6_out_dout             |   in|  1024|     ap_fifo|                                                                     layer6_out|       pointer|
|layer6_out_num_data_valid   |   in|     9|     ap_fifo|                                                                     layer6_out|       pointer|
|layer6_out_fifo_cap         |   in|     9|     ap_fifo|                                                                     layer6_out|       pointer|
|layer6_out_empty_n          |   in|     1|     ap_fifo|                                                                     layer6_out|       pointer|
|layer6_out_read             |  out|     1|     ap_fifo|                                                                     layer6_out|       pointer|
+----------------------------+-----+------+------------+-------------------------------------------------------------------------------+--------------+

