

================================================================
== Vivado HLS Report for 'Loop_1_proc351'
================================================================
* Date:           Tue Jul  4 23:38:19 2023

* Version:        2019.2 (Build 2704478 on Wed Nov 06 22:10:23 MST 2019)
* Project:        myproject_prj
* Solution:       solution1
* Product family: zynq
* Target device:  xc7z020-clg400-1


================================================================
== Performance Estimates
================================================================
+ Timing: 
    * Summary: 
    +--------+---------+----------+------------+
    |  Clock |  Target | Estimated| Uncertainty|
    +--------+---------+----------+------------+
    |ap_clk  | 5.00 ns | 4.234 ns |   0.62 ns  |
    +--------+---------+----------+------------+

+ Latency: 
    * Summary: 
    +---------+---------+-----------+-----------+------+------+---------+
    |  Latency (cycles) |   Latency (absolute)  |   Interval  | Pipeline|
    |   min   |   max   |    min    |    max    |  min |  max |   Type  |
    +---------+---------+-----------+-----------+------+------+---------+
    |     6273|     6273| 31.365 us | 31.365 us |  6273|  6273|   none  |
    +---------+---------+-----------+-----------+------+------+---------+

    + Detail: 
        * Instance: 
        N/A

        * Loop: 
        +----------+---------+---------+----------+-----------+-----------+------+----------+
        |          |  Latency (cycles) | Iteration|  Initiation Interval  | Trip |          |
        | Loop Name|   min   |   max   |  Latency |  achieved |   target  | Count| Pipelined|
        +----------+---------+---------+----------+-----------+-----------+------+----------+
        |- Loop 1  |     6272|     6272|         8|          -|          -|   784|    no    |
        +----------+---------+---------+----------+-----------+-----------+------+----------+



================================================================
== Utilization Estimates
================================================================
* Summary: 
+-----------------+---------+-------+--------+-------+-----+
|       Name      | BRAM_18K| DSP48E|   FF   |  LUT  | URAM|
+-----------------+---------+-------+--------+-------+-----+
|DSP              |        -|      -|       -|      -|    -|
|Expression       |        -|      -|       0|    404|    -|
|FIFO             |        -|      -|       -|      -|    -|
|Instance         |        -|      0|     314|    354|    -|
|Memory           |        -|      -|       -|      -|    -|
|Multiplexer      |        -|      -|       -|    110|    -|
|Register         |        -|      -|     376|      -|    -|
+-----------------+---------+-------+--------+-------+-----+
|Total            |        0|      0|     690|    868|    0|
+-----------------+---------+-------+--------+-------+-----+
|Available        |      280|    220|  106400|  53200|    0|
+-----------------+---------+-------+--------+-------+-----+
|Utilization (%)  |        0|      0|   ~0   |      1|    0|
+-----------------+---------+-------+--------+-------+-----+

+ Detail: 
    * Instance: 
    +----------------------------------------+-------------------------------------+---------+-------+-----+-----+-----+
    |                Instance                |                Module               | BRAM_18K| DSP48E|  FF | LUT | URAM|
    +----------------------------------------+-------------------------------------+---------+-------+-----+-----+-----+
    |myproject_axi_ashr_54ns_32ns_54_2_1_U2  |myproject_axi_ashr_54ns_32ns_54_2_1  |        0|      0|  214|  216|    0|
    |myproject_axi_fpext_32ns_64_3_1_U1      |myproject_axi_fpext_32ns_64_3_1      |        0|      0|  100|  138|    0|
    +----------------------------------------+-------------------------------------+---------+-------+-----+-----+-----+
    |Total                                   |                                     |        0|      0|  314|  354|    0|
    +----------------------------------------+-------------------------------------+---------+-------+-----+-----+-----+

    * DSP48E: 
    N/A

    * Memory: 
    N/A

    * FIFO: 
    N/A

    * Expression: 
    +--------------------------+----------+-------+---+----+------------+------------+
    |       Variable Name      | Operation| DSP48E| FF| LUT| Bitwidth P0| Bitwidth P1|
    +--------------------------+----------+-------+---+----+------------+------------+
    |add_ln581_fu_225_p2       |     +    |      0|  0|  12|           5|          12|
    |i_fu_130_p2               |     +    |      0|  0|  14|          10|           1|
    |sub_ln461_fu_195_p2       |     -    |      0|  0|  61|           1|          54|
    |sub_ln575_fu_213_p2       |     -    |      0|  0|  12|          11|          12|
    |sub_ln581_fu_231_p2       |     -    |      0|  0|  12|           4|          12|
    |and_ln581_fu_316_p2       |    and   |      0|  0|   2|           1|           1|
    |and_ln582_fu_374_p2       |    and   |      0|  0|   2|           1|           1|
    |and_ln585_1_fu_333_p2     |    and   |      0|  0|   2|           1|           1|
    |and_ln585_fu_327_p2       |    and   |      0|  0|   2|           1|           1|
    |and_ln603_fu_350_p2       |    and   |      0|  0|   2|           1|           1|
    |ap_block_state2           |    and   |      0|  0|   2|           1|           1|
    |icmp_ln17_fu_124_p2       |   icmp   |      0|  0|  13|          10|           9|
    |icmp_ln571_fu_208_p2      |   icmp   |      0|  0|  29|          63|           1|
    |icmp_ln581_fu_219_p2      |   icmp   |      0|  0|  13|          12|           4|
    |icmp_ln582_fu_245_p2      |   icmp   |      0|  0|  13|          12|           4|
    |icmp_ln585_fu_268_p2      |   icmp   |      0|  0|  13|          12|           6|
    |icmp_ln603_fu_273_p2      |   icmp   |      0|  0|  11|           8|           1|
    |ap_block_state1           |    or    |      0|  0|   2|           1|           1|
    |or_ln22_fu_145_p2         |    or    |      0|  0|   2|           1|           1|
    |or_ln581_fu_339_p2        |    or    |      0|  0|   2|           1|           1|
    |or_ln582_fu_306_p2        |    or    |      0|  0|   2|           1|           1|
    |or_ln603_1_fu_379_p2      |    or    |      0|  0|   2|           1|           1|
    |or_ln603_2_fu_384_p2      |    or    |      0|  0|   2|           1|           1|
    |or_ln603_fu_356_p2        |    or    |      0|  0|   2|           1|           1|
    |in_local_V_data_0_V_din   |  select  |      0|  0|  16|           1|          16|
    |select_ln570_fu_201_p3    |  select  |      0|  0|  54|           1|          54|
    |select_ln581_fu_237_p3    |  select  |      0|  0|  12|           1|          12|
    |select_ln588_fu_298_p3    |  select  |      0|  0|   2|           1|           2|
    |select_ln603_1_fu_362_p3  |  select  |      0|  0|  16|           1|          16|
    |select_ln603_2_fu_407_p3  |  select  |      0|  0|  16|           1|          16|
    |select_ln603_fu_400_p3    |  select  |      0|  0|  16|           1|          16|
    |shl_ln604_fu_395_p2       |    shl   |      0|  0|  35|          16|          16|
    |xor_ln571_fu_369_p2       |    xor   |      0|  0|   2|           1|           2|
    |xor_ln581_fu_344_p2       |    xor   |      0|  0|   2|           1|           2|
    |xor_ln582_fu_310_p2       |    xor   |      0|  0|   2|           1|           2|
    |xor_ln585_fu_321_p2       |    xor   |      0|  0|   2|           1|           2|
    +--------------------------+----------+-------+---+----+------------+------------+
    |Total                     |          |      0|  0| 404|         188|         285|
    +--------------------------+----------+-------+---+----+------------+------------+

    * Multiplexer: 
    +---------------------------+----+-----------+-----+-----------+
    |            Name           | LUT| Input Size| Bits| Total Bits|
    +---------------------------+----+-----------+-----+-----------+
    |ap_NS_fsm                  |  47|         10|    1|         10|
    |ap_done                    |   9|          2|    1|          2|
    |ap_return                  |   9|          2|    1|          2|
    |i_0_i_reg_110              |   9|          2|   10|         20|
    |in_local_V_data_0_V_blk_n  |   9|          2|    1|          2|
    |in_r_TDATA_blk_n           |   9|          2|    1|          2|
    |is_last_0_i_out_0_reg_99   |   9|          2|    1|          2|
    |real_start                 |   9|          2|    1|          2|
    +---------------------------+----+-----------+-----+-----------+
    |Total                      | 110|         24|   17|         42|
    +---------------------------+----+-----------+-----+-----------+

    * Register: 
    +--------------------------+----+----+-----+-----------+
    |           Name           | FF | LUT| Bits| Const Bits|
    +--------------------------+----+----+-----+-----------+
    |and_ln585_reg_505         |   1|   0|    1|          0|
    |and_ln603_reg_510         |   1|   0|    1|          0|
    |ap_CS_fsm                 |   9|   0|    9|          0|
    |ap_done_reg               |   1|   0|    1|          0|
    |ap_return_preg            |   1|   0|    1|          0|
    |ashr_ln586_reg_526        |  54|   0|   54|          0|
    |i_0_i_reg_110             |  10|   0|   10|          0|
    |i_reg_423                 |  10|   0|   10|          0|
    |icmp_ln571_reg_464        |   1|   0|    1|          0|
    |icmp_ln581_reg_470        |   1|   0|    1|          0|
    |icmp_ln582_reg_483        |   1|   0|    1|          0|
    |in_data_tmp_reg_428       |  32|   0|   32|          0|
    |is_last_0_i_out_0_reg_99  |   1|   0|    1|          0|
    |or_ln22_reg_434           |   1|   0|    1|          0|
    |or_ln603_2_reg_531        |   1|   0|    1|          0|
    |or_ln603_reg_515          |   1|   0|    1|          0|
    |p_Result_i_reg_449        |  11|   0|   11|          0|
    |select_ln570_reg_459      |  54|   0|   54|          0|
    |select_ln581_reg_476      |  12|   0|   12|          0|
    |select_ln603_1_reg_521    |  16|   0|   16|          0|
    |select_ln603_2_reg_536    |  16|   0|   16|          0|
    |start_once_reg            |   1|   0|    1|          0|
    |tmp_131_reg_444           |   1|   0|    1|          0|
    |tmp_132_reg_495           |   8|   0|    8|          0|
    |trunc_ln557_reg_439       |  63|   0|   63|          0|
    |trunc_ln565_reg_454       |  52|   0|   52|          0|
    |trunc_ln583_reg_489       |  16|   0|   16|          0|
    +--------------------------+----+----+-----+-----------+
    |Total                     | 376|   0|  376|          0|
    +--------------------------+----+----+-----+-----------+



================================================================
== Interface
================================================================
* Summary: 
+----------------------------+-----+-----+------------+---------------------+--------------+
|          RTL Ports         | Dir | Bits|  Protocol  |    Source Object    |    C Type    |
+----------------------------+-----+-----+------------+---------------------+--------------+
|ap_clk                      |  in |    1| ap_ctrl_hs |    Loop_1_proc351   | return value |
|ap_rst                      |  in |    1| ap_ctrl_hs |    Loop_1_proc351   | return value |
|ap_start                    |  in |    1| ap_ctrl_hs |    Loop_1_proc351   | return value |
|start_full_n                |  in |    1| ap_ctrl_hs |    Loop_1_proc351   | return value |
|ap_done                     | out |    1| ap_ctrl_hs |    Loop_1_proc351   | return value |
|ap_continue                 |  in |    1| ap_ctrl_hs |    Loop_1_proc351   | return value |
|ap_idle                     | out |    1| ap_ctrl_hs |    Loop_1_proc351   | return value |
|ap_ready                    | out |    1| ap_ctrl_hs |    Loop_1_proc351   | return value |
|start_out                   | out |    1| ap_ctrl_hs |    Loop_1_proc351   | return value |
|start_write                 | out |    1| ap_ctrl_hs |    Loop_1_proc351   | return value |
|ap_return                   | out |    1| ap_ctrl_hs |    Loop_1_proc351   | return value |
|in_r_TLAST                  |  in |    1|    axis    |      in_last_V      |    pointer   |
|in_r_TVALID                 |  in |    1|    axis    |       in_data       |    pointer   |
|in_r_TREADY                 | out |    1|    axis    |       in_data       |    pointer   |
|in_r_TDATA                  |  in |   32|    axis    |       in_data       |    pointer   |
|in_local_V_data_0_V_din     | out |   16|   ap_fifo  | in_local_V_data_0_V |    pointer   |
|in_local_V_data_0_V_full_n  |  in |    1|   ap_fifo  | in_local_V_data_0_V |    pointer   |
|in_local_V_data_0_V_write   | out |    1|   ap_fifo  | in_local_V_data_0_V |    pointer   |
+----------------------------+-----+-----+------------+---------------------+--------------+

