

================================================================
== Vivado HLS Report for 'Loop_2_proc'
================================================================
* Date:           Tue Jul  4 23:40:21 2023

* Version:        2019.2 (Build 2704478 on Wed Nov 06 22:10:23 MST 2019)
* Project:        myproject_prj
* Solution:       solution1
* Product family: zynq
* Target device:  xc7z020-clg400-1


================================================================
== Performance Estimates
================================================================
+ Timing: 
    * Summary: 
    +--------+---------+----------+------------+
    |  Clock |  Target | Estimated| Uncertainty|
    +--------+---------+----------+------------+
    |ap_clk  | 5.00 ns | 4.367 ns |   0.62 ns  |
    +--------+---------+----------+------------+

+ Latency: 
    * Summary: 
    +---------+---------+----------+----------+-----+-----+---------+
    |  Latency (cycles) |  Latency (absolute) |  Interval | Pipeline|
    |   min   |   max   |    min   |    max   | min | max |   Type  |
    +---------+---------+----------+----------+-----+-----+---------+
    |      111|      111| 0.555 us | 0.555 us |  111|  111|   none  |
    +---------+---------+----------+----------+-----+-----+---------+

    + Detail: 
        * Instance: 
        N/A

        * Loop: 
        +----------+---------+---------+----------+-----------+-----------+------+----------+
        |          |  Latency (cycles) | Iteration|  Initiation Interval  | Trip |          |
        | Loop Name|   min   |   max   |  Latency |  achieved |   target  | Count| Pipelined|
        +----------+---------+---------+----------+-----------+-----------+------+----------+
        |- Loop 1  |      110|      110|        11|          -|          -|    10|    no    |
        +----------+---------+---------+----------+-----------+-----------+------+----------+



================================================================
== Utilization Estimates
================================================================
* Summary: 
+-----------------+---------+-------+--------+-------+-----+
|       Name      | BRAM_18K| DSP48E|   FF   |  LUT  | URAM|
+-----------------+---------+-------+--------+-------+-----+
|DSP              |        -|      -|       -|      -|    -|
|Expression       |        -|      -|      40|    615|    -|
|FIFO             |        -|      -|       -|      -|    -|
|Instance         |        -|      -|     280|    307|    -|
|Memory           |        -|      -|       -|      -|    -|
|Multiplexer      |        -|      -|       -|     83|    -|
|Register         |        -|      -|     456|      -|    -|
+-----------------+---------+-------+--------+-------+-----+
|Total            |        0|      0|     776|   1005|    0|
+-----------------+---------+-------+--------+-------+-----+
|Available        |      280|    220|  106400|  53200|    0|
+-----------------+---------+-------+--------+-------+-----+
|Utilization (%)  |        0|      0|   ~0   |      1|    0|
+-----------------+---------+-------+--------+-------+-----+

+ Detail: 
    * Instance: 
    +------------------------------------------+-------------------------------------+---------+-------+-----+-----+-----+
    |                 Instance                 |                Module               | BRAM_18K| DSP48E|  FF | LUT | URAM|
    +------------------------------------------+-------------------------------------+---------+-------+-----+-----+-----+
    |myproject_axi_lshr_32ns_32ns_32_2_1_U528  |myproject_axi_lshr_32ns_32ns_32_2_1  |        0|      0|  140|  126|    0|
    |myproject_axi_mux_104_16_1_1_U527         |myproject_axi_mux_104_16_1_1         |        0|      0|    0|   55|    0|
    |myproject_axi_shl_64ns_32ns_64_2_1_U529   |myproject_axi_shl_64ns_32ns_64_2_1   |        0|      0|  140|  126|    0|
    +------------------------------------------+-------------------------------------+---------+-------+-----+-----+-----+
    |Total                                     |                                     |        0|      0|  280|  307|    0|
    +------------------------------------------+-------------------------------------+---------+-------+-----+-----+-----+

    * DSP48E: 
    N/A

    * Memory: 
    N/A

    * FIFO: 
    N/A

    * Expression: 
    +------------------------+----------+-------+----+----+------------+------------+
    |      Variable Name     | Operation| DSP48E| FF | LUT| Bitwidth P0| Bitwidth P1|
    +------------------------+----------+-------+----+----+------------+------------+
    |add_ln949_fu_394_p2     |     +    |      0|   0|  23|           6|          16|
    |add_ln958_fu_361_p2     |     +    |      0|   0|  39|           6|          32|
    |add_ln964_fu_502_p2     |     +    |      0|   0|   8|           8|           8|
    |j_fu_211_p2             |     +    |      0|   0|  13|           4|           1|
    |lsb_index_fu_326_p2     |     +    |      0|   0|  39|           6|          32|
    |m_2_fu_463_p2           |     +    |      0|   0|  71|          64|          64|
    |sub_ln944_fu_307_p2     |     -    |      0|   0|  39|           5|          32|
    |sub_ln947_fu_320_p2     |     -    |      0|   0|  15|           4|           5|
    |sub_ln958_fu_366_p2     |     -    |      0|   0|  39|           5|          32|
    |sub_ln964_fu_497_p2     |     -    |      0|   0|   8|           3|           8|
    |tmp_V_fu_262_p2         |     -    |      0|   0|  23|           1|          16|
    |a_fu_376_p2             |    and   |      0|   0|   2|           1|           1|
    |and_ln949_fu_406_p2     |    and   |      0|   0|   2|           1|           1|
    |last_fu_223_p2          |    and   |      0|   0|   2|           1|           1|
    |p_Result_30_fu_350_p2   |    and   |      0|   0|  16|          16|          16|
    |l_fu_295_p3             |   cttz   |      0|  40|  36|          32|           0|
    |icmp_ln31_fu_205_p2     |   icmp   |      0|   0|   9|           4|           4|
    |icmp_ln32_fu_217_p2     |   icmp   |      0|   0|   9|           4|           4|
    |icmp_ln935_fu_267_p2    |   icmp   |      0|   0|  13|          16|           1|
    |icmp_ln947_1_fu_355_p2  |   icmp   |      0|   0|  13|          16|           1|
    |icmp_ln947_fu_371_p2    |   icmp   |      0|   0|  18|          31|           1|
    |icmp_ln958_fu_432_p2    |   icmp   |      0|   0|  18|          32|           1|
    |lshr_ln947_fu_344_p2    |   lshr   |      0|   0|  35|           2|          16|
    |ap_block_state1         |    or    |      0|   0|   2|           1|           1|
    |or_ln949_fu_412_p2      |    or    |      0|   0|   2|           1|           1|
    |m_1_fu_454_p3           |  select  |      0|   0|  64|           1|          64|
    |out_r_TDATA_int         |  select  |      0|   0|  32|           1|           1|
    |select_ln964_fu_487_p3  |  select  |      0|   0|   7|           1|           7|
    |tmp_V_4_fu_272_p3       |  select  |      0|   0|  16|           1|          16|
    |xor_ln949_fu_388_p2     |    xor   |      0|   0|   2|           1|           2|
    +------------------------+----------+-------+----+----+------------+------------+
    |Total                   |          |      0|  40| 615|         275|         385|
    +------------------------+----------+-------+----+----+------------+------------+

    * Multiplexer: 
    +-------------------+----+-----------+-----+-----------+
    |        Name       | LUT| Input Size| Bits| Total Bits|
    +-------------------+----+-----------+-----+-----------+
    |ap_NS_fsm          |  56|         13|    1|         13|
    |ap_done            |   9|          2|    1|          2|
    |j3_0_i_reg_194     |   9|          2|    4|          8|
    |out_r_TDATA_blk_n  |   9|          2|    1|          2|
    +-------------------+----+-----------+-----+-----------+
    |Total              |  83|         19|    7|         25|
    +-------------------+----+-----------+-----+-----------+

    * Register: 
    +----------------------+----+----+-----+-----------+
    |         Name         | FF | LUT| Bits| Const Bits|
    +----------------------+----+----+-----+-----------+
    |add_ln958_reg_634     |  32|   0|   32|          0|
    |ap_CS_fsm             |  12|   0|   12|          0|
    |ap_done_reg           |   1|   0|    1|          0|
    |icmp_ln935_reg_578    |   1|   0|    1|          0|
    |icmp_ln947_1_reg_629  |   1|   0|    1|          0|
    |icmp_ln958_reg_659    |   1|   0|    1|          0|
    |j3_0_i_reg_194        |   4|   0|    4|          0|
    |j_reg_550             |   4|   0|    4|          0|
    |l_reg_591             |  32|   0|   32|          0|
    |last_reg_555          |   1|   0|    1|          0|
    |lsb_index_reg_618     |  32|   0|   32|          0|
    |lshr_ln958_reg_669    |  32|   0|   32|          0|
    |m_5_reg_679           |  63|   0|   63|          0|
    |or_ln_i_reg_644       |   1|   0|   32|         31|
    |p_Result_33_reg_567   |   1|   0|    1|          0|
    |select_ln964_reg_689  |   1|   0|    8|          7|
    |shl_ln958_reg_674     |  64|   0|   64|          0|
    |sub_ln944_reg_601     |  32|   0|   32|          0|
    |sub_ln947_reg_613     |   5|   0|    5|          0|
    |sub_ln958_reg_639     |  32|   0|   32|          0|
    |tmp_130_reg_684       |   1|   0|    1|          0|
    |tmp_V_3_reg_560       |  16|   0|   16|          0|
    |tmp_V_4_reg_583       |  16|   0|   16|          0|
    |tmp_V_reg_573         |  16|   0|   16|          0|
    |tmp_reg_624           |  31|   0|   31|          0|
    |trunc_ln943_reg_596   |   8|   0|    8|          0|
    |trunc_ln944_reg_608   |  16|   0|   16|          0|
    +----------------------+----+----+-----+-----------+
    |Total                 | 456|   0|  494|         38|
    +----------------------+----+----+-----+-----------+



================================================================
== Interface
================================================================
* Summary: 
+--------------+-----+-----+------------+--------------+--------------+
|   RTL Ports  | Dir | Bits|  Protocol  | Source Object|    C Type    |
+--------------+-----+-----+------------+--------------+--------------+
|ap_clk        |  in |    1| ap_ctrl_hs |  Loop_2_proc | return value |
|ap_rst        |  in |    1| ap_ctrl_hs |  Loop_2_proc | return value |
|ap_start      |  in |    1| ap_ctrl_hs |  Loop_2_proc | return value |
|ap_done       | out |    1| ap_ctrl_hs |  Loop_2_proc | return value |
|ap_continue   |  in |    1| ap_ctrl_hs |  Loop_2_proc | return value |
|ap_idle       | out |    1| ap_ctrl_hs |  Loop_2_proc | return value |
|ap_ready      | out |    1| ap_ctrl_hs |  Loop_2_proc | return value |
|out_r_TDATA   | out |   32|    axis    |   out_data   |    pointer   |
|out_r_TVALID  | out |    1|    axis    |  out_last_V  |    pointer   |
|out_r_TREADY  |  in |    1|    axis    |  out_last_V  |    pointer   |
|out_r_TLAST   | out |    1|    axis    |  out_last_V  |    pointer   |
|p_read        |  in |    1|   ap_none  |    p_read    |    scalar    |
|tmp_data_V_0  |  in |   16|   ap_none  | tmp_data_V_0 |    pointer   |
|tmp_data_V_1  |  in |   16|   ap_none  | tmp_data_V_1 |    pointer   |
|tmp_data_V_2  |  in |   16|   ap_none  | tmp_data_V_2 |    pointer   |
|tmp_data_V_3  |  in |   16|   ap_none  | tmp_data_V_3 |    pointer   |
|tmp_data_V_4  |  in |   16|   ap_none  | tmp_data_V_4 |    pointer   |
|tmp_data_V_5  |  in |   16|   ap_none  | tmp_data_V_5 |    pointer   |
|tmp_data_V_6  |  in |   16|   ap_none  | tmp_data_V_6 |    pointer   |
|tmp_data_V_7  |  in |   16|   ap_none  | tmp_data_V_7 |    pointer   |
|tmp_data_V_8  |  in |   16|   ap_none  | tmp_data_V_8 |    pointer   |
|tmp_data_V_9  |  in |   16|   ap_none  | tmp_data_V_9 |    pointer   |
+--------------+-----+-----+------------+--------------+--------------+

