2.1830623149871826 2.055074691772461
2.0337860584259033 1.9786570072174072
1.937311053276062 1.879284381866455
1.8721940517425537 1.8508784770965576
1.7892872095108032 1.7516261339187622
1.7338545322418213 1.7281084060668945
1.6814284324645996 1.6483169794082642
1.6461420059204102 1.7572851181030273
1.6118104457855225 1.6476964950561523
1.5873228311538696 1.6092472076416016
1.554598093032837 1.5326361656188965
1.5814365148544312 1.5309902429580688
1.5016348361968994 1.5244629383087158
1.5028958320617676 1.5342693328857422
1.5276421308517456 1.5368844270706177
1.4842321872711182 1.4837515354156494
1.4539060592651367 1.4662721157073975
1.4646084308624268 1.455424427986145
1.4392176866531372 1.4655120372772217
1.4121320247650146 1.4253976345062256
1.4283850193023682 1.448625087738037
1.4747434854507446 1.5019967555999756
1.3967851400375366 1.4315102100372314
1.395476222038269 1.4108091592788696
1.4255664348602295 1.4678008556365967
1.3801708221435547 1.4071507453918457
1.3726723194122314 1.3806923627853394
1.3960251808166504 1.3939095735549927
1.3659660816192627 1.4276769161224365
1.363535761833191 1.3907530307769775
1.355965256690979 1.3752237558364868
1.3468165397644043 1.4190232753753662
1.3989675045013428 1.372497797012329
1.3641451597213745 1.3889304399490356
1.3565565347671509 1.443664312362671
1.3604037761688232 1.5355092287063599
1.3569443225860596 1.3442071676254272
1.356535792350769 1.3879508972167969
1.3230509757995605 1.371038556098938
1.3423420190811157 1.3276060819625854
1.4503170251846313 1.6696937084197998
1.480535626411438 1.4217215776443481
1.381367802619934 1.3889168500900269
1.340053915977478 1.353298544883728
1.3237806558609009 1.3364067077636719
1.3169176578521729 1.367388129234314
1.3201998472213745 1.3571727275848389
1.3251895904541016 1.334735631942749
1.3086681365966797 1.357285737991333
1.301611304283142 1.3368117809295654
1.286566138267517 1.3338440656661987
1.2752488851547241 1.3107668161392212
1.2800358533859253 1.3042880296707153
1.2815569639205933 1.3105037212371826
1.2877068519592285 1.3304587602615356
1.2784559726715088 1.321542501449585
1.2819552421569824 1.342904806137085
1.2764729261398315 1.2910817861557007
1.2706605195999146 1.365041732788086
1.2752258777618408 1.3546046018600464
1.2694377899169922 1.2992923259735107
1.2723388671875 1.3176506757736206
1.2584552764892578 1.2969162464141846
1.2722439765930176 1.3187692165374756
1.2713922262191772 1.283516526222229
1.2596995830535889 1.3081351518630981
1.2591828107833862 1.3267841339111328
1.2637826204299927 1.352169394493103
1.2907183170318604 1.339333415031433
1.2681857347488403 1.3361320495605469
1.287185549736023 1.3382946252822876
1.25637686252594 1.2971993684768677
1.2703874111175537 1.3400814533233643
1.2713894844055176 1.2847195863723755
1.2512366771697998 1.2765058279037476
1.2535417079925537 1.3200544118881226
1.2802026271820068 1.3087998628616333
1.2602894306182861 1.2772160768508911
1.2562624216079712 1.2799744606018066
1.256149411201477 1.3000706434249878
1.2589616775512695 1.3135275840759277
1.2606890201568604 1.3095122575759888
1.250219464302063 1.332383155822754
1.2634977102279663 1.3090578317642212
1.2582684755325317 1.2885847091674805
1.230724573135376 1.2812891006469727
1.226914644241333 1.2669004201889038
1.2330840826034546 1.305399775505066
1.2468199729919434 1.3338429927825928
1.2439532279968262 1.2995705604553223
1.2366000413894653 1.3132140636444092
1.2435591220855713 1.2902921438217163
1.2324919700622559 1.289396047592163
1.233616590499878 1.2769513130187988
1.227476716041565 1.2983136177062988
1.2302348613739014 1.3160381317138672
1.2368725538253784 1.316983938217163
1.2381120920181274 1.2804476022720337
1.2228087186813354 1.2697763442993164
1.220249056816101 1.2850269079208374
1.2220447063446045 1.2929069995880127
1.2214704751968384 1.3019697666168213
1.2206754684448242 1.283097267150879
1.2254869937896729 1.2691426277160645
1.217578649520874 1.2867698669433594
1.2110464572906494 1.297741174697876
1.217458963394165 1.254712462425232
1.2142058610916138 1.2680904865264893
1.2174036502838135 1.2819818258285522
1.2222580909729004 1.2687063217163086
1.2224253416061401 1.2876763343811035
1.2213035821914673 1.2930896282196045
1.2199255228042603 1.2697243690490723
1.225172996520996 1.2785263061523438
1.2238197326660156 1.2754021883010864
1.218514084815979 1.2907544374465942
1.2207739353179932 1.2658615112304688
1.2071397304534912 1.2764391899108887
1.216284990310669 1.2753373384475708
1.208373785018921 1.269476056098938
1.2132796049118042 1.2695112228393555
1.2109315395355225 1.3161793947219849
1.209671139717102 1.2712043523788452
1.2055803537368774 1.2603329420089722
1.2094190120697021 1.297590970993042
1.2252600193023682 1.3100589513778687
1.210168719291687 1.2812018394470215
1.2077065706253052 1.2803617715835571
1.1981221437454224 1.281132698059082
1.2065997123718262 1.2681338787078857
1.2013442516326904 1.2597790956497192
1.2012592554092407 1.2644286155700684
1.2058929204940796 1.2964335680007935
1.2005923986434937 1.2960084676742554
1.2055250406265259 1.2736269235610962
1.2087457180023193 1.274289846420288
1.203373908996582 1.2792127132415771
1.196567416191101 1.2697248458862305
1.2036654949188232 1.2757337093353271
1.1948654651641846 1.2752536535263062
1.1997418403625488 1.2658849954605103
1.2087571620941162 1.3162873983383179
1.19400954246521 1.3021184206008911
1.1965490579605103 1.2628284692764282
1.1977649927139282 1.272190809249878
1.198909878730774 1.2623212337493896
1.1943175792694092 1.2697175741195679
1.2047948837280273 1.2680751085281372
1.1938567161560059 1.293959617614746
1.206478238105774 1.2694436311721802
1.2020227909088135 1.2949515581130981
1.201214075088501 1.2775962352752686
1.1969534158706665 1.2635407447814941
1.2001062631607056 1.3032652139663696
1.2043172121047974 1.2671738862991333
1.2001001834869385 1.281986117362976
1.2026787996292114 1.2777082920074463
1.2057982683181763 1.2620769739151
1.2049273252487183 1.2852588891983032
1.2034912109375 1.2592830657958984
1.1965007781982422 1.257192611694336
1.1968936920166016 1.2720121145248413
1.1969560384750366 1.2582807540893555
1.1948374509811401 1.2624989748001099
1.2026076316833496 1.2674051523208618
1.2016369104385376 1.2558510303497314
1.2017322778701782 1.266594409942627
1.2027848958969116 1.2683231830596924
1.201338291168213 1.296530842781067
1.1927783489227295 1.267825722694397
1.2099372148513794 1.2664144039154053
1.2092268466949463 1.273388147354126
1.1925272941589355 1.2745305299758911
1.1903157234191895 1.2809029817581177
1.213348388671875 1.2819164991378784
1.1997692584991455 1.2664910554885864
1.199105978012085 1.2686148881912231
1.2008018493652344 1.2683236598968506
1.189819097518921 1.27669358253479
1.2105722427368164 1.2941017150878906
1.2076058387756348 1.2541929483413696
1.207579255104065 1.2556207180023193
1.1965621709823608 1.2628425359725952
1.2032450437545776 1.2845332622528076
1.2054669857025146 1.2652653455734253
1.1996513605117798 1.2821309566497803
1.210094928741455 1.2809187173843384
1.200374960899353 1.2731937170028687
1.2107948064804077 1.2645270824432373
1.202987551689148 1.27023446559906
1.1910561323165894 1.26115083694458
1.1867173910140991 1.2828874588012695
1.1975343227386475 1.2622168064117432
1.1991043090820312 1.2624657154083252
1.1995261907577515 1.2565381526947021
1.1928093433380127 1.2698570489883423
1.2165319919586182 1.2958157062530518
1.2067511081695557 1.264479637145996
1.202158808708191 1.2932846546173096
1.2077548503875732 1.2601354122161865
1.1974143981933594 1.2611198425292969
1.205761194229126 1.2851154804229736
1.2080096006393433 1.2712196111679077
1.189811110496521 1.2741966247558594
1.2003331184387207 1.2583129405975342
1.1878304481506348 1.2563235759735107
1.1909139156341553 1.2576287984848022
1.1973168849945068 1.2661917209625244
1.1935274600982666 1.2671997547149658
1.205641746520996 1.2647267580032349
1.2058441638946533 1.2685978412628174
1.1997326612472534 1.2756991386413574
1.2023063898086548 1.2685831785202026
1.1966681480407715 1.2748010158538818
1.2008898258209229 1.3165713548660278
1.1988961696624756 1.2806140184402466
1.1971712112426758 1.2841696739196777
1.2000138759613037 1.2965517044067383
1.202710509300232 1.2794718742370605
1.2012684345245361 1.2752289772033691
1.2004450559616089 1.2640399932861328
1.184699535369873 1.2575405836105347
1.198216438293457 1.2944992780685425
1.2085912227630615 1.2715712785720825
1.1971549987792969 1.275833249092102
1.1966290473937988 1.267210602760315
1.192090392112732 1.2579364776611328
1.2000048160552979 1.2616000175476074
1.1910477876663208 1.256852149963379
1.201039433479309 1.2783522605895996
1.19771146774292 1.280261516571045
1.20529305934906 1.2524876594543457
1.1947013139724731 1.2790042161941528
1.1942510604858398 1.2592028379440308
1.1936074495315552 1.2955869436264038
1.20587956905365 1.3018920421600342
1.19547700881958 1.2551591396331787
1.203748345375061 1.2704826593399048
1.197939395904541 1.2540594339370728
1.2003092765808105 1.2604893445968628
1.2054060697555542 1.2898895740509033
1.2129873037338257 1.2881876230239868
1.1950401067733765 1.2680975198745728
1.1968971490859985 1.290306806564331
1.2086735963821411 1.2687408924102783
1.2036679983139038 1.2629097700119019
1.1986980438232422 1.2664068937301636
1.1972111463546753 1.2925962209701538
1.1919492483139038 1.2847168445587158
1.204048991203308 1.253011703491211
1.197520136833191 1.2749099731445312
1.203980803489685 1.266157865524292
1.205128788948059 1.2701724767684937
1.197792410850525 1.2600111961364746
1.1880688667297363 1.2567862272262573
1.1969157457351685 1.2854384183883667
1.1990516185760498 1.2679263353347778
1.1904860734939575 1.2829147577285767
1.208396553993225 1.2648166418075562
1.2011501789093018 1.2712335586547852
1.2024308443069458 1.2831413745880127
1.1943516731262207 1.2645024061203003
1.1991456747055054 1.2726166248321533
1.1970113515853882 1.2728224992752075
1.187199592590332 1.2742007970809937
1.197692632675171 1.2695809602737427
1.1962944269180298 1.2715671062469482
1.1997253894805908 1.2658525705337524
1.1935328245162964 1.2727456092834473
1.1970851421356201 1.2694246768951416
1.2016565799713135 1.2640780210494995
1.1963887214660645 1.2746771574020386
1.1874035596847534 1.2613171339035034
1.196986436843872 1.2588326930999756
1.1864339113235474 1.2631748914718628
1.1871417760849 1.2529598474502563
1.1839599609375 1.2558039426803589
1.186076045036316 1.286997675895691
1.1984494924545288 1.2690684795379639
1.191091775894165 1.2602484226226807
1.186358094215393 1.259042501449585
1.1888922452926636 1.263027548789978
1.1979403495788574 1.3036770820617676
1.1981844902038574 1.266325831413269
1.2066881656646729 1.272009253501892
1.1912922859191895 1.2519145011901855
1.1914691925048828 1.2974834442138672
1.1902174949645996 1.2533718347549438
1.187963604927063 1.2882920503616333
1.1948484182357788 1.2575896978378296
1.1927138566970825 1.2708297967910767
1.1938285827636719 1.2636818885803223
1.185261845588684 1.256567120552063
1.183518409729004 1.2736836671829224
1.1862798929214478 1.267792820930481
1.1804544925689697 1.2564200162887573
1.183327078819275 1.2658456563949585
1.1899560689926147 1.2584348917007446
1.1957694292068481 1.2627053260803223
1.1933141946792603 1.2601333856582642
1.1878775358200073 1.2661083936691284
1.1925138235092163 1.2660638093948364
1.1904453039169312 1.2678461074829102
1.1954803466796875 1.2822548151016235
1.1856091022491455 1.2870780229568481
1.1869316101074219 1.2613412141799927
1.1918578147888184 1.258497714996338
1.18223237991333 1.2546954154968262
1.1823190450668335 1.250417947769165
1.1855559349060059 1.2583770751953125
1.190217137336731 1.2675319910049438
1.1887887716293335 1.2842299938201904
1.1918745040893555 1.2678292989730835
1.1881738901138306 1.247558832168579
1.201253056526184 1.2622294425964355
1.1876277923583984 1.2555900812149048
1.1862667798995972 1.260095477104187
1.1907494068145752 1.2586749792099
1.1925387382507324 1.2750294208526611
1.2019500732421875 1.2709572315216064
1.198348045349121 1.2631925344467163
1.1979823112487793 1.263338327407837
1.1884500980377197 1.2617881298065186
1.1904911994934082 1.261047601699829
1.1918277740478516 1.2708523273468018
1.1983671188354492 1.2697879076004028
1.2012605667114258 1.287005066871643
1.2038838863372803 1.2531064748764038
1.1953102350234985 1.2593413591384888
1.1922366619110107 1.2568204402923584
1.202744960784912 1.2637553215026855
1.1921499967575073 1.2515944242477417
1.1920621395111084 1.2564311027526855
1.1908328533172607 1.2570723295211792
1.1919375658035278 1.263351321220398
1.193607211112976 1.2703360319137573
1.1911847591400146 1.256752371788025
1.1988219022750854 1.262052297592163
1.192063331604004 1.2732418775558472
1.1948693990707397 1.259995460510254
1.192988634109497 1.2645652294158936
1.1945531368255615 1.256055474281311
1.1895897388458252 1.2650467157363892
1.1880661249160767 1.279496192932129
1.2012447118759155 1.2790859937667847
1.1953089237213135 1.2642556428909302
1.1939235925674438 1.2539243698120117
1.1913955211639404 1.2631845474243164
1.1900320053100586 1.2868678569793701
1.1979176998138428 1.2614021301269531
1.1994677782058716 1.2776488065719604
1.1947017908096313 1.2559900283813477
1.1910450458526611 1.2756093740463257
1.1945947408676147 1.275099754333496
1.1937611103057861 1.2568424940109253
1.1928044557571411 1.267258882522583
1.1907176971435547 1.2609069347381592
1.186848521232605 1.300856590270996
1.192508578300476 1.24998140335083
1.1915240287780762 1.2492635250091553
1.1911295652389526 1.2578593492507935
1.1905200481414795 1.2770776748657227
1.2020939588546753 1.2766200304031372
1.193143367767334 1.277970790863037
1.1891893148422241 1.2588975429534912
1.1871742010116577 1.256271243095398
1.1915045976638794 1.2897882461547852
1.1883567571640015 1.2804065942764282
1.1925852298736572 1.259870171546936
1.1860675811767578 1.280405044555664
1.187623143196106 1.2511593103408813
1.1947925090789795 1.2662016153335571
1.195530652999878 1.2626389265060425
1.195403814315796 1.2646288871765137
1.195486068725586 1.2797309160232544
1.1938459873199463 1.266859531402588
1.2005728483200073 1.2637790441513062
1.1936326026916504 1.2715063095092773
1.1926909685134888 1.2524256706237793
1.200088620185852 1.2661569118499756
1.1848242282867432 1.2635234594345093
1.1939841508865356 1.3024216890335083
1.215975046157837 1.2888075113296509
1.1922539472579956 1.261372447013855
1.1912765502929688 1.2718321084976196
1.1985598802566528 1.2736319303512573
1.1892319917678833 1.263635516166687
1.1949297189712524 1.265774130821228
1.1985453367233276 1.2599965333938599
1.1998891830444336 1.2757751941680908
1.194984793663025 1.2700414657592773
1.1903530359268188 1.26235830783844
1.1877015829086304 1.2653509378433228
1.1875569820404053 1.265431523323059
1.1932345628738403 1.2551766633987427
1.1891148090362549 1.2528271675109863
1.1848996877670288 1.2568808794021606
1.1840019226074219 1.2827959060668945
1.1910240650177002 1.2588497400283813
1.1825332641601562 1.2567471265792847
1.1902140378952026 1.2564903497695923
1.19734525680542 1.269574522972107
1.1937588453292847 1.2582719326019287
1.1963366270065308 1.2572736740112305
1.1875216960906982 1.2613632678985596
1.190953254699707 1.265944480895996
1.1826082468032837 1.2627825736999512
1.183467984199524 1.2560774087905884
1.185684084892273 1.2657932043075562
1.1954529285430908 1.258749008178711
1.1935324668884277 1.2588392496109009
1.1862237453460693 1.2570499181747437
1.1921888589859009 1.2633144855499268
1.1820740699768066 1.264582872390747
1.1933987140655518 1.2559276819229126
1.1942825317382812 1.2672854661941528
1.192313551902771 1.2575691938400269
1.1911559104919434 1.259518027305603
1.1983205080032349 1.2537039518356323
1.185882806777954 1.2615936994552612
1.1899818181991577 1.2558859586715698
1.1933753490447998 1.2559622526168823
1.1874520778656006 1.2587393522262573
1.1867913007736206 1.2709075212478638
1.1932928562164307 1.2712931632995605
1.1920673847198486 1.2694416046142578
1.1978838443756104 1.2653990983963013
1.1864285469055176 1.2846455574035645
1.1902194023132324 1.2599895000457764
1.193220853805542 1.264276385307312
1.1943267583847046 1.2679754495620728
1.192867636680603 1.2814401388168335
1.2014784812927246 1.2644802331924438
1.1944897174835205 1.2853108644485474
1.1946253776550293 1.2654465436935425
1.1975243091583252 1.2738912105560303
1.1907620429992676 1.253130555152893
1.1934852600097656 1.274633526802063
1.1855195760726929 1.2632079124450684
1.1864643096923828 1.2702314853668213
1.202088475227356 1.271926999092102
1.1926580667495728 1.2586795091629028
1.1986348628997803 1.2644215822219849
1.1883420944213867 1.2734858989715576
1.1874967813491821 1.2606027126312256
1.1936872005462646 1.263062834739685
1.201995849609375 1.2721304893493652
1.1911921501159668 1.260697364807129
1.182884931564331 1.2531222105026245
1.190195918083191 1.2577807903289795
1.1862388849258423 1.2771360874176025
1.1870027780532837 1.2551082372665405
1.1866145133972168 1.2680857181549072
1.1878883838653564 1.2541908025741577
1.2004157304763794 1.2632553577423096
1.2027829885482788 1.297300934791565
1.19676673412323 1.257123589515686
1.193442940711975 1.2718833684921265
1.19187331199646 1.261273980140686
1.1897778511047363 1.2552692890167236
1.1911684274673462 1.274016261100769
1.1902103424072266 1.2800475358963013
1.201200246810913 1.272951602935791
1.1937792301177979 1.2900038957595825
1.2020527124404907 1.2764513492584229
1.1951147317886353 1.249027132987976
1.1886967420578003 1.2648487091064453
1.1928601264953613 1.2902870178222656
1.194349765777588 1.3198449611663818
1.1921459436416626 1.2590967416763306
1.1895101070404053 1.256109595298767
1.1821166276931763 1.278199553489685
1.1840453147888184 1.2867220640182495
1.1922688484191895 1.2637355327606201
1.190226674079895 1.2590925693511963
1.1970781087875366 1.2604297399520874
1.1928902864456177 1.257063865661621
1.190008282661438 1.2709951400756836
1.1948132514953613 1.2771787643432617
1.1909401416778564 1.2563610076904297
1.192254662513733 1.258360505104065
1.1905025243759155 1.2872623205184937
1.1992698907852173 1.2628920078277588
1.2009655237197876 1.265051007270813
1.1952894926071167 1.2657852172851562
1.1957906484603882 1.2975866794586182
1.1882034540176392 1.2607970237731934
1.1838297843933105 1.2539821863174438
1.1911348104476929 1.2702442407608032
1.1966140270233154 1.2534822225570679
1.187517762184143 1.2603517770767212
1.2004597187042236 1.255408525466919
1.1913127899169922 1.270305871963501
1.2039976119995117 1.293196201324463
1.190517783164978 1.2555466890335083
1.187496542930603 1.2652398347854614
1.1926435232162476 1.273576021194458
1.201707363128662 1.2705365419387817
1.1930514574050903 1.258400321006775
1.1903164386749268 1.280275821685791
1.2014292478561401 1.2844786643981934
1.1907646656036377 1.2568104267120361
1.191061019897461 1.259934902191162
1.1936988830566406 1.2611479759216309
1.1882625818252563 1.2524267435073853
1.189897060394287 1.2621026039123535
1.1917760372161865 1.262294888496399
1.1847447156906128 1.2752190828323364
1.194861650466919 1.2782284021377563
1.1921676397323608 1.2639812231063843
1.1922543048858643 1.2902153730392456
1.1990234851837158 1.2757165431976318
1.1899704933166504 1.2837615013122559
1.197607398033142 1.295406699180603
