

================================================================
== Vivado HLS Report for 'Loop_2_proc'
================================================================
* Date:           Mon Jul  3 05:13:10 2023

* Version:        2019.2 (Build 2704478 on Wed Nov 06 22:10:23 MST 2019)
* Project:        myproject_prj
* Solution:       solution1
* Product family: zynq
* Target device:  xc7z020-clg400-1


================================================================
== Performance Estimates
================================================================
+ Timing: 
    * Summary: 
    +--------+---------+----------+------------+
    |  Clock |  Target | Estimated| Uncertainty|
    +--------+---------+----------+------------+
    |ap_clk  | 5.00 ns | 4.367 ns |   0.62 ns  |
    +--------+---------+----------+------------+

+ Latency: 
    * Summary: 
    +---------+---------+----------+----------+-----+-----+---------+
    |  Latency (cycles) |  Latency (absolute) |  Interval | Pipeline|
    |   min   |   max   |    min   |    max   | min | max |   Type  |
    +---------+---------+----------+----------+-----+-----+---------+
    |      111|      111| 0.555 us | 0.555 us |  111|  111|   none  |
    +---------+---------+----------+----------+-----+-----+---------+

    + Detail: 
        * Instance: 
        N/A

        * Loop: 
        +----------+---------+---------+----------+-----------+-----------+------+----------+
        |          |  Latency (cycles) | Iteration|  Initiation Interval  | Trip |          |
        | Loop Name|   min   |   max   |  Latency |  achieved |   target  | Count| Pipelined|
        +----------+---------+---------+----------+-----------+-----------+------+----------+
        |- Loop 1  |      110|      110|        11|          -|          -|    10|    no    |
        +----------+---------+---------+----------+-----------+-----------+------+----------+

============================================================
+ Verbose Summary: Synthesis Manager
============================================================
InlineROM: 1
ExposeGlobal: 0
============================================================
+ Verbose Summary: CDFG Model
============================================================
IsTopModel: 0
ResetActiveHigh: 1
IsCombinational: 2
IsDatapathOnly: 0
HasWiredReturn: 1
HasMFsm: 0
HasVarLatency: 1
IsPipeline: 0
IsRtlPipelined: 0
IsInstanceOverlapped: 0
IsDontTouch: 0
HasImplIP: 0
IsGatedGlobalClock: 0


============================================================
+ Verbose Summary: Schedule
============================================================
* Number of FSM states : 12
* Pipeline : 0
* Dataflow Pipeline: 0

* FSM state transitions: 
1 --> 2 
2 --> 3 
3 --> 4 
4 --> 5 
5 --> 6 
6 --> 7 
7 --> 8 
8 --> 9 
9 --> 10 
10 --> 11 
11 --> 12 
12 --> 2 

* FSM state operations: 

State 1 <SV = 0> <Delay = 1.76>
ST_1 : Operation 13 [1/1] (0.00ns)   --->   "call void (...)* @_ssdm_op_SpecInterface(i1* %out_last_V, float* %out_data, [5 x i8]* @p_str4, i32 1, i32 1, [5 x i8]* @p_str1, i32 0, i32 0, [1 x i8]* @p_str2, [1 x i8]* @p_str2, [1 x i8]* @p_str2, i32 0, i32 0, i32 0, i32 0, [1 x i8]* @p_str2, [1 x i8]* @p_str2)"   --->   Operation 13 'specinterface' <Predicate = true> <Delay = 0.00>
ST_1 : Operation 14 [1/1] (0.00ns)   --->   "%p_read_1 = call i1 @_ssdm_op_Read.ap_auto.i1(i1 %p_read)"   --->   Operation 14 'read' 'p_read_1' <Predicate = true> <Delay = 0.00>
ST_1 : Operation 15 [1/1] (1.76ns)   --->   "br label %0"   --->   Operation 15 'br' <Predicate = true> <Delay = 1.76>

State 2 <SV = 1> <Delay = 2.63>
ST_2 : Operation 16 [1/1] (0.00ns)   --->   "%j3_0_i = phi i4 [ 0, %entry ], [ %j, %._crit_edge.i_ifconv ]"   --->   Operation 16 'phi' 'j3_0_i' <Predicate = true> <Delay = 0.00>
ST_2 : Operation 17 [1/1] (1.30ns)   --->   "%icmp_ln31 = icmp eq i4 %j3_0_i, -6" [firmware/myproject_axi.cpp:31]   --->   Operation 17 'icmp' 'icmp_ln31' <Predicate = true> <Delay = 1.30> <Core = "Cmp">   --->   Core 25 'Cmp' <Latency = 0> <II = 1> <Delay = 2.47> <FuncUnit> <Opcode : 'icmp'> <InPorts = 2> <OutPorts = 1>
ST_2 : Operation 18 [1/1] (0.00ns)   --->   "%empty = call i32 (...)* @_ssdm_op_SpecLoopTripCount(i64 10, i64 10, i64 10)"   --->   Operation 18 'speclooptripcount' 'empty' <Predicate = true> <Delay = 0.00>
ST_2 : Operation 19 [1/1] (1.73ns)   --->   "%j = add i4 %j3_0_i, 1" [firmware/myproject_axi.cpp:31]   --->   Operation 19 'add' 'j' <Predicate = true> <Delay = 1.73> <Core = "AddSub">   --->   Core 14 'AddSub' <Latency = 0> <II = 1> <Delay = 3.52> <FuncUnit> <Opcode : 'add' 'sub'> <InPorts = 2> <OutPorts = 1>
ST_2 : Operation 20 [1/1] (0.00ns)   --->   "br i1 %icmp_ln31, label %Loop_2_proc.exit, label %._crit_edge.i_ifconv" [firmware/myproject_axi.cpp:31]   --->   Operation 20 'br' <Predicate = true> <Delay = 0.00>
ST_2 : Operation 21 [1/1] (1.30ns)   --->   "%icmp_ln32 = icmp eq i4 %j3_0_i, -7" [firmware/myproject_axi.cpp:32]   --->   Operation 21 'icmp' 'icmp_ln32' <Predicate = (!icmp_ln31)> <Delay = 1.30> <Core = "Cmp">   --->   Core 25 'Cmp' <Latency = 0> <II = 1> <Delay = 2.47> <FuncUnit> <Opcode : 'icmp'> <InPorts = 2> <OutPorts = 1>
ST_2 : Operation 22 [1/1] (0.97ns)   --->   "%last = and i1 %icmp_ln32, %p_read_1" [firmware/myproject_axi.cpp:32]   --->   Operation 22 'and' 'last' <Predicate = (!icmp_ln31)> <Delay = 0.97> <Core = "LogicGate">   --->   Core 27 'LogicGate' <Latency = 0> <II = 1> <Delay = 0.97> <FuncUnit> <Opcode : 'and' 'or' 'xor'> <InPorts = 2> <OutPorts = 1>
ST_2 : Operation 23 [1/1] (0.00ns)   --->   "%tmp_data_V_0_read = call i16 @_ssdm_op_Read.ap_auto.i16P(i16* %tmp_data_V_0)" [firmware/myproject_axi.cpp:33]   --->   Operation 23 'read' 'tmp_data_V_0_read' <Predicate = (!icmp_ln31)> <Delay = 0.00>
ST_2 : Operation 24 [1/1] (0.00ns)   --->   "%tmp_data_V_1_read = call i16 @_ssdm_op_Read.ap_auto.i16P(i16* %tmp_data_V_1)" [firmware/myproject_axi.cpp:33]   --->   Operation 24 'read' 'tmp_data_V_1_read' <Predicate = (!icmp_ln31)> <Delay = 0.00>
ST_2 : Operation 25 [1/1] (0.00ns)   --->   "%tmp_data_V_2_read = call i16 @_ssdm_op_Read.ap_auto.i16P(i16* %tmp_data_V_2)" [firmware/myproject_axi.cpp:33]   --->   Operation 25 'read' 'tmp_data_V_2_read' <Predicate = (!icmp_ln31)> <Delay = 0.00>
ST_2 : Operation 26 [1/1] (0.00ns)   --->   "%tmp_data_V_3_read = call i16 @_ssdm_op_Read.ap_auto.i16P(i16* %tmp_data_V_3)" [firmware/myproject_axi.cpp:33]   --->   Operation 26 'read' 'tmp_data_V_3_read' <Predicate = (!icmp_ln31)> <Delay = 0.00>
ST_2 : Operation 27 [1/1] (0.00ns)   --->   "%tmp_data_V_4_read = call i16 @_ssdm_op_Read.ap_auto.i16P(i16* %tmp_data_V_4)" [firmware/myproject_axi.cpp:33]   --->   Operation 27 'read' 'tmp_data_V_4_read' <Predicate = (!icmp_ln31)> <Delay = 0.00>
ST_2 : Operation 28 [1/1] (0.00ns)   --->   "%tmp_data_V_5_read = call i16 @_ssdm_op_Read.ap_auto.i16P(i16* %tmp_data_V_5)" [firmware/myproject_axi.cpp:33]   --->   Operation 28 'read' 'tmp_data_V_5_read' <Predicate = (!icmp_ln31)> <Delay = 0.00>
ST_2 : Operation 29 [1/1] (0.00ns)   --->   "%tmp_data_V_6_read = call i16 @_ssdm_op_Read.ap_auto.i16P(i16* %tmp_data_V_6)" [firmware/myproject_axi.cpp:33]   --->   Operation 29 'read' 'tmp_data_V_6_read' <Predicate = (!icmp_ln31)> <Delay = 0.00>
ST_2 : Operation 30 [1/1] (0.00ns)   --->   "%tmp_data_V_7_read = call i16 @_ssdm_op_Read.ap_auto.i16P(i16* %tmp_data_V_7)" [firmware/myproject_axi.cpp:33]   --->   Operation 30 'read' 'tmp_data_V_7_read' <Predicate = (!icmp_ln31)> <Delay = 0.00>
ST_2 : Operation 31 [1/1] (0.00ns)   --->   "%tmp_data_V_8_read = call i16 @_ssdm_op_Read.ap_auto.i16P(i16* %tmp_data_V_8)" [firmware/myproject_axi.cpp:33]   --->   Operation 31 'read' 'tmp_data_V_8_read' <Predicate = (!icmp_ln31)> <Delay = 0.00>
ST_2 : Operation 32 [1/1] (0.00ns)   --->   "%tmp_data_V_9_read = call i16 @_ssdm_op_Read.ap_auto.i16P(i16* %tmp_data_V_9)" [firmware/myproject_axi.cpp:33]   --->   Operation 32 'read' 'tmp_data_V_9_read' <Predicate = (!icmp_ln31)> <Delay = 0.00>
ST_2 : Operation 33 [1/1] (2.63ns)   --->   "%tmp_V_3 = call i16 @_ssdm_op_Mux.ap_auto.10i16.i4(i16 %tmp_data_V_0_read, i16 %tmp_data_V_1_read, i16 %tmp_data_V_2_read, i16 %tmp_data_V_3_read, i16 %tmp_data_V_4_read, i16 %tmp_data_V_5_read, i16 %tmp_data_V_6_read, i16 %tmp_data_V_7_read, i16 %tmp_data_V_8_read, i16 %tmp_data_V_9_read, i4 %j3_0_i)" [firmware/myproject_axi.cpp:33]   --->   Operation 33 'mux' 'tmp_V_3' <Predicate = (!icmp_ln31)> <Delay = 2.63> <Core = "MuxnS">   --->   Core 31 'MuxnS' <Latency = 0> <II = 1> <Delay = 2.63> <FuncUnit> <Opcode : 'mux'> <InPorts = 2> <OutPorts = 1>
ST_2 : Operation 34 [1/1] (0.00ns)   --->   "%p_Result_33 = call i1 @_ssdm_op_BitSelect.i1.i16.i32(i16 %tmp_V_3, i32 15)" [firmware/myproject_axi.cpp:33]   --->   Operation 34 'bitselect' 'p_Result_33' <Predicate = (!icmp_ln31)> <Delay = 0.00>
ST_2 : Operation 35 [1/1] (0.00ns)   --->   "ret void"   --->   Operation 35 'ret' <Predicate = (icmp_ln31)> <Delay = 0.00>

State 3 <SV = 2> <Delay = 2.07>
ST_3 : Operation 36 [1/1] (2.07ns)   --->   "%tmp_V = sub i16 0, %tmp_V_3" [firmware/myproject_axi.cpp:33]   --->   Operation 36 'sub' 'tmp_V' <Predicate = (p_Result_33)> <Delay = 2.07> <Core = "AddSub">   --->   Core 14 'AddSub' <Latency = 0> <II = 1> <Delay = 3.52> <FuncUnit> <Opcode : 'add' 'sub'> <InPorts = 2> <OutPorts = 1>

State 4 <SV = 3> <Delay = 4.20>
ST_4 : Operation 37 [1/1] (2.42ns)   --->   "%icmp_ln935 = icmp eq i16 %tmp_V_3, 0" [firmware/myproject_axi.cpp:33]   --->   Operation 37 'icmp' 'icmp_ln935' <Predicate = true> <Delay = 2.42> <Core = "Cmp">   --->   Core 25 'Cmp' <Latency = 0> <II = 1> <Delay = 2.47> <FuncUnit> <Opcode : 'icmp'> <InPorts = 2> <OutPorts = 1>
ST_4 : Operation 38 [1/1] (0.80ns)   --->   "%tmp_V_4 = select i1 %p_Result_33, i16 %tmp_V, i16 %tmp_V_3" [firmware/myproject_axi.cpp:33]   --->   Operation 38 'select' 'tmp_V_4' <Predicate = true> <Delay = 0.80> <Core = "Sel">   --->   Core 26 'Sel' <Latency = 0> <II = 1> <Delay = 0.69> <FuncUnit> <Opcode : 'select'> <InPorts = 3> <OutPorts = 1>
ST_4 : Operation 39 [1/1] (0.00ns)   --->   "%p_Result_s = call i16 @llvm.part.select.i16(i16 %tmp_V_4, i32 15, i32 0) nounwind" [firmware/myproject_axi.cpp:33]   --->   Operation 39 'partselect' 'p_Result_s' <Predicate = true> <Delay = 0.00>
ST_4 : Operation 40 [1/1] (0.00ns)   --->   "%p_Result_34 = call i32 @_ssdm_op_BitConcatenate.i32.i16.i16(i16 -1, i16 %p_Result_s)" [firmware/myproject_axi.cpp:33]   --->   Operation 40 'bitconcatenate' 'p_Result_34' <Predicate = true> <Delay = 0.00>
ST_4 : Operation 41 [1/1] (3.39ns)   --->   "%l = call i32 @llvm.cttz.i32(i32 %p_Result_34, i1 true) nounwind" [firmware/myproject_axi.cpp:33]   --->   Operation 41 'cttz' 'l' <Predicate = true> <Delay = 3.39> <Core = "CTTZ">   --->   Core 64 'CTTZ' <Latency = 0> <II = 1> <Delay = 3.39> <FuncUnit> <Opcode : 'cttz'> <InPorts = 1> <OutPorts = 1>
ST_4 : Operation 42 [1/1] (0.00ns)   --->   "%trunc_ln943 = trunc i32 %l to i8" [firmware/myproject_axi.cpp:33]   --->   Operation 42 'trunc' 'trunc_ln943' <Predicate = true> <Delay = 0.00>

State 5 <SV = 4> <Delay = 4.33>
ST_5 : Operation 43 [1/1] (2.55ns)   --->   "%sub_ln944 = sub nsw i32 16, %l" [firmware/myproject_axi.cpp:33]   --->   Operation 43 'sub' 'sub_ln944' <Predicate = (!icmp_ln935)> <Delay = 2.55> <Core = "AddSub">   --->   Core 14 'AddSub' <Latency = 0> <II = 1> <Delay = 3.52> <FuncUnit> <Opcode : 'add' 'sub'> <InPorts = 2> <OutPorts = 1>
ST_5 : Operation 44 [1/1] (0.00ns)   --->   "%trunc_ln944 = trunc i32 %sub_ln944 to i16" [firmware/myproject_axi.cpp:33]   --->   Operation 44 'trunc' 'trunc_ln944' <Predicate = (!icmp_ln935)> <Delay = 0.00>
ST_5 : Operation 45 [1/1] (0.00ns)   --->   "%trunc_ln947 = trunc i32 %sub_ln944 to i5" [firmware/myproject_axi.cpp:33]   --->   Operation 45 'trunc' 'trunc_ln947' <Predicate = (!icmp_ln935)> <Delay = 0.00>
ST_5 : Operation 46 [1/1] (1.78ns)   --->   "%sub_ln947 = sub i5 9, %trunc_ln947" [firmware/myproject_axi.cpp:33]   --->   Operation 46 'sub' 'sub_ln947' <Predicate = (!icmp_ln935)> <Delay = 1.78> <Core = "AddSub">   --->   Core 14 'AddSub' <Latency = 0> <II = 1> <Delay = 3.52> <FuncUnit> <Opcode : 'add' 'sub'> <InPorts = 2> <OutPorts = 1>

State 6 <SV = 5> <Delay = 2.66>
ST_6 : Operation 47 [1/1] (2.55ns)   --->   "%lsb_index = add nsw i32 -24, %sub_ln944" [firmware/myproject_axi.cpp:33]   --->   Operation 47 'add' 'lsb_index' <Predicate = (!icmp_ln935)> <Delay = 2.55> <Core = "AddSub">   --->   Core 14 'AddSub' <Latency = 0> <II = 1> <Delay = 3.52> <FuncUnit> <Opcode : 'add' 'sub'> <InPorts = 2> <OutPorts = 1>
ST_6 : Operation 48 [1/1] (0.00ns)   --->   "%tmp = call i31 @_ssdm_op_PartSelect.i31.i32.i32.i32(i32 %lsb_index, i32 1, i32 31)" [firmware/myproject_axi.cpp:33]   --->   Operation 48 'partselect' 'tmp' <Predicate = (!icmp_ln935)> <Delay = 0.00>
ST_6 : Operation 49 [1/1] (0.00ns) (grouped into LUT with out node icmp_ln947_1)   --->   "%zext_ln947 = zext i5 %sub_ln947 to i16" [firmware/myproject_axi.cpp:33]   --->   Operation 49 'zext' 'zext_ln947' <Predicate = (!icmp_ln935)> <Delay = 0.00>
ST_6 : Operation 50 [1/1] (0.00ns) (grouped into LUT with out node icmp_ln947_1)   --->   "%lshr_ln947 = lshr i16 -1, %zext_ln947" [firmware/myproject_axi.cpp:33]   --->   Operation 50 'lshr' 'lshr_ln947' <Predicate = (!icmp_ln935)> <Delay = 0.00> <Core = "Shift">   --->   Core 28 'Shift' <Latency = 0> <II = 1> <Delay = 2.66> <FuncUnit> <Opcode : 'shl' 'lshr' 'ashr'> <InPorts = 2> <OutPorts = 1>
ST_6 : Operation 51 [1/1] (0.00ns) (grouped into LUT with out node icmp_ln947_1)   --->   "%p_Result_30 = and i16 %tmp_V_4, %lshr_ln947" [firmware/myproject_axi.cpp:33]   --->   Operation 51 'and' 'p_Result_30' <Predicate = (!icmp_ln935)> <Delay = 0.00> <Core = "LogicGate">   --->   Core 27 'LogicGate' <Latency = 0> <II = 1> <Delay = 0.97> <FuncUnit> <Opcode : 'and' 'or' 'xor'> <InPorts = 2> <OutPorts = 1>
ST_6 : Operation 52 [1/1] (2.66ns) (out node of the LUT)   --->   "%icmp_ln947_1 = icmp ne i16 %p_Result_30, 0" [firmware/myproject_axi.cpp:33]   --->   Operation 52 'icmp' 'icmp_ln947_1' <Predicate = (!icmp_ln935)> <Delay = 2.66> <Core = "Cmp">   --->   Core 25 'Cmp' <Latency = 0> <II = 1> <Delay = 2.47> <FuncUnit> <Opcode : 'icmp'> <InPorts = 2> <OutPorts = 1>
ST_6 : Operation 53 [1/1] (2.55ns)   --->   "%add_ln958 = add nsw i32 -25, %sub_ln944" [firmware/myproject_axi.cpp:33]   --->   Operation 53 'add' 'add_ln958' <Predicate = (!icmp_ln935)> <Delay = 2.55> <Core = "AddSub">   --->   Core 14 'AddSub' <Latency = 0> <II = 1> <Delay = 3.52> <FuncUnit> <Opcode : 'add' 'sub'> <InPorts = 2> <OutPorts = 1>
ST_6 : Operation 54 [1/1] (2.55ns)   --->   "%sub_ln958 = sub i32 25, %sub_ln944" [firmware/myproject_axi.cpp:33]   --->   Operation 54 'sub' 'sub_ln958' <Predicate = (!icmp_ln935)> <Delay = 2.55> <Core = "AddSub">   --->   Core 14 'AddSub' <Latency = 0> <II = 1> <Delay = 3.52> <FuncUnit> <Opcode : 'add' 'sub'> <InPorts = 2> <OutPorts = 1>

State 7 <SV = 6> <Delay = 3.60>
ST_7 : Operation 55 [1/1] (2.47ns)   --->   "%icmp_ln947 = icmp sgt i31 %tmp, 0" [firmware/myproject_axi.cpp:33]   --->   Operation 55 'icmp' 'icmp_ln947' <Predicate = (!icmp_ln935)> <Delay = 2.47> <Core = "Cmp">   --->   Core 25 'Cmp' <Latency = 0> <II = 1> <Delay = 2.47> <FuncUnit> <Opcode : 'icmp'> <InPorts = 2> <OutPorts = 1>
ST_7 : Operation 56 [1/1] (0.00ns) (grouped into LUT with out node or_ln_i)   --->   "%a = and i1 %icmp_ln947, %icmp_ln947_1" [firmware/myproject_axi.cpp:33]   --->   Operation 56 'and' 'a' <Predicate = (!icmp_ln935)> <Delay = 0.00> <Core = "LogicGate">   --->   Core 27 'LogicGate' <Latency = 0> <II = 1> <Delay = 0.97> <FuncUnit> <Opcode : 'and' 'or' 'xor'> <InPorts = 2> <OutPorts = 1>
ST_7 : Operation 57 [1/1] (0.00ns) (grouped into LUT with out node or_ln_i)   --->   "%tmp_130 = call i1 @_ssdm_op_BitSelect.i1.i32.i32(i32 %lsb_index, i32 31)" [firmware/myproject_axi.cpp:33]   --->   Operation 57 'bitselect' 'tmp_130' <Predicate = (!icmp_ln935)> <Delay = 0.00>
ST_7 : Operation 58 [1/1] (0.00ns) (grouped into LUT with out node or_ln_i)   --->   "%xor_ln949 = xor i1 %tmp_130, true" [firmware/myproject_axi.cpp:33]   --->   Operation 58 'xor' 'xor_ln949' <Predicate = (!icmp_ln935)> <Delay = 0.00> <Core = "LogicGate">   --->   Core 27 'LogicGate' <Latency = 0> <II = 1> <Delay = 0.97> <FuncUnit> <Opcode : 'and' 'or' 'xor'> <InPorts = 2> <OutPorts = 1>
ST_7 : Operation 59 [1/1] (2.07ns)   --->   "%add_ln949 = add i16 -24, %trunc_ln944" [firmware/myproject_axi.cpp:33]   --->   Operation 59 'add' 'add_ln949' <Predicate = (!icmp_ln935)> <Delay = 2.07> <Core = "AddSub">   --->   Core 14 'AddSub' <Latency = 0> <II = 1> <Delay = 3.52> <FuncUnit> <Opcode : 'add' 'sub'> <InPorts = 2> <OutPorts = 1>
ST_7 : Operation 60 [1/1] (0.00ns) (grouped into LUT with out node or_ln_i)   --->   "%p_Result_31 = call i1 @_ssdm_op_BitSelect.i1.i16.i16(i16 %tmp_V_4, i16 %add_ln949)" [firmware/myproject_axi.cpp:33]   --->   Operation 60 'bitselect' 'p_Result_31' <Predicate = (!icmp_ln935)> <Delay = 0.00>
ST_7 : Operation 61 [1/1] (0.00ns) (grouped into LUT with out node or_ln_i)   --->   "%and_ln949 = and i1 %p_Result_31, %xor_ln949" [firmware/myproject_axi.cpp:33]   --->   Operation 61 'and' 'and_ln949' <Predicate = (!icmp_ln935)> <Delay = 0.00> <Core = "LogicGate">   --->   Core 27 'LogicGate' <Latency = 0> <II = 1> <Delay = 0.97> <FuncUnit> <Opcode : 'and' 'or' 'xor'> <InPorts = 2> <OutPorts = 1>
ST_7 : Operation 62 [1/1] (0.00ns) (grouped into LUT with out node or_ln_i)   --->   "%or_ln949 = or i1 %and_ln949, %a" [firmware/myproject_axi.cpp:33]   --->   Operation 62 'or' 'or_ln949' <Predicate = (!icmp_ln935)> <Delay = 0.00> <Core = "LogicGate">   --->   Core 27 'LogicGate' <Latency = 0> <II = 1> <Delay = 0.97> <FuncUnit> <Opcode : 'and' 'or' 'xor'> <InPorts = 2> <OutPorts = 1>
ST_7 : Operation 63 [1/1] (0.97ns) (out node of the LUT)   --->   "%or_ln_i = call i32 @_ssdm_op_BitConcatenate.i32.i31.i1(i31 0, i1 %or_ln949)" [firmware/myproject_axi.cpp:33]   --->   Operation 63 'bitconcatenate' 'or_ln_i' <Predicate = (!icmp_ln935)> <Delay = 0.97>
ST_7 : Operation 64 [1/1] (0.00ns)   --->   "%m = zext i16 %tmp_V_4 to i64" [firmware/myproject_axi.cpp:33]   --->   Operation 64 'zext' 'm' <Predicate = (!icmp_ln935)> <Delay = 0.00>
ST_7 : Operation 65 [1/1] (0.00ns)   --->   "%zext_ln957_1 = zext i16 %tmp_V_4 to i32" [firmware/myproject_axi.cpp:33]   --->   Operation 65 'zext' 'zext_ln957_1' <Predicate = (!icmp_ln935)> <Delay = 0.00>
ST_7 : Operation 66 [1/1] (2.47ns)   --->   "%icmp_ln958 = icmp sgt i32 %lsb_index, 0" [firmware/myproject_axi.cpp:33]   --->   Operation 66 'icmp' 'icmp_ln958' <Predicate = (!icmp_ln935)> <Delay = 2.47> <Core = "Cmp">   --->   Core 25 'Cmp' <Latency = 0> <II = 1> <Delay = 2.47> <FuncUnit> <Opcode : 'icmp'> <InPorts = 2> <OutPorts = 1>
ST_7 : Operation 67 [2/2] (3.60ns)   --->   "%lshr_ln958 = lshr i32 %zext_ln957_1, %add_ln958" [firmware/myproject_axi.cpp:33]   --->   Operation 67 'lshr' 'lshr_ln958' <Predicate = (!icmp_ln935)> <Delay = 3.60> <Core = "ShiftnS">   --->   Core 29 'ShiftnS' <Latency = 1> <II = 1> <Delay = 3.60> <FuncUnit> <Opcode : 'shl' 'lshr' 'ashr'> <InPorts = 2> <OutPorts = 1>
ST_7 : Operation 68 [1/1] (0.00ns)   --->   "%zext_ln958_1 = zext i32 %sub_ln958 to i64" [firmware/myproject_axi.cpp:33]   --->   Operation 68 'zext' 'zext_ln958_1' <Predicate = (!icmp_ln935)> <Delay = 0.00>
ST_7 : Operation 69 [2/2] (3.60ns)   --->   "%shl_ln958 = shl i64 %m, %zext_ln958_1" [firmware/myproject_axi.cpp:33]   --->   Operation 69 'shl' 'shl_ln958' <Predicate = (!icmp_ln935)> <Delay = 3.60> <Core = "ShiftnS">   --->   Core 29 'ShiftnS' <Latency = 1> <II = 1> <Delay = 3.60> <FuncUnit> <Opcode : 'shl' 'lshr' 'ashr'> <InPorts = 2> <OutPorts = 1>

State 8 <SV = 7> <Delay = 3.60>
ST_8 : Operation 70 [1/2] (3.60ns)   --->   "%lshr_ln958 = lshr i32 %zext_ln957_1, %add_ln958" [firmware/myproject_axi.cpp:33]   --->   Operation 70 'lshr' 'lshr_ln958' <Predicate = (!icmp_ln935)> <Delay = 3.60> <Core = "ShiftnS">   --->   Core 29 'ShiftnS' <Latency = 1> <II = 1> <Delay = 3.60> <FuncUnit> <Opcode : 'shl' 'lshr' 'ashr'> <InPorts = 2> <OutPorts = 1>
ST_8 : Operation 71 [1/2] (3.60ns)   --->   "%shl_ln958 = shl i64 %m, %zext_ln958_1" [firmware/myproject_axi.cpp:33]   --->   Operation 71 'shl' 'shl_ln958' <Predicate = (!icmp_ln935)> <Delay = 3.60> <Core = "ShiftnS">   --->   Core 29 'ShiftnS' <Latency = 1> <II = 1> <Delay = 3.60> <FuncUnit> <Opcode : 'shl' 'lshr' 'ashr'> <InPorts = 2> <OutPorts = 1>

State 9 <SV = 8> <Delay = 3.52>
ST_9 : Operation 72 [1/1] (0.00ns) (grouped into LUT with out node m_2)   --->   "%zext_ln958 = zext i32 %lshr_ln958 to i64" [firmware/myproject_axi.cpp:33]   --->   Operation 72 'zext' 'zext_ln958' <Predicate = (icmp_ln958 & !icmp_ln935)> <Delay = 0.00>
ST_9 : Operation 73 [1/1] (0.00ns) (grouped into LUT with out node m_2)   --->   "%m_1 = select i1 %icmp_ln958, i64 %zext_ln958, i64 %shl_ln958" [firmware/myproject_axi.cpp:33]   --->   Operation 73 'select' 'm_1' <Predicate = (!icmp_ln935)> <Delay = 0.00> <Core = "Sel">   --->   Core 26 'Sel' <Latency = 0> <II = 1> <Delay = 0.69> <FuncUnit> <Opcode : 'select'> <InPorts = 3> <OutPorts = 1>
ST_9 : Operation 74 [1/1] (0.00ns) (grouped into LUT with out node m_2)   --->   "%zext_ln961 = zext i32 %or_ln_i to i64" [firmware/myproject_axi.cpp:33]   --->   Operation 74 'zext' 'zext_ln961' <Predicate = (!icmp_ln935)> <Delay = 0.00>
ST_9 : Operation 75 [1/1] (3.52ns) (out node of the LUT)   --->   "%m_2 = add i64 %zext_ln961, %m_1" [firmware/myproject_axi.cpp:33]   --->   Operation 75 'add' 'm_2' <Predicate = (!icmp_ln935)> <Delay = 3.52> <Core = "AddSub">   --->   Core 14 'AddSub' <Latency = 0> <II = 1> <Delay = 3.52> <FuncUnit> <Opcode : 'add' 'sub'> <InPorts = 2> <OutPorts = 1>
ST_9 : Operation 76 [1/1] (0.00ns)   --->   "%m_5 = call i63 @_ssdm_op_PartSelect.i63.i64.i32.i32(i64 %m_2, i32 1, i32 63)" [firmware/myproject_axi.cpp:33]   --->   Operation 76 'partselect' 'm_5' <Predicate = (!icmp_ln935)> <Delay = 0.00>
ST_9 : Operation 77 [1/1] (0.00ns)   --->   "%tmp_131 = call i1 @_ssdm_op_BitSelect.i1.i64.i32(i64 %m_2, i32 25)" [firmware/myproject_axi.cpp:33]   --->   Operation 77 'bitselect' 'tmp_131' <Predicate = (!icmp_ln935)> <Delay = 0.00>

State 10 <SV = 9> <Delay = 1.24>
ST_10 : Operation 78 [1/1] (1.24ns)   --->   "%select_ln964 = select i1 %tmp_131, i8 127, i8 126" [firmware/myproject_axi.cpp:33]   --->   Operation 78 'select' 'select_ln964' <Predicate = (!icmp_ln935)> <Delay = 1.24> <Core = "Sel">   --->   Core 26 'Sel' <Latency = 0> <II = 1> <Delay = 0.69> <FuncUnit> <Opcode : 'select'> <InPorts = 3> <OutPorts = 1>

State 11 <SV = 10> <Delay = 4.36>
ST_11 : Operation 79 [1/1] (0.00ns)   --->   "%m_6 = zext i63 %m_5 to i64" [firmware/myproject_axi.cpp:33]   --->   Operation 79 'zext' 'm_6' <Predicate = (!icmp_ln935)> <Delay = 0.00>
ST_11 : Operation 80 [1/1] (0.00ns) (grouped into TernaryAdder)   --->   "%sub_ln964 = sub i8 6, %trunc_ln943" [firmware/myproject_axi.cpp:33]   --->   Operation 80 'sub' 'sub_ln964' <Predicate = (!icmp_ln935)> <Delay = 0.00> <Core = "TAddSub">   --->   Core 83 'TAddSub' <Latency = 0> <II = 1> <Delay = 1.83> <IPBlock> <Opcode : 'add' 'sub'> <InPorts = 3> <OutPorts = 1> <Sync> <CReg>
ST_11 : Operation 81 [1/1] (3.66ns) (root node of TernaryAdder)   --->   "%add_ln964 = add i8 %sub_ln964, %select_ln964" [firmware/myproject_axi.cpp:33]   --->   Operation 81 'add' 'add_ln964' <Predicate = (!icmp_ln935)> <Delay = 3.66> <Core = "TAddSub">   --->   Core 83 'TAddSub' <Latency = 0> <II = 1> <Delay = 1.83> <IPBlock> <Opcode : 'add' 'sub'> <InPorts = 3> <OutPorts = 1> <Sync> <CReg>
ST_11 : Operation 82 [1/1] (0.00ns)   --->   "%tmp_107_i = call i9 @_ssdm_op_BitConcatenate.i9.i1.i8(i1 %p_Result_33, i8 %add_ln964)" [firmware/myproject_axi.cpp:33]   --->   Operation 82 'bitconcatenate' 'tmp_107_i' <Predicate = (!icmp_ln935)> <Delay = 0.00>
ST_11 : Operation 83 [1/1] (0.00ns)   --->   "%p_Result_35 = call i64 @_ssdm_op_PartSet.i64.i64.i9.i32.i32(i64 %m_6, i9 %tmp_107_i, i32 23, i32 31)" [firmware/myproject_axi.cpp:33]   --->   Operation 83 'partset' 'p_Result_35' <Predicate = (!icmp_ln935)> <Delay = 0.00>
ST_11 : Operation 84 [1/1] (0.00ns)   --->   "%trunc_ln738 = trunc i64 %p_Result_35 to i32" [firmware/myproject_axi.cpp:33]   --->   Operation 84 'trunc' 'trunc_ln738' <Predicate = (!icmp_ln935)> <Delay = 0.00>
ST_11 : Operation 85 [1/1] (0.00ns)   --->   "%bitcast_ln739 = bitcast i32 %trunc_ln738 to float" [firmware/myproject_axi.cpp:33]   --->   Operation 85 'bitcast' 'bitcast_ln739' <Predicate = (!icmp_ln935)> <Delay = 0.00>
ST_11 : Operation 86 [1/1] (0.69ns)   --->   "%select_ln935 = select i1 %icmp_ln935, float 0.000000e+00, float %bitcast_ln739" [firmware/myproject_axi.cpp:33]   --->   Operation 86 'select' 'select_ln935' <Predicate = true> <Delay = 0.69> <Core = "Sel">   --->   Core 26 'Sel' <Latency = 0> <II = 1> <Delay = 0.69> <FuncUnit> <Opcode : 'select'> <InPorts = 3> <OutPorts = 1>
ST_11 : Operation 87 [2/2] (0.00ns)   --->   "call void @_ssdm_op_Write.axis.volatile.i1P.floatP(i1* %out_last_V, float* %out_data, i1 %last, float %select_ln935)" [firmware/myproject_axi.h:23->firmware/myproject_axi.cpp:33]   --->   Operation 87 'write' <Predicate = true> <Delay = 0.00> <Core = "AXI4Stream">   --->   Core 5 'AXI4Stream' <Latency = 0> <II = 1> <Delay = 1.00> <Adapter> <Opcode : >

State 12 <SV = 11> <Delay = 0.00>
ST_12 : Operation 88 [1/2] (0.00ns)   --->   "call void @_ssdm_op_Write.axis.volatile.i1P.floatP(i1* %out_last_V, float* %out_data, i1 %last, float %select_ln935)" [firmware/myproject_axi.h:23->firmware/myproject_axi.cpp:33]   --->   Operation 88 'write' <Predicate = true> <Delay = 0.00> <Core = "AXI4Stream">   --->   Core 5 'AXI4Stream' <Latency = 0> <II = 1> <Delay = 1.00> <Adapter> <Opcode : >
ST_12 : Operation 89 [1/1] (0.00ns)   --->   "br label %0" [firmware/myproject_axi.cpp:31]   --->   Operation 89 'br' <Predicate = true> <Delay = 0.00>


============================================================
+ Verbose Summary: Timing violations
============================================================
Target clock period: 5ns, clock uncertainty: 0.625ns.

 <State 1>: 1.77ns
The critical path consists of the following:
	multiplexor before 'phi' operation ('j') with incoming values : ('j', firmware/myproject_axi.cpp:31) [18]  (1.77 ns)

 <State 2>: 2.63ns
The critical path consists of the following:
	'phi' operation ('j') with incoming values : ('j', firmware/myproject_axi.cpp:31) [18]  (0 ns)
	'mux' operation ('tmp.V', firmware/myproject_axi.cpp:33) [36]  (2.63 ns)

 <State 3>: 2.08ns
The critical path consists of the following:
	'sub' operation ('tmp.V', firmware/myproject_axi.cpp:33) [39]  (2.08 ns)

 <State 4>: 4.2ns
The critical path consists of the following:
	'select' operation ('tmp.V', firmware/myproject_axi.cpp:33) [40]  (0.805 ns)
	'cttz' operation ('l', firmware/myproject_axi.cpp:33) [43]  (3.4 ns)

 <State 5>: 4.33ns
The critical path consists of the following:
	'sub' operation ('sub_ln944', firmware/myproject_axi.cpp:33) [44]  (2.55 ns)
	'sub' operation ('sub_ln947', firmware/myproject_axi.cpp:33) [50]  (1.78 ns)

 <State 6>: 2.67ns
The critical path consists of the following:
	'lshr' operation ('lshr_ln947', firmware/myproject_axi.cpp:33) [52]  (0 ns)
	'and' operation ('__Result__', firmware/myproject_axi.cpp:33) [53]  (0 ns)
	'icmp' operation ('icmp_ln947_1', firmware/myproject_axi.cpp:33) [54]  (2.67 ns)

 <State 7>: 3.61ns
The critical path consists of the following:
	'shl' operation ('shl_ln958', firmware/myproject_axi.cpp:33) [71]  (3.61 ns)

 <State 8>: 3.61ns
The critical path consists of the following:
	'lshr' operation ('lshr_ln958', firmware/myproject_axi.cpp:33) [67]  (3.61 ns)

 <State 9>: 3.52ns
The critical path consists of the following:
	'select' operation ('m', firmware/myproject_axi.cpp:33) [72]  (0 ns)
	'add' operation ('m', firmware/myproject_axi.cpp:33) [74]  (3.52 ns)

 <State 10>: 1.25ns
The critical path consists of the following:
	'select' operation ('select_ln964', firmware/myproject_axi.cpp:33) [78]  (1.25 ns)

 <State 11>: 4.37ns
The critical path consists of the following:
	'sub' operation ('sub_ln964', firmware/myproject_axi.cpp:33) [80]  (0 ns)
	'add' operation ('add_ln964', firmware/myproject_axi.cpp:33) [81]  (3.67 ns)
	'select' operation ('select_ln935', firmware/myproject_axi.cpp:33) [86]  (0.698 ns)

 <State 12>: 0ns
The critical path consists of the following:


============================================================
+ Verbose Summary: Binding
============================================================
N/A
* FSMD analyzer results:
  - Output states:
 - Input state : 
  - Chain level:
	State 1
	State 2
	State 3
	State 4
	State 5
	State 6
	State 7
	State 8
	State 9
	State 10
	State 11
	State 12


============================================================
+ Verbose Summary: Datapath Resource usage 
============================================================
N/A
