

================================================================
== Vivado HLS Report for 'Loop_2_proc'
================================================================
* Date:           Tue Jul  4 23:38:08 2023

* Version:        2019.2 (Build 2704478 on Wed Nov 06 22:10:23 MST 2019)
* Project:        myproject_prj
* Solution:       solution1
* Product family: zynq
* Target device:  xc7z020-clg400-1


================================================================
== Performance Estimates
================================================================
+ Timing: 
    * Summary: 
    +--------+---------+----------+------------+
    |  Clock |  Target | Estimated| Uncertainty|
    +--------+---------+----------+------------+
    |ap_clk  | 5.00 ns | 4.367 ns |   0.62 ns  |
    +--------+---------+----------+------------+

+ Latency: 
    * Summary: 
    +---------+---------+----------+----------+-----+-----+---------+
    |  Latency (cycles) |  Latency (absolute) |  Interval | Pipeline|
    |   min   |   max   |    min   |    max   | min | max |   Type  |
    +---------+---------+----------+----------+-----+-----+---------+
    |      111|      111| 0.555 us | 0.555 us |  111|  111|   none  |
    +---------+---------+----------+----------+-----+-----+---------+

    + Detail: 
        * Instance: 
        N/A

        * Loop: 
        +----------+---------+---------+----------+-----------+-----------+------+----------+
        |          |  Latency (cycles) | Iteration|  Initiation Interval  | Trip |          |
        | Loop Name|   min   |   max   |  Latency |  achieved |   target  | Count| Pipelined|
        +----------+---------+---------+----------+-----------+-----------+------+----------+
        |- Loop 1  |      110|      110|        11|          -|          -|    10|    no    |
        +----------+---------+---------+----------+-----------+-----------+------+----------+

============================================================
+ Verbose Summary: Synthesis Manager
============================================================
InlineROM: 1
ExposeGlobal: 0
============================================================
+ Verbose Summary: CDFG Model
============================================================
IsTopModel: 0
ResetActiveHigh: 1
IsCombinational: 2
IsDatapathOnly: 0
HasWiredReturn: 1
HasMFsm: 0
HasVarLatency: 1
IsPipeline: 0
IsRtlPipelined: 0
IsInstanceOverlapped: 0
IsDontTouch: 0
HasImplIP: 0
IsGatedGlobalClock: 0


============================================================
+ Verbose Summary: Schedule
============================================================
* Number of FSM states : 12
* Pipeline : 0
* Dataflow Pipeline: 0

* FSM state transitions: 
1 --> 2 
2 --> 3 
3 --> 4 
4 --> 5 
5 --> 6 
6 --> 7 
7 --> 8 
8 --> 9 
9 --> 10 
10 --> 11 
11 --> 12 
12 --> 2 

* FSM state operations: 

State 1 <SV = 0> <Delay = 1.76>
ST_1 : Operation 13 [1/1] (0.00ns)   --->   "call void (...)* @_ssdm_op_SpecInterface(i1* %out_last_V, float* %out_data, [5 x i8]* @p_str4, i32 1, i32 1, [5 x i8]* @p_str1, i32 0, i32 0, [1 x i8]* @p_str2, [1 x i8]* @p_str2, [1 x i8]* @p_str2, i32 0, i32 0, i32 0, i32 0, [1 x i8]* @p_str2, [1 x i8]* @p_str2)"   --->   Operation 13 'specinterface' <Predicate = true> <Delay = 0.00>
ST_1 : Operation 14 [1/1] (0.00ns)   --->   "%p_read_1 = call i1 @_ssdm_op_Read.ap_auto.i1(i1 %p_read)"   --->   Operation 14 'read' 'p_read_1' <Predicate = true> <Delay = 0.00>
ST_1 : Operation 15 [1/1] (1.76ns)   --->   "br label %0"   --->   Operation 15 'br' <Predicate = true> <Delay = 1.76>

State 2 <SV = 1> <Delay = 2.63>
ST_2 : Operation 16 [1/1] (0.00ns)   --->   "%j3_0_i = phi i4 [ 0, %entry ], [ %j, %._crit_edge.i_ifconv ]"   --->   Operation 16 'phi' 'j3_0_i' <Predicate = true> <Delay = 0.00>
ST_2 : Operation 17 [1/1] (1.30ns)   --->   "%icmp_ln31 = icmp eq i4 %j3_0_i, -6" [firmware/myproject_axi.cpp:31]   --->   Operation 17 'icmp' 'icmp_ln31' <Predicate = true> <Delay = 1.30> <Core = "Cmp">   --->   Core 25 'Cmp' <Latency = 0> <II = 1> <Delay = 2.47> <FuncUnit> <Opcode : 'icmp'> <InPorts = 2> <OutPorts = 1>
ST_2 : Operation 18 [1/1] (0.00ns)   --->   "%empty = call i32 (...)* @_ssdm_op_SpecLoopTripCount(i64 10, i64 10, i64 10)"   --->   Operation 18 'speclooptripcount' 'empty' <Predicate = true> <Delay = 0.00>
ST_2 : Operation 19 [1/1] (1.73ns)   --->   "%j = add i4 %j3_0_i, 1" [firmware/myproject_axi.cpp:31]   --->   Operation 19 'add' 'j' <Predicate = true> <Delay = 1.73> <Core = "AddSub">   --->   Core 14 'AddSub' <Latency = 0> <II = 1> <Delay = 3.52> <FuncUnit> <Opcode : 'add' 'sub'> <InPorts = 2> <OutPorts = 1>
ST_2 : Operation 20 [1/1] (0.00ns)   --->   "br i1 %icmp_ln31, label %Loop_2_proc.exit, label %._crit_edge.i_ifconv" [firmware/myproject_axi.cpp:31]   --->   Operation 20 'br' <Predicate = true> <Delay = 0.00>
ST_2 : Operation 21 [1/1] (1.30ns)   --->   "%icmp_ln32 = icmp eq i4 %j3_0_i, -7" [firmware/myproject_axi.cpp:32]   --->   Operation 21 'icmp' 'icmp_ln32' <Predicate = (!icmp_ln31)> <Delay = 1.30> <Core = "Cmp">   --->   Core 25 'Cmp' <Latency = 0> <II = 1> <Delay = 2.47> <FuncUnit> <Opcode : 'icmp'> <InPorts = 2> <OutPorts = 1>
ST_2 : Operation 22 [1/1] (0.97ns)   --->   "%last = and i1 %icmp_ln32, %p_read_1" [firmware/myproject_axi.cpp:32]   --->   Operation 22 'and' 'last' <Predicate = (!icmp_ln31)> <Delay = 0.97> <Core = "LogicGate">   --->   Core 27 'LogicGate' <Latency = 0> <II = 1> <Delay = 0.97> <FuncUnit> <Opcode : 'and' 'or' 'xor'> <InPorts = 2> <OutPorts = 1>
ST_2 : Operation 23 [1/1] (0.00ns)   --->   "%tmp_data_V_0_read = call i16 @_ssdm_op_Read.ap_auto.i16P(i16* %tmp_data_V_0)" [firmware/myproject_axi.cpp:33]   --->   Operation 23 'read' 'tmp_data_V_0_read' <Predicate = (!icmp_ln31)> <Delay = 0.00>
ST_2 : Operation 24 [1/1] (0.00ns)   --->   "%tmp_data_V_1_read = call i16 @_ssdm_op_Read.ap_auto.i16P(i16* %tmp_data_V_1)" [firmware/myproject_axi.cpp:33]   --->   Operation 24 'read' 'tmp_data_V_1_read' <Predicate = (!icmp_ln31)> <Delay = 0.00>
ST_2 : Operation 25 [1/1] (0.00ns)   --->   "%tmp_data_V_2_read = call i16 @_ssdm_op_Read.ap_auto.i16P(i16* %tmp_data_V_2)" [firmware/myproject_axi.cpp:33]   --->   Operation 25 'read' 'tmp_data_V_2_read' <Predicate = (!icmp_ln31)> <Delay = 0.00>
ST_2 : Operation 26 [1/1] (0.00ns)   --->   "%tmp_data_V_3_read = call i16 @_ssdm_op_Read.ap_auto.i16P(i16* %tmp_data_V_3)" [firmware/myproject_axi.cpp:33]   --->   Operation 26 'read' 'tmp_data_V_3_read' <Predicate = (!icmp_ln31)> <Delay = 0.00>
ST_2 : Operation 27 [1/1] (0.00ns)   --->   "%tmp_data_V_4_read = call i16 @_ssdm_op_Read.ap_auto.i16P(i16* %tmp_data_V_4)" [firmware/myproject_axi.cpp:33]   --->   Operation 27 'read' 'tmp_data_V_4_read' <Predicate = (!icmp_ln31)> <Delay = 0.00>
ST_2 : Operation 28 [1/1] (0.00ns)   --->   "%tmp_data_V_5_read = call i16 @_ssdm_op_Read.ap_auto.i16P(i16* %tmp_data_V_5)" [firmware/myproject_axi.cpp:33]   --->   Operation 28 'read' 'tmp_data_V_5_read' <Predicate = (!icmp_ln31)> <Delay = 0.00>
ST_2 : Operation 29 [1/1] (0.00ns)   --->   "%tmp_data_V_6_read = call i16 @_ssdm_op_Read.ap_auto.i16P(i16* %tmp_data_V_6)" [firmware/myproject_axi.cpp:33]   --->   Operation 29 'read' 'tmp_data_V_6_read' <Predicate = (!icmp_ln31)> <Delay = 0.00>
ST_2 : Operation 30 [1/1] (0.00ns)   --->   "%tmp_data_V_7_read = call i16 @_ssdm_op_Read.ap_auto.i16P(i16* %tmp_data_V_7)" [firmware/myproject_axi.cpp:33]   --->   Operation 30 'read' 'tmp_data_V_7_read' <Predicate = (!icmp_ln31)> <Delay = 0.00>
ST_2 : Operation 31 [1/1] (0.00ns)   --->   "%tmp_data_V_8_read = call i16 @_ssdm_op_Read.ap_auto.i16P(i16* %tmp_data_V_8)" [firmware/myproject_axi.cpp:33]   --->   Operation 31 'read' 'tmp_data_V_8_read' <Predicate = (!icmp_ln31)> <Delay = 0.00>
ST_2 : Operation 32 [1/1] (0.00ns)   --->   "%tmp_data_V_9_read = call i16 @_ssdm_op_Read.ap_auto.i16P(i16* %tmp_data_V_9)" [firmware/myproject_axi.cpp:33]   --->   Operation 32 'read' 'tmp_data_V_9_read' <Predicate = (!icmp_ln31)> <Delay = 0.00>
ST_2 : Operation 33 [1/1] (2.63ns)   --->   "%tmp_V_3 = call i16 @_ssdm_op_Mux.ap_auto.10i16.i4(i16 %tmp_data_V_0_read, i16 %tmp_data_V_1_read, i16 %tmp_data_V_2_read, i16 %tmp_data_V_3_read, i16 %tmp_data_V_4_read, i16 %tmp_data_V_5_read, i16 %tmp_data_V_6_read, i16 %tmp_data_V_7_read, i16 %tmp_data_V_8_read, i16 %tmp_data_V_9_read, i4 %j3_0_i)" [firmware/myproject_axi.cpp:33]   --->   Operation 33 'mux' 'tmp_V_3' <Predicate = (!icmp_ln31)> <Delay = 2.63> <Core = "MuxnS">   --->   Core 31 'MuxnS' <Latency = 0> <II = 1> <Delay = 2.63> <FuncUnit> <Opcode : 'mux'> <InPorts = 2> <OutPorts = 1>
ST_2 : Operation 34 [1/1] (0.00ns)   --->   "%p_Result_33 = call i1 @_ssdm_op_BitSelect.i1.i16.i32(i16 %tmp_V_3, i32 15)" [firmware/myproject_axi.cpp:33]   --->   Operation 34 'bitselect' 'p_Result_33' <Predicate = (!icmp_ln31)> <Delay = 0.00>
ST_2 : Operation 35 [1/1] (0.00ns)   --->   "ret void"   --->   Operation 35 'ret' <Predicate = (icmp_ln31)> <Delay = 0.00>

State 3 <SV = 2> <Delay = 2.07>
ST_3 : Operation 36 [1/1] (2.07ns)   --->   "%tmp_V = sub i16 0, %tmp_V_3" [firmware/myproject_axi.cpp:33]   --->   Operation 36 'sub' 'tmp_V' <Predicate = (p_Result_33)> <Delay = 2.07> <Core = "AddSub">   --->   Core 14 'AddSub' <Latency = 0> <II = 1> <Delay = 3.52> <FuncUnit> <Opcode : 'add' 'sub'> <InPorts = 2> <OutPorts = 1>

State 4 <SV = 3> <Delay = 4.20>
ST_4 : Operation 37 [1/1] (2.42ns)   --->   "%icmp_ln935 = icmp eq i16 %tmp_V_3, 0" [firmware/myproject_axi.cpp:33]   --->   Operation 37 'icmp' 'icmp_ln935' <Predicate = true> <Delay = 2.42> <Core = "Cmp">   --->   Core 25 'Cmp' <Latency = 0> <II = 1> <Delay = 2.47> <FuncUnit> <Opcode : 'icmp'> <InPorts = 2> <OutPorts = 1>
ST_4 : Operation 38 [1/1] (0.80ns)   --->   "%tmp_V_4 = select i1 %p_Result_33, i16 %tmp_V, i16 %tmp_V_3" [firmware/myproject_axi.cpp:33]   --->   Operation 38 'select' 'tmp_V_4' <Predicate = true> <Delay = 0.80> <Core = "Sel">   --->   Core 26 'Sel' <Latency = 0> <II = 1> <Delay = 0.69> <FuncUnit> <Opcode : 'select'> <InPorts = 3> <OutPorts = 1>
ST_4 : Operation 39 [1/1] (0.00ns)   --->   "%p_Result_s = call i16 @llvm.part.select.i16(i16 %tmp_V_4, i32 15, i32 0) nounwind" [firmware/myproject_axi.cpp:33]   --->   Operation 39 'partselect' 'p_Result_s' <Predicate = true> <Delay = 0.00>
ST_4 : Operation 40 [1/1] (0.00ns)   --->   "%p_Result_34 = call i32 @_ssdm_op_BitConcatenate.i32.i16.i16(i16 -1, i16 %p_Result_s)" [firmware/myproject_axi.cpp:33]   --->   Operation 40 'bitconcatenate' 'p_Result_34' <Predicate = true> <Delay = 0.00>
ST_4 : Operation 41 [1/1] (3.39ns)   --->   "%l = call i32 @llvm.cttz.i32(i32 %p_Result_34, i1 true) nounwind" [firmware/myproject_axi.cpp:33]   --->   Operation 41 'cttz' 'l' <Predicate = true> <Delay = 3.39> <Core = "CTTZ">   --->   Core 64 'CTTZ' <Latency = 0> <II = 1> <Delay = 3.39> <FuncUnit> <Opcode : 'cttz'> <InPorts = 1> <OutPorts = 1>
ST_4 : Operation 42 [1/1] (0.00ns)   --->   "%trunc_ln943 = trunc i32 %l to i8" [firmware/myproject_axi.cpp:33]   --->   Operation 42 'trunc' 'trunc_ln943' <Predicate = true> <Delay = 0.00>

State 5 <SV = 4> <Delay = 4.33>
ST_5 : Operation 43 [1/1] (2.55ns)   --->   "%sub_ln944 = sub nsw i32 16, %l" [firmware/myproject_axi.cpp:33]   --->   Operation 43 'sub' 'sub_ln944' <Predicate = (!icmp_ln935)> <Delay = 2.55> <Core = "AddSub">   --->   Core 14 'AddSub' <Latency = 0> <II = 1> <Delay = 3.52> <FuncUnit> <Opcode : 'add' 'sub'> <InPorts = 2> <OutPorts = 1>
ST_5 : Operation 44 [1/1] (0.00ns)   --->   "%trunc_ln944 = trunc i32 %sub_ln944 to i16" [firmware/myproject_axi.cpp:33]   --->   Operation 44 'trunc' 'trunc_ln944' <Predicate = (!icmp_ln935)> <Delay = 0.00>
ST_5 : Operation 45 [1/1] (0.00ns)   --->   "%trunc_ln947 = trunc i32 %sub_ln944 to i5" [firmware/myproject_axi.cpp:33]   --->   Operation 45 'trunc' 'trunc_ln947' <Predicate = (!icmp_ln935)> <Delay = 0.00>
ST_5 : Operation 46 [1/1] (1.78ns)   --->   "%sub_ln947 = sub i5 9, %trunc_ln947" [firmware/myproject_axi.cpp:33]   --->   Operation 46 'sub' 'sub_ln947' <Predicate = (!icmp_ln935)> <Delay = 1.78> <Core = "AddSub">   --->   Core 14 'AddSub' <Latency = 0> <II = 1> <Delay = 3.52> <FuncUnit> <Opcode : 'add' 'sub'> <InPorts = 2> <OutPorts = 1>

State 6 <SV = 5> <Delay = 2.66>
ST_6 : Operation 47 [1/1] (2.55ns)   --->   "%lsb_index = add nsw i32 -24, %sub_ln944" [firmware/myproject_axi.cpp:33]   --->   Operation 47 'add' 'lsb_index' <Predicate = (!icmp_ln935)> <Delay = 2.55> <Core = "AddSub">   --->   Core 14 'AddSub' <Latency = 0> <II = 1> <Delay = 3.52> <FuncUnit> <Opcode : 'add' 'sub'> <InPorts = 2> <OutPorts = 1>
ST_6 : Operation 48 [1/1] (0.00ns)   --->   "%tmp = call i31 @_ssdm_op_PartSelect.i31.i32.i32.i32(i32 %lsb_index, i32 1, i32 31)" [firmware/myproject_axi.cpp:33]   --->   Operation 48 'partselect' 'tmp' <Predicate = (!icmp_ln935)> <Delay = 0.00>
ST_6 : Operation 49 [1/1] (0.00ns) (grouped into LUT with out node icmp_ln947_1)   --->   "%zext_ln947 = zext i5 %sub_ln947 to i16" [firmware/myproject_axi.cpp:33]   --->   Operation 49 'zext' 'zext_ln947' <Predicate = (!icmp_ln935)> <Delay = 0.00>
ST_6 : Operation 50 [1/1] (0.00ns) (grouped into LUT with out node icmp_ln947_1)   --->   "%lshr_ln947 = lshr i16 -1, %zext_ln947" [firmware/myproject_axi.cpp:33]   --->   Operation 50 'lshr' 'lshr_ln947' <Predicate = (!icmp_ln935)> <Delay = 0.00> <Core = "Shift">   --->   Core 28 'Shift' <Latency = 0> <II = 1> <Delay = 2.66> <FuncUnit> <Opcode : 'shl' 'lshr' 'ashr'> <InPorts = 2> <OutPorts = 1>
ST_6 : Operation 51 [1/1] (0.00ns) (grouped into LUT with out node icmp_ln947_1)   --->   "%p_Result_30 = and i16 %tmp_V_4, %lshr_ln947" [firmware/myproject_axi.cpp:33]   --->   Operation 51 'and' 'p_Result_30' <Predicate = (!icmp_ln935)> <Delay = 0.00> <Core = "LogicGate">   --->   Core 27 'LogicGate' <Latency = 0> <II = 1> <Delay = 0.97> <FuncUnit> <Opcode : 'and' 'or' 'xor'> <InPorts = 2> <OutPorts = 1>
ST_6 : Operation 52 [1/1] (2.66ns) (out node of the LUT)   --->   "%icmp_ln947_1 = icmp ne i16 %p_Result_30, 0" [firmware/myproject_axi.cpp:33]   --->   Operation 52 'icmp' 'icmp_ln947_1' <Predicate = (!icmp_ln935)> <Delay = 2.66> <Core = "Cmp">   --->   Core 25 'Cmp' <Latency = 0> <II = 1> <Delay = 2.47> <FuncUnit> <Opcode : 'icmp'> <InPorts = 2> <OutPorts = 1>
ST_6 : Operation 53 [1/1] (2.55ns)   --->   "%add_ln958 = add nsw i32 -25, %sub_ln944" [firmware/myproject_axi.cpp:33]   --->   Operation 53 'add' 'add_ln958' <Predicate = (!icmp_ln935)> <Delay = 2.55> <Core = "AddSub">   --->   Core 14 'AddSub' <Latency = 0> <II = 1> <Delay = 3.52> <FuncUnit> <Opcode : 'add' 'sub'> <InPorts = 2> <OutPorts = 1>
ST_6 : Operation 54 [1/1] (2.55ns)   --->   "%sub_ln958 = sub i32 25, %sub_ln944" [firmware/myproject_axi.cpp:33]   --->   Operation 54 'sub' 'sub_ln958' <Predicate = (!icmp_ln935)> <Delay = 2.55> <Core = "AddSub">   --->   Core 14 'AddSub' <Latency = 0> <II = 1> <Delay = 3.52> <FuncUnit> <Opcode : 'add' 'sub'> <InPorts = 2> <OutPorts = 1>

State 7 <SV = 6> <Delay = 3.60>
ST_7 : Operation 55 [1/1] (2.47ns)   --->   "%icmp_ln947 = icmp sgt i31 %tmp, 0" [firmware/myproject_axi.cpp:33]   --->   Operation 55 'icmp' 'icmp_ln947' <Predicate = (!icmp_ln935)> <Delay = 2.47> <Core = "Cmp">   --->   Core 25 'Cmp' <Latency = 0> <II = 1> <Delay = 2.47> <FuncUnit> <Opcode : 'icmp'> <InPorts = 2> <OutPorts = 1>
ST_7 : Operation 56 [1/1] (0.00ns) (grouped into LUT with out node or_ln_i)   --->   "%a = and i1 %icmp_ln947, %icmp_ln947_1" [firmware/myproject_axi.cpp:33]   --->   Operation 56 'and' 'a' <Predicate = (!icmp_ln935)> <Delay = 0.00> <Core = "LogicGate">   --->   Core 27 'LogicGate' <Latency = 0> <II = 1> <Delay = 0.97> <FuncUnit> <Opcode : 'and' 'or' 'xor'> <InPorts = 2> <OutPorts = 1>
ST_7 : Operation 57 [1/1] (0.00ns) (grouped into LUT with out node or_ln_i)   --->   "%tmp_129 = call i1 @_ssdm_op_BitSelect.i1.i32.i32(i32 %lsb_index, i32 31)" [firmware/myproject_axi.cpp:33]   --->   Operation 57 'bitselect' 'tmp_129' <Predicate = (!icmp_ln935)> <Delay = 0.00>
ST_7 : Operation 58 [1/1] (0.00ns) (grouped into LUT with out node or_ln_i)   --->   "%xor_ln949 = xor i1 %tmp_129, true" [firmware/myproject_axi.cpp:33]   --->   Operation 58 'xor' 'xor_ln949' <Predicate = (!icmp_ln935)> <Delay = 0.00> <Core = "LogicGate">   --->   Core 27 'LogicGate' <Latency = 0> <II = 1> <Delay = 0.97> <FuncUnit> <Opcode : 'and' 'or' 'xor'> <InPorts = 2> <OutPorts = 1>
ST_7 : Operation 59 [1/1] (2.07ns)   --->   "%add_ln949 = add i16 -24, %trunc_ln944" [firmware/myproject_axi.cpp:33]   --->   Operation 59 'add' 'add_ln949' <Predicate = (!icmp_ln935)> <Delay = 2.07> <Core = "AddSub">   --->   Core 14 'AddSub' <Latency = 0> <II = 1> <Delay = 3.52> <FuncUnit> <Opcode : 'add' 'sub'> <InPorts = 2> <OutPorts = 1>
ST_7 : Operation 60 [1/1] (0.00ns) (grouped into LUT with out node or_ln_i)   --->   "%p_Result_31 = call i1 @_ssdm_op_BitSelect.i1.i16.i16(i16 %tmp_V_4, i16 %add_ln949)" [firmware/myproject_axi.cpp:33]   --->   Operation 60 'bitselect' 'p_Result_31' <Predicate = (!icmp_ln935)> <Delay = 0.00>
ST_7 : Operation 61 [1/1] (0.00ns) (grouped into LUT with out node or_ln_i)   --->   "%and_ln949 = and i1 %p_Result_31, %xor_ln949" [firmware/myproject_axi.cpp:33]   --->   Operation 61 'and' 'and_ln949' <Predicate = (!icmp_ln935)> <Delay = 0.00> <Core = "LogicGate">   --->   Core 27 'LogicGate' <Latency = 0> <II = 1> <Delay = 0.97> <FuncUnit> <Opcode : 'and' 'or' 'xor'> <InPorts = 2> <OutPorts = 1>
ST_7 : Operation 62 [1/1] (0.00ns) (grouped into LUT with out node or_ln_i)   --->   "%or_ln949 = or i1 %and_ln949, %a" [firmware/myproject_axi.cpp:33]   --->   Operation 62 'or' 'or_ln949' <Predicate = (!icmp_ln935)> <Delay = 0.00> <Core = "LogicGate">   --->   Core 27 'LogicGate' <Latency = 0> <II = 1> <Delay = 0.97> <FuncUnit> <Opcode : 'and' 'or' 'xor'> <InPorts = 2> <OutPorts = 1>
ST_7 : Operation 63 [1/1] (0.97ns) (out node of the LUT)   --->   "%or_ln_i = call i32 @_ssdm_op_BitConcatenate.i32.i31.i1(i31 0, i1 %or_ln949)" [firmware/myproject_axi.cpp:33]   --->   Operation 63 'bitconcatenate' 'or_ln_i' <Predicate = (!icmp_ln935)> <Delay = 0.97>
ST_7 : Operation 64 [1/1] (0.00ns)   --->   "%m = zext i16 %tmp_V_4 to i64" [firmware/myproject_axi.cpp:33]   --->   Operation 64 'zext' 'm' <Predicate = (!icmp_ln935)> <Delay = 0.00>
ST_7 : Operation 65 [1/1] (0.00ns)   --->   "%zext_ln957_1 = zext i16 %tmp_V_4 to i32" [firmware/myproject_axi.cpp:33]   --->   Operation 65 'zext' 'zext_ln957_1' <Predicate = (!icmp_ln935)> <Delay = 0.00>
ST_7 : Operation 66 [1/1] (2.47ns)   --->   "%icmp_ln958 = icmp sgt i32 %lsb_index, 0" [firmware/myproject_axi.cpp:33]   --->   Operation 66 'icmp' 'icmp_ln958' <Predicate = (!icmp_ln935)> <Delay = 2.47> <Core = "Cmp">   --->   Core 25 'Cmp' <Latency = 0> <II = 1> <Delay = 2.47> <FuncUnit> <Opcode : 'icmp'> <InPorts = 2> <OutPorts = 1>
ST_7 : Operation 67 [2/2] (3.60ns)   --->   "%lshr_ln958 = lshr i32 %zext_ln957_1, %add_ln958" [firmware/myproject_axi.cpp:33]   --->   Operation 67 'lshr' 'lshr_ln958' <Predicate = (!icmp_ln935)> <Delay = 3.60> <Core = "ShiftnS">   --->   Core 29 'ShiftnS' <Latency = 1> <II = 1> <Delay = 3.60> <FuncUnit> <Opcode : 'shl' 'lshr' 'ashr'> <InPorts = 2> <OutPorts = 1>
ST_7 : Operation 68 [1/1] (0.00ns)   --->   "%zext_ln958_1 = zext i32 %sub_ln958 to i64" [firmware/myproject_axi.cpp:33]   --->   Operation 68 'zext' 'zext_ln958_1' <Predicate = (!icmp_ln935)> <Delay = 0.00>
ST_7 : Operation 69 [2/2] (3.60ns)   --->   "%shl_ln958 = shl i64 %m, %zext_ln958_1" [firmware/myproject_axi.cpp:33]   --->   Operation 69 'shl' 'shl_ln958' <Predicate = (!icmp_ln935)> <Delay = 3.60> <Core = "ShiftnS">   --->   Core 29 'ShiftnS' <Latency = 1> <II = 1> <Delay = 3.60> <FuncUnit> <Opcode : 'shl' 'lshr' 'ashr'> <InPorts = 2> <OutPorts = 1>

State 8 <SV = 7> <Delay = 3.60>
ST_8 : Operation 70 [1/2] (3.60ns)   --->   "%lshr_ln958 = lshr i32 %zext_ln957_1, %add_ln958" [firmware/myproject_axi.cpp:33]   --->   Operation 70 'lshr' 'lshr_ln958' <Predicate = (!icmp_ln935)> <Delay = 3.60> <Core = "ShiftnS">   --->   Core 29 'ShiftnS' <Latency = 1> <II = 1> <Delay = 3.60> <FuncUnit> <Opcode : 'shl' 'lshr' 'ashr'> <InPorts = 2> <OutPorts = 1>
ST_8 : Operation 71 [1/2] (3.60ns)   --->   "%shl_ln958 = shl i64 %m, %zext_ln958_1" [firmware/myproject_axi.cpp:33]   --->   Operation 71 'shl' 'shl_ln958' <Predicate = (!icmp_ln935)> <Delay = 3.60> <Core = "ShiftnS">   --->   Core 29 'ShiftnS' <Latency = 1> <II = 1> <Delay = 3.60> <FuncUnit> <Opcode : 'shl' 'lshr' 'ashr'> <InPorts = 2> <OutPorts = 1>

State 9 <SV = 8> <Delay = 3.52>
ST_9 : Operation 72 [1/1] (0.00ns) (grouped into LUT with out node m_2)   --->   "%zext_ln958 = zext i32 %lshr_ln958 to i64" [firmware/myproject_axi.cpp:33]   --->   Operation 72 'zext' 'zext_ln958' <Predicate = (icmp_ln958 & !icmp_ln935)> <Delay = 0.00>
ST_9 : Operation 73 [1/1] (0.00ns) (grouped into LUT with out node m_2)   --->   "%m_1 = select i1 %icmp_ln958, i64 %zext_ln958, i64 %shl_ln958" [firmware/myproject_axi.cpp:33]   --->   Operation 73 'select' 'm_1' <Predicate = (!icmp_ln935)> <Delay = 0.00> <Core = "Sel">   --->   Core 26 'Sel' <Latency = 0> <II = 1> <Delay = 0.69> <FuncUnit> <Opcode : 'select'> <InPorts = 3> <OutPorts = 1>
ST_9 : Operation 74 [1/1] (0.00ns) (grouped into LUT with out node m_2)   --->   "%zext_ln961 = zext i32 %or_ln_i to i64" [firmware/myproject_axi.cpp:33]   --->   Operation 74 'zext' 'zext_ln961' <Predicate = (!icmp_ln935)> <Delay = 0.00>
ST_9 : Operation 75 [1/1] (3.52ns) (out node of the LUT)   --->   "%m_2 = add i64 %zext_ln961, %m_1" [firmware/myproject_axi.cpp:33]   --->   Operation 75 'add' 'm_2' <Predicate = (!icmp_ln935)> <Delay = 3.52> <Core = "AddSub">   --->   Core 14 'AddSub' <Latency = 0> <II = 1> <Delay = 3.52> <FuncUnit> <Opcode : 'add' 'sub'> <InPorts = 2> <OutPorts = 1>
ST_9 : Operation 76 [1/1] (0.00ns)   --->   "%m_5 = call i63 @_ssdm_op_PartSelect.i63.i64.i32.i32(i64 %m_2, i32 1, i32 63)" [firmware/myproject_axi.cpp:33]   --->   Operation 76 'partselect' 'm_5' <Predicate = (!icmp_ln935)> <Delay = 0.00>
ST_9 : Operation 77 [1/1] (0.00ns)   --->   "%tmp_130 = call i1 @_ssdm_op_BitSelect.i1.i64.i32(i64 %m_2, i32 25)" [firmware/myproject_axi.cpp:33]   --->   Operation 77 'bitselect' 'tmp_130' <Predicate = (!icmp_ln935)> <Delay = 0.00>

State 10 <SV = 9> <Delay = 1.24>
ST_10 : Operation 78 [1/1] (1.24ns)   --->   "%select_ln964 = select i1 %tmp_130, i8 127, i8 126" [firmware/myproject_axi.cpp:33]   --->   Operation 78 'select' 'select_ln964' <Predicate = (!icmp_ln935)> <Delay = 1.24> <Core = "Sel">   --->   Core 26 'Sel' <Latency = 0> <II = 1> <Delay = 0.69> <FuncUnit> <Opcode : 'select'> <InPorts = 3> <OutPorts = 1>

State 11 <SV = 10> <Delay = 4.36>
ST_11 : Operation 79 [1/1] (0.00ns)   --->   "%m_6 = zext i63 %m_5 to i64" [firmware/myproject_axi.cpp:33]   --->   Operation 79 'zext' 'm_6' <Predicate = (!icmp_ln935)> <Delay = 0.00>
ST_11 : Operation 80 [1/1] (0.00ns) (grouped into TernaryAdder)   --->   "%sub_ln964 = sub i8 6, %trunc_ln943" [firmware/myproject_axi.cpp:33]   --->   Operation 80 'sub' 'sub_ln964' <Predicate = (!icmp_ln935)> <Delay = 0.00> <Core = "TAddSub">   --->   Core 83 'TAddSub' <Latency = 0> <II = 1> <Delay = 1.83> <IPBlock> <Opcode : 'add' 'sub'> <InPorts = 3> <OutPorts = 1> <Sync> <CReg>
ST_11 : Operation 81 [1/1] (3.66ns) (root node of TernaryAdder)   --->   "%add_ln964 = add i8 %sub_ln964, %select_ln964" [firmware/myproject_axi.cpp:33]   --->   Operation 81 'add' 'add_ln964' <Predicate = (!icmp_ln935)> <Delay = 3.66> <Core = "TAddSub">   --->   Core 83 'TAddSub' <Latency = 0> <II = 1> <Delay = 1.83> <IPBlock> <Opcode : 'add' 'sub'> <InPorts = 3> <OutPorts = 1> <Sync> <CReg>
ST_11 : Operation 82 [1/1] (0.00ns)   --->   "%tmp_107_i = call i9 @_ssdm_op_BitConcatenate.i9.i1.i8(i1 %p_Result_33, i8 %add_ln964)" [firmware/myproject_axi.cpp:33]   --->   Operation 82 'bitconcatenate' 'tmp_107_i' <Predicate = (!icmp_ln935)> <Delay = 0.00>
ST_11 : Operation 83 [1/1] (0.00ns)   --->   "%p_Result_35 = call i64 @_ssdm_op_PartSet.i64.i64.i9.i32.i32(i64 %m_6, i9 %tmp_107_i, i32 23, i32 31)" [firmware/myproject_axi.cpp:33]   --->   Operation 83 'partset' 'p_Result_35' <Predicate = (!icmp_ln935)> <Delay = 0.00>
ST_11 : Operation 84 [1/1] (0.00ns)   --->   "%trunc_ln738 = trunc i64 %p_Result_35 to i32" [firmware/myproject_axi.cpp:33]   --->   Operation 84 'trunc' 'trunc_ln738' <Predicate = (!icmp_ln935)> <Delay = 0.00>
ST_11 : Operation 85 [1/1] (0.00ns)   --->   "%bitcast_ln739 = bitcast i32 %trunc_ln738 to float" [firmware/myproject_axi.cpp:33]   --->   Operation 85 'bitcast' 'bitcast_ln739' <Predicate = (!icmp_ln935)> <Delay = 0.00>
ST_11 : Operation 86 [1/1] (0.69ns)   --->   "%select_ln935 = select i1 %icmp_ln935, float 0.000000e+00, float %bitcast_ln739" [firmware/myproject_axi.cpp:33]   --->   Operation 86 'select' 'select_ln935' <Predicate = true> <Delay = 0.69> <Core = "Sel">   --->   Core 26 'Sel' <Latency = 0> <II = 1> <Delay = 0.69> <FuncUnit> <Opcode : 'select'> <InPorts = 3> <OutPorts = 1>
ST_11 : Operation 87 [2/2] (0.00ns)   --->   "call void @_ssdm_op_Write.axis.volatile.i1P.floatP(i1* %out_last_V, float* %out_data, i1 %last, float %select_ln935)" [firmware/myproject_axi.h:23->firmware/myproject_axi.cpp:33]   --->   Operation 87 'write' <Predicate = true> <Delay = 0.00> <Core = "AXI4Stream">   --->   Core 5 'AXI4Stream' <Latency = 0> <II = 1> <Delay = 1.00> <Adapter> <Opcode : >

State 12 <SV = 11> <Delay = 0.00>
ST_12 : Operation 88 [1/2] (0.00ns)   --->   "call void @_ssdm_op_Write.axis.volatile.i1P.floatP(i1* %out_last_V, float* %out_data, i1 %last, float %select_ln935)" [firmware/myproject_axi.h:23->firmware/myproject_axi.cpp:33]   --->   Operation 88 'write' <Predicate = true> <Delay = 0.00> <Core = "AXI4Stream">   --->   Core 5 'AXI4Stream' <Latency = 0> <II = 1> <Delay = 1.00> <Adapter> <Opcode : >
ST_12 : Operation 89 [1/1] (0.00ns)   --->   "br label %0" [firmware/myproject_axi.cpp:31]   --->   Operation 89 'br' <Predicate = true> <Delay = 0.00>


============================================================
+ Verbose Summary: Binding
============================================================
STG Binding: 
---------------- STG Properties BEGIN ----------------
- Is combinational: 0
- Is one-state seq: 0
- Is datapath-only: 0
- Is pipelined: 0
- Is top level: 0
Port [ Return ] is wired: 1; IO mode=ap_ctrl_hs:ce=0
Port [ out_data]:  wired=1; compound=1; hidden=0; nouse=0; global=0; static=0; extern=0; dir=1; type=0; pingpong=0; private_global=0; IO mode=axis:ce=0
Port [ out_last_V]:  wired=1; compound=1; hidden=0; nouse=0; global=0; static=0; extern=0; dir=1; type=0; pingpong=0; private_global=0; IO mode=axis:ce=0
Port [ p_read]:  wired=1; compound=0; hidden=0; nouse=0; global=0; static=0; extern=0; dir=0; type=0; pingpong=0; private_global=0; IO mode=ap_none:ce=0
Port [ tmp_data_V_0]:  wired=1; compound=0; hidden=0; nouse=0; global=0; static=0; extern=0; dir=0; type=0; pingpong=0; private_global=0; IO mode=ap_none:ce=0
Port [ tmp_data_V_1]:  wired=1; compound=0; hidden=0; nouse=0; global=0; static=0; extern=0; dir=0; type=0; pingpong=0; private_global=0; IO mode=ap_none:ce=0
Port [ tmp_data_V_2]:  wired=1; compound=0; hidden=0; nouse=0; global=0; static=0; extern=0; dir=0; type=0; pingpong=0; private_global=0; IO mode=ap_none:ce=0
Port [ tmp_data_V_3]:  wired=1; compound=0; hidden=0; nouse=0; global=0; static=0; extern=0; dir=0; type=0; pingpong=0; private_global=0; IO mode=ap_none:ce=0
Port [ tmp_data_V_4]:  wired=1; compound=0; hidden=0; nouse=0; global=0; static=0; extern=0; dir=0; type=0; pingpong=0; private_global=0; IO mode=ap_none:ce=0
Port [ tmp_data_V_5]:  wired=1; compound=0; hidden=0; nouse=0; global=0; static=0; extern=0; dir=0; type=0; pingpong=0; private_global=0; IO mode=ap_none:ce=0
Port [ tmp_data_V_6]:  wired=1; compound=0; hidden=0; nouse=0; global=0; static=0; extern=0; dir=0; type=0; pingpong=0; private_global=0; IO mode=ap_none:ce=0
Port [ tmp_data_V_7]:  wired=1; compound=0; hidden=0; nouse=0; global=0; static=0; extern=0; dir=0; type=0; pingpong=0; private_global=0; IO mode=ap_none:ce=0
Port [ tmp_data_V_8]:  wired=1; compound=0; hidden=0; nouse=0; global=0; static=0; extern=0; dir=0; type=0; pingpong=0; private_global=0; IO mode=ap_none:ce=0
Port [ tmp_data_V_9]:  wired=1; compound=0; hidden=0; nouse=0; global=0; static=0; extern=0; dir=0; type=0; pingpong=0; private_global=0; IO mode=ap_none:ce=0
---------------- STG Properties END ------------------

---------------- Datapath Model BEGIN ----------------

<LifeTime>
<method=bitvector/>
specinterface_ln0 (specinterface    ) [ 0000000000000]
p_read_1          (read             ) [ 0011111111111]
br_ln0            (br               ) [ 0111111111111]
j3_0_i            (phi              ) [ 0010000000000]
icmp_ln31         (icmp             ) [ 0011111111111]
empty             (speclooptripcount) [ 0000000000000]
j                 (add              ) [ 0111111111111]
br_ln31           (br               ) [ 0000000000000]
icmp_ln32         (icmp             ) [ 0000000000000]
last              (and              ) [ 0001111111111]
tmp_data_V_0_read (read             ) [ 0000000000000]
tmp_data_V_1_read (read             ) [ 0000000000000]
tmp_data_V_2_read (read             ) [ 0000000000000]
tmp_data_V_3_read (read             ) [ 0000000000000]
tmp_data_V_4_read (read             ) [ 0000000000000]
tmp_data_V_5_read (read             ) [ 0000000000000]
tmp_data_V_6_read (read             ) [ 0000000000000]
tmp_data_V_7_read (read             ) [ 0000000000000]
tmp_data_V_8_read (read             ) [ 0000000000000]
tmp_data_V_9_read (read             ) [ 0000000000000]
tmp_V_3           (mux              ) [ 0001100000000]
p_Result_33       (bitselect        ) [ 0001111111110]
ret_ln0           (ret              ) [ 0000000000000]
tmp_V             (sub              ) [ 0000100000000]
icmp_ln935        (icmp             ) [ 0000011111110]
tmp_V_4           (select           ) [ 0000011100000]
p_Result_s        (partselect       ) [ 0000000000000]
p_Result_34       (bitconcatenate   ) [ 0000000000000]
l                 (cttz             ) [ 0000010000000]
trunc_ln943       (trunc            ) [ 0000011111110]
sub_ln944         (sub              ) [ 0000001000000]
trunc_ln944       (trunc            ) [ 0000001100000]
trunc_ln947       (trunc            ) [ 0000000000000]
sub_ln947         (sub              ) [ 0000001000000]
lsb_index         (add              ) [ 0000000100000]
tmp               (partselect       ) [ 0000000100000]
zext_ln947        (zext             ) [ 0000000000000]
lshr_ln947        (lshr             ) [ 0000000000000]
p_Result_30       (and              ) [ 0000000000000]
icmp_ln947_1      (icmp             ) [ 0000000100000]
add_ln958         (add              ) [ 0000000110000]
sub_ln958         (sub              ) [ 0000000100000]
icmp_ln947        (icmp             ) [ 0000000000000]
a                 (and              ) [ 0000000000000]
tmp_129           (bitselect        ) [ 0000000000000]
xor_ln949         (xor              ) [ 0000000000000]
add_ln949         (add              ) [ 0000000000000]
p_Result_31       (bitselect        ) [ 0000000000000]
and_ln949         (and              ) [ 0000000000000]
or_ln949          (or               ) [ 0000000000000]
or_ln_i           (bitconcatenate   ) [ 0000000011000]
m                 (zext             ) [ 0000000010000]
zext_ln957_1      (zext             ) [ 0000000010000]
icmp_ln958        (icmp             ) [ 0000000011000]
zext_ln958_1      (zext             ) [ 0000000010000]
lshr_ln958        (lshr             ) [ 0000000001000]
shl_ln958         (shl              ) [ 0000000001000]
zext_ln958        (zext             ) [ 0000000000000]
m_1               (select           ) [ 0000000000000]
zext_ln961        (zext             ) [ 0000000000000]
m_2               (add              ) [ 0000000000000]
m_5               (partselect       ) [ 0000000000110]
tmp_130           (bitselect        ) [ 0000000000100]
select_ln964      (select           ) [ 0000000000010]
m_6               (zext             ) [ 0000000000000]
sub_ln964         (sub              ) [ 0000000000000]
add_ln964         (add              ) [ 0000000000000]
tmp_107_i         (bitconcatenate   ) [ 0000000000000]
p_Result_35       (partset          ) [ 0000000000000]
trunc_ln738       (trunc            ) [ 0000000000000]
bitcast_ln739     (bitcast          ) [ 0000000000000]
select_ln935      (select           ) [ 0000000000001]
write_ln23        (write            ) [ 0000000000000]
br_ln31           (br               ) [ 0111111111111]
</LifeTime>

<model>

<comp_list>
<comp id="0" class="1000" name="out_data">
<pin_list>
<pin id="1" dir="1" index="0" bw="1" slack="0"/>
</pin_list>
<bind>
<StgValue><ssdm name="out_data"/></StgValue>
</bind>
</comp>

<comp id="2" class="1000" name="out_last_V">
<pin_list>
<pin id="3" dir="1" index="0" bw="1" slack="0"/>
</pin_list>
<bind>
<StgValue><ssdm name="out_last_V"/></StgValue>
</bind>
</comp>

<comp id="4" class="1000" name="p_read">
<pin_list>
<pin id="5" dir="1" index="0" bw="1" slack="0"/>
</pin_list>
<bind>
<StgValue><ssdm name="p_read"/></StgValue>
</bind>
</comp>

<comp id="6" class="1000" name="tmp_data_V_0">
<pin_list>
<pin id="7" dir="1" index="0" bw="1" slack="0"/>
</pin_list>
<bind>
<StgValue><ssdm name="tmp_data_V_0"/></StgValue>
</bind>
</comp>

<comp id="8" class="1000" name="tmp_data_V_1">
<pin_list>
<pin id="9" dir="1" index="0" bw="1" slack="0"/>
</pin_list>
<bind>
<StgValue><ssdm name="tmp_data_V_1"/></StgValue>
</bind>
</comp>

<comp id="10" class="1000" name="tmp_data_V_2">
<pin_list>
<pin id="11" dir="1" index="0" bw="1" slack="0"/>
</pin_list>
<bind>
<StgValue><ssdm name="tmp_data_V_2"/></StgValue>
</bind>
</comp>

<comp id="12" class="1000" name="tmp_data_V_3">
<pin_list>
<pin id="13" dir="1" index="0" bw="1" slack="0"/>
</pin_list>
<bind>
<StgValue><ssdm name="tmp_data_V_3"/></StgValue>
</bind>
</comp>

<comp id="14" class="1000" name="tmp_data_V_4">
<pin_list>
<pin id="15" dir="1" index="0" bw="1" slack="0"/>
</pin_list>
<bind>
<StgValue><ssdm name="tmp_data_V_4"/></StgValue>
</bind>
</comp>

<comp id="16" class="1000" name="tmp_data_V_5">
<pin_list>
<pin id="17" dir="1" index="0" bw="1" slack="0"/>
</pin_list>
<bind>
<StgValue><ssdm name="tmp_data_V_5"/></StgValue>
</bind>
</comp>

<comp id="18" class="1000" name="tmp_data_V_6">
<pin_list>
<pin id="19" dir="1" index="0" bw="1" slack="0"/>
</pin_list>
<bind>
<StgValue><ssdm name="tmp_data_V_6"/></StgValue>
</bind>
</comp>

<comp id="20" class="1000" name="tmp_data_V_7">
<pin_list>
<pin id="21" dir="1" index="0" bw="1" slack="0"/>
</pin_list>
<bind>
<StgValue><ssdm name="tmp_data_V_7"/></StgValue>
</bind>
</comp>

<comp id="22" class="1000" name="tmp_data_V_8">
<pin_list>
<pin id="23" dir="1" index="0" bw="1" slack="0"/>
</pin_list>
<bind>
<StgValue><ssdm name="tmp_data_V_8"/></StgValue>
</bind>
</comp>

<comp id="24" class="1000" name="tmp_data_V_9">
<pin_list>
<pin id="25" dir="1" index="0" bw="1" slack="0"/>
</pin_list>
<bind>
<StgValue><ssdm name="tmp_data_V_9"/></StgValue>
</bind>
</comp>

<comp id="26" class="1001" name="const_26">
<pin_list>
<pin id="27" dir="1" index="0" bw="1" slack="2147483647"/>
</pin_list>
<bind>
<StgValue><ssdm name="_ssdm_op_SpecInterface"/></StgValue>
</bind>
</comp>

<comp id="28" class="1001" name="const_28">
<pin_list>
<pin id="29" dir="1" index="0" bw="1" slack="2147483647"/>
</pin_list>
<bind>
<StgValue><ssdm name="p_str4"/></StgValue>
</bind>
</comp>

<comp id="30" class="1001" name="const_30">
<pin_list>
<pin id="31" dir="1" index="0" bw="1" slack="0"/>
</pin_list>
<bind>
<StgValue><ssdm name=""/></StgValue>
</bind>
</comp>

<comp id="32" class="1001" name="const_32">
<pin_list>
<pin id="33" dir="1" index="0" bw="1" slack="2147483647"/>
</pin_list>
<bind>
<StgValue><ssdm name="p_str1"/></StgValue>
</bind>
</comp>

<comp id="34" class="1001" name="const_34">
<pin_list>
<pin id="35" dir="1" index="0" bw="1" slack="0"/>
</pin_list>
<bind>
<StgValue><ssdm name=""/></StgValue>
</bind>
</comp>

<comp id="36" class="1001" name="const_36">
<pin_list>
<pin id="37" dir="1" index="0" bw="1" slack="2147483647"/>
</pin_list>
<bind>
<StgValue><ssdm name="p_str2"/></StgValue>
</bind>
</comp>

<comp id="38" class="1001" name="const_38">
<pin_list>
<pin id="39" dir="1" index="0" bw="1" slack="0"/>
</pin_list>
<bind>
<StgValue><ssdm name="_ssdm_op_Read.ap_auto.i1"/></StgValue>
</bind>
</comp>

<comp id="40" class="1001" name="const_40">
<pin_list>
<pin id="41" dir="1" index="0" bw="1" slack="1"/>
</pin_list>
<bind>
<StgValue><ssdm name=""/></StgValue>
</bind>
</comp>

<comp id="42" class="1001" name="const_42">
<pin_list>
<pin id="43" dir="1" index="0" bw="1" slack="0"/>
</pin_list>
<bind>
<StgValue><ssdm name=""/></StgValue>
</bind>
</comp>

<comp id="44" class="1001" name="const_44">
<pin_list>
<pin id="45" dir="1" index="0" bw="1" slack="2147483647"/>
</pin_list>
<bind>
<StgValue><ssdm name="_ssdm_op_SpecLoopTripCount"/></StgValue>
</bind>
</comp>

<comp id="46" class="1001" name="const_46">
<pin_list>
<pin id="47" dir="1" index="0" bw="1" slack="2147483647"/>
</pin_list>
<bind>
<StgValue><ssdm name=""/></StgValue>
</bind>
</comp>

<comp id="48" class="1001" name="const_48">
<pin_list>
<pin id="49" dir="1" index="0" bw="1" slack="0"/>
</pin_list>
<bind>
<StgValue><ssdm name=""/></StgValue>
</bind>
</comp>

<comp id="50" class="1001" name="const_50">
<pin_list>
<pin id="51" dir="1" index="0" bw="1" slack="0"/>
</pin_list>
<bind>
<StgValue><ssdm name=""/></StgValue>
</bind>
</comp>

<comp id="52" class="1001" name="const_52">
<pin_list>
<pin id="53" dir="1" index="0" bw="1" slack="0"/>
</pin_list>
<bind>
<StgValue><ssdm name="_ssdm_op_Read.ap_auto.i16P"/></StgValue>
</bind>
</comp>

<comp id="54" class="1001" name="const_54">
<pin_list>
<pin id="55" dir="1" index="0" bw="1" slack="0"/>
</pin_list>
<bind>
<StgValue><ssdm name="_ssdm_op_Mux.ap_auto.10i16.i4"/></StgValue>
</bind>
</comp>

<comp id="56" class="1001" name="const_56">
<pin_list>
<pin id="57" dir="1" index="0" bw="1" slack="0"/>
</pin_list>
<bind>
<StgValue><ssdm name="_ssdm_op_BitSelect.i1.i16.i32"/></StgValue>
</bind>
</comp>

<comp id="58" class="1001" name="const_58">
<pin_list>
<pin id="59" dir="1" index="0" bw="1" slack="0"/>
</pin_list>
<bind>
<StgValue><ssdm name=""/></StgValue>
</bind>
</comp>

<comp id="60" class="1001" name="const_60">
<pin_list>
<pin id="61" dir="1" index="0" bw="1" slack="0"/>
</pin_list>
<bind>
<StgValue><ssdm name=""/></StgValue>
</bind>
</comp>

<comp id="62" class="1001" name="const_62">
<pin_list>
<pin id="63" dir="1" index="0" bw="1" slack="0"/>
</pin_list>
<bind>
<StgValue><ssdm name="llvm.part.select.i16"/></StgValue>
</bind>
</comp>

<comp id="64" class="1001" name="const_64">
<pin_list>
<pin id="65" dir="1" index="0" bw="1" slack="0"/>
</pin_list>
<bind>
<StgValue><ssdm name="_ssdm_op_BitConcatenate.i32.i16.i16"/></StgValue>
</bind>
</comp>

<comp id="66" class="1001" name="const_66">
<pin_list>
<pin id="67" dir="1" index="0" bw="1" slack="0"/>
</pin_list>
<bind>
<StgValue><ssdm name=""/></StgValue>
</bind>
</comp>

<comp id="68" class="1001" name="const_68">
<pin_list>
<pin id="69" dir="1" index="0" bw="1" slack="0"/>
</pin_list>
<bind>
<StgValue><ssdm name="llvm.cttz.i32"/></StgValue>
</bind>
</comp>

<comp id="70" class="1001" name="const_70">
<pin_list>
<pin id="71" dir="1" index="0" bw="1" slack="0"/>
</pin_list>
<bind>
<StgValue><ssdm name=""/></StgValue>
</bind>
</comp>

<comp id="72" class="1001" name="const_72">
<pin_list>
<pin id="73" dir="1" index="0" bw="1" slack="0"/>
</pin_list>
<bind>
<StgValue><ssdm name=""/></StgValue>
</bind>
</comp>

<comp id="74" class="1001" name="const_74">
<pin_list>
<pin id="75" dir="1" index="0" bw="1" slack="0"/>
</pin_list>
<bind>
<StgValue><ssdm name=""/></StgValue>
</bind>
</comp>

<comp id="76" class="1001" name="const_76">
<pin_list>
<pin id="77" dir="1" index="0" bw="1" slack="0"/>
</pin_list>
<bind>
<StgValue><ssdm name=""/></StgValue>
</bind>
</comp>

<comp id="78" class="1001" name="const_78">
<pin_list>
<pin id="79" dir="1" index="0" bw="1" slack="0"/>
</pin_list>
<bind>
<StgValue><ssdm name="_ssdm_op_PartSelect.i31.i32.i32.i32"/></StgValue>
</bind>
</comp>

<comp id="80" class="1001" name="const_80">
<pin_list>
<pin id="81" dir="1" index="0" bw="1" slack="0"/>
</pin_list>
<bind>
<StgValue><ssdm name=""/></StgValue>
</bind>
</comp>

<comp id="82" class="1001" name="const_82">
<pin_list>
<pin id="83" dir="1" index="0" bw="1" slack="0"/>
</pin_list>
<bind>
<StgValue><ssdm name=""/></StgValue>
</bind>
</comp>

<comp id="84" class="1001" name="const_84">
<pin_list>
<pin id="85" dir="1" index="0" bw="1" slack="0"/>
</pin_list>
<bind>
<StgValue><ssdm name=""/></StgValue>
</bind>
</comp>

<comp id="86" class="1001" name="const_86">
<pin_list>
<pin id="87" dir="1" index="0" bw="1" slack="0"/>
</pin_list>
<bind>
<StgValue><ssdm name=""/></StgValue>
</bind>
</comp>

<comp id="88" class="1001" name="const_88">
<pin_list>
<pin id="89" dir="1" index="0" bw="1" slack="0"/>
</pin_list>
<bind>
<StgValue><ssdm name="_ssdm_op_BitSelect.i1.i32.i32"/></StgValue>
</bind>
</comp>

<comp id="90" class="1001" name="const_90">
<pin_list>
<pin id="91" dir="1" index="0" bw="1" slack="0"/>
</pin_list>
<bind>
<StgValue><ssdm name=""/></StgValue>
</bind>
</comp>

<comp id="92" class="1001" name="const_92">
<pin_list>
<pin id="93" dir="1" index="0" bw="1" slack="0"/>
</pin_list>
<bind>
<StgValue><ssdm name="_ssdm_op_BitSelect.i1.i16.i16"/></StgValue>
</bind>
</comp>

<comp id="94" class="1001" name="const_94">
<pin_list>
<pin id="95" dir="1" index="0" bw="1" slack="0"/>
</pin_list>
<bind>
<StgValue><ssdm name="_ssdm_op_BitConcatenate.i32.i31.i1"/></StgValue>
</bind>
</comp>

<comp id="96" class="1001" name="const_96">
<pin_list>
<pin id="97" dir="1" index="0" bw="1" slack="0"/>
</pin_list>
<bind>
<StgValue><ssdm name="_ssdm_op_PartSelect.i63.i64.i32.i32"/></StgValue>
</bind>
</comp>

<comp id="98" class="1001" name="const_98">
<pin_list>
<pin id="99" dir="1" index="0" bw="1" slack="0"/>
</pin_list>
<bind>
<StgValue><ssdm name=""/></StgValue>
</bind>
</comp>

<comp id="100" class="1001" name="const_100">
<pin_list>
<pin id="101" dir="1" index="0" bw="1" slack="0"/>
</pin_list>
<bind>
<StgValue><ssdm name="_ssdm_op_BitSelect.i1.i64.i32"/></StgValue>
</bind>
</comp>

<comp id="102" class="1001" name="const_102">
<pin_list>
<pin id="103" dir="1" index="0" bw="1" slack="0"/>
</pin_list>
<bind>
<StgValue><ssdm name=""/></StgValue>
</bind>
</comp>

<comp id="104" class="1001" name="const_104">
<pin_list>
<pin id="105" dir="1" index="0" bw="1" slack="0"/>
</pin_list>
<bind>
<StgValue><ssdm name=""/></StgValue>
</bind>
</comp>

<comp id="106" class="1001" name="const_106">
<pin_list>
<pin id="107" dir="1" index="0" bw="1" slack="0"/>
</pin_list>
<bind>
<StgValue><ssdm name=""/></StgValue>
</bind>
</comp>

<comp id="108" class="1001" name="const_108">
<pin_list>
<pin id="109" dir="1" index="0" bw="1" slack="0"/>
</pin_list>
<bind>
<StgValue><ssdm name="_ssdm_op_BitConcatenate.i9.i1.i8"/></StgValue>
</bind>
</comp>

<comp id="110" class="1001" name="const_110">
<pin_list>
<pin id="111" dir="1" index="0" bw="1" slack="0"/>
</pin_list>
<bind>
<StgValue><ssdm name="_ssdm_op_PartSet.i64.i64.i9.i32.i32"/></StgValue>
</bind>
</comp>

<comp id="112" class="1001" name="const_112">
<pin_list>
<pin id="113" dir="1" index="0" bw="1" slack="0"/>
</pin_list>
<bind>
<StgValue><ssdm name=""/></StgValue>
</bind>
</comp>

<comp id="114" class="1001" name="const_114">
<pin_list>
<pin id="115" dir="1" index="0" bw="1" slack="0"/>
</pin_list>
<bind>
<StgValue><ssdm name=""/></StgValue>
</bind>
</comp>

<comp id="116" class="1001" name="const_116">
<pin_list>
<pin id="117" dir="1" index="0" bw="1" slack="0"/>
</pin_list>
<bind>
<StgValue><ssdm name="_ssdm_op_Write.axis.volatile.i1P.floatP"/></StgValue>
</bind>
</comp>

<comp id="118" class="1004" name="p_read_1_read_fu_118">
<pin_list>
<pin id="119" dir="0" index="0" bw="1" slack="0"/>
<pin id="120" dir="0" index="1" bw="1" slack="0"/>
<pin id="121" dir="1" index="2" bw="1" slack="1"/>
</pin_list>
<bind>
<opcode="read(1150) " fcode="read"/>
<opset="p_read_1/1 "/>
</bind>
</comp>

<comp id="124" class="1004" name="tmp_data_V_0_read_read_fu_124">
<pin_list>
<pin id="125" dir="0" index="0" bw="16" slack="0"/>
<pin id="126" dir="0" index="1" bw="16" slack="0"/>
<pin id="127" dir="1" index="2" bw="16" slack="0"/>
</pin_list>
<bind>
<opcode="read(1150) " fcode="read"/>
<opset="tmp_data_V_0_read/2 "/>
</bind>
</comp>

<comp id="130" class="1004" name="tmp_data_V_1_read_read_fu_130">
<pin_list>
<pin id="131" dir="0" index="0" bw="16" slack="0"/>
<pin id="132" dir="0" index="1" bw="16" slack="0"/>
<pin id="133" dir="1" index="2" bw="16" slack="0"/>
</pin_list>
<bind>
<opcode="read(1150) " fcode="read"/>
<opset="tmp_data_V_1_read/2 "/>
</bind>
</comp>

<comp id="136" class="1004" name="tmp_data_V_2_read_read_fu_136">
<pin_list>
<pin id="137" dir="0" index="0" bw="16" slack="0"/>
<pin id="138" dir="0" index="1" bw="16" slack="0"/>
<pin id="139" dir="1" index="2" bw="16" slack="0"/>
</pin_list>
<bind>
<opcode="read(1150) " fcode="read"/>
<opset="tmp_data_V_2_read/2 "/>
</bind>
</comp>

<comp id="142" class="1004" name="tmp_data_V_3_read_read_fu_142">
<pin_list>
<pin id="143" dir="0" index="0" bw="16" slack="0"/>
<pin id="144" dir="0" index="1" bw="16" slack="0"/>
<pin id="145" dir="1" index="2" bw="16" slack="0"/>
</pin_list>
<bind>
<opcode="read(1150) " fcode="read"/>
<opset="tmp_data_V_3_read/2 "/>
</bind>
</comp>

<comp id="148" class="1004" name="tmp_data_V_4_read_read_fu_148">
<pin_list>
<pin id="149" dir="0" index="0" bw="16" slack="0"/>
<pin id="150" dir="0" index="1" bw="16" slack="0"/>
<pin id="151" dir="1" index="2" bw="16" slack="0"/>
</pin_list>
<bind>
<opcode="read(1150) " fcode="read"/>
<opset="tmp_data_V_4_read/2 "/>
</bind>
</comp>

<comp id="154" class="1004" name="tmp_data_V_5_read_read_fu_154">
<pin_list>
<pin id="155" dir="0" index="0" bw="16" slack="0"/>
<pin id="156" dir="0" index="1" bw="16" slack="0"/>
<pin id="157" dir="1" index="2" bw="16" slack="0"/>
</pin_list>
<bind>
<opcode="read(1150) " fcode="read"/>
<opset="tmp_data_V_5_read/2 "/>
</bind>
</comp>

<comp id="160" class="1004" name="tmp_data_V_6_read_read_fu_160">
<pin_list>
<pin id="161" dir="0" index="0" bw="16" slack="0"/>
<pin id="162" dir="0" index="1" bw="16" slack="0"/>
<pin id="163" dir="1" index="2" bw="16" slack="0"/>
</pin_list>
<bind>
<opcode="read(1150) " fcode="read"/>
<opset="tmp_data_V_6_read/2 "/>
</bind>
</comp>

<comp id="166" class="1004" name="tmp_data_V_7_read_read_fu_166">
<pin_list>
<pin id="167" dir="0" index="0" bw="16" slack="0"/>
<pin id="168" dir="0" index="1" bw="16" slack="0"/>
<pin id="169" dir="1" index="2" bw="16" slack="0"/>
</pin_list>
<bind>
<opcode="read(1150) " fcode="read"/>
<opset="tmp_data_V_7_read/2 "/>
</bind>
</comp>

<comp id="172" class="1004" name="tmp_data_V_8_read_read_fu_172">
<pin_list>
<pin id="173" dir="0" index="0" bw="16" slack="0"/>
<pin id="174" dir="0" index="1" bw="16" slack="0"/>
<pin id="175" dir="1" index="2" bw="16" slack="0"/>
</pin_list>
<bind>
<opcode="read(1150) " fcode="read"/>
<opset="tmp_data_V_8_read/2 "/>
</bind>
</comp>

<comp id="178" class="1004" name="tmp_data_V_9_read_read_fu_178">
<pin_list>
<pin id="179" dir="0" index="0" bw="16" slack="0"/>
<pin id="180" dir="0" index="1" bw="16" slack="0"/>
<pin id="181" dir="1" index="2" bw="16" slack="0"/>
</pin_list>
<bind>
<opcode="read(1150) " fcode="read"/>
<opset="tmp_data_V_9_read/2 "/>
</bind>
</comp>

<comp id="184" class="1004" name="grp_write_fu_184">
<pin_list>
<pin id="185" dir="0" index="0" bw="0" slack="0"/>
<pin id="186" dir="0" index="1" bw="1" slack="0"/>
<pin id="187" dir="0" index="2" bw="32" slack="0"/>
<pin id="188" dir="0" index="3" bw="1" slack="9"/>
<pin id="189" dir="0" index="4" bw="32" slack="0"/>
<pin id="190" dir="1" index="5" bw="0" slack="2147483647"/>
</pin_list>
<bind>
<opcode="write(1151) " fcode="write"/>
<opset="write_ln23/11 "/>
</bind>
</comp>

<comp id="194" class="1005" name="j3_0_i_reg_194">
<pin_list>
<pin id="195" dir="0" index="0" bw="4" slack="1"/>
<pin id="196" dir="1" index="1" bw="4" slack="1"/>
</pin_list>
<bind>
<opset="j3_0_i (phireg) "/>
</bind>
</comp>

<comp id="198" class="1004" name="j3_0_i_phi_fu_198">
<pin_list>
<pin id="199" dir="0" index="0" bw="1" slack="1"/>
<pin id="200" dir="0" index="1" bw="0" slack="2147483647"/>
<pin id="201" dir="0" index="2" bw="4" slack="0"/>
<pin id="202" dir="0" index="3" bw="0" slack="2147483647"/>
<pin id="203" dir="1" index="4" bw="4" slack="0"/>
</pin_list>
<bind>
<opcode="phi(47) " fcode="phi"/>
<opset="j3_0_i/2 "/>
</bind>
</comp>

<comp id="205" class="1004" name="icmp_ln31_fu_205">
<pin_list>
<pin id="206" dir="0" index="0" bw="4" slack="0"/>
<pin id="207" dir="0" index="1" bw="4" slack="0"/>
<pin id="208" dir="1" index="2" bw="1" slack="2147483647"/>
</pin_list>
<bind>
<opcode="icmp(45) " fcode="icmp"/>
<opset="icmp_ln31/2 "/>
</bind>
</comp>

<comp id="211" class="1004" name="j_fu_211">
<pin_list>
<pin id="212" dir="0" index="0" bw="4" slack="0"/>
<pin id="213" dir="0" index="1" bw="1" slack="0"/>
<pin id="214" dir="1" index="2" bw="4" slack="0"/>
</pin_list>
<bind>
<opcode="add(8) " fcode="add"/>
<opset="j/2 "/>
</bind>
</comp>

<comp id="217" class="1004" name="icmp_ln32_fu_217">
<pin_list>
<pin id="218" dir="0" index="0" bw="4" slack="0"/>
<pin id="219" dir="0" index="1" bw="4" slack="0"/>
<pin id="220" dir="1" index="2" bw="1" slack="0"/>
</pin_list>
<bind>
<opcode="icmp(45) " fcode="icmp"/>
<opset="icmp_ln32/2 "/>
</bind>
</comp>

<comp id="223" class="1004" name="last_fu_223">
<pin_list>
<pin id="224" dir="0" index="0" bw="1" slack="0"/>
<pin id="225" dir="0" index="1" bw="1" slack="1"/>
<pin id="226" dir="1" index="2" bw="1" slack="9"/>
</pin_list>
<bind>
<opcode="and(23) " fcode="and"/>
<opset="last/2 "/>
</bind>
</comp>

<comp id="228" class="1004" name="tmp_V_3_fu_228">
<pin_list>
<pin id="229" dir="0" index="0" bw="16" slack="0"/>
<pin id="230" dir="0" index="1" bw="16" slack="0"/>
<pin id="231" dir="0" index="2" bw="16" slack="0"/>
<pin id="232" dir="0" index="3" bw="16" slack="0"/>
<pin id="233" dir="0" index="4" bw="16" slack="0"/>
<pin id="234" dir="0" index="5" bw="16" slack="0"/>
<pin id="235" dir="0" index="6" bw="16" slack="0"/>
<pin id="236" dir="0" index="7" bw="16" slack="0"/>
<pin id="237" dir="0" index="8" bw="16" slack="0"/>
<pin id="238" dir="0" index="9" bw="16" slack="0"/>
<pin id="239" dir="0" index="10" bw="16" slack="0"/>
<pin id="240" dir="0" index="11" bw="4" slack="0"/>
<pin id="241" dir="1" index="12" bw="16" slack="0"/>
</pin_list>
<bind>
<opcode="mux(1196) " fcode="mux"/>
<opset="tmp_V_3/2 "/>
</bind>
</comp>

<comp id="254" class="1004" name="p_Result_33_fu_254">
<pin_list>
<pin id="255" dir="0" index="0" bw="1" slack="0"/>
<pin id="256" dir="0" index="1" bw="16" slack="0"/>
<pin id="257" dir="0" index="2" bw="5" slack="0"/>
<pin id="258" dir="1" index="3" bw="1" slack="1"/>
</pin_list>
<bind>
<opcode="bitselect(1000) " fcode="bitselect"/>
<opset="p_Result_33/2 "/>
</bind>
</comp>

<comp id="262" class="1004" name="tmp_V_fu_262">
<pin_list>
<pin id="263" dir="0" index="0" bw="1" slack="0"/>
<pin id="264" dir="0" index="1" bw="16" slack="1"/>
<pin id="265" dir="1" index="2" bw="16" slack="1"/>
</pin_list>
<bind>
<opcode="sub(10) " fcode="sub"/>
<opset="tmp_V/3 "/>
</bind>
</comp>

<comp id="267" class="1004" name="icmp_ln935_fu_267">
<pin_list>
<pin id="268" dir="0" index="0" bw="16" slack="2"/>
<pin id="269" dir="0" index="1" bw="1" slack="0"/>
<pin id="270" dir="1" index="2" bw="1" slack="1"/>
</pin_list>
<bind>
<opcode="icmp(45) " fcode="icmp"/>
<opset="icmp_ln935/4 "/>
</bind>
</comp>

<comp id="272" class="1004" name="tmp_V_4_fu_272">
<pin_list>
<pin id="273" dir="0" index="0" bw="1" slack="2"/>
<pin id="274" dir="0" index="1" bw="16" slack="1"/>
<pin id="275" dir="0" index="2" bw="16" slack="2"/>
<pin id="276" dir="1" index="3" bw="16" slack="0"/>
</pin_list>
<bind>
<opcode="select(49) " fcode="select"/>
<opset="tmp_V_4/4 "/>
</bind>
</comp>

<comp id="277" class="1004" name="p_Result_s_fu_277">
<pin_list>
<pin id="278" dir="0" index="0" bw="16" slack="0"/>
<pin id="279" dir="0" index="1" bw="16" slack="0"/>
<pin id="280" dir="0" index="2" bw="5" slack="0"/>
<pin id="281" dir="0" index="3" bw="1" slack="0"/>
<pin id="282" dir="1" index="4" bw="16" slack="0"/>
</pin_list>
<bind>
<opcode="partselect(1002) " fcode="partselect"/>
<opset="p_Result_s/4 "/>
</bind>
</comp>

<comp id="287" class="1004" name="p_Result_34_fu_287">
<pin_list>
<pin id="288" dir="0" index="0" bw="32" slack="0"/>
<pin id="289" dir="0" index="1" bw="1" slack="0"/>
<pin id="290" dir="0" index="2" bw="16" slack="0"/>
<pin id="291" dir="1" index="3" bw="32" slack="0"/>
</pin_list>
<bind>
<opcode="bitconcatenate(1004) " fcode="bitconcatenate"/>
<opset="p_Result_34/4 "/>
</bind>
</comp>

<comp id="295" class="1004" name="l_fu_295">
<pin_list>
<pin id="296" dir="0" index="0" bw="32" slack="0"/>
<pin id="297" dir="0" index="1" bw="32" slack="0"/>
<pin id="298" dir="0" index="2" bw="1" slack="0"/>
<pin id="299" dir="1" index="3" bw="32" slack="0"/>
</pin_list>
<bind>
<opcode="cttz(524) " fcode="cttz"/>
<opset="l/4 "/>
</bind>
</comp>

<comp id="303" class="1004" name="trunc_ln943_fu_303">
<pin_list>
<pin id="304" dir="0" index="0" bw="32" slack="0"/>
<pin id="305" dir="1" index="1" bw="8" slack="7"/>
</pin_list>
<bind>
<opcode="trunc(33) " fcode="trunc"/>
<opset="trunc_ln943/4 "/>
</bind>
</comp>

<comp id="307" class="1004" name="sub_ln944_fu_307">
<pin_list>
<pin id="308" dir="0" index="0" bw="6" slack="0"/>
<pin id="309" dir="0" index="1" bw="32" slack="1"/>
<pin id="310" dir="1" index="2" bw="32" slack="0"/>
</pin_list>
<bind>
<opcode="sub(10) " fcode="sub"/>
<opset="sub_ln944/5 "/>
</bind>
</comp>

<comp id="312" class="1004" name="trunc_ln944_fu_312">
<pin_list>
<pin id="313" dir="0" index="0" bw="32" slack="0"/>
<pin id="314" dir="1" index="1" bw="16" slack="2"/>
</pin_list>
<bind>
<opcode="trunc(33) " fcode="trunc"/>
<opset="trunc_ln944/5 "/>
</bind>
</comp>

<comp id="316" class="1004" name="trunc_ln947_fu_316">
<pin_list>
<pin id="317" dir="0" index="0" bw="32" slack="0"/>
<pin id="318" dir="1" index="1" bw="5" slack="0"/>
</pin_list>
<bind>
<opcode="trunc(33) " fcode="trunc"/>
<opset="trunc_ln947/5 "/>
</bind>
</comp>

<comp id="320" class="1004" name="sub_ln947_fu_320">
<pin_list>
<pin id="321" dir="0" index="0" bw="5" slack="0"/>
<pin id="322" dir="0" index="1" bw="5" slack="0"/>
<pin id="323" dir="1" index="2" bw="5" slack="1"/>
</pin_list>
<bind>
<opcode="sub(10) " fcode="sub"/>
<opset="sub_ln947/5 "/>
</bind>
</comp>

<comp id="326" class="1004" name="lsb_index_fu_326">
<pin_list>
<pin id="327" dir="0" index="0" bw="6" slack="0"/>
<pin id="328" dir="0" index="1" bw="32" slack="1"/>
<pin id="329" dir="1" index="2" bw="32" slack="0"/>
</pin_list>
<bind>
<opcode="add(8) " fcode="add"/>
<opset="lsb_index/6 "/>
</bind>
</comp>

<comp id="331" class="1004" name="tmp_fu_331">
<pin_list>
<pin id="332" dir="0" index="0" bw="31" slack="0"/>
<pin id="333" dir="0" index="1" bw="32" slack="0"/>
<pin id="334" dir="0" index="2" bw="1" slack="0"/>
<pin id="335" dir="0" index="3" bw="6" slack="0"/>
<pin id="336" dir="1" index="4" bw="31" slack="1"/>
</pin_list>
<bind>
<opcode="partselect(1002) " fcode="partselect"/>
<opset="tmp/6 "/>
</bind>
</comp>

<comp id="341" class="1004" name="zext_ln947_fu_341">
<pin_list>
<pin id="342" dir="0" index="0" bw="5" slack="1"/>
<pin id="343" dir="1" index="1" bw="16" slack="0"/>
</pin_list>
<bind>
<opcode="zext(34) " fcode="zext"/>
<opset="zext_ln947/6 "/>
</bind>
</comp>

<comp id="344" class="1004" name="lshr_ln947_fu_344">
<pin_list>
<pin id="345" dir="0" index="0" bw="1" slack="0"/>
<pin id="346" dir="0" index="1" bw="5" slack="0"/>
<pin id="347" dir="1" index="2" bw="16" slack="0"/>
</pin_list>
<bind>
<opcode="lshr(21) " fcode="lshr"/>
<opset="lshr_ln947/6 "/>
</bind>
</comp>

<comp id="350" class="1004" name="p_Result_30_fu_350">
<pin_list>
<pin id="351" dir="0" index="0" bw="16" slack="2"/>
<pin id="352" dir="0" index="1" bw="16" slack="0"/>
<pin id="353" dir="1" index="2" bw="16" slack="0"/>
</pin_list>
<bind>
<opcode="and(23) " fcode="and"/>
<opset="p_Result_30/6 "/>
</bind>
</comp>

<comp id="355" class="1004" name="icmp_ln947_1_fu_355">
<pin_list>
<pin id="356" dir="0" index="0" bw="16" slack="0"/>
<pin id="357" dir="0" index="1" bw="1" slack="0"/>
<pin id="358" dir="1" index="2" bw="1" slack="1"/>
</pin_list>
<bind>
<opcode="icmp(45) " fcode="icmp"/>
<opset="icmp_ln947_1/6 "/>
</bind>
</comp>

<comp id="361" class="1004" name="add_ln958_fu_361">
<pin_list>
<pin id="362" dir="0" index="0" bw="6" slack="0"/>
<pin id="363" dir="0" index="1" bw="32" slack="1"/>
<pin id="364" dir="1" index="2" bw="32" slack="1"/>
</pin_list>
<bind>
<opcode="add(8) " fcode="add"/>
<opset="add_ln958/6 "/>
</bind>
</comp>

<comp id="366" class="1004" name="sub_ln958_fu_366">
<pin_list>
<pin id="367" dir="0" index="0" bw="6" slack="0"/>
<pin id="368" dir="0" index="1" bw="32" slack="1"/>
<pin id="369" dir="1" index="2" bw="32" slack="1"/>
</pin_list>
<bind>
<opcode="sub(10) " fcode="sub"/>
<opset="sub_ln958/6 "/>
</bind>
</comp>

<comp id="371" class="1004" name="icmp_ln947_fu_371">
<pin_list>
<pin id="372" dir="0" index="0" bw="31" slack="1"/>
<pin id="373" dir="0" index="1" bw="1" slack="0"/>
<pin id="374" dir="1" index="2" bw="1" slack="0"/>
</pin_list>
<bind>
<opcode="icmp(45) " fcode="icmp"/>
<opset="icmp_ln947/7 "/>
</bind>
</comp>

<comp id="376" class="1004" name="a_fu_376">
<pin_list>
<pin id="377" dir="0" index="0" bw="1" slack="0"/>
<pin id="378" dir="0" index="1" bw="1" slack="1"/>
<pin id="379" dir="1" index="2" bw="1" slack="0"/>
</pin_list>
<bind>
<opcode="and(23) " fcode="and"/>
<opset="a/7 "/>
</bind>
</comp>

<comp id="381" class="1004" name="tmp_129_fu_381">
<pin_list>
<pin id="382" dir="0" index="0" bw="1" slack="0"/>
<pin id="383" dir="0" index="1" bw="32" slack="1"/>
<pin id="384" dir="0" index="2" bw="6" slack="0"/>
<pin id="385" dir="1" index="3" bw="1" slack="0"/>
</pin_list>
<bind>
<opcode="bitselect(1000) " fcode="bitselect"/>
<opset="tmp_129/7 "/>
</bind>
</comp>

<comp id="388" class="1004" name="xor_ln949_fu_388">
<pin_list>
<pin id="389" dir="0" index="0" bw="1" slack="0"/>
<pin id="390" dir="0" index="1" bw="1" slack="0"/>
<pin id="391" dir="1" index="2" bw="1" slack="0"/>
</pin_list>
<bind>
<opcode="xor(25) " fcode="xor"/>
<opset="xor_ln949/7 "/>
</bind>
</comp>

<comp id="394" class="1004" name="add_ln949_fu_394">
<pin_list>
<pin id="395" dir="0" index="0" bw="6" slack="0"/>
<pin id="396" dir="0" index="1" bw="16" slack="2"/>
<pin id="397" dir="1" index="2" bw="16" slack="0"/>
</pin_list>
<bind>
<opcode="add(8) " fcode="add"/>
<opset="add_ln949/7 "/>
</bind>
</comp>

<comp id="399" class="1004" name="p_Result_31_fu_399">
<pin_list>
<pin id="400" dir="0" index="0" bw="1" slack="0"/>
<pin id="401" dir="0" index="1" bw="16" slack="3"/>
<pin id="402" dir="0" index="2" bw="16" slack="0"/>
<pin id="403" dir="1" index="3" bw="1" slack="0"/>
</pin_list>
<bind>
<opcode="bitselect(1000) " fcode="bitselect"/>
<opset="p_Result_31/7 "/>
</bind>
</comp>

<comp id="406" class="1004" name="and_ln949_fu_406">
<pin_list>
<pin id="407" dir="0" index="0" bw="1" slack="0"/>
<pin id="408" dir="0" index="1" bw="1" slack="0"/>
<pin id="409" dir="1" index="2" bw="1" slack="0"/>
</pin_list>
<bind>
<opcode="and(23) " fcode="and"/>
<opset="and_ln949/7 "/>
</bind>
</comp>

<comp id="412" class="1004" name="or_ln949_fu_412">
<pin_list>
<pin id="413" dir="0" index="0" bw="1" slack="0"/>
<pin id="414" dir="0" index="1" bw="1" slack="0"/>
<pin id="415" dir="1" index="2" bw="1" slack="0"/>
</pin_list>
<bind>
<opcode="or(24) " fcode="or"/>
<opset="or_ln949/7 "/>
</bind>
</comp>

<comp id="418" class="1004" name="or_ln_i_fu_418">
<pin_list>
<pin id="419" dir="0" index="0" bw="32" slack="0"/>
<pin id="420" dir="0" index="1" bw="1" slack="0"/>
<pin id="421" dir="0" index="2" bw="1" slack="0"/>
<pin id="422" dir="1" index="3" bw="32" slack="2"/>
</pin_list>
<bind>
<opcode="bitconcatenate(1004) " fcode="bitconcatenate"/>
<opset="or_ln_i/7 "/>
</bind>
</comp>

<comp id="426" class="1004" name="m_fu_426">
<pin_list>
<pin id="427" dir="0" index="0" bw="16" slack="3"/>
<pin id="428" dir="1" index="1" bw="64" slack="0"/>
</pin_list>
<bind>
<opcode="zext(34) " fcode="zext"/>
<opset="m/7 "/>
</bind>
</comp>

<comp id="429" class="1004" name="zext_ln957_1_fu_429">
<pin_list>
<pin id="430" dir="0" index="0" bw="16" slack="3"/>
<pin id="431" dir="1" index="1" bw="32" slack="0"/>
</pin_list>
<bind>
<opcode="zext(34) " fcode="zext"/>
<opset="zext_ln957_1/7 "/>
</bind>
</comp>

<comp id="432" class="1004" name="icmp_ln958_fu_432">
<pin_list>
<pin id="433" dir="0" index="0" bw="32" slack="1"/>
<pin id="434" dir="0" index="1" bw="1" slack="0"/>
<pin id="435" dir="1" index="2" bw="1" slack="2"/>
</pin_list>
<bind>
<opcode="icmp(45) " fcode="icmp"/>
<opset="icmp_ln958/7 "/>
</bind>
</comp>

<comp id="437" class="1004" name="grp_fu_437">
<pin_list>
<pin id="438" dir="0" index="0" bw="16" slack="0"/>
<pin id="439" dir="0" index="1" bw="32" slack="1"/>
<pin id="440" dir="1" index="2" bw="32" slack="1"/>
</pin_list>
<bind>
<opcode="lshr(21) " fcode="lshr"/>
<opset="lshr_ln958/7 "/>
</bind>
</comp>

<comp id="442" class="1004" name="zext_ln958_1_fu_442">
<pin_list>
<pin id="443" dir="0" index="0" bw="32" slack="1"/>
<pin id="444" dir="1" index="1" bw="64" slack="0"/>
</pin_list>
<bind>
<opcode="zext(34) " fcode="zext"/>
<opset="zext_ln958_1/7 "/>
</bind>
</comp>

<comp id="445" class="1004" name="grp_fu_445">
<pin_list>
<pin id="446" dir="0" index="0" bw="16" slack="0"/>
<pin id="447" dir="0" index="1" bw="32" slack="0"/>
<pin id="448" dir="1" index="2" bw="64" slack="1"/>
</pin_list>
<bind>
<opcode="shl(20) " fcode="shl"/>
<opset="shl_ln958/7 "/>
</bind>
</comp>

<comp id="451" class="1004" name="zext_ln958_fu_451">
<pin_list>
<pin id="452" dir="0" index="0" bw="32" slack="1"/>
<pin id="453" dir="1" index="1" bw="64" slack="0"/>
</pin_list>
<bind>
<opcode="zext(34) " fcode="zext"/>
<opset="zext_ln958/9 "/>
</bind>
</comp>

<comp id="454" class="1004" name="m_1_fu_454">
<pin_list>
<pin id="455" dir="0" index="0" bw="1" slack="2"/>
<pin id="456" dir="0" index="1" bw="32" slack="0"/>
<pin id="457" dir="0" index="2" bw="64" slack="1"/>
<pin id="458" dir="1" index="3" bw="64" slack="0"/>
</pin_list>
<bind>
<opcode="select(49) " fcode="select"/>
<opset="m_1/9 "/>
</bind>
</comp>

<comp id="460" class="1004" name="zext_ln961_fu_460">
<pin_list>
<pin id="461" dir="0" index="0" bw="32" slack="2"/>
<pin id="462" dir="1" index="1" bw="64" slack="0"/>
</pin_list>
<bind>
<opcode="zext(34) " fcode="zext"/>
<opset="zext_ln961/9 "/>
</bind>
</comp>

<comp id="463" class="1004" name="m_2_fu_463">
<pin_list>
<pin id="464" dir="0" index="0" bw="32" slack="0"/>
<pin id="465" dir="0" index="1" bw="64" slack="0"/>
<pin id="466" dir="1" index="2" bw="64" slack="0"/>
</pin_list>
<bind>
<opcode="add(8) " fcode="add"/>
<opset="m_2/9 "/>
</bind>
</comp>

<comp id="469" class="1004" name="m_5_fu_469">
<pin_list>
<pin id="470" dir="0" index="0" bw="63" slack="0"/>
<pin id="471" dir="0" index="1" bw="64" slack="0"/>
<pin id="472" dir="0" index="2" bw="1" slack="0"/>
<pin id="473" dir="0" index="3" bw="7" slack="0"/>
<pin id="474" dir="1" index="4" bw="63" slack="2"/>
</pin_list>
<bind>
<opcode="partselect(1002) " fcode="partselect"/>
<opset="m_5/9 "/>
</bind>
</comp>

<comp id="479" class="1004" name="tmp_130_fu_479">
<pin_list>
<pin id="480" dir="0" index="0" bw="1" slack="0"/>
<pin id="481" dir="0" index="1" bw="64" slack="0"/>
<pin id="482" dir="0" index="2" bw="6" slack="0"/>
<pin id="483" dir="1" index="3" bw="1" slack="1"/>
</pin_list>
<bind>
<opcode="bitselect(1000) " fcode="bitselect"/>
<opset="tmp_130/9 "/>
</bind>
</comp>

<comp id="487" class="1004" name="select_ln964_fu_487">
<pin_list>
<pin id="488" dir="0" index="0" bw="1" slack="1"/>
<pin id="489" dir="0" index="1" bw="8" slack="0"/>
<pin id="490" dir="0" index="2" bw="8" slack="0"/>
<pin id="491" dir="1" index="3" bw="8" slack="1"/>
</pin_list>
<bind>
<opcode="select(49) " fcode="select"/>
<opset="select_ln964/10 "/>
</bind>
</comp>

<comp id="494" class="1004" name="m_6_fu_494">
<pin_list>
<pin id="495" dir="0" index="0" bw="63" slack="2"/>
<pin id="496" dir="1" index="1" bw="64" slack="0"/>
</pin_list>
<bind>
<opcode="zext(34) " fcode="zext"/>
<opset="m_6/11 "/>
</bind>
</comp>

<comp id="497" class="1004" name="sub_ln964_fu_497">
<pin_list>
<pin id="498" dir="0" index="0" bw="4" slack="0"/>
<pin id="499" dir="0" index="1" bw="8" slack="7"/>
<pin id="500" dir="1" index="2" bw="8" slack="0"/>
</pin_list>
<bind>
<opcode="sub(10) " fcode="sub"/>
<opset="sub_ln964/11 "/>
</bind>
</comp>

<comp id="502" class="1004" name="add_ln964_fu_502">
<pin_list>
<pin id="503" dir="0" index="0" bw="8" slack="0"/>
<pin id="504" dir="0" index="1" bw="8" slack="1"/>
<pin id="505" dir="1" index="2" bw="8" slack="0"/>
</pin_list>
<bind>
<opcode="add(8) " fcode="add"/>
<opset="add_ln964/11 "/>
</bind>
</comp>

<comp id="507" class="1004" name="tmp_107_i_fu_507">
<pin_list>
<pin id="508" dir="0" index="0" bw="9" slack="0"/>
<pin id="509" dir="0" index="1" bw="1" slack="9"/>
<pin id="510" dir="0" index="2" bw="8" slack="0"/>
<pin id="511" dir="1" index="3" bw="9" slack="0"/>
</pin_list>
<bind>
<opcode="bitconcatenate(1004) " fcode="bitconcatenate"/>
<opset="tmp_107_i/11 "/>
</bind>
</comp>

<comp id="514" class="1004" name="p_Result_35_fu_514">
<pin_list>
<pin id="515" dir="0" index="0" bw="64" slack="0"/>
<pin id="516" dir="0" index="1" bw="63" slack="0"/>
<pin id="517" dir="0" index="2" bw="9" slack="0"/>
<pin id="518" dir="0" index="3" bw="6" slack="0"/>
<pin id="519" dir="0" index="4" bw="6" slack="0"/>
<pin id="520" dir="1" index="5" bw="64" slack="0"/>
</pin_list>
<bind>
<opcode="partset(1003) " fcode="partset"/>
<opset="p_Result_35/11 "/>
</bind>
</comp>

<comp id="526" class="1004" name="trunc_ln738_fu_526">
<pin_list>
<pin id="527" dir="0" index="0" bw="64" slack="0"/>
<pin id="528" dir="1" index="1" bw="32" slack="0"/>
</pin_list>
<bind>
<opcode="trunc(33) " fcode="trunc"/>
<opset="trunc_ln738/11 "/>
</bind>
</comp>

<comp id="530" class="1004" name="bitcast_ln739_fu_530">
<pin_list>
<pin id="531" dir="0" index="0" bw="32" slack="0"/>
<pin id="532" dir="1" index="1" bw="32" slack="0"/>
</pin_list>
<bind>
<opcode="bitcast(44) " fcode="bitcast"/>
<opset="bitcast_ln739/11 "/>
</bind>
</comp>

<comp id="534" class="1004" name="select_ln935_fu_534">
<pin_list>
<pin id="535" dir="0" index="0" bw="1" slack="7"/>
<pin id="536" dir="0" index="1" bw="32" slack="0"/>
<pin id="537" dir="0" index="2" bw="32" slack="0"/>
<pin id="538" dir="1" index="3" bw="32" slack="0"/>
</pin_list>
<bind>
<opcode="select(49) " fcode="select"/>
<opset="select_ln935/11 "/>
</bind>
</comp>

<comp id="542" class="1005" name="p_read_1_reg_542">
<pin_list>
<pin id="543" dir="0" index="0" bw="1" slack="1"/>
<pin id="544" dir="1" index="1" bw="1" slack="1"/>
</pin_list>
<bind>
<opset="p_read_1 "/>
</bind>
</comp>

<comp id="550" class="1005" name="j_reg_550">
<pin_list>
<pin id="551" dir="0" index="0" bw="4" slack="0"/>
<pin id="552" dir="1" index="1" bw="4" slack="0"/>
</pin_list>
<bind>
<opset="j "/>
</bind>
</comp>

<comp id="555" class="1005" name="last_reg_555">
<pin_list>
<pin id="556" dir="0" index="0" bw="1" slack="9"/>
<pin id="557" dir="1" index="1" bw="1" slack="9"/>
</pin_list>
<bind>
<opset="last "/>
</bind>
</comp>

<comp id="560" class="1005" name="tmp_V_3_reg_560">
<pin_list>
<pin id="561" dir="0" index="0" bw="16" slack="1"/>
<pin id="562" dir="1" index="1" bw="16" slack="1"/>
</pin_list>
<bind>
<opset="tmp_V_3 "/>
</bind>
</comp>

<comp id="567" class="1005" name="p_Result_33_reg_567">
<pin_list>
<pin id="568" dir="0" index="0" bw="1" slack="1"/>
<pin id="569" dir="1" index="1" bw="1" slack="2"/>
</pin_list>
<bind>
<opset="p_Result_33 "/>
</bind>
</comp>

<comp id="573" class="1005" name="tmp_V_reg_573">
<pin_list>
<pin id="574" dir="0" index="0" bw="16" slack="1"/>
<pin id="575" dir="1" index="1" bw="16" slack="1"/>
</pin_list>
<bind>
<opset="tmp_V "/>
</bind>
</comp>

<comp id="578" class="1005" name="icmp_ln935_reg_578">
<pin_list>
<pin id="579" dir="0" index="0" bw="1" slack="1"/>
<pin id="580" dir="1" index="1" bw="1" slack="7"/>
</pin_list>
<bind>
<opset="icmp_ln935 "/>
</bind>
</comp>

<comp id="583" class="1005" name="tmp_V_4_reg_583">
<pin_list>
<pin id="584" dir="0" index="0" bw="16" slack="2"/>
<pin id="585" dir="1" index="1" bw="16" slack="2"/>
</pin_list>
<bind>
<opset="tmp_V_4 "/>
</bind>
</comp>

<comp id="591" class="1005" name="l_reg_591">
<pin_list>
<pin id="592" dir="0" index="0" bw="32" slack="1"/>
<pin id="593" dir="1" index="1" bw="32" slack="1"/>
</pin_list>
<bind>
<opset="l "/>
</bind>
</comp>

<comp id="596" class="1005" name="trunc_ln943_reg_596">
<pin_list>
<pin id="597" dir="0" index="0" bw="8" slack="7"/>
<pin id="598" dir="1" index="1" bw="8" slack="7"/>
</pin_list>
<bind>
<opset="trunc_ln943 "/>
</bind>
</comp>

<comp id="601" class="1005" name="sub_ln944_reg_601">
<pin_list>
<pin id="602" dir="0" index="0" bw="32" slack="1"/>
<pin id="603" dir="1" index="1" bw="32" slack="1"/>
</pin_list>
<bind>
<opset="sub_ln944 "/>
</bind>
</comp>

<comp id="608" class="1005" name="trunc_ln944_reg_608">
<pin_list>
<pin id="609" dir="0" index="0" bw="16" slack="2"/>
<pin id="610" dir="1" index="1" bw="16" slack="2"/>
</pin_list>
<bind>
<opset="trunc_ln944 "/>
</bind>
</comp>

<comp id="613" class="1005" name="sub_ln947_reg_613">
<pin_list>
<pin id="614" dir="0" index="0" bw="5" slack="1"/>
<pin id="615" dir="1" index="1" bw="5" slack="1"/>
</pin_list>
<bind>
<opset="sub_ln947 "/>
</bind>
</comp>

<comp id="618" class="1005" name="lsb_index_reg_618">
<pin_list>
<pin id="619" dir="0" index="0" bw="32" slack="1"/>
<pin id="620" dir="1" index="1" bw="32" slack="1"/>
</pin_list>
<bind>
<opset="lsb_index "/>
</bind>
</comp>

<comp id="624" class="1005" name="tmp_reg_624">
<pin_list>
<pin id="625" dir="0" index="0" bw="31" slack="1"/>
<pin id="626" dir="1" index="1" bw="31" slack="1"/>
</pin_list>
<bind>
<opset="tmp "/>
</bind>
</comp>

<comp id="629" class="1005" name="icmp_ln947_1_reg_629">
<pin_list>
<pin id="630" dir="0" index="0" bw="1" slack="1"/>
<pin id="631" dir="1" index="1" bw="1" slack="1"/>
</pin_list>
<bind>
<opset="icmp_ln947_1 "/>
</bind>
</comp>

<comp id="634" class="1005" name="add_ln958_reg_634">
<pin_list>
<pin id="635" dir="0" index="0" bw="32" slack="1"/>
<pin id="636" dir="1" index="1" bw="32" slack="1"/>
</pin_list>
<bind>
<opset="add_ln958 "/>
</bind>
</comp>

<comp id="639" class="1005" name="sub_ln958_reg_639">
<pin_list>
<pin id="640" dir="0" index="0" bw="32" slack="1"/>
<pin id="641" dir="1" index="1" bw="32" slack="1"/>
</pin_list>
<bind>
<opset="sub_ln958 "/>
</bind>
</comp>

<comp id="644" class="1005" name="or_ln_i_reg_644">
<pin_list>
<pin id="645" dir="0" index="0" bw="32" slack="2"/>
<pin id="646" dir="1" index="1" bw="32" slack="2"/>
</pin_list>
<bind>
<opset="or_ln_i "/>
</bind>
</comp>

<comp id="649" class="1005" name="m_reg_649">
<pin_list>
<pin id="650" dir="0" index="0" bw="64" slack="1"/>
<pin id="651" dir="1" index="1" bw="64" slack="1"/>
</pin_list>
<bind>
<opset="m "/>
</bind>
</comp>

<comp id="654" class="1005" name="zext_ln957_1_reg_654">
<pin_list>
<pin id="655" dir="0" index="0" bw="32" slack="1"/>
<pin id="656" dir="1" index="1" bw="32" slack="1"/>
</pin_list>
<bind>
<opset="zext_ln957_1 "/>
</bind>
</comp>

<comp id="659" class="1005" name="icmp_ln958_reg_659">
<pin_list>
<pin id="660" dir="0" index="0" bw="1" slack="2"/>
<pin id="661" dir="1" index="1" bw="1" slack="2"/>
</pin_list>
<bind>
<opset="icmp_ln958 "/>
</bind>
</comp>

<comp id="664" class="1005" name="zext_ln958_1_reg_664">
<pin_list>
<pin id="665" dir="0" index="0" bw="64" slack="1"/>
<pin id="666" dir="1" index="1" bw="64" slack="1"/>
</pin_list>
<bind>
<opset="zext_ln958_1 "/>
</bind>
</comp>

<comp id="669" class="1005" name="lshr_ln958_reg_669">
<pin_list>
<pin id="670" dir="0" index="0" bw="32" slack="1"/>
<pin id="671" dir="1" index="1" bw="32" slack="1"/>
</pin_list>
<bind>
<opset="lshr_ln958 "/>
</bind>
</comp>

<comp id="674" class="1005" name="shl_ln958_reg_674">
<pin_list>
<pin id="675" dir="0" index="0" bw="64" slack="1"/>
<pin id="676" dir="1" index="1" bw="64" slack="1"/>
</pin_list>
<bind>
<opset="shl_ln958 "/>
</bind>
</comp>

<comp id="679" class="1005" name="m_5_reg_679">
<pin_list>
<pin id="680" dir="0" index="0" bw="63" slack="2"/>
<pin id="681" dir="1" index="1" bw="63" slack="2"/>
</pin_list>
<bind>
<opset="m_5 "/>
</bind>
</comp>

<comp id="684" class="1005" name="tmp_130_reg_684">
<pin_list>
<pin id="685" dir="0" index="0" bw="1" slack="1"/>
<pin id="686" dir="1" index="1" bw="1" slack="1"/>
</pin_list>
<bind>
<opset="tmp_130 "/>
</bind>
</comp>

<comp id="689" class="1005" name="select_ln964_reg_689">
<pin_list>
<pin id="690" dir="0" index="0" bw="8" slack="1"/>
<pin id="691" dir="1" index="1" bw="8" slack="1"/>
</pin_list>
<bind>
<opset="select_ln964 "/>
</bind>
</comp>

<comp id="694" class="1005" name="select_ln935_reg_694">
<pin_list>
<pin id="695" dir="0" index="0" bw="32" slack="1"/>
<pin id="696" dir="1" index="1" bw="32" slack="1"/>
</pin_list>
<bind>
<opset="select_ln935 "/>
</bind>
</comp>

</comp_list>

<net_list>
<net id="122"><net_src comp="38" pin="0"/><net_sink comp="118" pin=0"/></net>

<net id="123"><net_src comp="4" pin="0"/><net_sink comp="118" pin=1"/></net>

<net id="128"><net_src comp="52" pin="0"/><net_sink comp="124" pin=0"/></net>

<net id="129"><net_src comp="6" pin="0"/><net_sink comp="124" pin=1"/></net>

<net id="134"><net_src comp="52" pin="0"/><net_sink comp="130" pin=0"/></net>

<net id="135"><net_src comp="8" pin="0"/><net_sink comp="130" pin=1"/></net>

<net id="140"><net_src comp="52" pin="0"/><net_sink comp="136" pin=0"/></net>

<net id="141"><net_src comp="10" pin="0"/><net_sink comp="136" pin=1"/></net>

<net id="146"><net_src comp="52" pin="0"/><net_sink comp="142" pin=0"/></net>

<net id="147"><net_src comp="12" pin="0"/><net_sink comp="142" pin=1"/></net>

<net id="152"><net_src comp="52" pin="0"/><net_sink comp="148" pin=0"/></net>

<net id="153"><net_src comp="14" pin="0"/><net_sink comp="148" pin=1"/></net>

<net id="158"><net_src comp="52" pin="0"/><net_sink comp="154" pin=0"/></net>

<net id="159"><net_src comp="16" pin="0"/><net_sink comp="154" pin=1"/></net>

<net id="164"><net_src comp="52" pin="0"/><net_sink comp="160" pin=0"/></net>

<net id="165"><net_src comp="18" pin="0"/><net_sink comp="160" pin=1"/></net>

<net id="170"><net_src comp="52" pin="0"/><net_sink comp="166" pin=0"/></net>

<net id="171"><net_src comp="20" pin="0"/><net_sink comp="166" pin=1"/></net>

<net id="176"><net_src comp="52" pin="0"/><net_sink comp="172" pin=0"/></net>

<net id="177"><net_src comp="22" pin="0"/><net_sink comp="172" pin=1"/></net>

<net id="182"><net_src comp="52" pin="0"/><net_sink comp="178" pin=0"/></net>

<net id="183"><net_src comp="24" pin="0"/><net_sink comp="178" pin=1"/></net>

<net id="191"><net_src comp="116" pin="0"/><net_sink comp="184" pin=0"/></net>

<net id="192"><net_src comp="2" pin="0"/><net_sink comp="184" pin=1"/></net>

<net id="193"><net_src comp="0" pin="0"/><net_sink comp="184" pin=2"/></net>

<net id="197"><net_src comp="40" pin="0"/><net_sink comp="194" pin=0"/></net>

<net id="204"><net_src comp="194" pin="1"/><net_sink comp="198" pin=0"/></net>

<net id="209"><net_src comp="198" pin="4"/><net_sink comp="205" pin=0"/></net>

<net id="210"><net_src comp="42" pin="0"/><net_sink comp="205" pin=1"/></net>

<net id="215"><net_src comp="198" pin="4"/><net_sink comp="211" pin=0"/></net>

<net id="216"><net_src comp="48" pin="0"/><net_sink comp="211" pin=1"/></net>

<net id="221"><net_src comp="198" pin="4"/><net_sink comp="217" pin=0"/></net>

<net id="222"><net_src comp="50" pin="0"/><net_sink comp="217" pin=1"/></net>

<net id="227"><net_src comp="217" pin="2"/><net_sink comp="223" pin=0"/></net>

<net id="242"><net_src comp="54" pin="0"/><net_sink comp="228" pin=0"/></net>

<net id="243"><net_src comp="124" pin="2"/><net_sink comp="228" pin=1"/></net>

<net id="244"><net_src comp="130" pin="2"/><net_sink comp="228" pin=2"/></net>

<net id="245"><net_src comp="136" pin="2"/><net_sink comp="228" pin=3"/></net>

<net id="246"><net_src comp="142" pin="2"/><net_sink comp="228" pin=4"/></net>

<net id="247"><net_src comp="148" pin="2"/><net_sink comp="228" pin=5"/></net>

<net id="248"><net_src comp="154" pin="2"/><net_sink comp="228" pin=6"/></net>

<net id="249"><net_src comp="160" pin="2"/><net_sink comp="228" pin=7"/></net>

<net id="250"><net_src comp="166" pin="2"/><net_sink comp="228" pin=8"/></net>

<net id="251"><net_src comp="172" pin="2"/><net_sink comp="228" pin=9"/></net>

<net id="252"><net_src comp="178" pin="2"/><net_sink comp="228" pin=10"/></net>

<net id="253"><net_src comp="198" pin="4"/><net_sink comp="228" pin=11"/></net>

<net id="259"><net_src comp="56" pin="0"/><net_sink comp="254" pin=0"/></net>

<net id="260"><net_src comp="228" pin="12"/><net_sink comp="254" pin=1"/></net>

<net id="261"><net_src comp="58" pin="0"/><net_sink comp="254" pin=2"/></net>

<net id="266"><net_src comp="60" pin="0"/><net_sink comp="262" pin=0"/></net>

<net id="271"><net_src comp="60" pin="0"/><net_sink comp="267" pin=1"/></net>

<net id="283"><net_src comp="62" pin="0"/><net_sink comp="277" pin=0"/></net>

<net id="284"><net_src comp="272" pin="3"/><net_sink comp="277" pin=1"/></net>

<net id="285"><net_src comp="58" pin="0"/><net_sink comp="277" pin=2"/></net>

<net id="286"><net_src comp="34" pin="0"/><net_sink comp="277" pin=3"/></net>

<net id="292"><net_src comp="64" pin="0"/><net_sink comp="287" pin=0"/></net>

<net id="293"><net_src comp="66" pin="0"/><net_sink comp="287" pin=1"/></net>

<net id="294"><net_src comp="277" pin="4"/><net_sink comp="287" pin=2"/></net>

<net id="300"><net_src comp="68" pin="0"/><net_sink comp="295" pin=0"/></net>

<net id="301"><net_src comp="287" pin="3"/><net_sink comp="295" pin=1"/></net>

<net id="302"><net_src comp="70" pin="0"/><net_sink comp="295" pin=2"/></net>

<net id="306"><net_src comp="295" pin="3"/><net_sink comp="303" pin=0"/></net>

<net id="311"><net_src comp="72" pin="0"/><net_sink comp="307" pin=0"/></net>

<net id="315"><net_src comp="307" pin="2"/><net_sink comp="312" pin=0"/></net>

<net id="319"><net_src comp="307" pin="2"/><net_sink comp="316" pin=0"/></net>

<net id="324"><net_src comp="74" pin="0"/><net_sink comp="320" pin=0"/></net>

<net id="325"><net_src comp="316" pin="1"/><net_sink comp="320" pin=1"/></net>

<net id="330"><net_src comp="76" pin="0"/><net_sink comp="326" pin=0"/></net>

<net id="337"><net_src comp="78" pin="0"/><net_sink comp="331" pin=0"/></net>

<net id="338"><net_src comp="326" pin="2"/><net_sink comp="331" pin=1"/></net>

<net id="339"><net_src comp="30" pin="0"/><net_sink comp="331" pin=2"/></net>

<net id="340"><net_src comp="80" pin="0"/><net_sink comp="331" pin=3"/></net>

<net id="348"><net_src comp="66" pin="0"/><net_sink comp="344" pin=0"/></net>

<net id="349"><net_src comp="341" pin="1"/><net_sink comp="344" pin=1"/></net>

<net id="354"><net_src comp="344" pin="2"/><net_sink comp="350" pin=1"/></net>

<net id="359"><net_src comp="350" pin="2"/><net_sink comp="355" pin=0"/></net>

<net id="360"><net_src comp="60" pin="0"/><net_sink comp="355" pin=1"/></net>

<net id="365"><net_src comp="82" pin="0"/><net_sink comp="361" pin=0"/></net>

<net id="370"><net_src comp="84" pin="0"/><net_sink comp="366" pin=0"/></net>

<net id="375"><net_src comp="86" pin="0"/><net_sink comp="371" pin=1"/></net>

<net id="380"><net_src comp="371" pin="2"/><net_sink comp="376" pin=0"/></net>

<net id="386"><net_src comp="88" pin="0"/><net_sink comp="381" pin=0"/></net>

<net id="387"><net_src comp="80" pin="0"/><net_sink comp="381" pin=2"/></net>

<net id="392"><net_src comp="381" pin="3"/><net_sink comp="388" pin=0"/></net>

<net id="393"><net_src comp="70" pin="0"/><net_sink comp="388" pin=1"/></net>

<net id="398"><net_src comp="90" pin="0"/><net_sink comp="394" pin=0"/></net>

<net id="404"><net_src comp="92" pin="0"/><net_sink comp="399" pin=0"/></net>

<net id="405"><net_src comp="394" pin="2"/><net_sink comp="399" pin=2"/></net>

<net id="410"><net_src comp="399" pin="3"/><net_sink comp="406" pin=0"/></net>

<net id="411"><net_src comp="388" pin="2"/><net_sink comp="406" pin=1"/></net>

<net id="416"><net_src comp="406" pin="2"/><net_sink comp="412" pin=0"/></net>

<net id="417"><net_src comp="376" pin="2"/><net_sink comp="412" pin=1"/></net>

<net id="423"><net_src comp="94" pin="0"/><net_sink comp="418" pin=0"/></net>

<net id="424"><net_src comp="86" pin="0"/><net_sink comp="418" pin=1"/></net>

<net id="425"><net_src comp="412" pin="2"/><net_sink comp="418" pin=2"/></net>

<net id="436"><net_src comp="34" pin="0"/><net_sink comp="432" pin=1"/></net>

<net id="441"><net_src comp="429" pin="1"/><net_sink comp="437" pin=0"/></net>

<net id="449"><net_src comp="426" pin="1"/><net_sink comp="445" pin=0"/></net>

<net id="450"><net_src comp="442" pin="1"/><net_sink comp="445" pin=1"/></net>

<net id="459"><net_src comp="451" pin="1"/><net_sink comp="454" pin=1"/></net>

<net id="467"><net_src comp="460" pin="1"/><net_sink comp="463" pin=0"/></net>

<net id="468"><net_src comp="454" pin="3"/><net_sink comp="463" pin=1"/></net>

<net id="475"><net_src comp="96" pin="0"/><net_sink comp="469" pin=0"/></net>

<net id="476"><net_src comp="463" pin="2"/><net_sink comp="469" pin=1"/></net>

<net id="477"><net_src comp="30" pin="0"/><net_sink comp="469" pin=2"/></net>

<net id="478"><net_src comp="98" pin="0"/><net_sink comp="469" pin=3"/></net>

<net id="484"><net_src comp="100" pin="0"/><net_sink comp="479" pin=0"/></net>

<net id="485"><net_src comp="463" pin="2"/><net_sink comp="479" pin=1"/></net>

<net id="486"><net_src comp="84" pin="0"/><net_sink comp="479" pin=2"/></net>

<net id="492"><net_src comp="102" pin="0"/><net_sink comp="487" pin=1"/></net>

<net id="493"><net_src comp="104" pin="0"/><net_sink comp="487" pin=2"/></net>

<net id="501"><net_src comp="106" pin="0"/><net_sink comp="497" pin=0"/></net>

<net id="506"><net_src comp="497" pin="2"/><net_sink comp="502" pin=0"/></net>

<net id="512"><net_src comp="108" pin="0"/><net_sink comp="507" pin=0"/></net>

<net id="513"><net_src comp="502" pin="2"/><net_sink comp="507" pin=2"/></net>

<net id="521"><net_src comp="110" pin="0"/><net_sink comp="514" pin=0"/></net>

<net id="522"><net_src comp="494" pin="1"/><net_sink comp="514" pin=1"/></net>

<net id="523"><net_src comp="507" pin="3"/><net_sink comp="514" pin=2"/></net>

<net id="524"><net_src comp="112" pin="0"/><net_sink comp="514" pin=3"/></net>

<net id="525"><net_src comp="80" pin="0"/><net_sink comp="514" pin=4"/></net>

<net id="529"><net_src comp="514" pin="5"/><net_sink comp="526" pin=0"/></net>

<net id="533"><net_src comp="526" pin="1"/><net_sink comp="530" pin=0"/></net>

<net id="539"><net_src comp="114" pin="0"/><net_sink comp="534" pin=1"/></net>

<net id="540"><net_src comp="530" pin="1"/><net_sink comp="534" pin=2"/></net>

<net id="541"><net_src comp="534" pin="3"/><net_sink comp="184" pin=4"/></net>

<net id="545"><net_src comp="118" pin="2"/><net_sink comp="542" pin=0"/></net>

<net id="546"><net_src comp="542" pin="1"/><net_sink comp="223" pin=1"/></net>

<net id="553"><net_src comp="211" pin="2"/><net_sink comp="550" pin=0"/></net>

<net id="554"><net_src comp="550" pin="1"/><net_sink comp="198" pin=2"/></net>

<net id="558"><net_src comp="223" pin="2"/><net_sink comp="555" pin=0"/></net>

<net id="559"><net_src comp="555" pin="1"/><net_sink comp="184" pin=3"/></net>

<net id="563"><net_src comp="228" pin="12"/><net_sink comp="560" pin=0"/></net>

<net id="564"><net_src comp="560" pin="1"/><net_sink comp="262" pin=1"/></net>

<net id="565"><net_src comp="560" pin="1"/><net_sink comp="267" pin=0"/></net>

<net id="566"><net_src comp="560" pin="1"/><net_sink comp="272" pin=2"/></net>

<net id="570"><net_src comp="254" pin="3"/><net_sink comp="567" pin=0"/></net>

<net id="571"><net_src comp="567" pin="1"/><net_sink comp="272" pin=0"/></net>

<net id="572"><net_src comp="567" pin="1"/><net_sink comp="507" pin=1"/></net>

<net id="576"><net_src comp="262" pin="2"/><net_sink comp="573" pin=0"/></net>

<net id="577"><net_src comp="573" pin="1"/><net_sink comp="272" pin=1"/></net>

<net id="581"><net_src comp="267" pin="2"/><net_sink comp="578" pin=0"/></net>

<net id="582"><net_src comp="578" pin="1"/><net_sink comp="534" pin=0"/></net>

<net id="586"><net_src comp="272" pin="3"/><net_sink comp="583" pin=0"/></net>

<net id="587"><net_src comp="583" pin="1"/><net_sink comp="350" pin=0"/></net>

<net id="588"><net_src comp="583" pin="1"/><net_sink comp="399" pin=1"/></net>

<net id="589"><net_src comp="583" pin="1"/><net_sink comp="426" pin=0"/></net>

<net id="590"><net_src comp="583" pin="1"/><net_sink comp="429" pin=0"/></net>

<net id="594"><net_src comp="295" pin="3"/><net_sink comp="591" pin=0"/></net>

<net id="595"><net_src comp="591" pin="1"/><net_sink comp="307" pin=1"/></net>

<net id="599"><net_src comp="303" pin="1"/><net_sink comp="596" pin=0"/></net>

<net id="600"><net_src comp="596" pin="1"/><net_sink comp="497" pin=1"/></net>

<net id="604"><net_src comp="307" pin="2"/><net_sink comp="601" pin=0"/></net>

<net id="605"><net_src comp="601" pin="1"/><net_sink comp="326" pin=1"/></net>

<net id="606"><net_src comp="601" pin="1"/><net_sink comp="361" pin=1"/></net>

<net id="607"><net_src comp="601" pin="1"/><net_sink comp="366" pin=1"/></net>

<net id="611"><net_src comp="312" pin="1"/><net_sink comp="608" pin=0"/></net>

<net id="612"><net_src comp="608" pin="1"/><net_sink comp="394" pin=1"/></net>

<net id="616"><net_src comp="320" pin="2"/><net_sink comp="613" pin=0"/></net>

<net id="617"><net_src comp="613" pin="1"/><net_sink comp="341" pin=0"/></net>

<net id="621"><net_src comp="326" pin="2"/><net_sink comp="618" pin=0"/></net>

<net id="622"><net_src comp="618" pin="1"/><net_sink comp="381" pin=1"/></net>

<net id="623"><net_src comp="618" pin="1"/><net_sink comp="432" pin=0"/></net>

<net id="627"><net_src comp="331" pin="4"/><net_sink comp="624" pin=0"/></net>

<net id="628"><net_src comp="624" pin="1"/><net_sink comp="371" pin=0"/></net>

<net id="632"><net_src comp="355" pin="2"/><net_sink comp="629" pin=0"/></net>

<net id="633"><net_src comp="629" pin="1"/><net_sink comp="376" pin=1"/></net>

<net id="637"><net_src comp="361" pin="2"/><net_sink comp="634" pin=0"/></net>

<net id="638"><net_src comp="634" pin="1"/><net_sink comp="437" pin=1"/></net>

<net id="642"><net_src comp="366" pin="2"/><net_sink comp="639" pin=0"/></net>

<net id="643"><net_src comp="639" pin="1"/><net_sink comp="442" pin=0"/></net>

<net id="647"><net_src comp="418" pin="3"/><net_sink comp="644" pin=0"/></net>

<net id="648"><net_src comp="644" pin="1"/><net_sink comp="460" pin=0"/></net>

<net id="652"><net_src comp="426" pin="1"/><net_sink comp="649" pin=0"/></net>

<net id="653"><net_src comp="649" pin="1"/><net_sink comp="445" pin=0"/></net>

<net id="657"><net_src comp="429" pin="1"/><net_sink comp="654" pin=0"/></net>

<net id="658"><net_src comp="654" pin="1"/><net_sink comp="437" pin=0"/></net>

<net id="662"><net_src comp="432" pin="2"/><net_sink comp="659" pin=0"/></net>

<net id="663"><net_src comp="659" pin="1"/><net_sink comp="454" pin=0"/></net>

<net id="667"><net_src comp="442" pin="1"/><net_sink comp="664" pin=0"/></net>

<net id="668"><net_src comp="664" pin="1"/><net_sink comp="445" pin=1"/></net>

<net id="672"><net_src comp="437" pin="2"/><net_sink comp="669" pin=0"/></net>

<net id="673"><net_src comp="669" pin="1"/><net_sink comp="451" pin=0"/></net>

<net id="677"><net_src comp="445" pin="2"/><net_sink comp="674" pin=0"/></net>

<net id="678"><net_src comp="674" pin="1"/><net_sink comp="454" pin=2"/></net>

<net id="682"><net_src comp="469" pin="4"/><net_sink comp="679" pin=0"/></net>

<net id="683"><net_src comp="679" pin="1"/><net_sink comp="494" pin=0"/></net>

<net id="687"><net_src comp="479" pin="3"/><net_sink comp="684" pin=0"/></net>

<net id="688"><net_src comp="684" pin="1"/><net_sink comp="487" pin=0"/></net>

<net id="692"><net_src comp="487" pin="3"/><net_sink comp="689" pin=0"/></net>

<net id="693"><net_src comp="689" pin="1"/><net_sink comp="502" pin=1"/></net>

<net id="697"><net_src comp="534" pin="3"/><net_sink comp="694" pin=0"/></net>

<net id="698"><net_src comp="694" pin="1"/><net_sink comp="184" pin=4"/></net>

</net_list>

</model> 
---------------- Datapath Model END ------------------

* FSMD analyzer results:
  - Output states:
	Port: out_data | {12 }
	Port: out_last_V | {12 }
 - Input state : 
	Port: Loop_2_proc : p_read | {1 }
	Port: Loop_2_proc : tmp_data_V_0 | {2 }
	Port: Loop_2_proc : tmp_data_V_1 | {2 }
	Port: Loop_2_proc : tmp_data_V_2 | {2 }
	Port: Loop_2_proc : tmp_data_V_3 | {2 }
	Port: Loop_2_proc : tmp_data_V_4 | {2 }
	Port: Loop_2_proc : tmp_data_V_5 | {2 }
	Port: Loop_2_proc : tmp_data_V_6 | {2 }
	Port: Loop_2_proc : tmp_data_V_7 | {2 }
	Port: Loop_2_proc : tmp_data_V_8 | {2 }
	Port: Loop_2_proc : tmp_data_V_9 | {2 }
  - Chain level:
	State 1
	State 2
		icmp_ln31 : 1
		j : 1
		br_ln31 : 2
		icmp_ln32 : 1
		last : 2
		p_Result_33 : 1
	State 3
	State 4
		p_Result_s : 1
		p_Result_34 : 2
		l : 3
		trunc_ln943 : 4
	State 5
		trunc_ln944 : 1
		trunc_ln947 : 1
		sub_ln947 : 2
	State 6
		tmp : 1
		lshr_ln947 : 1
		p_Result_30 : 2
		icmp_ln947_1 : 2
	State 7
		a : 1
		xor_ln949 : 1
		p_Result_31 : 1
		and_ln949 : 2
		or_ln949 : 2
		or_ln_i : 2
		lshr_ln958 : 1
		shl_ln958 : 1
	State 8
	State 9
		m_1 : 1
		m_2 : 2
		m_5 : 3
		tmp_130 : 3
	State 10
	State 11
		add_ln964 : 1
		tmp_107_i : 2
		p_Result_35 : 3
		trunc_ln738 : 4
		bitcast_ln739 : 5
		select_ln935 : 6
		write_ln23 : 7
	State 12


============================================================
+ Verbose Summary: Datapath Resource usage 
============================================================

* Functional unit list:
|----------|-------------------------------|---------|---------|
| Operation|        Functional Unit        |    FF   |   LUT   |
|----------|-------------------------------|---------|---------|
|   lshr   |       lshr_ln947_fu_344       |    0    |    12   |
|          |           grp_fu_437          |   140   |   126   |
|----------|-------------------------------|---------|---------|
|    shl   |           grp_fu_445          |   140   |   126   |
|----------|-------------------------------|---------|---------|
|          |            j_fu_211           |    0    |    13   |
|          |        lsb_index_fu_326       |    0    |    39   |
|    add   |        add_ln958_fu_361       |    0    |    39   |
|          |        add_ln949_fu_394       |    0    |    23   |
|          |           m_2_fu_463          |    0    |    71   |
|          |        add_ln964_fu_502       |    0    |    8    |
|----------|-------------------------------|---------|---------|
|          |          tmp_V_fu_262         |    0    |    23   |
|          |        sub_ln944_fu_307       |    0    |    39   |
|    sub   |        sub_ln947_fu_320       |    0    |    15   |
|          |        sub_ln958_fu_366       |    0    |    39   |
|          |        sub_ln964_fu_497       |    0    |    8    |
|----------|-------------------------------|---------|---------|
|          |         tmp_V_4_fu_272        |    0    |    16   |
|  select  |           m_1_fu_454          |    0    |    64   |
|          |      select_ln964_fu_487      |    0    |    8    |
|          |      select_ln935_fu_534      |    0    |    32   |
|----------|-------------------------------|---------|---------|
|          |        icmp_ln31_fu_205       |    0    |    9    |
|          |        icmp_ln32_fu_217       |    0    |    9    |
|   icmp   |       icmp_ln935_fu_267       |    0    |    13   |
|          |      icmp_ln947_1_fu_355      |    0    |    13   |
|          |       icmp_ln947_fu_371       |    0    |    18   |
|          |       icmp_ln958_fu_432       |    0    |    18   |
|----------|-------------------------------|---------|---------|
|   cttz   |            l_fu_295           |    40   |    36   |
|----------|-------------------------------|---------|---------|
|    mux   |         tmp_V_3_fu_228        |    0    |    55   |
|----------|-------------------------------|---------|---------|
|          |          last_fu_223          |    0    |    2    |
|    and   |       p_Result_30_fu_350      |    0    |    16   |
|          |            a_fu_376           |    0    |    2    |
|          |        and_ln949_fu_406       |    0    |    2    |
|----------|-------------------------------|---------|---------|
|    xor   |        xor_ln949_fu_388       |    0    |    2    |
|----------|-------------------------------|---------|---------|
|    or    |        or_ln949_fu_412        |    0    |    2    |
|----------|-------------------------------|---------|---------|
|          |      p_read_1_read_fu_118     |    0    |    0    |
|          | tmp_data_V_0_read_read_fu_124 |    0    |    0    |
|          | tmp_data_V_1_read_read_fu_130 |    0    |    0    |
|          | tmp_data_V_2_read_read_fu_136 |    0    |    0    |
|          | tmp_data_V_3_read_read_fu_142 |    0    |    0    |
|   read   | tmp_data_V_4_read_read_fu_148 |    0    |    0    |
|          | tmp_data_V_5_read_read_fu_154 |    0    |    0    |
|          | tmp_data_V_6_read_read_fu_160 |    0    |    0    |
|          | tmp_data_V_7_read_read_fu_166 |    0    |    0    |
|          | tmp_data_V_8_read_read_fu_172 |    0    |    0    |
|          | tmp_data_V_9_read_read_fu_178 |    0    |    0    |
|----------|-------------------------------|---------|---------|
|   write  |        grp_write_fu_184       |    0    |    0    |
|----------|-------------------------------|---------|---------|
|          |       p_Result_33_fu_254      |    0    |    0    |
| bitselect|         tmp_129_fu_381        |    0    |    0    |
|          |       p_Result_31_fu_399      |    0    |    0    |
|          |         tmp_130_fu_479        |    0    |    0    |
|----------|-------------------------------|---------|---------|
|          |       p_Result_s_fu_277       |    0    |    0    |
|partselect|           tmp_fu_331          |    0    |    0    |
|          |           m_5_fu_469          |    0    |    0    |
|----------|-------------------------------|---------|---------|
|          |       p_Result_34_fu_287      |    0    |    0    |
|bitconcatenate|         or_ln_i_fu_418        |    0    |    0    |
|          |        tmp_107_i_fu_507       |    0    |    0    |
|----------|-------------------------------|---------|---------|
|          |       trunc_ln943_fu_303      |    0    |    0    |
|   trunc  |       trunc_ln944_fu_312      |    0    |    0    |
|          |       trunc_ln947_fu_316      |    0    |    0    |
|          |       trunc_ln738_fu_526      |    0    |    0    |
|----------|-------------------------------|---------|---------|
|          |       zext_ln947_fu_341       |    0    |    0    |
|          |            m_fu_426           |    0    |    0    |
|          |      zext_ln957_1_fu_429      |    0    |    0    |
|   zext   |      zext_ln958_1_fu_442      |    0    |    0    |
|          |       zext_ln958_fu_451       |    0    |    0    |
|          |       zext_ln961_fu_460       |    0    |    0    |
|          |           m_6_fu_494          |    0    |    0    |
|----------|-------------------------------|---------|---------|
|  partset |       p_Result_35_fu_514      |    0    |    0    |
|----------|-------------------------------|---------|---------|
|   Total  |                               |   320   |   898   |
|----------|-------------------------------|---------|---------|

Memories:
N/A

* Register list:
+--------------------+--------+
|                    |   FF   |
+--------------------+--------+
|  add_ln958_reg_634 |   32   |
| icmp_ln935_reg_578 |    1   |
|icmp_ln947_1_reg_629|    1   |
| icmp_ln958_reg_659 |    1   |
|   j3_0_i_reg_194   |    4   |
|      j_reg_550     |    4   |
|      l_reg_591     |   32   |
|    last_reg_555    |    1   |
|  lsb_index_reg_618 |   32   |
| lshr_ln958_reg_669 |   32   |
|     m_5_reg_679    |   63   |
|      m_reg_649     |   64   |
|   or_ln_i_reg_644  |   32   |
| p_Result_33_reg_567|    1   |
|  p_read_1_reg_542  |    1   |
|select_ln935_reg_694|   32   |
|select_ln964_reg_689|    8   |
|  shl_ln958_reg_674 |   64   |
|  sub_ln944_reg_601 |   32   |
|  sub_ln947_reg_613 |    5   |
|  sub_ln958_reg_639 |   32   |
|   tmp_130_reg_684  |    1   |
|   tmp_V_3_reg_560  |   16   |
|   tmp_V_4_reg_583  |   16   |
|    tmp_V_reg_573   |   16   |
|     tmp_reg_624    |   31   |
| trunc_ln943_reg_596|    8   |
| trunc_ln944_reg_608|   16   |
|zext_ln957_1_reg_654|   32   |
|zext_ln958_1_reg_664|   64   |
+--------------------+--------+
|        Total       |   674  |
+--------------------+--------+

* Multiplexer (MUX) list: 
|------------------|------|------|------|--------||---------||---------|
|       Comp       |  Pin | Size |  BW  | S x BW ||  Delay  ||   LUT   |
|------------------|------|------|------|--------||---------||---------|
| grp_write_fu_184 |  p4  |   2  |  32  |   64   ||    9    |
|    grp_fu_437    |  p0  |   2  |  16  |   32   ||    9    |
|    grp_fu_445    |  p0  |   2  |  16  |   32   ||    9    |
|    grp_fu_445    |  p1  |   2  |  32  |   64   ||    9    |
|------------------|------|------|------|--------||---------||---------|
|       Total      |      |      |      |   192  ||  7.076  ||    36   |
|------------------|------|------|------|--------||---------||---------|



* Summary:
+-----------+--------+--------+--------+
|           |  Delay |   FF   |   LUT  |
+-----------+--------+--------+--------+
|  Function |    -   |   320  |   898  |
|   Memory  |    -   |    -   |    -   |
|Multiplexer|    7   |    -   |   36   |
|  Register |    -   |   674  |    -   |
+-----------+--------+--------+--------+
|   Total   |    7   |   994  |   934  |
+-----------+--------+--------+--------+
