

================================================================
== Vivado HLS Report for 'relu_array_ap_fixed_16u_array_ap_ufixed_4_0_4_0_0_16u_relu_config4_s'
================================================================
* Date:           Tue Jul  4 23:38:06 2023

* Version:        2019.2 (Build 2704478 on Wed Nov 06 22:10:23 MST 2019)
* Project:        myproject_prj
* Solution:       solution1
* Product family: zynq
* Target device:  xc7z020-clg400-1


================================================================
== Performance Estimates
================================================================
+ Timing: 
    * Summary: 
    +--------+---------+----------+------------+
    |  Clock |  Target | Estimated| Uncertainty|
    +--------+---------+----------+------------+
    |ap_clk  | 5.00 ns | 3.614 ns |   0.62 ns  |
    +--------+---------+----------+------------+

+ Latency: 
    * Summary: 
    +---------+---------+----------+----------+-----+-----+---------+
    |  Latency (cycles) |  Latency (absolute) |  Interval | Pipeline|
    |   min   |   max   |    min   |    max   | min | max |   Type  |
    +---------+---------+----------+----------+-----+-----+---------+
    |      580|      580| 2.900 us | 2.900 us |  580|  580|   none  |
    +---------+---------+----------+----------+-----+-----+---------+

    + Detail: 
        * Instance: 
        N/A

        * Loop: 
        +---------------+---------+---------+----------+-----------+-----------+------+----------+
        |               |  Latency (cycles) | Iteration|  Initiation Interval  | Trip |          |
        |   Loop Name   |   min   |   max   |  Latency |  achieved |   target  | Count| Pipelined|
        +---------------+---------+---------+----------+-----------+-----------+------+----------+
        |- ReLUActLoop  |      578|      578|         4|          1|          1|   576|    yes   |
        +---------------+---------+---------+----------+-----------+-----------+------+----------+



================================================================
== Utilization Estimates
================================================================
* Summary: 
+-----------------+---------+-------+--------+-------+-----+
|       Name      | BRAM_18K| DSP48E|   FF   |  LUT  | URAM|
+-----------------+---------+-------+--------+-------+-----+
|DSP              |        -|      -|       -|      -|    -|
|Expression       |        -|      -|       0|   1275|    -|
|FIFO             |        -|      -|       -|      -|    -|
|Instance         |        -|      -|       -|      -|    -|
|Memory           |        -|      -|       -|      -|    -|
|Multiplexer      |        -|      -|       -|    354|    -|
|Register         |        0|      -|     452|     32|    -|
+-----------------+---------+-------+--------+-------+-----+
|Total            |        0|      0|     452|   1661|    0|
+-----------------+---------+-------+--------+-------+-----+
|Available        |      280|    220|  106400|  53200|    0|
+-----------------+---------+-------+--------+-------+-----+
|Utilization (%)  |        0|      0|   ~0   |      3|    0|
+-----------------+---------+-------+--------+-------+-----+

+ Detail: 
    * Instance: 
    N/A

    * DSP48E: 
    N/A

    * Memory: 
    N/A

    * FIFO: 
    N/A

    * Expression: 
    +----------------------------------+----------+-------+---+----+------------+------------+
    |           Variable Name          | Operation| DSP48E| FF| LUT| Bitwidth P0| Bitwidth P1|
    +----------------------------------+----------+-------+---+----+------------+------------+
    |add_ln415_10_fu_1563_p2           |     +    |      0|  0|  13|           4|           4|
    |add_ln415_11_fu_1661_p2           |     +    |      0|  0|  13|           4|           4|
    |add_ln415_12_fu_1759_p2           |     +    |      0|  0|  13|           4|           4|
    |add_ln415_13_fu_1857_p2           |     +    |      0|  0|  13|           4|           4|
    |add_ln415_14_fu_1955_p2           |     +    |      0|  0|  13|           4|           4|
    |add_ln415_15_fu_2053_p2           |     +    |      0|  0|  13|           4|           4|
    |add_ln415_16_fu_2151_p2           |     +    |      0|  0|  13|           4|           4|
    |add_ln415_17_fu_2249_p2           |     +    |      0|  0|  13|           4|           4|
    |add_ln415_18_fu_2347_p2           |     +    |      0|  0|  13|           4|           4|
    |add_ln415_4_fu_975_p2             |     +    |      0|  0|  13|           4|           4|
    |add_ln415_5_fu_1073_p2            |     +    |      0|  0|  13|           4|           4|
    |add_ln415_6_fu_1171_p2            |     +    |      0|  0|  13|           4|           4|
    |add_ln415_7_fu_1269_p2            |     +    |      0|  0|  13|           4|           4|
    |add_ln415_8_fu_1367_p2            |     +    |      0|  0|  13|           4|           4|
    |add_ln415_9_fu_1465_p2            |     +    |      0|  0|  13|           4|           4|
    |add_ln415_fu_877_p2               |     +    |      0|  0|  13|           4|           4|
    |i_fu_245_p2                       |     +    |      0|  0|  14|          10|           1|
    |and_ln415_10_fu_1847_p2           |    and   |      0|  0|   2|           1|           1|
    |and_ln415_11_fu_1945_p2           |    and   |      0|  0|   2|           1|           1|
    |and_ln415_12_fu_2043_p2           |    and   |      0|  0|   2|           1|           1|
    |and_ln415_13_fu_2141_p2           |    and   |      0|  0|   2|           1|           1|
    |and_ln415_14_fu_2239_p2           |    and   |      0|  0|   2|           1|           1|
    |and_ln415_15_fu_2337_p2           |    and   |      0|  0|   2|           1|           1|
    |and_ln415_1_fu_965_p2             |    and   |      0|  0|   2|           1|           1|
    |and_ln415_2_fu_1063_p2            |    and   |      0|  0|   2|           1|           1|
    |and_ln415_3_fu_1161_p2            |    and   |      0|  0|   2|           1|           1|
    |and_ln415_4_fu_1259_p2            |    and   |      0|  0|   2|           1|           1|
    |and_ln415_5_fu_1357_p2            |    and   |      0|  0|   2|           1|           1|
    |and_ln415_6_fu_1455_p2            |    and   |      0|  0|   2|           1|           1|
    |and_ln415_7_fu_1553_p2            |    and   |      0|  0|   2|           1|           1|
    |and_ln415_8_fu_1651_p2            |    and   |      0|  0|   2|           1|           1|
    |and_ln415_9_fu_1749_p2            |    and   |      0|  0|   2|           1|           1|
    |and_ln415_fu_867_p2               |    and   |      0|  0|   2|           1|           1|
    |and_ln416_10_fu_1583_p2           |    and   |      0|  0|   2|           1|           1|
    |and_ln416_11_fu_1681_p2           |    and   |      0|  0|   2|           1|           1|
    |and_ln416_12_fu_1779_p2           |    and   |      0|  0|   2|           1|           1|
    |and_ln416_13_fu_1877_p2           |    and   |      0|  0|   2|           1|           1|
    |and_ln416_14_fu_1975_p2           |    and   |      0|  0|   2|           1|           1|
    |and_ln416_15_fu_2073_p2           |    and   |      0|  0|   2|           1|           1|
    |and_ln416_16_fu_2171_p2           |    and   |      0|  0|   2|           1|           1|
    |and_ln416_17_fu_2269_p2           |    and   |      0|  0|   2|           1|           1|
    |and_ln416_18_fu_2367_p2           |    and   |      0|  0|   2|           1|           1|
    |and_ln416_4_fu_995_p2             |    and   |      0|  0|   2|           1|           1|
    |and_ln416_5_fu_1093_p2            |    and   |      0|  0|   2|           1|           1|
    |and_ln416_6_fu_1191_p2            |    and   |      0|  0|   2|           1|           1|
    |and_ln416_7_fu_1289_p2            |    and   |      0|  0|   2|           1|           1|
    |and_ln416_8_fu_1387_p2            |    and   |      0|  0|   2|           1|           1|
    |and_ln416_9_fu_1485_p2            |    and   |      0|  0|   2|           1|           1|
    |and_ln416_fu_897_p2               |    and   |      0|  0|   2|           1|           1|
    |ap_block_state3_pp0_stage0_iter1  |    and   |      0|  0|   2|           1|           1|
    |ap_block_state5_pp0_stage0_iter3  |    and   |      0|  0|   2|           1|           1|
    |io_acc_block_signal_op385         |    and   |      0|  0|   2|           1|           1|
    |io_acc_block_signal_op45          |    and   |      0|  0|   2|           1|           1|
    |icmp_ln1494_10_fu_1807_p2         |   icmp   |      0|  0|  13|          16|           1|
    |icmp_ln1494_11_fu_1905_p2         |   icmp   |      0|  0|  13|          16|           1|
    |icmp_ln1494_12_fu_2003_p2         |   icmp   |      0|  0|  13|          16|           1|
    |icmp_ln1494_13_fu_2101_p2         |   icmp   |      0|  0|  13|          16|           1|
    |icmp_ln1494_14_fu_2199_p2         |   icmp   |      0|  0|  13|          16|           1|
    |icmp_ln1494_15_fu_2297_p2         |   icmp   |      0|  0|  13|          16|           1|
    |icmp_ln1494_1_fu_925_p2           |   icmp   |      0|  0|  13|          16|           1|
    |icmp_ln1494_2_fu_1023_p2          |   icmp   |      0|  0|  13|          16|           1|
    |icmp_ln1494_3_fu_1121_p2          |   icmp   |      0|  0|  13|          16|           1|
    |icmp_ln1494_4_fu_1219_p2          |   icmp   |      0|  0|  13|          16|           1|
    |icmp_ln1494_5_fu_1317_p2          |   icmp   |      0|  0|  13|          16|           1|
    |icmp_ln1494_6_fu_1415_p2          |   icmp   |      0|  0|  13|          16|           1|
    |icmp_ln1494_7_fu_1513_p2          |   icmp   |      0|  0|  13|          16|           1|
    |icmp_ln1494_8_fu_1611_p2          |   icmp   |      0|  0|  13|          16|           1|
    |icmp_ln1494_9_fu_1709_p2          |   icmp   |      0|  0|  13|          16|           1|
    |icmp_ln1494_fu_827_p2             |   icmp   |      0|  0|  13|          16|           1|
    |icmp_ln41_fu_239_p2               |   icmp   |      0|  0|  13|          10|          10|
    |icmp_ln718_10_fu_543_p2           |   icmp   |      0|  0|  11|           5|           1|
    |icmp_ln718_11_fu_575_p2           |   icmp   |      0|  0|  11|           5|           1|
    |icmp_ln718_12_fu_607_p2           |   icmp   |      0|  0|  11|           5|           1|
    |icmp_ln718_13_fu_639_p2           |   icmp   |      0|  0|  11|           5|           1|
    |icmp_ln718_14_fu_671_p2           |   icmp   |      0|  0|  11|           5|           1|
    |icmp_ln718_15_fu_703_p2           |   icmp   |      0|  0|  11|           5|           1|
    |icmp_ln718_16_fu_735_p2           |   icmp   |      0|  0|  11|           5|           1|
    |icmp_ln718_17_fu_767_p2           |   icmp   |      0|  0|  11|           5|           1|
    |icmp_ln718_18_fu_799_p2           |   icmp   |      0|  0|  11|           5|           1|
    |icmp_ln718_4_fu_351_p2            |   icmp   |      0|  0|  11|           5|           1|
    |icmp_ln718_5_fu_383_p2            |   icmp   |      0|  0|  11|           5|           1|
    |icmp_ln718_6_fu_415_p2            |   icmp   |      0|  0|  11|           5|           1|
    |icmp_ln718_7_fu_447_p2            |   icmp   |      0|  0|  11|           5|           1|
    |icmp_ln718_8_fu_479_p2            |   icmp   |      0|  0|  11|           5|           1|
    |icmp_ln718_9_fu_511_p2            |   icmp   |      0|  0|  11|           5|           1|
    |icmp_ln718_fu_319_p2              |   icmp   |      0|  0|  11|           5|           1|
    |icmp_ln768_10_fu_565_p2           |   icmp   |      0|  0|  11|           6|           1|
    |icmp_ln768_11_fu_597_p2           |   icmp   |      0|  0|  11|           6|           1|
    |icmp_ln768_12_fu_629_p2           |   icmp   |      0|  0|  11|           6|           1|
    |icmp_ln768_13_fu_661_p2           |   icmp   |      0|  0|  11|           6|           1|
    |icmp_ln768_14_fu_693_p2           |   icmp   |      0|  0|  11|           6|           1|
    |icmp_ln768_15_fu_725_p2           |   icmp   |      0|  0|  11|           6|           1|
    |icmp_ln768_16_fu_757_p2           |   icmp   |      0|  0|  11|           6|           1|
    |icmp_ln768_17_fu_789_p2           |   icmp   |      0|  0|  11|           6|           1|
    |icmp_ln768_18_fu_821_p2           |   icmp   |      0|  0|  11|           6|           1|
    |icmp_ln768_4_fu_373_p2            |   icmp   |      0|  0|  11|           6|           1|
    |icmp_ln768_5_fu_405_p2            |   icmp   |      0|  0|  11|           6|           1|
    |icmp_ln768_6_fu_437_p2            |   icmp   |      0|  0|  11|           6|           1|
    |icmp_ln768_7_fu_469_p2            |   icmp   |      0|  0|  11|           6|           1|
    |icmp_ln768_8_fu_501_p2            |   icmp   |      0|  0|  11|           6|           1|
    |icmp_ln768_9_fu_533_p2            |   icmp   |      0|  0|  11|           6|           1|
    |icmp_ln768_fu_341_p2              |   icmp   |      0|  0|  11|           6|           1|
    |icmp_ln879_10_fu_559_p2           |   icmp   |      0|  0|  11|           6|           2|
    |icmp_ln879_11_fu_591_p2           |   icmp   |      0|  0|  11|           6|           2|
    |icmp_ln879_12_fu_623_p2           |   icmp   |      0|  0|  11|           6|           2|
    |icmp_ln879_13_fu_655_p2           |   icmp   |      0|  0|  11|           6|           2|
    |icmp_ln879_14_fu_687_p2           |   icmp   |      0|  0|  11|           6|           2|
    |icmp_ln879_15_fu_719_p2           |   icmp   |      0|  0|  11|           6|           2|
    |icmp_ln879_16_fu_751_p2           |   icmp   |      0|  0|  11|           6|           2|
    |icmp_ln879_17_fu_783_p2           |   icmp   |      0|  0|  11|           6|           2|
    |icmp_ln879_18_fu_815_p2           |   icmp   |      0|  0|  11|           6|           2|
    |icmp_ln879_4_fu_367_p2            |   icmp   |      0|  0|  11|           6|           2|
    |icmp_ln879_5_fu_399_p2            |   icmp   |      0|  0|  11|           6|           2|
    |icmp_ln879_6_fu_431_p2            |   icmp   |      0|  0|  11|           6|           2|
    |icmp_ln879_7_fu_463_p2            |   icmp   |      0|  0|  11|           6|           2|
    |icmp_ln879_8_fu_495_p2            |   icmp   |      0|  0|  11|           6|           2|
    |icmp_ln879_9_fu_527_p2            |   icmp   |      0|  0|  11|           6|           2|
    |icmp_ln879_fu_335_p2              |   icmp   |      0|  0|  11|           6|           2|
    |ap_block_pp0_stage0_01001         |    or    |      0|  0|   2|           1|           1|
    |ap_block_state1                   |    or    |      0|  0|   2|           1|           1|
    |or_ln412_10_fu_1541_p2            |    or    |      0|  0|   2|           1|           1|
    |or_ln412_11_fu_1639_p2            |    or    |      0|  0|   2|           1|           1|
    |or_ln412_12_fu_1737_p2            |    or    |      0|  0|   2|           1|           1|
    |or_ln412_13_fu_1835_p2            |    or    |      0|  0|   2|           1|           1|
    |or_ln412_14_fu_1933_p2            |    or    |      0|  0|   2|           1|           1|
    |or_ln412_15_fu_2031_p2            |    or    |      0|  0|   2|           1|           1|
    |or_ln412_16_fu_2129_p2            |    or    |      0|  0|   2|           1|           1|
    |or_ln412_17_fu_2227_p2            |    or    |      0|  0|   2|           1|           1|
    |or_ln412_18_fu_2325_p2            |    or    |      0|  0|   2|           1|           1|
    |or_ln412_4_fu_953_p2              |    or    |      0|  0|   2|           1|           1|
    |or_ln412_5_fu_1051_p2             |    or    |      0|  0|   2|           1|           1|
    |or_ln412_6_fu_1149_p2             |    or    |      0|  0|   2|           1|           1|
    |or_ln412_7_fu_1247_p2             |    or    |      0|  0|   2|           1|           1|
    |or_ln412_8_fu_1345_p2             |    or    |      0|  0|   2|           1|           1|
    |or_ln412_9_fu_1443_p2             |    or    |      0|  0|   2|           1|           1|
    |or_ln412_fu_855_p2                |    or    |      0|  0|   2|           1|           1|
    |select_ln340_10_fu_1889_p3        |  select  |      0|  0|   4|           1|           4|
    |select_ln340_11_fu_1987_p3        |  select  |      0|  0|   4|           1|           4|
    |select_ln340_12_fu_2085_p3        |  select  |      0|  0|   4|           1|           4|
    |select_ln340_13_fu_2183_p3        |  select  |      0|  0|   4|           1|           4|
    |select_ln340_14_fu_2281_p3        |  select  |      0|  0|   4|           1|           4|
    |select_ln340_15_fu_2379_p3        |  select  |      0|  0|   4|           1|           4|
    |select_ln340_1_fu_1007_p3         |  select  |      0|  0|   4|           1|           4|
    |select_ln340_2_fu_1105_p3         |  select  |      0|  0|   4|           1|           4|
    |select_ln340_3_fu_1203_p3         |  select  |      0|  0|   4|           1|           4|
    |select_ln340_4_fu_1301_p3         |  select  |      0|  0|   4|           1|           4|
    |select_ln340_5_fu_1399_p3         |  select  |      0|  0|   4|           1|           4|
    |select_ln340_6_fu_1497_p3         |  select  |      0|  0|   4|           1|           4|
    |select_ln340_7_fu_1595_p3         |  select  |      0|  0|   4|           1|           4|
    |select_ln340_8_fu_1693_p3         |  select  |      0|  0|   4|           1|           4|
    |select_ln340_9_fu_1791_p3         |  select  |      0|  0|   4|           1|           4|
    |select_ln340_fu_909_p3            |  select  |      0|  0|   4|           1|           4|
    |select_ln777_10_fu_1589_p3        |  select  |      0|  0|   2|           1|           1|
    |select_ln777_11_fu_1687_p3        |  select  |      0|  0|   2|           1|           1|
    |select_ln777_12_fu_1785_p3        |  select  |      0|  0|   2|           1|           1|
    |select_ln777_13_fu_1883_p3        |  select  |      0|  0|   2|           1|           1|
    |select_ln777_14_fu_1981_p3        |  select  |      0|  0|   2|           1|           1|
    |select_ln777_15_fu_2079_p3        |  select  |      0|  0|   2|           1|           1|
    |select_ln777_16_fu_2177_p3        |  select  |      0|  0|   2|           1|           1|
    |select_ln777_17_fu_2275_p3        |  select  |      0|  0|   2|           1|           1|
    |select_ln777_18_fu_2373_p3        |  select  |      0|  0|   2|           1|           1|
    |select_ln777_4_fu_1001_p3         |  select  |      0|  0|   2|           1|           1|
    |select_ln777_5_fu_1099_p3         |  select  |      0|  0|   2|           1|           1|
    |select_ln777_6_fu_1197_p3         |  select  |      0|  0|   2|           1|           1|
    |select_ln777_7_fu_1295_p3         |  select  |      0|  0|   2|           1|           1|
    |select_ln777_8_fu_1393_p3         |  select  |      0|  0|   2|           1|           1|
    |select_ln777_9_fu_1491_p3         |  select  |      0|  0|   2|           1|           1|
    |select_ln777_fu_903_p3            |  select  |      0|  0|   2|           1|           1|
    |tmp_data_0_V_fu_917_p3            |  select  |      0|  0|   4|           1|           4|
    |tmp_data_10_V_fu_1897_p3          |  select  |      0|  0|   4|           1|           4|
    |tmp_data_11_V_fu_1995_p3          |  select  |      0|  0|   4|           1|           4|
    |tmp_data_12_V_fu_2093_p3          |  select  |      0|  0|   4|           1|           4|
    |tmp_data_13_V_fu_2191_p3          |  select  |      0|  0|   4|           1|           4|
    |tmp_data_14_V_fu_2289_p3          |  select  |      0|  0|   4|           1|           4|
    |tmp_data_15_V_fu_2387_p3          |  select  |      0|  0|   4|           1|           4|
    |tmp_data_1_V_fu_1015_p3           |  select  |      0|  0|   4|           1|           4|
    |tmp_data_2_V_fu_1113_p3           |  select  |      0|  0|   4|           1|           4|
    |tmp_data_3_V_fu_1211_p3           |  select  |      0|  0|   4|           1|           4|
    |tmp_data_4_V_fu_1309_p3           |  select  |      0|  0|   4|           1|           4|
    |tmp_data_5_V_fu_1407_p3           |  select  |      0|  0|   4|           1|           4|
    |tmp_data_6_V_fu_1505_p3           |  select  |      0|  0|   4|           1|           4|
    |tmp_data_7_V_fu_1603_p3           |  select  |      0|  0|   4|           1|           4|
    |tmp_data_8_V_fu_1701_p3           |  select  |      0|  0|   4|           1|           4|
    |tmp_data_9_V_fu_1799_p3           |  select  |      0|  0|   4|           1|           4|
    |ap_enable_pp0                     |    xor   |      0|  0|   2|           1|           2|
    |ap_enable_reg_pp0_iter1           |    xor   |      0|  0|   2|           2|           1|
    |xor_ln416_10_fu_1577_p2           |    xor   |      0|  0|   2|           1|           2|
    |xor_ln416_11_fu_1675_p2           |    xor   |      0|  0|   2|           1|           2|
    |xor_ln416_12_fu_1773_p2           |    xor   |      0|  0|   2|           1|           2|
    |xor_ln416_13_fu_1871_p2           |    xor   |      0|  0|   2|           1|           2|
    |xor_ln416_14_fu_1969_p2           |    xor   |      0|  0|   2|           1|           2|
    |xor_ln416_15_fu_2067_p2           |    xor   |      0|  0|   2|           1|           2|
    |xor_ln416_16_fu_2165_p2           |    xor   |      0|  0|   2|           1|           2|
    |xor_ln416_17_fu_2263_p2           |    xor   |      0|  0|   2|           1|           2|
    |xor_ln416_18_fu_2361_p2           |    xor   |      0|  0|   2|           1|           2|
    |xor_ln416_4_fu_989_p2             |    xor   |      0|  0|   2|           1|           2|
    |xor_ln416_5_fu_1087_p2            |    xor   |      0|  0|   2|           1|           2|
    |xor_ln416_6_fu_1185_p2            |    xor   |      0|  0|   2|           1|           2|
    |xor_ln416_7_fu_1283_p2            |    xor   |      0|  0|   2|           1|           2|
    |xor_ln416_8_fu_1381_p2            |    xor   |      0|  0|   2|           1|           2|
    |xor_ln416_9_fu_1479_p2            |    xor   |      0|  0|   2|           1|           2|
    |xor_ln416_fu_891_p2               |    xor   |      0|  0|   2|           1|           2|
    +----------------------------------+----------+-------+---+----+------------+------------+
    |Total                             |          |      0|  0|1275|         733|         388|
    +----------------------------------+----------+-------+---+----+------------+------------+

    * Multiplexer: 
    +-------------------------+----+-----------+-----+-----------+
    |           Name          | LUT| Input Size| Bits| Total Bits|
    +-------------------------+----+-----------+-----+-----------+
    |ap_NS_fsm                |  21|          4|    1|          4|
    |ap_done                  |   9|          2|    1|          2|
    |ap_enable_reg_pp0_iter1  |   9|          2|    1|          2|
    |ap_enable_reg_pp0_iter3  |   9|          2|    1|          2|
    |data_V_data_0_V_blk_n    |   9|          2|    1|          2|
    |data_V_data_10_V_blk_n   |   9|          2|    1|          2|
    |data_V_data_11_V_blk_n   |   9|          2|    1|          2|
    |data_V_data_12_V_blk_n   |   9|          2|    1|          2|
    |data_V_data_13_V_blk_n   |   9|          2|    1|          2|
    |data_V_data_14_V_blk_n   |   9|          2|    1|          2|
    |data_V_data_15_V_blk_n   |   9|          2|    1|          2|
    |data_V_data_1_V_blk_n    |   9|          2|    1|          2|
    |data_V_data_2_V_blk_n    |   9|          2|    1|          2|
    |data_V_data_3_V_blk_n    |   9|          2|    1|          2|
    |data_V_data_4_V_blk_n    |   9|          2|    1|          2|
    |data_V_data_5_V_blk_n    |   9|          2|    1|          2|
    |data_V_data_6_V_blk_n    |   9|          2|    1|          2|
    |data_V_data_7_V_blk_n    |   9|          2|    1|          2|
    |data_V_data_8_V_blk_n    |   9|          2|    1|          2|
    |data_V_data_9_V_blk_n    |   9|          2|    1|          2|
    |i_0_reg_228              |   9|          2|   10|         20|
    |real_start               |   9|          2|    1|          2|
    |res_V_data_0_V_blk_n     |   9|          2|    1|          2|
    |res_V_data_10_V_blk_n    |   9|          2|    1|          2|
    |res_V_data_11_V_blk_n    |   9|          2|    1|          2|
    |res_V_data_12_V_blk_n    |   9|          2|    1|          2|
    |res_V_data_13_V_blk_n    |   9|          2|    1|          2|
    |res_V_data_14_V_blk_n    |   9|          2|    1|          2|
    |res_V_data_15_V_blk_n    |   9|          2|    1|          2|
    |res_V_data_1_V_blk_n     |   9|          2|    1|          2|
    |res_V_data_2_V_blk_n     |   9|          2|    1|          2|
    |res_V_data_3_V_blk_n     |   9|          2|    1|          2|
    |res_V_data_4_V_blk_n     |   9|          2|    1|          2|
    |res_V_data_5_V_blk_n     |   9|          2|    1|          2|
    |res_V_data_6_V_blk_n     |   9|          2|    1|          2|
    |res_V_data_7_V_blk_n     |   9|          2|    1|          2|
    |res_V_data_8_V_blk_n     |   9|          2|    1|          2|
    |res_V_data_9_V_blk_n     |   9|          2|    1|          2|
    +-------------------------+----+-----------+-----+-----------+
    |Total                    | 354|         78|   47|         96|
    +-------------------------+----+-----------+-----+-----------+

    * Register: 
    +-------------------------+----+----+-----+-----------+
    |           Name          | FF | LUT| Bits| Const Bits|
    +-------------------------+----+----+-----+-----------+
    |ap_CS_fsm                |   3|   0|    3|          0|
    |ap_done_reg              |   1|   0|    1|          0|
    |ap_enable_reg_pp0_iter0  |   1|   0|    1|          0|
    |ap_enable_reg_pp0_iter1  |   1|   0|    1|          0|
    |ap_enable_reg_pp0_iter2  |   1|   0|    1|          0|
    |ap_enable_reg_pp0_iter3  |   1|   0|    1|          0|
    |i_0_reg_228              |  10|   0|   10|          0|
    |icmp_ln41_reg_2395       |   1|   0|    1|          0|
    |icmp_ln718_10_reg_2653   |   1|   0|    1|          0|
    |icmp_ln718_11_reg_2668   |   1|   0|    1|          0|
    |icmp_ln718_12_reg_2683   |   1|   0|    1|          0|
    |icmp_ln718_13_reg_2698   |   1|   0|    1|          0|
    |icmp_ln718_14_reg_2713   |   1|   0|    1|          0|
    |icmp_ln718_15_reg_2728   |   1|   0|    1|          0|
    |icmp_ln718_16_reg_2743   |   1|   0|    1|          0|
    |icmp_ln718_17_reg_2758   |   1|   0|    1|          0|
    |icmp_ln718_18_reg_2773   |   1|   0|    1|          0|
    |icmp_ln718_4_reg_2563    |   1|   0|    1|          0|
    |icmp_ln718_5_reg_2578    |   1|   0|    1|          0|
    |icmp_ln718_6_reg_2593    |   1|   0|    1|          0|
    |icmp_ln718_7_reg_2608    |   1|   0|    1|          0|
    |icmp_ln718_8_reg_2623    |   1|   0|    1|          0|
    |icmp_ln718_9_reg_2638    |   1|   0|    1|          0|
    |icmp_ln718_reg_2548      |   1|   0|    1|          0|
    |icmp_ln768_10_reg_2663   |   1|   0|    1|          0|
    |icmp_ln768_11_reg_2678   |   1|   0|    1|          0|
    |icmp_ln768_12_reg_2693   |   1|   0|    1|          0|
    |icmp_ln768_13_reg_2708   |   1|   0|    1|          0|
    |icmp_ln768_14_reg_2723   |   1|   0|    1|          0|
    |icmp_ln768_15_reg_2738   |   1|   0|    1|          0|
    |icmp_ln768_16_reg_2753   |   1|   0|    1|          0|
    |icmp_ln768_17_reg_2768   |   1|   0|    1|          0|
    |icmp_ln768_18_reg_2783   |   1|   0|    1|          0|
    |icmp_ln768_4_reg_2573    |   1|   0|    1|          0|
    |icmp_ln768_5_reg_2588    |   1|   0|    1|          0|
    |icmp_ln768_6_reg_2603    |   1|   0|    1|          0|
    |icmp_ln768_7_reg_2618    |   1|   0|    1|          0|
    |icmp_ln768_8_reg_2633    |   1|   0|    1|          0|
    |icmp_ln768_9_reg_2648    |   1|   0|    1|          0|
    |icmp_ln768_reg_2558      |   1|   0|    1|          0|
    |icmp_ln879_10_reg_2658   |   1|   0|    1|          0|
    |icmp_ln879_11_reg_2673   |   1|   0|    1|          0|
    |icmp_ln879_12_reg_2688   |   1|   0|    1|          0|
    |icmp_ln879_13_reg_2703   |   1|   0|    1|          0|
    |icmp_ln879_14_reg_2718   |   1|   0|    1|          0|
    |icmp_ln879_15_reg_2733   |   1|   0|    1|          0|
    |icmp_ln879_16_reg_2748   |   1|   0|    1|          0|
    |icmp_ln879_17_reg_2763   |   1|   0|    1|          0|
    |icmp_ln879_18_reg_2778   |   1|   0|    1|          0|
    |icmp_ln879_4_reg_2568    |   1|   0|    1|          0|
    |icmp_ln879_5_reg_2583    |   1|   0|    1|          0|
    |icmp_ln879_6_reg_2598    |   1|   0|    1|          0|
    |icmp_ln879_7_reg_2613    |   1|   0|    1|          0|
    |icmp_ln879_8_reg_2628    |   1|   0|    1|          0|
    |icmp_ln879_9_reg_2643    |   1|   0|    1|          0|
    |icmp_ln879_reg_2553      |   1|   0|    1|          0|
    |start_once_reg           |   1|   0|    1|          0|
    |tmp_data_0_V_reg_2788    |   4|   0|    4|          0|
    |tmp_data_10_V_reg_2838   |   4|   0|    4|          0|
    |tmp_data_11_V_reg_2843   |   4|   0|    4|          0|
    |tmp_data_12_V_reg_2848   |   4|   0|    4|          0|
    |tmp_data_13_V_reg_2853   |   4|   0|    4|          0|
    |tmp_data_14_V_reg_2858   |   4|   0|    4|          0|
    |tmp_data_15_V_reg_2863   |   4|   0|    4|          0|
    |tmp_data_1_V_reg_2793    |   4|   0|    4|          0|
    |tmp_data_2_V_reg_2798    |   4|   0|    4|          0|
    |tmp_data_3_V_reg_2803    |   4|   0|    4|          0|
    |tmp_data_4_V_reg_2808    |   4|   0|    4|          0|
    |tmp_data_5_V_reg_2813    |   4|   0|    4|          0|
    |tmp_data_6_V_reg_2818    |   4|   0|    4|          0|
    |tmp_data_7_V_reg_2823    |   4|   0|    4|          0|
    |tmp_data_8_V_reg_2828    |   4|   0|    4|          0|
    |tmp_data_9_V_reg_2833    |   4|   0|    4|          0|
    |tmp_data_V_0_reg_2404    |  16|   0|   16|          0|
    |tmp_data_V_10_reg_2494   |  16|   0|   16|          0|
    |tmp_data_V_11_reg_2503   |  16|   0|   16|          0|
    |tmp_data_V_12_reg_2512   |  16|   0|   16|          0|
    |tmp_data_V_13_reg_2521   |  16|   0|   16|          0|
    |tmp_data_V_14_reg_2530   |  16|   0|   16|          0|
    |tmp_data_V_15_reg_2539   |  16|   0|   16|          0|
    |tmp_data_V_1_reg_2413    |  16|   0|   16|          0|
    |tmp_data_V_2_reg_2422    |  16|   0|   16|          0|
    |tmp_data_V_326_reg_2431  |  16|   0|   16|          0|
    |tmp_data_V_4_reg_2440    |  16|   0|   16|          0|
    |tmp_data_V_5_reg_2449    |  16|   0|   16|          0|
    |tmp_data_V_6_reg_2458    |  16|   0|   16|          0|
    |tmp_data_V_7_reg_2467    |  16|   0|   16|          0|
    |tmp_data_V_8_reg_2476    |  16|   0|   16|          0|
    |tmp_data_V_9_reg_2485    |  16|   0|   16|          0|
    |icmp_ln41_reg_2395       |  64|  32|    1|          0|
    +-------------------------+----+----+-----+-----------+
    |Total                    | 452|  32|  389|          0|
    +-------------------------+----+----+-----+-----------+



================================================================
== Interface
================================================================
* Summary: 
+--------------------------+-----+-----+------------+------------------------------------------------------------------------+--------------+
|         RTL Ports        | Dir | Bits|  Protocol  |                              Source Object                             |    C Type    |
+--------------------------+-----+-----+------------+------------------------------------------------------------------------+--------------+
|ap_clk                    |  in |    1| ap_ctrl_hs | relu<array<ap_fixed,16u>,array<ap_ufixed<4,0,4,0,0>,16u>,relu_config4> | return value |
|ap_rst                    |  in |    1| ap_ctrl_hs | relu<array<ap_fixed,16u>,array<ap_ufixed<4,0,4,0,0>,16u>,relu_config4> | return value |
|ap_start                  |  in |    1| ap_ctrl_hs | relu<array<ap_fixed,16u>,array<ap_ufixed<4,0,4,0,0>,16u>,relu_config4> | return value |
|start_full_n              |  in |    1| ap_ctrl_hs | relu<array<ap_fixed,16u>,array<ap_ufixed<4,0,4,0,0>,16u>,relu_config4> | return value |
|ap_done                   | out |    1| ap_ctrl_hs | relu<array<ap_fixed,16u>,array<ap_ufixed<4,0,4,0,0>,16u>,relu_config4> | return value |
|ap_continue               |  in |    1| ap_ctrl_hs | relu<array<ap_fixed,16u>,array<ap_ufixed<4,0,4,0,0>,16u>,relu_config4> | return value |
|ap_idle                   | out |    1| ap_ctrl_hs | relu<array<ap_fixed,16u>,array<ap_ufixed<4,0,4,0,0>,16u>,relu_config4> | return value |
|ap_ready                  | out |    1| ap_ctrl_hs | relu<array<ap_fixed,16u>,array<ap_ufixed<4,0,4,0,0>,16u>,relu_config4> | return value |
|start_out                 | out |    1| ap_ctrl_hs | relu<array<ap_fixed,16u>,array<ap_ufixed<4,0,4,0,0>,16u>,relu_config4> | return value |
|start_write               | out |    1| ap_ctrl_hs | relu<array<ap_fixed,16u>,array<ap_ufixed<4,0,4,0,0>,16u>,relu_config4> | return value |
|data_V_data_0_V_dout      |  in |   16|   ap_fifo  |                             data_V_data_0_V                            |    pointer   |
|data_V_data_0_V_empty_n   |  in |    1|   ap_fifo  |                             data_V_data_0_V                            |    pointer   |
|data_V_data_0_V_read      | out |    1|   ap_fifo  |                             data_V_data_0_V                            |    pointer   |
|data_V_data_1_V_dout      |  in |   16|   ap_fifo  |                             data_V_data_1_V                            |    pointer   |
|data_V_data_1_V_empty_n   |  in |    1|   ap_fifo  |                             data_V_data_1_V                            |    pointer   |
|data_V_data_1_V_read      | out |    1|   ap_fifo  |                             data_V_data_1_V                            |    pointer   |
|data_V_data_2_V_dout      |  in |   16|   ap_fifo  |                             data_V_data_2_V                            |    pointer   |
|data_V_data_2_V_empty_n   |  in |    1|   ap_fifo  |                             data_V_data_2_V                            |    pointer   |
|data_V_data_2_V_read      | out |    1|   ap_fifo  |                             data_V_data_2_V                            |    pointer   |
|data_V_data_3_V_dout      |  in |   16|   ap_fifo  |                             data_V_data_3_V                            |    pointer   |
|data_V_data_3_V_empty_n   |  in |    1|   ap_fifo  |                             data_V_data_3_V                            |    pointer   |
|data_V_data_3_V_read      | out |    1|   ap_fifo  |                             data_V_data_3_V                            |    pointer   |
|data_V_data_4_V_dout      |  in |   16|   ap_fifo  |                             data_V_data_4_V                            |    pointer   |
|data_V_data_4_V_empty_n   |  in |    1|   ap_fifo  |                             data_V_data_4_V                            |    pointer   |
|data_V_data_4_V_read      | out |    1|   ap_fifo  |                             data_V_data_4_V                            |    pointer   |
|data_V_data_5_V_dout      |  in |   16|   ap_fifo  |                             data_V_data_5_V                            |    pointer   |
|data_V_data_5_V_empty_n   |  in |    1|   ap_fifo  |                             data_V_data_5_V                            |    pointer   |
|data_V_data_5_V_read      | out |    1|   ap_fifo  |                             data_V_data_5_V                            |    pointer   |
|data_V_data_6_V_dout      |  in |   16|   ap_fifo  |                             data_V_data_6_V                            |    pointer   |
|data_V_data_6_V_empty_n   |  in |    1|   ap_fifo  |                             data_V_data_6_V                            |    pointer   |
|data_V_data_6_V_read      | out |    1|   ap_fifo  |                             data_V_data_6_V                            |    pointer   |
|data_V_data_7_V_dout      |  in |   16|   ap_fifo  |                             data_V_data_7_V                            |    pointer   |
|data_V_data_7_V_empty_n   |  in |    1|   ap_fifo  |                             data_V_data_7_V                            |    pointer   |
|data_V_data_7_V_read      | out |    1|   ap_fifo  |                             data_V_data_7_V                            |    pointer   |
|data_V_data_8_V_dout      |  in |   16|   ap_fifo  |                             data_V_data_8_V                            |    pointer   |
|data_V_data_8_V_empty_n   |  in |    1|   ap_fifo  |                             data_V_data_8_V                            |    pointer   |
|data_V_data_8_V_read      | out |    1|   ap_fifo  |                             data_V_data_8_V                            |    pointer   |
|data_V_data_9_V_dout      |  in |   16|   ap_fifo  |                             data_V_data_9_V                            |    pointer   |
|data_V_data_9_V_empty_n   |  in |    1|   ap_fifo  |                             data_V_data_9_V                            |    pointer   |
|data_V_data_9_V_read      | out |    1|   ap_fifo  |                             data_V_data_9_V                            |    pointer   |
|data_V_data_10_V_dout     |  in |   16|   ap_fifo  |                            data_V_data_10_V                            |    pointer   |
|data_V_data_10_V_empty_n  |  in |    1|   ap_fifo  |                            data_V_data_10_V                            |    pointer   |
|data_V_data_10_V_read     | out |    1|   ap_fifo  |                            data_V_data_10_V                            |    pointer   |
|data_V_data_11_V_dout     |  in |   16|   ap_fifo  |                            data_V_data_11_V                            |    pointer   |
|data_V_data_11_V_empty_n  |  in |    1|   ap_fifo  |                            data_V_data_11_V                            |    pointer   |
|data_V_data_11_V_read     | out |    1|   ap_fifo  |                            data_V_data_11_V                            |    pointer   |
|data_V_data_12_V_dout     |  in |   16|   ap_fifo  |                            data_V_data_12_V                            |    pointer   |
|data_V_data_12_V_empty_n  |  in |    1|   ap_fifo  |                            data_V_data_12_V                            |    pointer   |
|data_V_data_12_V_read     | out |    1|   ap_fifo  |                            data_V_data_12_V                            |    pointer   |
|data_V_data_13_V_dout     |  in |   16|   ap_fifo  |                            data_V_data_13_V                            |    pointer   |
|data_V_data_13_V_empty_n  |  in |    1|   ap_fifo  |                            data_V_data_13_V                            |    pointer   |
|data_V_data_13_V_read     | out |    1|   ap_fifo  |                            data_V_data_13_V                            |    pointer   |
|data_V_data_14_V_dout     |  in |   16|   ap_fifo  |                            data_V_data_14_V                            |    pointer   |
|data_V_data_14_V_empty_n  |  in |    1|   ap_fifo  |                            data_V_data_14_V                            |    pointer   |
|data_V_data_14_V_read     | out |    1|   ap_fifo  |                            data_V_data_14_V                            |    pointer   |
|data_V_data_15_V_dout     |  in |   16|   ap_fifo  |                            data_V_data_15_V                            |    pointer   |
|data_V_data_15_V_empty_n  |  in |    1|   ap_fifo  |                            data_V_data_15_V                            |    pointer   |
|data_V_data_15_V_read     | out |    1|   ap_fifo  |                            data_V_data_15_V                            |    pointer   |
|res_V_data_0_V_din        | out |    4|   ap_fifo  |                             res_V_data_0_V                             |    pointer   |
|res_V_data_0_V_full_n     |  in |    1|   ap_fifo  |                             res_V_data_0_V                             |    pointer   |
|res_V_data_0_V_write      | out |    1|   ap_fifo  |                             res_V_data_0_V                             |    pointer   |
|res_V_data_1_V_din        | out |    4|   ap_fifo  |                             res_V_data_1_V                             |    pointer   |
|res_V_data_1_V_full_n     |  in |    1|   ap_fifo  |                             res_V_data_1_V                             |    pointer   |
|res_V_data_1_V_write      | out |    1|   ap_fifo  |                             res_V_data_1_V                             |    pointer   |
|res_V_data_2_V_din        | out |    4|   ap_fifo  |                             res_V_data_2_V                             |    pointer   |
|res_V_data_2_V_full_n     |  in |    1|   ap_fifo  |                             res_V_data_2_V                             |    pointer   |
|res_V_data_2_V_write      | out |    1|   ap_fifo  |                             res_V_data_2_V                             |    pointer   |
|res_V_data_3_V_din        | out |    4|   ap_fifo  |                             res_V_data_3_V                             |    pointer   |
|res_V_data_3_V_full_n     |  in |    1|   ap_fifo  |                             res_V_data_3_V                             |    pointer   |
|res_V_data_3_V_write      | out |    1|   ap_fifo  |                             res_V_data_3_V                             |    pointer   |
|res_V_data_4_V_din        | out |    4|   ap_fifo  |                             res_V_data_4_V                             |    pointer   |
|res_V_data_4_V_full_n     |  in |    1|   ap_fifo  |                             res_V_data_4_V                             |    pointer   |
|res_V_data_4_V_write      | out |    1|   ap_fifo  |                             res_V_data_4_V                             |    pointer   |
|res_V_data_5_V_din        | out |    4|   ap_fifo  |                             res_V_data_5_V                             |    pointer   |
|res_V_data_5_V_full_n     |  in |    1|   ap_fifo  |                             res_V_data_5_V                             |    pointer   |
|res_V_data_5_V_write      | out |    1|   ap_fifo  |                             res_V_data_5_V                             |    pointer   |
|res_V_data_6_V_din        | out |    4|   ap_fifo  |                             res_V_data_6_V                             |    pointer   |
|res_V_data_6_V_full_n     |  in |    1|   ap_fifo  |                             res_V_data_6_V                             |    pointer   |
|res_V_data_6_V_write      | out |    1|   ap_fifo  |                             res_V_data_6_V                             |    pointer   |
|res_V_data_7_V_din        | out |    4|   ap_fifo  |                             res_V_data_7_V                             |    pointer   |
|res_V_data_7_V_full_n     |  in |    1|   ap_fifo  |                             res_V_data_7_V                             |    pointer   |
|res_V_data_7_V_write      | out |    1|   ap_fifo  |                             res_V_data_7_V                             |    pointer   |
|res_V_data_8_V_din        | out |    4|   ap_fifo  |                             res_V_data_8_V                             |    pointer   |
|res_V_data_8_V_full_n     |  in |    1|   ap_fifo  |                             res_V_data_8_V                             |    pointer   |
|res_V_data_8_V_write      | out |    1|   ap_fifo  |                             res_V_data_8_V                             |    pointer   |
|res_V_data_9_V_din        | out |    4|   ap_fifo  |                             res_V_data_9_V                             |    pointer   |
|res_V_data_9_V_full_n     |  in |    1|   ap_fifo  |                             res_V_data_9_V                             |    pointer   |
|res_V_data_9_V_write      | out |    1|   ap_fifo  |                             res_V_data_9_V                             |    pointer   |
|res_V_data_10_V_din       | out |    4|   ap_fifo  |                             res_V_data_10_V                            |    pointer   |
|res_V_data_10_V_full_n    |  in |    1|   ap_fifo  |                             res_V_data_10_V                            |    pointer   |
|res_V_data_10_V_write     | out |    1|   ap_fifo  |                             res_V_data_10_V                            |    pointer   |
|res_V_data_11_V_din       | out |    4|   ap_fifo  |                             res_V_data_11_V                            |    pointer   |
|res_V_data_11_V_full_n    |  in |    1|   ap_fifo  |                             res_V_data_11_V                            |    pointer   |
|res_V_data_11_V_write     | out |    1|   ap_fifo  |                             res_V_data_11_V                            |    pointer   |
|res_V_data_12_V_din       | out |    4|   ap_fifo  |                             res_V_data_12_V                            |    pointer   |
|res_V_data_12_V_full_n    |  in |    1|   ap_fifo  |                             res_V_data_12_V                            |    pointer   |
|res_V_data_12_V_write     | out |    1|   ap_fifo  |                             res_V_data_12_V                            |    pointer   |
|res_V_data_13_V_din       | out |    4|   ap_fifo  |                             res_V_data_13_V                            |    pointer   |
|res_V_data_13_V_full_n    |  in |    1|   ap_fifo  |                             res_V_data_13_V                            |    pointer   |
|res_V_data_13_V_write     | out |    1|   ap_fifo  |                             res_V_data_13_V                            |    pointer   |
|res_V_data_14_V_din       | out |    4|   ap_fifo  |                             res_V_data_14_V                            |    pointer   |
|res_V_data_14_V_full_n    |  in |    1|   ap_fifo  |                             res_V_data_14_V                            |    pointer   |
|res_V_data_14_V_write     | out |    1|   ap_fifo  |                             res_V_data_14_V                            |    pointer   |
|res_V_data_15_V_din       | out |    4|   ap_fifo  |                             res_V_data_15_V                            |    pointer   |
|res_V_data_15_V_full_n    |  in |    1|   ap_fifo  |                             res_V_data_15_V                            |    pointer   |
|res_V_data_15_V_write     | out |    1|   ap_fifo  |                             res_V_data_15_V                            |    pointer   |
+--------------------------+-----+-----+------------+------------------------------------------------------------------------+--------------+

