#-----------------------------------------------------------
# Vivado v2019.2 (64-bit)
# SW Build 2708876 on Wed Nov  6 21:39:14 MST 2019
# IP Build 2700528 on Thu Nov  7 00:09:20 MST 2019
# Start of session at: Fri Jun 30 01:56:26 2023
# Process ID: 1010
# Current directory: /home/jovyan/Internship_Waseda/hls4ml/LeNet/LeNet_PYNQ
# Command line: vivado -mode batch -source design.tcl
# Log file: /home/jovyan/Internship_Waseda/hls4ml/LeNet/LeNet_PYNQ/vivado.log
# Journal file: /home/jovyan/Internship_Waseda/hls4ml/LeNet/LeNet_PYNQ/vivado.jou
#-----------------------------------------------------------
source design.tcl
# set tcldir [file dirname [info script]]
# source [file join $tcldir project.tcl]
## variable project_name
## set project_name "myproject"
## variable backend
## set backend "vivadoaccelerator"
## variable part
## set part "xc7z020clg400-1"
## variable clock_period
## set clock_period 5
## variable clock_uncertainty
## set clock_uncertainty 12.5%
## set bit_width_hls_output 32
## set bit_width_hls_input 32
# create_project project_1 ${project_name}_vivado_accelerator -part xc7z020clg400-1 -force
# set_property board_part tul.com.tw:pynq-z2:part0:1.0 [current_project]
# set_property  ip_repo_paths  ${project_name}_prj [current_project]
# update_ip_catalog
INFO: [IP_Flow 19-234] Refreshing IP repositories
INFO: [IP_Flow 19-1700] Loaded user IP repository '/home/jovyan/Internship_Waseda/hls4ml/LeNet/LeNet_PYNQ/myproject_prj'.
INFO: [IP_Flow 19-2313] Loaded Vivado IP repository '/opt/Xilinx/Vivado/2019.2/data/ip'.
# create_bd_design "design_1"
Wrote  : </home/jovyan/Internship_Waseda/hls4ml/LeNet/LeNet_PYNQ/myproject_vivado_accelerator/project_1.srcs/sources_1/bd/design_1/design_1.bd> 
# startgroup
# create_bd_cell -type ip -vlnv xilinx.com:ip:processing_system7:5.5 processing_system7_0
WARNING: [BD 41-176] The physical port 'S_AXI_GP2_rd_socket' specified in the portmap, is not found on the block! 
WARNING: [BD 41-176] The physical port 'S_AXI_GP2_wr_socket' specified in the portmap, is not found on the block! 
WARNING: [BD 41-176] The physical port 'S_AXI_GP3_rd_socket' specified in the portmap, is not found on the block! 
WARNING: [BD 41-176] The physical port 'S_AXI_GP3_wr_socket' specified in the portmap, is not found on the block! 
# endgroup
# apply_bd_automation -rule xilinx.com:bd_rule:processing_system7 -config {make_external "FIXED_IO, DDR" apply_board_preset "1" Master "Disable" Slave "Disable" }  [get_bd_cells processing_system7_0]
# startgroup
# set_property -dict [list CONFIG.PCW_USE_S_AXI_HP0 {1}] [get_bd_cells processing_system7_0]
CRITICAL WARNING: [PSU-1]  Parameter : PCW_UIPARAM_DDR_DQS_TO_CLK_DELAY_0 has negative value -0.051 . PS DDR interfaces might fail when entering negative DQS skew values. 
CRITICAL WARNING: [PSU-2]  Parameter : PCW_UIPARAM_DDR_DQS_TO_CLK_DELAY_1 has negative value -0.006 . PS DDR interfaces might fail when entering negative DQS skew values. 
CRITICAL WARNING: [PSU-3]  Parameter : PCW_UIPARAM_DDR_DQS_TO_CLK_DELAY_2 has negative value -0.009 . PS DDR interfaces might fail when entering negative DQS skew values. 
CRITICAL WARNING: [PSU-4]  Parameter : PCW_UIPARAM_DDR_DQS_TO_CLK_DELAY_3 has negative value -0.033 . PS DDR interfaces might fail when entering negative DQS skew values. 
WARNING: [BD 41-176] The physical port 'S_AXI_GP2_rd_socket' specified in the portmap, is not found on the block! 
WARNING: [BD 41-176] The physical port 'S_AXI_GP2_wr_socket' specified in the portmap, is not found on the block! 
WARNING: [BD 41-176] The physical port 'S_AXI_GP3_rd_socket' specified in the portmap, is not found on the block! 
WARNING: [BD 41-176] The physical port 'S_AXI_GP3_wr_socket' specified in the portmap, is not found on the block! 
# endgroup
# startgroup
# create_bd_cell -type ip -vlnv xilinx.com:ip:axi_dma:7.1 axi_dma_0
# endgroup
# set_property -dict [list CONFIG.c_s_axis_s2mm_tdata_width.VALUE_SRC USER] [get_bd_cells axi_dma_0]
# set_property -dict [list CONFIG.c_include_sg {0} CONFIG.c_sg_length_width {26} CONFIG.c_sg_include_stscntrl_strm {0} CONFIG.c_m_axi_mm2s_data_width ${bit_width_hls_input} CONFIG.c_m_axis_mm2s_tdata_width ${bit_width_hls_input} CONFIG.c_mm2s_burst_size {256} CONFIG.c_s_axis_s2mm_tdata_width ${bit_width_hls_output} CONFIG.c_s_axis_s2mm_data_width ${bit_width_hls_output} CONFIG.c_s2mm_burst_size {256}] [get_bd_cells axi_dma_0]
CRITICAL WARNING: [BD 41-1276] Cannot set the parameter c_s_axis_s2mm_data_width on /axi_dma_0. Parameter does not exist
# startgroup
# apply_bd_automation -rule xilinx.com:bd_rule:axi4 -config { Clk_master {Auto} Clk_slave {Auto} Clk_xbar {Auto} Master {/processing_system7_0/M_AXI_GP0} Slave {/axi_dma_0/S_AXI_LITE} ddr_seg {Auto} intc_ip {New AXI Interconnect} master_apm {0}}  [get_bd_intf_pins axi_dma_0/S_AXI_LITE]
INFO: [Ipptcl 7-1463] No Compatible Board Interface found. Board Tab not created in customize GUI
Slave segment </axi_dma_0/S_AXI_LITE/Reg> is being mapped into address space </processing_system7_0/Data> at <0x4040_0000 [ 64K ]>
# apply_bd_automation -rule xilinx.com:bd_rule:axi4 -config { Clk_master {Auto} Clk_slave {Auto} Clk_xbar {Auto} Master {/axi_dma_0/M_AXI_MM2S} Slave {/processing_system7_0/S_AXI_HP0} ddr_seg {Auto} intc_ip {New AXI Interconnect} master_apm {0}}  [get_bd_intf_pins processing_system7_0/S_AXI_HP0]
Slave segment </processing_system7_0/S_AXI_HP0/HP0_DDR_LOWOCM> is being mapped into address space </axi_dma_0/Data_MM2S> at <0x0000_0000 [ 512M ]>
# endgroup
# apply_bd_automation -rule xilinx.com:bd_rule:axi4 -config { Clk_master {Auto} Clk_slave {/processing_system7_0/FCLK_CLK0 (100 MHz)} Clk_xbar {/processing_system7_0/FCLK_CLK0 (100 MHz)} Master {/axi_dma_0/M_AXI_S2MM} Slave {/processing_system7_0/S_AXI_HP0} ddr_seg {Auto} intc_ip {/axi_mem_intercon} master_apm {0}}  [get_bd_intf_pins axi_dma_0/M_AXI_S2MM]
Slave segment </processing_system7_0/S_AXI_HP0/HP0_DDR_LOWOCM> is being mapped into address space </axi_dma_0/Data_S2MM> at <0x0000_0000 [ 512M ]>
# startgroup
# create_bd_cell -type ip -vlnv xilinx.com:hls:${project_name}_axi:1.0 ${project_name}_axi_0
# endgroup
# connect_bd_intf_net [get_bd_intf_pins axi_dma_0/M_AXIS_MM2S] [get_bd_intf_pins ${project_name}_axi_0/in_r]
# connect_bd_intf_net [get_bd_intf_pins ${project_name}_axi_0/out_r] [get_bd_intf_pins axi_dma_0/S_AXIS_S2MM]
# apply_bd_automation -rule xilinx.com:bd_rule:clkrst -config { Clk {/processing_system7_0/FCLK_CLK0 (100 MHz)} Freq {100} Ref_Clk0 {} Ref_Clk1 {} Ref_Clk2 {}}  [get_bd_pins ${project_name}_axi_0/ap_clk]
# group_bd_cells hier_0 [get_bd_cells axi_dma_0] [get_bd_cells ${project_name}_axi_0]
# make_wrapper -files [get_files ./${project_name}_vivado_accelerator/project_1.srcs/sources_1/bd/design_1/design_1.bd] -top
WARNING: [BD 41-702] Propagation TCL tries to overwrite USER strength parameter PCW_M_AXI_GP0_FREQMHZ(10) on '/processing_system7_0' with propagated value(100). Command ignored
WARNING: [BD 41-702] Propagation TCL tries to overwrite USER strength parameter PCW_S_AXI_HP0_FREQMHZ(10) on '/processing_system7_0' with propagated value(100). Command ignored
Wrote  : </home/jovyan/Internship_Waseda/hls4ml/LeNet/LeNet_PYNQ/myproject_vivado_accelerator/project_1.srcs/sources_1/bd/design_1/design_1.bd> 
WARNING: [BD 41-235] Width mismatch when connecting pin: '/axi_mem_intercon/m00_couplers/auto_pc/m_axi_rid'(1) to net 'auto_pc_to_m00_couplers_RID'(6) - Only lower order bits will be connected.
WARNING: [BD 41-235] Width mismatch when connecting pin: '/axi_mem_intercon/m00_couplers/auto_pc/m_axi_bid'(1) to net 'auto_pc_to_m00_couplers_BID'(6) - Only lower order bits will be connected.
WARNING: [BD 41-235] Width mismatch when connecting pin: '/processing_system7_0/S_AXI_HP0_ARID'(6) to net 'axi_mem_intercon_M00_AXI_ARID'(1) - Only lower order bits will be connected.
WARNING: [BD 41-235] Width mismatch when connecting pin: '/processing_system7_0/S_AXI_HP0_AWID'(6) to net 'axi_mem_intercon_M00_AXI_AWID'(1) - Only lower order bits will be connected.
WARNING: [BD 41-235] Width mismatch when connecting pin: '/processing_system7_0/S_AXI_HP0_WID'(6) to net 'axi_mem_intercon_M00_AXI_WID'(1) - Only lower order bits will be connected.
VHDL Output written to : /home/jovyan/Internship_Waseda/hls4ml/LeNet/LeNet_PYNQ/myproject_vivado_accelerator/project_1.srcs/sources_1/bd/design_1/synth/design_1.v
WARNING: [BD 41-235] Width mismatch when connecting pin: '/axi_mem_intercon/m00_couplers/auto_pc/m_axi_rid'(1) to net 'auto_pc_to_m00_couplers_RID'(6) - Only lower order bits will be connected.
WARNING: [BD 41-235] Width mismatch when connecting pin: '/axi_mem_intercon/m00_couplers/auto_pc/m_axi_bid'(1) to net 'auto_pc_to_m00_couplers_BID'(6) - Only lower order bits will be connected.
WARNING: [BD 41-235] Width mismatch when connecting pin: '/processing_system7_0/S_AXI_HP0_ARID'(6) to net 'axi_mem_intercon_M00_AXI_ARID'(1) - Only lower order bits will be connected.
WARNING: [BD 41-235] Width mismatch when connecting pin: '/processing_system7_0/S_AXI_HP0_AWID'(6) to net 'axi_mem_intercon_M00_AXI_AWID'(1) - Only lower order bits will be connected.
WARNING: [BD 41-235] Width mismatch when connecting pin: '/processing_system7_0/S_AXI_HP0_WID'(6) to net 'axi_mem_intercon_M00_AXI_WID'(1) - Only lower order bits will be connected.
VHDL Output written to : /home/jovyan/Internship_Waseda/hls4ml/LeNet/LeNet_PYNQ/myproject_vivado_accelerator/project_1.srcs/sources_1/bd/design_1/sim/design_1.v
VHDL Output written to : /home/jovyan/Internship_Waseda/hls4ml/LeNet/LeNet_PYNQ/myproject_vivado_accelerator/project_1.srcs/sources_1/bd/design_1/hdl/design_1_wrapper.v
# add_files -norecurse ./${project_name}_vivado_accelerator/project_1.srcs/sources_1/bd/design_1/hdl/design_1_wrapper.v
# reset_run impl_1
# reset_run synth_1
# launch_runs impl_1 -to_step write_bitstream -jobs 6
INFO: [BD 41-1662] The design 'design_1.bd' is already validated. Therefore parameter propagation will not be re-run.
WARNING: [BD 41-235] Width mismatch when connecting pin: '/axi_mem_intercon/m00_couplers/auto_pc/m_axi_rid'(1) to net 'auto_pc_to_m00_couplers_RID'(6) - Only lower order bits will be connected.
WARNING: [BD 41-235] Width mismatch when connecting pin: '/axi_mem_intercon/m00_couplers/auto_pc/m_axi_bid'(1) to net 'auto_pc_to_m00_couplers_BID'(6) - Only lower order bits will be connected.
WARNING: [BD 41-235] Width mismatch when connecting pin: '/processing_system7_0/S_AXI_HP0_ARID'(6) to net 'axi_mem_intercon_M00_AXI_ARID'(1) - Only lower order bits will be connected.
WARNING: [BD 41-235] Width mismatch when connecting pin: '/processing_system7_0/S_AXI_HP0_AWID'(6) to net 'axi_mem_intercon_M00_AXI_AWID'(1) - Only lower order bits will be connected.
WARNING: [BD 41-235] Width mismatch when connecting pin: '/processing_system7_0/S_AXI_HP0_WID'(6) to net 'axi_mem_intercon_M00_AXI_WID'(1) - Only lower order bits will be connected.
VHDL Output written to : /home/jovyan/Internship_Waseda/hls4ml/LeNet/LeNet_PYNQ/myproject_vivado_accelerator/project_1.srcs/sources_1/bd/design_1/synth/design_1.v
WARNING: [BD 41-235] Width mismatch when connecting pin: '/axi_mem_intercon/m00_couplers/auto_pc/m_axi_rid'(1) to net 'auto_pc_to_m00_couplers_RID'(6) - Only lower order bits will be connected.
WARNING: [BD 41-235] Width mismatch when connecting pin: '/axi_mem_intercon/m00_couplers/auto_pc/m_axi_bid'(1) to net 'auto_pc_to_m00_couplers_BID'(6) - Only lower order bits will be connected.
WARNING: [BD 41-235] Width mismatch when connecting pin: '/processing_system7_0/S_AXI_HP0_ARID'(6) to net 'axi_mem_intercon_M00_AXI_ARID'(1) - Only lower order bits will be connected.
WARNING: [BD 41-235] Width mismatch when connecting pin: '/processing_system7_0/S_AXI_HP0_AWID'(6) to net 'axi_mem_intercon_M00_AXI_AWID'(1) - Only lower order bits will be connected.
WARNING: [BD 41-235] Width mismatch when connecting pin: '/processing_system7_0/S_AXI_HP0_WID'(6) to net 'axi_mem_intercon_M00_AXI_WID'(1) - Only lower order bits will be connected.
VHDL Output written to : /home/jovyan/Internship_Waseda/hls4ml/LeNet/LeNet_PYNQ/myproject_vivado_accelerator/project_1.srcs/sources_1/bd/design_1/sim/design_1.v
VHDL Output written to : /home/jovyan/Internship_Waseda/hls4ml/LeNet/LeNet_PYNQ/myproject_vivado_accelerator/project_1.srcs/sources_1/bd/design_1/hdl/design_1_wrapper.v
WARNING: [IP_Flow 19-5611] Unable to find an associated reset port for the interface 'M_AXI_GP0'. A default connection has been created.
WARNING: [IP_Flow 19-5611] Unable to find an associated reset port for the interface 'S_AXI_HP0'. A default connection has been created.
INFO: [BD 41-1029] Generation completed for the IP Integrator block processing_system7_0 .
WARNING: [IP_Flow 19-4994] Overwriting existing constraint file '/home/jovyan/Internship_Waseda/hls4ml/LeNet/LeNet_PYNQ/myproject_vivado_accelerator/project_1.srcs/sources_1/bd/design_1/ip/design_1_auto_pc_0/design_1_auto_pc_0_ooc.xdc'
INFO: [BD 41-1029] Generation completed for the IP Integrator block ps7_0_axi_periph/s00_couplers/auto_pc .
INFO: [BD 41-1029] Generation completed for the IP Integrator block rst_ps7_0_100M .
INFO: [BD 41-1029] Generation completed for the IP Integrator block axi_mem_intercon/xbar .
WARNING: [IP_Flow 19-4994] Overwriting existing constraint file '/home/jovyan/Internship_Waseda/hls4ml/LeNet/LeNet_PYNQ/myproject_vivado_accelerator/project_1.srcs/sources_1/bd/design_1/ip/design_1_auto_us_0/design_1_auto_us_0_ooc.xdc'
INFO: [BD 41-1029] Generation completed for the IP Integrator block axi_mem_intercon/s00_couplers/auto_us .
WARNING: [IP_Flow 19-4994] Overwriting existing constraint file '/home/jovyan/Internship_Waseda/hls4ml/LeNet/LeNet_PYNQ/myproject_vivado_accelerator/project_1.srcs/sources_1/bd/design_1/ip/design_1_auto_us_1/design_1_auto_us_1_ooc.xdc'
INFO: [BD 41-1029] Generation completed for the IP Integrator block axi_mem_intercon/s01_couplers/auto_us .
WARNING: [IP_Flow 19-4994] Overwriting existing constraint file '/home/jovyan/Internship_Waseda/hls4ml/LeNet/LeNet_PYNQ/myproject_vivado_accelerator/project_1.srcs/sources_1/bd/design_1/ip/design_1_auto_pc_1/design_1_auto_pc_1_ooc.xdc'
INFO: [BD 41-1029] Generation completed for the IP Integrator block axi_mem_intercon/m00_couplers/auto_pc .
INFO: [BD 41-1029] Generation completed for the IP Integrator block hier_0/axi_dma_0 .
WARNING: [IP_Flow 19-519] IP 'design_1_myproject_axi_0_0' detected a language mismatch between 'VHDL Simulation Wrapper' and 'Verilog Simulation' output products. Please check with the IP provider to see if this is expected.
INFO: [BD 41-1029] Generation completed for the IP Integrator block hier_0/myproject_axi_0 .
Exporting to file /home/jovyan/Internship_Waseda/hls4ml/LeNet/LeNet_PYNQ/myproject_vivado_accelerator/project_1.srcs/sources_1/bd/design_1/hw_handoff/design_1.hwh
Generated Block Design Tcl file /home/jovyan/Internship_Waseda/hls4ml/LeNet/LeNet_PYNQ/myproject_vivado_accelerator/project_1.srcs/sources_1/bd/design_1/hw_handoff/design_1_bd.tcl
Generated Hardware Definition File /home/jovyan/Internship_Waseda/hls4ml/LeNet/LeNet_PYNQ/myproject_vivado_accelerator/project_1.srcs/sources_1/bd/design_1/synth/design_1.hwdef
INFO: [IP_Flow 19-5642] Done with IP cache export for multiple IPs
[Fri Jun 30 01:57:08 2023] Launched design_1_rst_ps7_0_100M_0_synth_1, design_1_processing_system7_0_0_synth_1, design_1_auto_pc_0_synth_1, design_1_auto_us_1_synth_1, design_1_xbar_0_synth_1, design_1_auto_us_0_synth_1, design_1_auto_pc_1_synth_1, design_1_myproject_axi_0_0_synth_1, design_1_axi_dma_0_0_synth_1, synth_1...
Run output will be captured here:
design_1_rst_ps7_0_100M_0_synth_1: /home/jovyan/Internship_Waseda/hls4ml/LeNet/LeNet_PYNQ/myproject_vivado_accelerator/project_1.runs/design_1_rst_ps7_0_100M_0_synth_1/runme.log
design_1_processing_system7_0_0_synth_1: /home/jovyan/Internship_Waseda/hls4ml/LeNet/LeNet_PYNQ/myproject_vivado_accelerator/project_1.runs/design_1_processing_system7_0_0_synth_1/runme.log
design_1_auto_pc_0_synth_1: /home/jovyan/Internship_Waseda/hls4ml/LeNet/LeNet_PYNQ/myproject_vivado_accelerator/project_1.runs/design_1_auto_pc_0_synth_1/runme.log
design_1_auto_us_1_synth_1: /home/jovyan/Internship_Waseda/hls4ml/LeNet/LeNet_PYNQ/myproject_vivado_accelerator/project_1.runs/design_1_auto_us_1_synth_1/runme.log
design_1_xbar_0_synth_1: /home/jovyan/Internship_Waseda/hls4ml/LeNet/LeNet_PYNQ/myproject_vivado_accelerator/project_1.runs/design_1_xbar_0_synth_1/runme.log
design_1_auto_us_0_synth_1: /home/jovyan/Internship_Waseda/hls4ml/LeNet/LeNet_PYNQ/myproject_vivado_accelerator/project_1.runs/design_1_auto_us_0_synth_1/runme.log
design_1_auto_pc_1_synth_1: /home/jovyan/Internship_Waseda/hls4ml/LeNet/LeNet_PYNQ/myproject_vivado_accelerator/project_1.runs/design_1_auto_pc_1_synth_1/runme.log
design_1_myproject_axi_0_0_synth_1: /home/jovyan/Internship_Waseda/hls4ml/LeNet/LeNet_PYNQ/myproject_vivado_accelerator/project_1.runs/design_1_myproject_axi_0_0_synth_1/runme.log
design_1_axi_dma_0_0_synth_1: /home/jovyan/Internship_Waseda/hls4ml/LeNet/LeNet_PYNQ/myproject_vivado_accelerator/project_1.runs/design_1_axi_dma_0_0_synth_1/runme.log
synth_1: /home/jovyan/Internship_Waseda/hls4ml/LeNet/LeNet_PYNQ/myproject_vivado_accelerator/project_1.runs/synth_1/runme.log
[Fri Jun 30 01:57:08 2023] Launched impl_1...
Run output will be captured here: /home/jovyan/Internship_Waseda/hls4ml/LeNet/LeNet_PYNQ/myproject_vivado_accelerator/project_1.runs/impl_1/runme.log
launch_runs: Time (s): cpu = 00:00:25 ; elapsed = 00:00:27 . Memory (MB): peak = 1923.902 ; gain = 227.102 ; free physical = 23176 ; free virtual = 51780
# wait_on_run -timeout 360 impl_1
[Fri Jun 30 01:57:08 2023] Waiting for impl_1 to finish (timeout in 360 minutes)...

*** Running vivado
    with args -log design_1_wrapper.vdi -applog -m64 -product Vivado -messageDb vivado.pb -mode batch -source design_1_wrapper.tcl -notrace


****** Vivado v2019.2 (64-bit)
  **** SW Build 2708876 on Wed Nov  6 21:39:14 MST 2019
  **** IP Build 2700528 on Thu Nov  7 00:09:20 MST 2019
    ** Copyright 1986-2019 Xilinx, Inc. All Rights Reserved.

source design_1_wrapper.tcl -notrace
INFO: [IP_Flow 19-234] Refreshing IP repositories
INFO: [IP_Flow 19-1700] Loaded user IP repository '/home/jovyan/Internship_Waseda/hls4ml/LeNet/LeNet_PYNQ/myproject_prj'.
INFO: [IP_Flow 19-2313] Loaded Vivado IP repository '/opt/Xilinx/Vivado/2019.2/data/ip'.
Command: link_design -top design_1_wrapper -part xc7z020clg400-1
Design is defaulting to srcset: sources_1
Design is defaulting to constrset: constrs_1
INFO: [Device 21-403] Loading part xc7z020clg400-1
INFO: [Project 1-454] Reading design checkpoint '/home/jovyan/Internship_Waseda/hls4ml/LeNet/LeNet_PYNQ/myproject_vivado_accelerator/project_1.srcs/sources_1/bd/design_1/ip/design_1_processing_system7_0_0/design_1_processing_system7_0_0.dcp' for cell 'design_1_i/processing_system7_0'
INFO: [Project 1-454] Reading design checkpoint '/home/jovyan/Internship_Waseda/hls4ml/LeNet/LeNet_PYNQ/myproject_vivado_accelerator/project_1.srcs/sources_1/bd/design_1/ip/design_1_rst_ps7_0_100M_0/design_1_rst_ps7_0_100M_0.dcp' for cell 'design_1_i/rst_ps7_0_100M'
INFO: [Project 1-454] Reading design checkpoint '/home/jovyan/Internship_Waseda/hls4ml/LeNet/LeNet_PYNQ/myproject_vivado_accelerator/project_1.srcs/sources_1/bd/design_1/ip/design_1_xbar_0/design_1_xbar_0.dcp' for cell 'design_1_i/axi_mem_intercon/xbar'
INFO: [Project 1-454] Reading design checkpoint '/home/jovyan/Internship_Waseda/hls4ml/LeNet/LeNet_PYNQ/myproject_vivado_accelerator/project_1.srcs/sources_1/bd/design_1/ip/design_1_auto_pc_1/design_1_auto_pc_1.dcp' for cell 'design_1_i/axi_mem_intercon/m00_couplers/auto_pc'
INFO: [Project 1-454] Reading design checkpoint '/home/jovyan/Internship_Waseda/hls4ml/LeNet/LeNet_PYNQ/myproject_vivado_accelerator/project_1.srcs/sources_1/bd/design_1/ip/design_1_auto_us_0/design_1_auto_us_0.dcp' for cell 'design_1_i/axi_mem_intercon/s00_couplers/auto_us'
INFO: [Project 1-454] Reading design checkpoint '/home/jovyan/Internship_Waseda/hls4ml/LeNet/LeNet_PYNQ/myproject_vivado_accelerator/project_1.srcs/sources_1/bd/design_1/ip/design_1_auto_us_1/design_1_auto_us_1.dcp' for cell 'design_1_i/axi_mem_intercon/s01_couplers/auto_us'
INFO: [Project 1-454] Reading design checkpoint '/home/jovyan/Internship_Waseda/hls4ml/LeNet/LeNet_PYNQ/myproject_vivado_accelerator/project_1.srcs/sources_1/bd/design_1/ip/design_1_axi_dma_0_0/design_1_axi_dma_0_0.dcp' for cell 'design_1_i/hier_0/axi_dma_0'
INFO: [Project 1-454] Reading design checkpoint '/home/jovyan/Internship_Waseda/hls4ml/LeNet/LeNet_PYNQ/myproject_vivado_accelerator/project_1.srcs/sources_1/bd/design_1/ip/design_1_myproject_axi_0_0/design_1_myproject_axi_0_0.dcp' for cell 'design_1_i/hier_0/myproject_axi_0'
INFO: [Project 1-454] Reading design checkpoint '/home/jovyan/Internship_Waseda/hls4ml/LeNet/LeNet_PYNQ/myproject_vivado_accelerator/project_1.srcs/sources_1/bd/design_1/ip/design_1_auto_pc_0/design_1_auto_pc_0.dcp' for cell 'design_1_i/ps7_0_axi_periph/s00_couplers/auto_pc'
Netlist sorting complete. Time (s): cpu = 00:00:01 ; elapsed = 00:00:01 . Memory (MB): peak = 1773.410 ; gain = 0.000 ; free physical = 22387 ; free virtual = 51194
INFO: [Netlist 29-17] Analyzing 9953 Unisim elements for replacement
INFO: [Netlist 29-28] Unisim Transformation completed in 0 CPU seconds
INFO: [Project 1-479] Netlist was created with Vivado 2019.2
INFO: [Project 1-570] Preparing netlist for logic optimization
Parsing XDC File [/home/jovyan/Internship_Waseda/hls4ml/LeNet/LeNet_PYNQ/myproject_vivado_accelerator/project_1.srcs/sources_1/bd/design_1/ip/design_1_processing_system7_0_0/design_1_processing_system7_0_0.xdc] for cell 'design_1_i/processing_system7_0/inst'
Finished Parsing XDC File [/home/jovyan/Internship_Waseda/hls4ml/LeNet/LeNet_PYNQ/myproject_vivado_accelerator/project_1.srcs/sources_1/bd/design_1/ip/design_1_processing_system7_0_0/design_1_processing_system7_0_0.xdc] for cell 'design_1_i/processing_system7_0/inst'
Parsing XDC File [/home/jovyan/Internship_Waseda/hls4ml/LeNet/LeNet_PYNQ/myproject_vivado_accelerator/project_1.srcs/sources_1/bd/design_1/ip/design_1_rst_ps7_0_100M_0/design_1_rst_ps7_0_100M_0_board.xdc] for cell 'design_1_i/rst_ps7_0_100M/U0'
Finished Parsing XDC File [/home/jovyan/Internship_Waseda/hls4ml/LeNet/LeNet_PYNQ/myproject_vivado_accelerator/project_1.srcs/sources_1/bd/design_1/ip/design_1_rst_ps7_0_100M_0/design_1_rst_ps7_0_100M_0_board.xdc] for cell 'design_1_i/rst_ps7_0_100M/U0'
Parsing XDC File [/home/jovyan/Internship_Waseda/hls4ml/LeNet/LeNet_PYNQ/myproject_vivado_accelerator/project_1.srcs/sources_1/bd/design_1/ip/design_1_rst_ps7_0_100M_0/design_1_rst_ps7_0_100M_0.xdc] for cell 'design_1_i/rst_ps7_0_100M/U0'
Finished Parsing XDC File [/home/jovyan/Internship_Waseda/hls4ml/LeNet/LeNet_PYNQ/myproject_vivado_accelerator/project_1.srcs/sources_1/bd/design_1/ip/design_1_rst_ps7_0_100M_0/design_1_rst_ps7_0_100M_0.xdc] for cell 'design_1_i/rst_ps7_0_100M/U0'
Parsing XDC File [/home/jovyan/Internship_Waseda/hls4ml/LeNet/LeNet_PYNQ/myproject_vivado_accelerator/project_1.srcs/sources_1/bd/design_1/ip/design_1_axi_dma_0_0/design_1_axi_dma_0_0.xdc] for cell 'design_1_i/hier_0/axi_dma_0/U0'
WARNING: [Vivado_Tcl 4-921] Waiver ID 'CDC-1' -to list should not be empty. [/home/jovyan/Internship_Waseda/hls4ml/LeNet/LeNet_PYNQ/myproject_vivado_accelerator/project_1.srcs/sources_1/bd/design_1/ip/design_1_axi_dma_0_0/design_1_axi_dma_0_0.xdc:52]
WARNING: [Vivado_Tcl 4-921] Waiver ID 'CDC-1' -to list should not be empty. [/home/jovyan/Internship_Waseda/hls4ml/LeNet/LeNet_PYNQ/myproject_vivado_accelerator/project_1.srcs/sources_1/bd/design_1/ip/design_1_axi_dma_0_0/design_1_axi_dma_0_0.xdc:56]
WARNING: [Vivado_Tcl 4-919] Waiver ID 'CDC-1' -from list should not be empty. [/home/jovyan/Internship_Waseda/hls4ml/LeNet/LeNet_PYNQ/myproject_vivado_accelerator/project_1.srcs/sources_1/bd/design_1/ip/design_1_axi_dma_0_0/design_1_axi_dma_0_0.xdc:61]
Finished Parsing XDC File [/home/jovyan/Internship_Waseda/hls4ml/LeNet/LeNet_PYNQ/myproject_vivado_accelerator/project_1.srcs/sources_1/bd/design_1/ip/design_1_axi_dma_0_0/design_1_axi_dma_0_0.xdc] for cell 'design_1_i/hier_0/axi_dma_0/U0'
Parsing XDC File [/home/jovyan/Internship_Waseda/hls4ml/LeNet/LeNet_PYNQ/myproject_vivado_accelerator/project_1.srcs/sources_1/bd/design_1/ip/design_1_auto_us_0/design_1_auto_us_0_clocks.xdc] for cell 'design_1_i/axi_mem_intercon/s00_couplers/auto_us/inst'
Finished Parsing XDC File [/home/jovyan/Internship_Waseda/hls4ml/LeNet/LeNet_PYNQ/myproject_vivado_accelerator/project_1.srcs/sources_1/bd/design_1/ip/design_1_auto_us_0/design_1_auto_us_0_clocks.xdc] for cell 'design_1_i/axi_mem_intercon/s00_couplers/auto_us/inst'
Parsing XDC File [/home/jovyan/Internship_Waseda/hls4ml/LeNet/LeNet_PYNQ/myproject_vivado_accelerator/project_1.srcs/sources_1/bd/design_1/ip/design_1_auto_us_1/design_1_auto_us_1_clocks.xdc] for cell 'design_1_i/axi_mem_intercon/s01_couplers/auto_us/inst'
Finished Parsing XDC File [/home/jovyan/Internship_Waseda/hls4ml/LeNet/LeNet_PYNQ/myproject_vivado_accelerator/project_1.srcs/sources_1/bd/design_1/ip/design_1_auto_us_1/design_1_auto_us_1_clocks.xdc] for cell 'design_1_i/axi_mem_intercon/s01_couplers/auto_us/inst'
Parsing XDC File [/home/jovyan/Internship_Waseda/hls4ml/LeNet/LeNet_PYNQ/myproject_vivado_accelerator/project_1.srcs/sources_1/bd/design_1/ip/design_1_axi_dma_0_0/design_1_axi_dma_0_0_clocks.xdc] for cell 'design_1_i/hier_0/axi_dma_0/U0'
Finished Parsing XDC File [/home/jovyan/Internship_Waseda/hls4ml/LeNet/LeNet_PYNQ/myproject_vivado_accelerator/project_1.srcs/sources_1/bd/design_1/ip/design_1_axi_dma_0_0/design_1_axi_dma_0_0_clocks.xdc] for cell 'design_1_i/hier_0/axi_dma_0/U0'
Sourcing Tcl File [/opt/Xilinx/Vivado/2019.2/data/ip/xpm/xpm_cdc/tcl/xpm_cdc_async_rst.tcl] for cell 'design_1_i/axi_mem_intercon/m00_couplers/auto_pc/inst/gen_axi4_axi3.axi3_conv_inst/USE_READ.USE_SPLIT_R.read_addr_inst/USE_R_CHANNEL.cmd_queue/inst/fifo_gen_inst/inst_fifo_gen/gconvfifo.rf/grf.rf/rstblk/ngwrdrst.grst.g7serrst.gnsckt_wrst.rst_wr_reg2_inst'
Finished Sourcing Tcl File [/opt/Xilinx/Vivado/2019.2/data/ip/xpm/xpm_cdc/tcl/xpm_cdc_async_rst.tcl] for cell 'design_1_i/axi_mem_intercon/m00_couplers/auto_pc/inst/gen_axi4_axi3.axi3_conv_inst/USE_READ.USE_SPLIT_R.read_addr_inst/USE_R_CHANNEL.cmd_queue/inst/fifo_gen_inst/inst_fifo_gen/gconvfifo.rf/grf.rf/rstblk/ngwrdrst.grst.g7serrst.gnsckt_wrst.rst_wr_reg2_inst'
Sourcing Tcl File [/opt/Xilinx/Vivado/2019.2/data/ip/xpm/xpm_cdc/tcl/xpm_cdc_async_rst.tcl] for cell 'design_1_i/axi_mem_intercon/m00_couplers/auto_pc/inst/gen_axi4_axi3.axi3_conv_inst/USE_WRITE.write_addr_inst/USE_BURSTS.cmd_queue/inst/fifo_gen_inst/inst_fifo_gen/gconvfifo.rf/grf.rf/rstblk/ngwrdrst.grst.g7serrst.gnsckt_wrst.rst_wr_reg2_inst'
Finished Sourcing Tcl File [/opt/Xilinx/Vivado/2019.2/data/ip/xpm/xpm_cdc/tcl/xpm_cdc_async_rst.tcl] for cell 'design_1_i/axi_mem_intercon/m00_couplers/auto_pc/inst/gen_axi4_axi3.axi3_conv_inst/USE_WRITE.write_addr_inst/USE_BURSTS.cmd_queue/inst/fifo_gen_inst/inst_fifo_gen/gconvfifo.rf/grf.rf/rstblk/ngwrdrst.grst.g7serrst.gnsckt_wrst.rst_wr_reg2_inst'
Sourcing Tcl File [/opt/Xilinx/Vivado/2019.2/data/ip/xpm/xpm_cdc/tcl/xpm_cdc_async_rst.tcl] for cell 'design_1_i/axi_mem_intercon/m00_couplers/auto_pc/inst/gen_axi4_axi3.axi3_conv_inst/USE_WRITE.write_addr_inst/USE_B_CHANNEL.cmd_b_queue/inst/fifo_gen_inst/inst_fifo_gen/gconvfifo.rf/grf.rf/rstblk/ngwrdrst.grst.g7serrst.gnsckt_wrst.rst_wr_reg2_inst'
Finished Sourcing Tcl File [/opt/Xilinx/Vivado/2019.2/data/ip/xpm/xpm_cdc/tcl/xpm_cdc_async_rst.tcl] for cell 'design_1_i/axi_mem_intercon/m00_couplers/auto_pc/inst/gen_axi4_axi3.axi3_conv_inst/USE_WRITE.write_addr_inst/USE_B_CHANNEL.cmd_b_queue/inst/fifo_gen_inst/inst_fifo_gen/gconvfifo.rf/grf.rf/rstblk/ngwrdrst.grst.g7serrst.gnsckt_wrst.rst_wr_reg2_inst'
Sourcing Tcl File [/opt/Xilinx/Vivado/2019.2/data/ip/xpm/xpm_fifo/tcl/xpm_fifo_rst.tcl] for cell 'design_1_i/hier_0/axi_dma_0/U0/I_PRMRY_DATAMOVER/GEN_MM2S_FULL.I_MM2S_FULL_WRAPPER/GEN_INCLUDE_MM2S_SF.I_RD_SF/I_DATA_FIFO/BLK_MEM.I_SYNC_FIFOGEN_FIFO/xpm_fifo_instance.xpm_fifo_sync_inst'
Finished Sourcing Tcl File [/opt/Xilinx/Vivado/2019.2/data/ip/xpm/xpm_fifo/tcl/xpm_fifo_rst.tcl] for cell 'design_1_i/hier_0/axi_dma_0/U0/I_PRMRY_DATAMOVER/GEN_MM2S_FULL.I_MM2S_FULL_WRAPPER/GEN_INCLUDE_MM2S_SF.I_RD_SF/I_DATA_FIFO/BLK_MEM.I_SYNC_FIFOGEN_FIFO/xpm_fifo_instance.xpm_fifo_sync_inst'
Sourcing Tcl File [/opt/Xilinx/Vivado/2019.2/data/ip/xpm/xpm_fifo/tcl/xpm_fifo_rst.tcl] for cell 'design_1_i/hier_0/axi_dma_0/U0/I_PRMRY_DATAMOVER/GEN_S2MM_FULL.I_S2MM_FULL_WRAPPER/GEN_ENABLE_INDET_BTT_SF.I_INDET_BTT/I_XD_FIFO/NON_BLK_MEM.I_SYNC_FIFOGEN_FIFO/xpm_fifo_instance.xpm_fifo_sync_inst'
Finished Sourcing Tcl File [/opt/Xilinx/Vivado/2019.2/data/ip/xpm/xpm_fifo/tcl/xpm_fifo_rst.tcl] for cell 'design_1_i/hier_0/axi_dma_0/U0/I_PRMRY_DATAMOVER/GEN_S2MM_FULL.I_S2MM_FULL_WRAPPER/GEN_ENABLE_INDET_BTT_SF.I_INDET_BTT/I_XD_FIFO/NON_BLK_MEM.I_SYNC_FIFOGEN_FIFO/xpm_fifo_instance.xpm_fifo_sync_inst'
Sourcing Tcl File [/opt/Xilinx/Vivado/2019.2/data/ip/xpm/xpm_fifo/tcl/xpm_fifo_rst.tcl] for cell 'design_1_i/hier_0/axi_dma_0/U0/I_PRMRY_DATAMOVER/GEN_S2MM_FULL.I_S2MM_FULL_WRAPPER/GEN_ENABLE_INDET_BTT_SF.I_INDET_BTT/I_DATA_FIFO/BLK_MEM.I_SYNC_FIFOGEN_FIFO/xpm_fifo_instance.xpm_fifo_sync_inst'
Finished Sourcing Tcl File [/opt/Xilinx/Vivado/2019.2/data/ip/xpm/xpm_fifo/tcl/xpm_fifo_rst.tcl] for cell 'design_1_i/hier_0/axi_dma_0/U0/I_PRMRY_DATAMOVER/GEN_S2MM_FULL.I_S2MM_FULL_WRAPPER/GEN_ENABLE_INDET_BTT_SF.I_INDET_BTT/I_DATA_FIFO/BLK_MEM.I_SYNC_FIFOGEN_FIFO/xpm_fifo_instance.xpm_fifo_sync_inst'
INFO: [Opt 31-138] Pushed 0 inverter(s) to 0 load pin(s).
Netlist sorting complete. Time (s): cpu = 00:00:00.01 ; elapsed = 00:00:00.01 . Memory (MB): peak = 2132.512 ; gain = 0.000 ; free physical = 22256 ; free virtual = 51063
INFO: [Project 1-111] Unisim Transformation Summary:
  A total of 6 instances were transformed.
  RAM32M => RAM32M (RAMD32(x6), RAMS32(x2)): 5 instances
  RAM32X1D => RAM32X1D (RAMD32(x2)): 1 instance 

19 Infos, 3 Warnings, 0 Critical Warnings and 0 Errors encountered.
link_design completed successfully
link_design: Time (s): cpu = 00:00:35 ; elapsed = 00:00:52 . Memory (MB): peak = 2132.512 ; gain = 700.477 ; free physical = 22256 ; free virtual = 51063
Command: opt_design
Attempting to get a license for feature 'Implementation' and/or device 'xc7z020'
INFO: [Common 17-349] Got license for feature 'Implementation' and/or device 'xc7z020'
Running DRC as a precondition to command opt_design

Starting DRC Task
INFO: [DRC 23-27] Running DRC with 8 threads
INFO: [Project 1-461] DRC finished with 0 Errors
INFO: [Project 1-462] Please refer to the DRC report (report_drc) for more information.

Time (s): cpu = 00:00:03 ; elapsed = 00:00:02 . Memory (MB): peak = 2132.512 ; gain = 0.000 ; free physical = 22245 ; free virtual = 51052

Starting Cache Timing Information Task
INFO: [Timing 38-35] Done setting XDC timing constraints.
Ending Cache Timing Information Task | Checksum: 193de70ef

Time (s): cpu = 00:00:17 ; elapsed = 00:00:15 . Memory (MB): peak = 2578.984 ; gain = 446.473 ; free physical = 21765 ; free virtual = 50573

Starting Logic Optimization Task

Phase 1 Retarget
INFO: [Opt 31-138] Pushed 2 inverter(s) to 12 load pin(s).
INFO: [Opt 31-49] Retargeted 0 cell(s).
Phase 1 Retarget | Checksum: 179c8af17

Time (s): cpu = 00:00:10 ; elapsed = 00:00:07 . Memory (MB): peak = 2734.828 ; gain = 0.000 ; free physical = 21711 ; free virtual = 50518
INFO: [Opt 31-389] Phase Retarget created 22 cells and removed 149 cells
INFO: [Opt 31-1021] In phase Retarget, 24 netlist objects are constrained preventing optimization. Please run opt_design with -debug_log to get more detail. 

Phase 2 Constant propagation
INFO: [Opt 31-138] Pushed 3 inverter(s) to 10 load pin(s).
Phase 2 Constant propagation | Checksum: 1d2eadf64

Time (s): cpu = 00:00:15 ; elapsed = 00:00:12 . Memory (MB): peak = 2734.828 ; gain = 0.000 ; free physical = 21707 ; free virtual = 50515
INFO: [Opt 31-389] Phase Constant propagation created 752 cells and removed 6260 cells
INFO: [Opt 31-1021] In phase Constant propagation, 24 netlist objects are constrained preventing optimization. Please run opt_design with -debug_log to get more detail. 

Phase 3 Sweep
Phase 3 Sweep | Checksum: 1bc47751c

Time (s): cpu = 00:00:20 ; elapsed = 00:00:17 . Memory (MB): peak = 2734.828 ; gain = 0.000 ; free physical = 21704 ; free virtual = 50512
INFO: [Opt 31-389] Phase Sweep created 0 cells and removed 690 cells
INFO: [Opt 31-1021] In phase Sweep, 96 netlist objects are constrained preventing optimization. Please run opt_design with -debug_log to get more detail. 

Phase 4 BUFG optimization
INFO: [Opt 31-1112] Starts optimizing BUFG(s) with a common MMCM/DPLL/XPLL driver.
INFO: [Opt 31-1112] Starts optimizing BUFG(s) with a common driver.
INFO: [Opt 31-1092] Phase BUFG optimization transformed 0 BUFG(s) to MBUFG(s).
Phase 4 BUFG optimization | Checksum: 1bc47751c

Time (s): cpu = 00:00:22 ; elapsed = 00:00:19 . Memory (MB): peak = 2734.828 ; gain = 0.000 ; free physical = 21707 ; free virtual = 50515
INFO: [Opt 31-662] Phase BUFG optimization created 0 cells of which 0 are BUFGs and removed 0 cells.

Phase 5 Shift Register Optimization
INFO: [Opt 31-1064] SRL Remap converted 0 SRLs to 0 registers and converted 0 registers of register chains to 0 SRLs
Phase 5 Shift Register Optimization | Checksum: 1bc47751c

Time (s): cpu = 00:00:23 ; elapsed = 00:00:20 . Memory (MB): peak = 2734.828 ; gain = 0.000 ; free physical = 21708 ; free virtual = 50516
INFO: [Opt 31-389] Phase Shift Register Optimization created 0 cells and removed 0 cells

Phase 6 Post Processing Netlist
Phase 6 Post Processing Netlist | Checksum: 1bc47751c

Time (s): cpu = 00:00:24 ; elapsed = 00:00:21 . Memory (MB): peak = 2734.828 ; gain = 0.000 ; free physical = 21708 ; free virtual = 50516
INFO: [Opt 31-389] Phase Post Processing Netlist created 0 cells and removed 0 cells
INFO: [Opt 31-1021] In phase Post Processing Netlist, 33 netlist objects are constrained preventing optimization. Please run opt_design with -debug_log to get more detail. 
Opt_design Change Summary
=========================


-------------------------------------------------------------------------------------------------------------------------
|  Phase                        |  #Cells created  |  #Cells Removed  |  #Constrained objects preventing optimizations  |
-------------------------------------------------------------------------------------------------------------------------
|  Retarget                     |              22  |             149  |                                             24  |
|  Constant propagation         |             752  |            6260  |                                             24  |
|  Sweep                        |               0  |             690  |                                             96  |
|  BUFG optimization            |               0  |               0  |                                              0  |
|  Shift Register Optimization  |               0  |               0  |                                              0  |
|  Post Processing Netlist      |               0  |               0  |                                             33  |
-------------------------------------------------------------------------------------------------------------------------



Starting Connectivity Check Task

Time (s): cpu = 00:00:00.31 ; elapsed = 00:00:00.31 . Memory (MB): peak = 2734.828 ; gain = 0.000 ; free physical = 21707 ; free virtual = 50514
Ending Logic Optimization Task | Checksum: 195b273b3

Time (s): cpu = 00:00:32 ; elapsed = 00:00:28 . Memory (MB): peak = 2734.828 ; gain = 0.000 ; free physical = 21707 ; free virtual = 50514

Starting Power Optimization Task
INFO: [Pwropt 34-132] Skipping clock gating for clocks with a period < 2.00 ns.
INFO: [Timing 38-35] Done setting XDC timing constraints.
INFO: [Pwropt 34-9] Applying IDT optimizations ...
INFO: [Pwropt 34-10] Applying ODC optimizations ...
INFO: [Physopt 32-619] Estimated Timing Summary | WNS=2.388 | TNS=0.000 |
Running Vector-less Activity Propagation...

Finished Running Vector-less Activity Propagation


Starting PowerOpt Patch Enables Task
INFO: [Pwropt 34-162] WRITE_MODE attribute of 0 BRAM(s) out of a total of 69 has been updated to save power. Run report_power_opt to get a complete listing of the BRAMs updated.
INFO: [Pwropt 34-201] Structural ODC has moved 60 WE to EN ports
Number of BRAM Ports augmented: 4 newly gated: 60 Total Ports: 138
Number of Flops added for Enable Generation: 3

Ending PowerOpt Patch Enables Task | Checksum: 14e3dcfe3

Time (s): cpu = 00:00:00.37 ; elapsed = 00:00:00.37 . Memory (MB): peak = 3479.387 ; gain = 0.000 ; free physical = 21580 ; free virtual = 50388
Ending Power Optimization Task | Checksum: 14e3dcfe3

Time (s): cpu = 00:00:58 ; elapsed = 00:00:21 . Memory (MB): peak = 3479.387 ; gain = 744.559 ; free physical = 21653 ; free virtual = 50461

Starting Final Cleanup Task

Starting Logic Optimization Task
INFO: [Timing 38-35] Done setting XDC timing constraints.
INFO: [Opt 31-1112] Starts optimizing BUFG(s) with a common MMCM/DPLL/XPLL driver.
INFO: [Opt 31-1112] Starts optimizing BUFG(s) with a common driver.
INFO: [Opt 31-1092] Phase BUFG optimization transformed 0 BUFG(s) to MBUFG(s).
Ending Logic Optimization Task | Checksum: 1b23a24f0

Time (s): cpu = 00:00:16 ; elapsed = 00:00:09 . Memory (MB): peak = 3479.387 ; gain = 0.000 ; free physical = 21651 ; free virtual = 50459
Ending Final Cleanup Task | Checksum: 1b23a24f0

Time (s): cpu = 00:00:19 ; elapsed = 00:00:12 . Memory (MB): peak = 3479.387 ; gain = 0.000 ; free physical = 21649 ; free virtual = 50458

Starting Netlist Obfuscation Task
Netlist sorting complete. Time (s): cpu = 00:00:00.01 ; elapsed = 00:00:00.02 . Memory (MB): peak = 3479.387 ; gain = 0.000 ; free physical = 21649 ; free virtual = 50458
Ending Netlist Obfuscation Task | Checksum: 1b23a24f0

Time (s): cpu = 00:00:00.01 ; elapsed = 00:00:00.02 . Memory (MB): peak = 3479.387 ; gain = 0.000 ; free physical = 21649 ; free virtual = 50458
INFO: [Common 17-83] Releasing license: Implementation
53 Infos, 3 Warnings, 0 Critical Warnings and 0 Errors encountered.
opt_design completed successfully
opt_design: Time (s): cpu = 00:02:13 ; elapsed = 00:01:21 . Memory (MB): peak = 3479.387 ; gain = 1346.875 ; free physical = 21650 ; free virtual = 50458
Netlist sorting complete. Time (s): cpu = 00:00:00.01 ; elapsed = 00:00:00.02 . Memory (MB): peak = 3479.387 ; gain = 0.000 ; free physical = 21649 ; free virtual = 50457
INFO: [Timing 38-480] Writing timing data to binary archive.
Writing placer database...
Writing XDEF routing.
Writing XDEF routing logical nets.
Writing XDEF routing special nets.
Write XDEF Complete: Time (s): cpu = 00:00:00.23 ; elapsed = 00:00:00.05 . Memory (MB): peak = 3479.387 ; gain = 0.000 ; free physical = 21644 ; free virtual = 50455
INFO: [Common 17-1381] The checkpoint '/home/jovyan/Internship_Waseda/hls4ml/LeNet/LeNet_PYNQ/myproject_vivado_accelerator/project_1.runs/impl_1/design_1_wrapper_opt.dcp' has been generated.
write_checkpoint: Time (s): cpu = 00:00:16 ; elapsed = 00:00:10 . Memory (MB): peak = 3479.387 ; gain = 0.000 ; free physical = 21624 ; free virtual = 50446
INFO: [runtcl-4] Executing : report_drc -file design_1_wrapper_drc_opted.rpt -pb design_1_wrapper_drc_opted.pb -rpx design_1_wrapper_drc_opted.rpx
Command: report_drc -file design_1_wrapper_drc_opted.rpt -pb design_1_wrapper_drc_opted.pb -rpx design_1_wrapper_drc_opted.rpx
INFO: [IP_Flow 19-1839] IP Catalog is up to date.
INFO: [DRC 23-27] Running DRC with 8 threads
INFO: [Coretcl 2-168] The results of DRC are in file /home/jovyan/Internship_Waseda/hls4ml/LeNet/LeNet_PYNQ/myproject_vivado_accelerator/project_1.runs/impl_1/design_1_wrapper_drc_opted.rpt.
report_drc completed successfully
Command: place_design
Attempting to get a license for feature 'Implementation' and/or device 'xc7z020'
INFO: [Common 17-349] Got license for feature 'Implementation' and/or device 'xc7z020'
INFO: [DRC 23-27] Running DRC with 8 threads
INFO: [Vivado_Tcl 4-198] DRC finished with 0 Errors
INFO: [Vivado_Tcl 4-199] Please refer to the DRC report (report_drc) for more information.
Running DRC as a precondition to command place_design
INFO: [DRC 23-27] Running DRC with 8 threads
INFO: [Vivado_Tcl 4-198] DRC finished with 0 Errors
INFO: [Vivado_Tcl 4-199] Please refer to the DRC report (report_drc) for more information.

Starting Placer Task
INFO: [Place 30-611] Multithreading enabled for place_design using a maximum of 8 CPUs

Phase 1 Placer Initialization

Phase 1.1 Placer Initialization Netlist Sorting
Netlist sorting complete. Time (s): cpu = 00:00:00.02 ; elapsed = 00:00:00.02 . Memory (MB): peak = 3479.387 ; gain = 0.000 ; free physical = 21627 ; free virtual = 50449
Phase 1.1 Placer Initialization Netlist Sorting | Checksum: 18f00d5b2

Time (s): cpu = 00:00:00.04 ; elapsed = 00:00:00.06 . Memory (MB): peak = 3479.387 ; gain = 0.000 ; free physical = 21627 ; free virtual = 50449
Netlist sorting complete. Time (s): cpu = 00:00:00.01 ; elapsed = 00:00:00.01 . Memory (MB): peak = 3479.387 ; gain = 0.000 ; free physical = 21627 ; free virtual = 50449

Phase 1.2 IO Placement/ Clock Placement/ Build Placer Device
INFO: [Timing 38-35] Done setting XDC timing constraints.
Phase 1.2 IO Placement/ Clock Placement/ Build Placer Device | Checksum: 20a306df

Time (s): cpu = 00:00:15 ; elapsed = 00:00:08 . Memory (MB): peak = 3479.387 ; gain = 0.000 ; free physical = 21528 ; free virtual = 50350

Phase 1.3 Build Placer Netlist Model
Phase 1.3 Build Placer Netlist Model | Checksum: ddce6c32

Time (s): cpu = 00:00:41 ; elapsed = 00:00:20 . Memory (MB): peak = 3479.387 ; gain = 0.000 ; free physical = 21419 ; free virtual = 50241

Phase 1.4 Constrain Clocks/Macros
Phase 1.4 Constrain Clocks/Macros | Checksum: ddce6c32

Time (s): cpu = 00:00:41 ; elapsed = 00:00:20 . Memory (MB): peak = 3479.387 ; gain = 0.000 ; free physical = 21419 ; free virtual = 50241
Phase 1 Placer Initialization | Checksum: ddce6c32

Time (s): cpu = 00:00:42 ; elapsed = 00:00:21 . Memory (MB): peak = 3479.387 ; gain = 0.000 ; free physical = 21415 ; free virtual = 50237

Phase 2 Global Placement

Phase 2.1 Floorplanning
Phase 2.1 Floorplanning | Checksum: f34400da

Time (s): cpu = 00:00:49 ; elapsed = 00:00:23 . Memory (MB): peak = 3479.387 ; gain = 0.000 ; free physical = 21375 ; free virtual = 50197

Phase 2.2 Global Placement Core

Phase 2.2.1 Physical Synthesis In Placer
INFO: [Physopt 32-1018] Found 1416 candidate LUT instances to create LUTNM shape
INFO: [Physopt 32-775] End 1 Pass. Optimized 560 nets or cells. Created 0 new cell, deleted 560 existing cells and moved 0 existing cell
INFO: [Physopt 32-65] No nets found for high-fanout optimization.
INFO: [Physopt 32-232] Optimized 0 net. Created 0 new instance.
INFO: [Physopt 32-775] End 1 Pass. Optimized 0 net or cell. Created 0 new cell, deleted 0 existing cell and moved 0 existing cell
INFO: [Physopt 32-456] No candidate cells for DSP register optimization found in the design.
INFO: [Physopt 32-775] End 2 Pass. Optimized 0 net or cell. Created 0 new cell, deleted 0 existing cell and moved 0 existing cell
INFO: [Physopt 32-775] End 1 Pass. Optimized 0 net or cell. Created 0 new cell, deleted 0 existing cell and moved 0 existing cell
INFO: [Physopt 32-677] No candidate cells for Shift Register optimization found in the design
INFO: [Physopt 32-775] End 1 Pass. Optimized 0 net or cell. Created 0 new cell, deleted 0 existing cell and moved 0 existing cell
INFO: [Physopt 32-526] No candidate cells for BRAM register optimization found in the design
INFO: [Physopt 32-775] End 1 Pass. Optimized 0 net or cell. Created 0 new cell, deleted 0 existing cell and moved 0 existing cell
INFO: [Physopt 32-949] No candidate nets found for HD net replication
INFO: [Physopt 32-775] End 1 Pass. Optimized 0 net or cell. Created 0 new cell, deleted 0 existing cell and moved 0 existing cell
Netlist sorting complete. Time (s): cpu = 00:00:00.01 ; elapsed = 00:00:00.02 . Memory (MB): peak = 3479.387 ; gain = 0.000 ; free physical = 21369 ; free virtual = 50192

Summary of Physical Synthesis Optimizations
============================================


-----------------------------------------------------------------------------------------------------------------------------------------------------------
|  Optimization                                     |  Added Cells  |  Removed Cells  |  Optimized Cells/Nets  |  Dont Touch  |  Iterations  |  Elapsed   |
-----------------------------------------------------------------------------------------------------------------------------------------------------------
|  LUT Combining                                    |            0  |            560  |                   560  |           0  |           1  |  00:00:02  |
|  Very High Fanout                                 |            0  |              0  |                     0  |           0  |           1  |  00:00:01  |
|  DSP Register                                     |            0  |              0  |                     0  |           0  |           1  |  00:00:00  |
|  Shift Register to Pipeline                       |            0  |              0  |                     0  |           0  |           1  |  00:00:00  |
|  Shift Register                                   |            0  |              0  |                     0  |           0  |           1  |  00:00:00  |
|  BRAM Register                                    |            0  |              0  |                     0  |           0  |           1  |  00:00:00  |
|  Dynamic/Static Region Interface Net Replication  |            0  |              0  |                     0  |           0  |           1  |  00:00:00  |
|  Total                                            |            0  |            560  |                   560  |           0  |           7  |  00:00:03  |
-----------------------------------------------------------------------------------------------------------------------------------------------------------


Phase 2.2.1 Physical Synthesis In Placer | Checksum: 102d08db1

Time (s): cpu = 00:02:22 ; elapsed = 00:01:00 . Memory (MB): peak = 3479.387 ; gain = 0.000 ; free physical = 21367 ; free virtual = 50189
Phase 2.2 Global Placement Core | Checksum: 173bf2d92

Time (s): cpu = 00:02:25 ; elapsed = 00:01:01 . Memory (MB): peak = 3479.387 ; gain = 0.000 ; free physical = 21363 ; free virtual = 50186
Phase 2 Global Placement | Checksum: 173bf2d92

Time (s): cpu = 00:02:25 ; elapsed = 00:01:01 . Memory (MB): peak = 3479.387 ; gain = 0.000 ; free physical = 21383 ; free virtual = 50206

Phase 3 Detail Placement

Phase 3.1 Commit Multi Column Macros
Phase 3.1 Commit Multi Column Macros | Checksum: c20eae65

Time (s): cpu = 00:02:33 ; elapsed = 00:01:04 . Memory (MB): peak = 3479.387 ; gain = 0.000 ; free physical = 21372 ; free virtual = 50194

Phase 3.2 Commit Most Macros & LUTRAMs
Phase 3.2 Commit Most Macros & LUTRAMs | Checksum: 1483192b3

Time (s): cpu = 00:02:52 ; elapsed = 00:01:15 . Memory (MB): peak = 3479.387 ; gain = 0.000 ; free physical = 21347 ; free virtual = 50169

Phase 3.3 Area Swap Optimization
Phase 3.3 Area Swap Optimization | Checksum: c2a85035

Time (s): cpu = 00:02:53 ; elapsed = 00:01:15 . Memory (MB): peak = 3479.387 ; gain = 0.000 ; free physical = 21347 ; free virtual = 50169

Phase 3.4 Pipeline Register Optimization
Phase 3.4 Pipeline Register Optimization | Checksum: fe184257

Time (s): cpu = 00:02:54 ; elapsed = 00:01:15 . Memory (MB): peak = 3479.387 ; gain = 0.000 ; free physical = 21347 ; free virtual = 50169

Phase 3.5 Fast Optimization
Phase 3.5 Fast Optimization | Checksum: 155306b49

Time (s): cpu = 00:03:07 ; elapsed = 00:01:20 . Memory (MB): peak = 3479.387 ; gain = 0.000 ; free physical = 21352 ; free virtual = 50174

Phase 3.6 Small Shape Detail Placement
Phase 3.6 Small Shape Detail Placement | Checksum: 1102f82ca

Time (s): cpu = 00:03:24 ; elapsed = 00:01:35 . Memory (MB): peak = 3479.387 ; gain = 0.000 ; free physical = 21314 ; free virtual = 50137

Phase 3.7 Re-assign LUT pins
Phase 3.7 Re-assign LUT pins | Checksum: a80801cc

Time (s): cpu = 00:03:28 ; elapsed = 00:01:39 . Memory (MB): peak = 3479.387 ; gain = 0.000 ; free physical = 21320 ; free virtual = 50143

Phase 3.8 Pipeline Register Optimization
Phase 3.8 Pipeline Register Optimization | Checksum: 171ec0355

Time (s): cpu = 00:03:29 ; elapsed = 00:01:40 . Memory (MB): peak = 3479.387 ; gain = 0.000 ; free physical = 21320 ; free virtual = 50143

Phase 3.9 Fast Optimization
Phase 3.9 Fast Optimization | Checksum: c16166f6

Time (s): cpu = 00:03:49 ; elapsed = 00:01:47 . Memory (MB): peak = 3479.387 ; gain = 0.000 ; free physical = 21319 ; free virtual = 50143
Phase 3 Detail Placement | Checksum: c16166f6

Time (s): cpu = 00:03:49 ; elapsed = 00:01:47 . Memory (MB): peak = 3479.387 ; gain = 0.000 ; free physical = 21319 ; free virtual = 50144

Phase 4 Post Placement Optimization and Clean-Up

Phase 4.1 Post Commit Optimization
INFO: [Timing 38-35] Done setting XDC timing constraints.

Phase 4.1.1 Post Placement Optimization
Post Placement Optimization Initialization | Checksum: 1e88f80e3

Phase 4.1.1.1 BUFG Insertion
INFO: [Place 46-33] Processed net design_1_i/hier_0/myproject_axi_0/inst/myproject_U0/layer2_out_V_data_1_V_U/SR[0], BUFG insertion was skipped due to placement/routing conflicts.
INFO: [Place 46-33] Processed net design_1_i/hier_0/myproject_axi_0/inst/myproject_U0/conv_2d_cl_array_ap_fixed_20u_array_ap_fixed_16_6_5_3_0_8u_config6_U0/line_buffer_Array_V_1_1_0_U/conv_2d_cl_array_ap_fixed_20u_array_ap_fixed_16_6_5_3_0_8u_config6_s_line_bufzec_core_U/ap_enable_reg_pp0_iter1_reg, BUFG insertion was skipped due to placement/routing conflicts.
INFO: [Place 46-33] Processed net design_1_i/hier_0/myproject_axi_0/inst/myproject_U0/conv_2d_cl_array_ap_fixed_20u_array_ap_fixed_16_6_5_3_0_8u_config6_U0/add_ln703_2026_reg_359220, BUFG insertion was skipped due to placement/routing conflicts.
INFO: [Place 46-33] Processed net design_1_i/hier_0/myproject_axi_0/inst/myproject_U0/conv_2d_cl_array_ap_fixed_20u_array_ap_fixed_16_6_5_3_0_8u_config6_U0/add_ln703_2053_reg_342420, BUFG insertion was skipped due to placement/routing conflicts.
INFO: [Place 46-33] Processed net design_1_i/hier_0/myproject_axi_0/inst/myproject_U0/conv_2d_cl_array_ap_fixed_20u_array_ap_fixed_16_6_5_3_0_8u_config6_U0/add_ln703_2028_reg_372200, BUFG insertion was skipped due to placement/routing conflicts.
INFO: [Place 46-33] Processed net design_1_i/hier_0/myproject_axi_0/inst/myproject_U0/conv_2d_cl_array_ap_fixed_1u_array_ap_fixed_16_6_5_3_0_20u_config2_U0/add_ln703_3210_reg_62090, BUFG insertion was skipped due to placement/routing conflicts.
INFO: [Place 46-33] Processed net design_1_i/hier_0/myproject_axi_0/inst/myproject_U0/conv_2d_cl_array_ap_fixed_1u_array_ap_fixed_16_6_5_3_0_20u_config2_U0/add_ln703_3213_reg_65350, BUFG insertion was skipped due to placement/routing conflicts.
INFO: [Place 46-56] BUFG insertion identified 7 candidate nets. Inserted BUFG: 0, Replicated BUFG Driver: 0, Skipped due to Placement/Routing Conflicts: 7, Skipped due to Timing Degradation: 0, Skipped due to Illegal Netlist: 0.
Phase 4.1.1.1 BUFG Insertion | Checksum: 1e88f80e3

Time (s): cpu = 00:04:22 ; elapsed = 00:02:00 . Memory (MB): peak = 3479.387 ; gain = 0.000 ; free physical = 21336 ; free virtual = 50161
INFO: [Place 30-746] Post Placement Timing Summary WNS=0.326. For the most accurate timing information please run report_timing.
Phase 4.1.1 Post Placement Optimization | Checksum: 264ed4df4

Time (s): cpu = 00:05:08 ; elapsed = 00:02:24 . Memory (MB): peak = 3479.387 ; gain = 0.000 ; free physical = 21335 ; free virtual = 50160
Phase 4.1 Post Commit Optimization | Checksum: 264ed4df4

Time (s): cpu = 00:05:08 ; elapsed = 00:02:25 . Memory (MB): peak = 3479.387 ; gain = 0.000 ; free physical = 21332 ; free virtual = 50157

Phase 4.2 Post Placement Cleanup
Phase 4.2 Post Placement Cleanup | Checksum: 264ed4df4

Time (s): cpu = 00:05:09 ; elapsed = 00:02:26 . Memory (MB): peak = 3479.387 ; gain = 0.000 ; free physical = 21335 ; free virtual = 50160

Phase 4.3 Placer Reporting
Phase 4.3 Placer Reporting | Checksum: 264ed4df4

Time (s): cpu = 00:05:10 ; elapsed = 00:02:26 . Memory (MB): peak = 3479.387 ; gain = 0.000 ; free physical = 21335 ; free virtual = 50160

Phase 4.4 Final Placement Cleanup
Netlist sorting complete. Time (s): cpu = 00:00:00.10 ; elapsed = 00:00:00.10 . Memory (MB): peak = 3479.387 ; gain = 0.000 ; free physical = 21335 ; free virtual = 50160
Phase 4.4 Final Placement Cleanup | Checksum: 2122849f0

Time (s): cpu = 00:05:11 ; elapsed = 00:02:27 . Memory (MB): peak = 3479.387 ; gain = 0.000 ; free physical = 21335 ; free virtual = 50160
Phase 4 Post Placement Optimization and Clean-Up | Checksum: 2122849f0

Time (s): cpu = 00:05:11 ; elapsed = 00:02:28 . Memory (MB): peak = 3479.387 ; gain = 0.000 ; free physical = 21335 ; free virtual = 50160
Ending Placer Task | Checksum: 13248dc21

Time (s): cpu = 00:05:11 ; elapsed = 00:02:28 . Memory (MB): peak = 3479.387 ; gain = 0.000 ; free physical = 21335 ; free virtual = 50160
INFO: [Common 17-83] Releasing license: Implementation
93 Infos, 3 Warnings, 0 Critical Warnings and 0 Errors encountered.
place_design completed successfully
place_design: Time (s): cpu = 00:05:19 ; elapsed = 00:02:32 . Memory (MB): peak = 3479.387 ; gain = 0.000 ; free physical = 21390 ; free virtual = 50215
Netlist sorting complete. Time (s): cpu = 00:00:00.02 ; elapsed = 00:00:00.01 . Memory (MB): peak = 3479.387 ; gain = 0.000 ; free physical = 21390 ; free virtual = 50215
INFO: [Timing 38-480] Writing timing data to binary archive.
Writing placer database...
Writing XDEF routing.
Writing XDEF routing logical nets.
Writing XDEF routing special nets.
Write XDEF Complete: Time (s): cpu = 00:00:22 ; elapsed = 00:00:08 . Memory (MB): peak = 3479.387 ; gain = 0.000 ; free physical = 21224 ; free virtual = 50181
INFO: [Common 17-1381] The checkpoint '/home/jovyan/Internship_Waseda/hls4ml/LeNet/LeNet_PYNQ/myproject_vivado_accelerator/project_1.runs/impl_1/design_1_wrapper_placed.dcp' has been generated.
write_checkpoint: Time (s): cpu = 00:00:26 ; elapsed = 00:00:12 . Memory (MB): peak = 3479.387 ; gain = 0.000 ; free physical = 21354 ; free virtual = 50204
INFO: [runtcl-4] Executing : report_io -file design_1_wrapper_io_placed.rpt
report_io: Time (s): cpu = 00:00:00.12 ; elapsed = 00:00:00.12 . Memory (MB): peak = 3479.387 ; gain = 0.000 ; free physical = 21344 ; free virtual = 50194
INFO: [runtcl-4] Executing : report_utilization -file design_1_wrapper_utilization_placed.rpt -pb design_1_wrapper_utilization_placed.pb
INFO: [runtcl-4] Executing : report_control_sets -verbose -file design_1_wrapper_control_sets_placed.rpt
report_control_sets: Time (s): cpu = 00:00:00.27 ; elapsed = 00:00:00.28 . Memory (MB): peak = 3479.387 ; gain = 0.000 ; free physical = 21351 ; free virtual = 50201
Command: phys_opt_design
Attempting to get a license for feature 'Implementation' and/or device 'xc7z020'
INFO: [Common 17-349] Got license for feature 'Implementation' and/or device 'xc7z020'
INFO: [Vivado_Tcl 4-383] Design worst setup slack (WNS) is greater than or equal to 0.250 ns. Skipping all physical synthesis optimizations.
INFO: [Vivado_Tcl 4-232] No setup violation found. The netlist was not modified.
INFO: [Common 17-83] Releasing license: Implementation
102 Infos, 3 Warnings, 0 Critical Warnings and 0 Errors encountered.
phys_opt_design completed successfully
phys_opt_design: Time (s): cpu = 00:00:33 ; elapsed = 00:00:09 . Memory (MB): peak = 3479.387 ; gain = 0.000 ; free physical = 21312 ; free virtual = 50162
Netlist sorting complete. Time (s): cpu = 00:00:00.01 ; elapsed = 00:00:00.01 . Memory (MB): peak = 3479.387 ; gain = 0.000 ; free physical = 21316 ; free virtual = 50167
INFO: [Timing 38-480] Writing timing data to binary archive.
Writing placer database...
Writing XDEF routing.
Writing XDEF routing logical nets.
Writing XDEF routing special nets.
Write XDEF Complete: Time (s): cpu = 00:00:16 ; elapsed = 00:00:05 . Memory (MB): peak = 3479.387 ; gain = 0.000 ; free physical = 21147 ; free virtual = 50126
INFO: [Common 17-1381] The checkpoint '/home/jovyan/Internship_Waseda/hls4ml/LeNet/LeNet_PYNQ/myproject_vivado_accelerator/project_1.runs/impl_1/design_1_wrapper_physopt.dcp' has been generated.
write_checkpoint: Time (s): cpu = 00:00:23 ; elapsed = 00:00:12 . Memory (MB): peak = 3479.387 ; gain = 0.000 ; free physical = 21281 ; free virtual = 50156
Command: route_design
Attempting to get a license for feature 'Implementation' and/or device 'xc7z020'
INFO: [Common 17-349] Got license for feature 'Implementation' and/or device 'xc7z020'
Running DRC as a precondition to command route_design
INFO: [DRC 23-27] Running DRC with 8 threads
INFO: [Vivado_Tcl 4-198] DRC finished with 0 Errors
INFO: [Vivado_Tcl 4-199] Please refer to the DRC report (report_drc) for more information.


Starting Routing Task
INFO: [Route 35-254] Multithreading enabled for route_design using a maximum of 8 CPUs
Checksum: PlaceDB: fd4f015c ConstDB: 0 ShapeSum: 34f9dac5 RouteDB: 0

Phase 1 Build RT Design
Phase 1 Build RT Design | Checksum: 13f09d667

Time (s): cpu = 00:00:37 ; elapsed = 00:00:25 . Memory (MB): peak = 3479.387 ; gain = 0.000 ; free physical = 21108 ; free virtual = 49983
Post Restoration Checksum: NetGraph: a65abde7 NumContArr: 98af1880 Constraints: 0 Timing: 0

Phase 2 Router Initialization

Phase 2.1 Create Timer
Phase 2.1 Create Timer | Checksum: 13f09d667

Time (s): cpu = 00:00:38 ; elapsed = 00:00:26 . Memory (MB): peak = 3479.387 ; gain = 0.000 ; free physical = 21142 ; free virtual = 50017

Phase 2.2 Fix Topology Constraints
Phase 2.2 Fix Topology Constraints | Checksum: 13f09d667

Time (s): cpu = 00:00:39 ; elapsed = 00:00:27 . Memory (MB): peak = 3479.387 ; gain = 0.000 ; free physical = 21100 ; free virtual = 49976

Phase 2.3 Pre Route Cleanup
Phase 2.3 Pre Route Cleanup | Checksum: 13f09d667

Time (s): cpu = 00:00:39 ; elapsed = 00:00:27 . Memory (MB): peak = 3479.387 ; gain = 0.000 ; free physical = 21100 ; free virtual = 49976
 Number of Nodes with overlaps = 0

Phase 2.4 Update Timing
Phase 2.4 Update Timing | Checksum: 1c410b862

Time (s): cpu = 00:01:15 ; elapsed = 00:00:40 . Memory (MB): peak = 3479.387 ; gain = 0.000 ; free physical = 21068 ; free virtual = 49944
INFO: [Route 35-416] Intermediate Timing Summary | WNS=0.398  | TNS=0.000  | WHS=-0.351 | THS=-397.469|

Phase 2 Router Initialization | Checksum: 1abb9f0c3

Time (s): cpu = 00:01:33 ; elapsed = 00:00:45 . Memory (MB): peak = 3479.387 ; gain = 0.000 ; free physical = 21049 ; free virtual = 49925

Router Utilization Summary
  Global Vertical Routing Utilization    = 0 %
  Global Horizontal Routing Utilization  = 0 %
  Routable Net Status*
  *Does not include unroutable nets such as driverless and loadless.
  Run report_route_status for detailed report.
  Number of Failed Nets               = 67505
    (Failed Nets is the sum of unrouted and partially routed nets)
  Number of Unrouted Nets             = 67505
  Number of Partially Routed Nets     = 0
  Number of Node Overlaps             = 0


Phase 3 Initial Routing
Phase 3 Initial Routing | Checksum: 1744267e3

Time (s): cpu = 00:01:47 ; elapsed = 00:00:49 . Memory (MB): peak = 3479.387 ; gain = 0.000 ; free physical = 21051 ; free virtual = 49926

Phase 4 Rip-up And Reroute

Phase 4.1 Global Iteration 0
 Number of Nodes with overlaps = 2979
 Number of Nodes with overlaps = 293
 Number of Nodes with overlaps = 80
 Number of Nodes with overlaps = 23
 Number of Nodes with overlaps = 9
 Number of Nodes with overlaps = 3
 Number of Nodes with overlaps = 0
INFO: [Route 35-416] Intermediate Timing Summary | WNS=0.501  | TNS=0.000  | WHS=N/A    | THS=N/A    |

Phase 4.1 Global Iteration 0 | Checksum: 19e6bd15d

Time (s): cpu = 00:02:28 ; elapsed = 00:01:04 . Memory (MB): peak = 3479.387 ; gain = 0.000 ; free physical = 21052 ; free virtual = 49928

Phase 4.2 Global Iteration 1
 Number of Nodes with overlaps = 7
 Number of Nodes with overlaps = 0
INFO: [Route 35-416] Intermediate Timing Summary | WNS=0.501  | TNS=0.000  | WHS=N/A    | THS=N/A    |

Phase 4.2 Global Iteration 1 | Checksum: dcb7e817

Time (s): cpu = 00:02:30 ; elapsed = 00:01:06 . Memory (MB): peak = 3479.387 ; gain = 0.000 ; free physical = 21052 ; free virtual = 49928
Phase 4 Rip-up And Reroute | Checksum: dcb7e817

Time (s): cpu = 00:02:30 ; elapsed = 00:01:06 . Memory (MB): peak = 3479.387 ; gain = 0.000 ; free physical = 21052 ; free virtual = 49928

Phase 5 Delay and Skew Optimization

Phase 5.1 Delay CleanUp

Phase 5.1.1 Update Timing
Phase 5.1.1 Update Timing | Checksum: 842171ae

Time (s): cpu = 00:02:38 ; elapsed = 00:01:08 . Memory (MB): peak = 3479.387 ; gain = 0.000 ; free physical = 21049 ; free virtual = 49925
INFO: [Route 35-416] Intermediate Timing Summary | WNS=0.514  | TNS=0.000  | WHS=N/A    | THS=N/A    |

Phase 5.1 Delay CleanUp | Checksum: 842171ae

Time (s): cpu = 00:02:38 ; elapsed = 00:01:08 . Memory (MB): peak = 3479.387 ; gain = 0.000 ; free physical = 21050 ; free virtual = 49925

Phase 5.2 Clock Skew Optimization
Phase 5.2 Clock Skew Optimization | Checksum: 842171ae

Time (s): cpu = 00:02:38 ; elapsed = 00:01:08 . Memory (MB): peak = 3479.387 ; gain = 0.000 ; free physical = 21050 ; free virtual = 49925
Phase 5 Delay and Skew Optimization | Checksum: 842171ae

Time (s): cpu = 00:02:38 ; elapsed = 00:01:08 . Memory (MB): peak = 3479.387 ; gain = 0.000 ; free physical = 21050 ; free virtual = 49925

Phase 6 Post Hold Fix

Phase 6.1 Hold Fix Iter

Phase 6.1.1 Update Timing
Phase 6.1.1 Update Timing | Checksum: 137929467

Time (s): cpu = 00:02:48 ; elapsed = 00:01:12 . Memory (MB): peak = 3479.387 ; gain = 0.000 ; free physical = 21047 ; free virtual = 49923
INFO: [Route 35-416] Intermediate Timing Summary | WNS=0.514  | TNS=0.000  | WHS=0.006  | THS=0.000  |

Phase 6.1 Hold Fix Iter | Checksum: b6fda2c8

Time (s): cpu = 00:02:48 ; elapsed = 00:01:12 . Memory (MB): peak = 3479.387 ; gain = 0.000 ; free physical = 21048 ; free virtual = 49924
Phase 6 Post Hold Fix | Checksum: b6fda2c8

Time (s): cpu = 00:02:48 ; elapsed = 00:01:12 . Memory (MB): peak = 3479.387 ; gain = 0.000 ; free physical = 21048 ; free virtual = 49924

Phase 7 Route finalize

Router Utilization Summary
  Global Vertical Routing Utilization    = 15.8822 %
  Global Horizontal Routing Utilization  = 23.0411 %
  Routable Net Status*
  *Does not include unroutable nets such as driverless and loadless.
  Run report_route_status for detailed report.
  Number of Failed Nets               = 0
    (Failed Nets is the sum of unrouted and partially routed nets)
  Number of Unrouted Nets             = 0
  Number of Partially Routed Nets     = 0
  Number of Node Overlaps             = 0

Phase 7 Route finalize | Checksum: 99af905b

Time (s): cpu = 00:02:49 ; elapsed = 00:01:13 . Memory (MB): peak = 3479.387 ; gain = 0.000 ; free physical = 21048 ; free virtual = 49923

Phase 8 Verifying routed nets

 Verification completed successfully
Phase 8 Verifying routed nets | Checksum: 99af905b

Time (s): cpu = 00:02:49 ; elapsed = 00:01:13 . Memory (MB): peak = 3479.387 ; gain = 0.000 ; free physical = 21046 ; free virtual = 49922

Phase 9 Depositing Routes
Phase 9 Depositing Routes | Checksum: cf8deae0

Time (s): cpu = 00:02:55 ; elapsed = 00:01:19 . Memory (MB): peak = 3479.387 ; gain = 0.000 ; free physical = 21048 ; free virtual = 49924

Phase 10 Post Router Timing
INFO: [Route 35-57] Estimated Timing Summary | WNS=0.514  | TNS=0.000  | WHS=0.006  | THS=0.000  |

INFO: [Route 35-327] The final timing numbers are based on the router estimated timing analysis. For a complete and accurate timing signoff, please run report_timing_summary.
Phase 10 Post Router Timing | Checksum: cf8deae0

Time (s): cpu = 00:02:55 ; elapsed = 00:01:19 . Memory (MB): peak = 3479.387 ; gain = 0.000 ; free physical = 21054 ; free virtual = 49930
INFO: [Route 35-16] Router Completed Successfully

Time (s): cpu = 00:02:55 ; elapsed = 00:01:19 . Memory (MB): peak = 3479.387 ; gain = 0.000 ; free physical = 21116 ; free virtual = 49992

Routing Is Done.
INFO: [Common 17-83] Releasing license: Implementation
118 Infos, 3 Warnings, 0 Critical Warnings and 0 Errors encountered.
route_design completed successfully
route_design: Time (s): cpu = 00:03:06 ; elapsed = 00:01:24 . Memory (MB): peak = 3479.387 ; gain = 0.000 ; free physical = 21115 ; free virtual = 49991
Netlist sorting complete. Time (s): cpu = 00:00:00.02 ; elapsed = 00:00:00.01 . Memory (MB): peak = 3479.387 ; gain = 0.000 ; free physical = 21116 ; free virtual = 49992
INFO: [Timing 38-480] Writing timing data to binary archive.
Writing placer database...
Writing XDEF routing.
Writing XDEF routing logical nets.
Writing XDEF routing special nets.
Write XDEF Complete: Time (s): cpu = 00:00:22 ; elapsed = 00:00:08 . Memory (MB): peak = 3479.387 ; gain = 0.000 ; free physical = 20947 ; free virtual = 49982
INFO: [Common 17-1381] The checkpoint '/home/jovyan/Internship_Waseda/hls4ml/LeNet/LeNet_PYNQ/myproject_vivado_accelerator/project_1.runs/impl_1/design_1_wrapper_routed.dcp' has been generated.
write_checkpoint: Time (s): cpu = 00:00:26 ; elapsed = 00:00:12 . Memory (MB): peak = 3479.387 ; gain = 0.000 ; free physical = 21079 ; free virtual = 49985
INFO: [runtcl-4] Executing : report_drc -file design_1_wrapper_drc_routed.rpt -pb design_1_wrapper_drc_routed.pb -rpx design_1_wrapper_drc_routed.rpx
Command: report_drc -file design_1_wrapper_drc_routed.rpt -pb design_1_wrapper_drc_routed.pb -rpx design_1_wrapper_drc_routed.rpx
INFO: [IP_Flow 19-1839] IP Catalog is up to date.
INFO: [DRC 23-27] Running DRC with 8 threads
INFO: [Coretcl 2-168] The results of DRC are in file /home/jovyan/Internship_Waseda/hls4ml/LeNet/LeNet_PYNQ/myproject_vivado_accelerator/project_1.runs/impl_1/design_1_wrapper_drc_routed.rpt.
report_drc completed successfully
report_drc: Time (s): cpu = 00:00:20 ; elapsed = 00:00:05 . Memory (MB): peak = 3479.387 ; gain = 0.000 ; free physical = 21045 ; free virtual = 49951
INFO: [runtcl-4] Executing : report_methodology -file design_1_wrapper_methodology_drc_routed.rpt -pb design_1_wrapper_methodology_drc_routed.pb -rpx design_1_wrapper_methodology_drc_routed.rpx
Command: report_methodology -file design_1_wrapper_methodology_drc_routed.rpt -pb design_1_wrapper_methodology_drc_routed.pb -rpx design_1_wrapper_methodology_drc_routed.rpx
INFO: [Timing 38-35] Done setting XDC timing constraints.
INFO: [DRC 23-133] Running Methodology with 8 threads
INFO: [Coretcl 2-1520] The results of Report Methodology are in file /home/jovyan/Internship_Waseda/hls4ml/LeNet/LeNet_PYNQ/myproject_vivado_accelerator/project_1.runs/impl_1/design_1_wrapper_methodology_drc_routed.rpt.
report_methodology completed successfully
report_methodology: Time (s): cpu = 00:01:03 ; elapsed = 00:00:18 . Memory (MB): peak = 3518.379 ; gain = 38.992 ; free physical = 21014 ; free virtual = 49920
INFO: [runtcl-4] Executing : report_power -file design_1_wrapper_power_routed.rpt -pb design_1_wrapper_power_summary_routed.pb -rpx design_1_wrapper_power_routed.rpx
Command: report_power -file design_1_wrapper_power_routed.rpt -pb design_1_wrapper_power_summary_routed.pb -rpx design_1_wrapper_power_routed.rpx
INFO: [Timing 38-35] Done setting XDC timing constraints.
Running Vector-less Activity Propagation...

Finished Running Vector-less Activity Propagation
WARNING: [Power 33-332] Found switching activity that implies high-fanout reset nets being asserted for excessive periods of time which may result in inaccurate power analysis.
Resolution: To review and fix problems, please run Power Constraints Advisor in the GUI from Tools > Power Constraints Advisor or run report_power with the -advisory option to generate a text report.
130 Infos, 4 Warnings, 0 Critical Warnings and 0 Errors encountered.
report_power completed successfully
report_power: Time (s): cpu = 00:00:40 ; elapsed = 00:00:16 . Memory (MB): peak = 3542.391 ; gain = 24.012 ; free physical = 20936 ; free virtual = 49855
INFO: [runtcl-4] Executing : report_route_status -file design_1_wrapper_route_status.rpt -pb design_1_wrapper_route_status.pb
INFO: [runtcl-4] Executing : report_timing_summary -max_paths 10 -file design_1_wrapper_timing_summary_routed.rpt -pb design_1_wrapper_timing_summary_routed.pb -rpx design_1_wrapper_timing_summary_routed.rpx -warn_on_violation 
INFO: [Timing 38-91] UpdateTimingParams: Speed grade: -1, Delay Type: min_max.
INFO: [Timing 38-191] Multithreading enabled for timing update using a maximum of 8 CPUs
INFO: [runtcl-4] Executing : report_incremental_reuse -file design_1_wrapper_incremental_reuse_routed.rpt
INFO: [Vivado_Tcl 4-1062] Incremental flow is disabled. No incremental reuse Info to report.
INFO: [runtcl-4] Executing : report_clock_utilization -file design_1_wrapper_clock_utilization_routed.rpt
report_clock_utilization: Time (s): cpu = 00:00:07 ; elapsed = 00:00:07 . Memory (MB): peak = 3542.391 ; gain = 0.000 ; free physical = 20912 ; free virtual = 49832
INFO: [runtcl-4] Executing : report_bus_skew -warn_on_violation -file design_1_wrapper_bus_skew_routed.rpt -pb design_1_wrapper_bus_skew_routed.pb -rpx design_1_wrapper_bus_skew_routed.rpx
INFO: [Timing 38-91] UpdateTimingParams: Speed grade: -1, Delay Type: min_max.
INFO: [Timing 38-191] Multithreading enabled for timing update using a maximum of 8 CPUs
INFO: [Memdata 28-167] Found XPM memory block design_1_i/hier_0/axi_dma_0/U0/I_PRMRY_DATAMOVER/GEN_S2MM_FULL.I_S2MM_FULL_WRAPPER/GEN_ENABLE_INDET_BTT_SF.I_INDET_BTT/I_XD_FIFO/NON_BLK_MEM.I_SYNC_FIFOGEN_FIFO/xpm_fifo_instance.xpm_fifo_sync_inst/xpm_fifo_base_inst/gen_sdpram.xpm_memory_base_inst with a P_MEMORY_PRIMITIVE property set to auto. A value of block is required. You will not be able to use the updatemem program to update the bitstream with new data for the design_1_i/hier_0/axi_dma_0/U0/I_PRMRY_DATAMOVER/GEN_S2MM_FULL.I_S2MM_FULL_WRAPPER/GEN_ENABLE_INDET_BTT_SF.I_INDET_BTT/I_XD_FIFO/NON_BLK_MEM.I_SYNC_FIFOGEN_FIFO/xpm_fifo_instance.xpm_fifo_sync_inst/xpm_fifo_base_inst/gen_sdpram.xpm_memory_base_inst block.
INFO: [Memdata 28-208] The XPM instance: <design_1_i/hier_0/axi_dma_0/U0/I_PRMRY_DATAMOVER/GEN_S2MM_FULL.I_S2MM_FULL_WRAPPER/GEN_ENABLE_INDET_BTT_SF.I_INDET_BTT/I_DATA_FIFO/BLK_MEM.I_SYNC_FIFOGEN_FIFO/xpm_fifo_instance.xpm_fifo_sync_inst/xpm_fifo_base_inst/gen_sdpram.xpm_memory_base_inst> is part of IP: <design_1_i/hier_0/axi_dma_0>. This XPM instance will be excluded from the .mmi because updatemem is prohibited from making changes to an XPM that is part of an IP.
INFO: [Memdata 28-208] The XPM instance: <design_1_i/hier_0/axi_dma_0/U0/I_PRMRY_DATAMOVER/GEN_MM2S_FULL.I_MM2S_FULL_WRAPPER/GEN_INCLUDE_MM2S_SF.I_RD_SF/I_DATA_FIFO/BLK_MEM.I_SYNC_FIFOGEN_FIFO/xpm_fifo_instance.xpm_fifo_sync_inst/xpm_fifo_base_inst/gen_sdpram.xpm_memory_base_inst> is part of IP: <design_1_i/hier_0/axi_dma_0>. This XPM instance will be excluded from the .mmi because updatemem is prohibited from making changes to an XPM that is part of an IP.
Command: write_bitstream -force design_1_wrapper.bit
Attempting to get a license for feature 'Implementation' and/or device 'xc7z020'
INFO: [Common 17-349] Got license for feature 'Implementation' and/or device 'xc7z020'
Running DRC as a precondition to command write_bitstream
INFO: [IP_Flow 19-1839] IP Catalog is up to date.
INFO: [DRC 23-27] Running DRC with 8 threads
WARNING: [DRC RTSTAT-10] No routable loads: 33 net(s) have no routable loads. The problem bus(es) and/or net(s) are design_1_i/axi_mem_intercon/m00_couplers/auto_pc/inst/gen_axi4_axi3.axi3_conv_inst/USE_WRITE.write_addr_inst/USE_BURSTS.cmd_queue/inst/fifo_gen_inst/inst_fifo_gen/gconvfifo.rf/grf.rf/gntv_or_sync_fifo.gl0.rd/gr1.gr1_int.rfwft/aempty_fwft_i, design_1_i/axi_mem_intercon/m00_couplers/auto_pc/inst/gen_axi4_axi3.axi3_conv_inst/USE_READ.USE_SPLIT_R.read_addr_inst/USE_R_CHANNEL.cmd_queue/inst/fifo_gen_inst/inst_fifo_gen/gconvfifo.rf/grf.rf/gntv_or_sync_fifo.gl0.rd/gr1.gr1_int.rfwft/aempty_fwft_i, design_1_i/axi_mem_intercon/m00_couplers/auto_pc/inst/gen_axi4_axi3.axi3_conv_inst/USE_WRITE.write_addr_inst/USE_B_CHANNEL.cmd_b_queue/inst/fifo_gen_inst/inst_fifo_gen/gconvfifo.rf/grf.rf/gntv_or_sync_fifo.gl0.rd/gr1.gr1_int.rfwft/aempty_fwft_i, design_1_i/axi_mem_intercon/m00_couplers/auto_pc/inst/gen_axi4_axi3.axi3_conv_inst/USE_WRITE.write_addr_inst/USE_BURSTS.cmd_queue/inst/fifo_gen_inst/inst_fifo_gen/gconvfifo.rf/grf.rf/gntv_or_sync_fifo.gl0.wr/gwss.wsts/ram_afull_fb, design_1_i/axi_mem_intercon/m00_couplers/auto_pc/inst/gen_axi4_axi3.axi3_conv_inst/USE_READ.USE_SPLIT_R.read_addr_inst/USE_R_CHANNEL.cmd_queue/inst/fifo_gen_inst/inst_fifo_gen/gconvfifo.rf/grf.rf/gntv_or_sync_fifo.gl0.wr/gwss.wsts/ram_afull_fb, design_1_i/axi_mem_intercon/m00_couplers/auto_pc/inst/gen_axi4_axi3.axi3_conv_inst/USE_WRITE.write_addr_inst/USE_B_CHANNEL.cmd_b_queue/inst/fifo_gen_inst/inst_fifo_gen/gconvfifo.rf/grf.rf/gntv_or_sync_fifo.gl0.wr/gwss.wsts/ram_afull_fb, design_1_i/axi_mem_intercon/m00_couplers/auto_pc/inst/gen_axi4_axi3.axi3_conv_inst/USE_WRITE.write_addr_inst/USE_BURSTS.cmd_queue/inst/fifo_gen_inst/inst_fifo_gen/gconvfifo.rf/grf.rf/gntv_or_sync_fifo.gl0.wr/gwss.wsts/ram_afull_i, design_1_i/axi_mem_intercon/m00_couplers/auto_pc/inst/gen_axi4_axi3.axi3_conv_inst/USE_WRITE.write_addr_inst/USE_B_CHANNEL.cmd_b_queue/inst/fifo_gen_inst/inst_fifo_gen/gconvfifo.rf/grf.rf/gntv_or_sync_fifo.gl0.wr/gwss.wsts/ram_afull_i, design_1_i/axi_mem_intercon/m00_couplers/auto_pc/inst/gen_axi4_axi3.axi3_conv_inst/USE_READ.USE_SPLIT_R.read_addr_inst/USE_R_CHANNEL.cmd_queue/inst/fifo_gen_inst/inst_fifo_gen/gconvfifo.rf/grf.rf/gntv_or_sync_fifo.gl0.wr/gwss.wsts/ram_afull_i, design_1_i/axi_mem_intercon/m00_couplers/auto_pc/inst/gen_axi4_axi3.axi3_conv_inst/USE_WRITE.write_addr_inst/USE_BURSTS.cmd_queue/inst/fifo_gen_inst/inst_fifo_gen/gconvfifo.rf/grf.rf/gntv_or_sync_fifo.gl0.rd/grss.rsts/ram_empty_i, design_1_i/axi_mem_intercon/m00_couplers/auto_pc/inst/gen_axi4_axi3.axi3_conv_inst/USE_READ.USE_SPLIT_R.read_addr_inst/USE_R_CHANNEL.cmd_queue/inst/fifo_gen_inst/inst_fifo_gen/gconvfifo.rf/grf.rf/gntv_or_sync_fifo.gl0.rd/grss.rsts/ram_empty_i, design_1_i/axi_mem_intercon/m00_couplers/auto_pc/inst/gen_axi4_axi3.axi3_conv_inst/USE_WRITE.write_addr_inst/USE_B_CHANNEL.cmd_b_queue/inst/fifo_gen_inst/inst_fifo_gen/gconvfifo.rf/grf.rf/gntv_or_sync_fifo.gl0.rd/grss.rsts/ram_empty_i, design_1_i/axi_mem_intercon/m00_couplers/auto_pc/inst/gen_axi4_axi3.axi3_conv_inst/USE_READ.USE_SPLIT_R.read_addr_inst/USE_R_CHANNEL.cmd_queue/inst/fifo_gen_inst/inst_fifo_gen/gconvfifo.rf/grf.rf/rstblk/rd_rst_reg[2:0], design_1_i/axi_mem_intercon/m00_couplers/auto_pc/inst/gen_axi4_axi3.axi3_conv_inst/USE_WRITE.write_addr_inst/USE_B_CHANNEL.cmd_b_queue/inst/fifo_gen_inst/inst_fifo_gen/gconvfifo.rf/grf.rf/rstblk/rd_rst_reg[2:0], design_1_i/axi_mem_intercon/m00_couplers/auto_pc/inst/gen_axi4_axi3.axi3_conv_inst/USE_WRITE.write_addr_inst/USE_BURSTS.cmd_queue/inst/fifo_gen_inst/inst_fifo_gen/gconvfifo.rf/grf.rf/rstblk/rd_rst_reg[2:0]... and (the first 15 of 21 listed).
INFO: [Vivado 12-3199] DRC finished with 0 Errors, 1 Warnings
INFO: [Vivado 12-3200] Please refer to the DRC report (report_drc) for more information.
INFO: [Designutils 20-2272] Running write_bitstream with 8 threads.
Loading data files...
Loading site data...
Loading route data...
Processing options...
Creating bitmap...
Creating bitstream...
Writing bitstream ./design_1_wrapper.bit...
INFO: [Vivado 12-1842] Bitgen Completed Successfully.
INFO: [Project 1-120] WebTalk data collection is mandatory when using a WebPACK part without a full Vivado license. To see the specific WebTalk data collected for your design, open the usage_statistics_webtalk.html or usage_statistics_webtalk.xml file in the implementation directory.
INFO: [Common 17-186] '/home/jovyan/Internship_Waseda/hls4ml/LeNet/LeNet_PYNQ/myproject_vivado_accelerator/project_1.runs/impl_1/usage_statistics_webtalk.xml' has been successfully sent to Xilinx on Fri Jun 30 02:18:44 2023. For additional details about this file, please refer to the WebTalk help file at /opt/Xilinx/Vivado/2019.2/doc/webtalk_introduction.html.
INFO: [Common 17-83] Releasing license: Implementation
153 Infos, 5 Warnings, 0 Critical Warnings and 0 Errors encountered.
write_bitstream completed successfully
write_bitstream: Time (s): cpu = 00:01:23 ; elapsed = 00:00:41 . Memory (MB): peak = 3787.945 ; gain = 245.555 ; free physical = 20867 ; free virtual = 49792
INFO: [Common 17-206] Exiting Vivado at Fri Jun 30 02:18:44 2023...
[Fri Jun 30 02:18:45 2023] impl_1 finished
wait_on_run: Time (s): cpu = 00:36:21 ; elapsed = 00:21:37 . Memory (MB): peak = 1923.902 ; gain = 0.000 ; free physical = 22853 ; free virtual = 51777
# open_run impl_1
INFO: [Device 21-403] Loading part xc7z020clg400-1
Netlist sorting complete. Time (s): cpu = 00:00:00.93 ; elapsed = 00:00:00.93 . Memory (MB): peak = 1984.270 ; gain = 0.000 ; free physical = 22623 ; free virtual = 51548
INFO: [Netlist 29-17] Analyzing 8757 Unisim elements for replacement
INFO: [Netlist 29-28] Unisim Transformation completed in 0 CPU seconds
INFO: [Project 1-479] Netlist was created with Vivado 2019.2
INFO: [Project 1-570] Preparing netlist for logic optimization
INFO: [Timing 38-478] Restoring timing data from binary archive.
INFO: [Timing 38-479] Binary timing data restore complete.
INFO: [Project 1-856] Restoring constraints from binary archive.
INFO: [Project 1-853] Binary constraint restore complete.
Reading XDEF placement.
Reading placer database...
Reading XDEF routing.
Read XDEF File: Time (s): cpu = 00:00:07 ; elapsed = 00:00:07 . Memory (MB): peak = 2792.285 ; gain = 95.930 ; free physical = 21886 ; free virtual = 50810
Restored from archive | CPU: 6.610000 secs | Memory: 80.680290 MB |
Finished XDEF File Restore: Time (s): cpu = 00:00:07 ; elapsed = 00:00:07 . Memory (MB): peak = 2792.285 ; gain = 95.930 ; free physical = 21886 ; free virtual = 50810
Netlist sorting complete. Time (s): cpu = 00:00:00.02 ; elapsed = 00:00:00.02 . Memory (MB): peak = 2792.285 ; gain = 0.000 ; free physical = 21892 ; free virtual = 50817
INFO: [Project 1-111] Unisim Transformation Summary:
  A total of 9 instances were transformed.
  RAM32M => RAM32M (RAMD32(x6), RAMS32(x2)): 5 instances
  RAM32X1D => RAM32X1D (RAMD32(x2)): 1 instance 
  SRLC32E => SRL16E: 3 instances

open_run: Time (s): cpu = 00:00:39 ; elapsed = 00:00:56 . Memory (MB): peak = 2792.285 ; gain = 868.383 ; free physical = 21892 ; free virtual = 50817
# report_utilization -file util.rpt -hierarchical -hierarchical_percentages
INFO: [Common 17-206] Exiting Vivado at Fri Jun 30 02:19:44 2023...
