0.9818052649497986 0.8101235032081604
0.7762377858161926 0.7630168199539185
0.7512580156326294 0.7484459280967712
0.7381871342658997 0.7406774759292603
0.7956268787384033 0.7533758282661438
0.7402490377426147 0.7369775176048279
0.729239821434021 0.7300037145614624
0.7228642106056213 0.7250035405158997
0.7179981470108032 0.7224673628807068
0.7147416472434998 0.7192152738571167
0.7120351791381836 0.7158612012863159
0.7096332907676697 0.7152193784713745
0.7077535390853882 0.7116513848304749
0.7061147093772888 0.7108734250068665
0.7043911218643188 0.7090409994125366
0.703442394733429 0.710057258605957
0.7024567723274231 0.7065838575363159
0.7018470168113708 0.7095438838005066
0.7006354928016663 0.705375075340271
0.699598491191864 0.7044264674186707
0.6991659998893738 0.7050656080245972
0.6985867619514465 0.7019635438919067
0.6976037621498108 0.7022949457168579
0.6975809335708618 0.7037534117698669
0.6968302130699158 0.7017806768417358
0.6963446736335754 0.7018799781799316
0.6953036189079285 0.7039239406585693
0.6954572200775146 0.7013683915138245
0.6951429843902588 0.700702428817749
0.6944578289985657 0.7016454935073853
