

================================================================
== Vivado HLS Report for 'Loop_1_proc58'
================================================================
* Date:           Mon Jul 10 04:29:37 2023

* Version:        2019.2 (Build 2704478 on Wed Nov 06 22:10:23 MST 2019)
* Project:        myproject_prj
* Solution:       solution1
* Product family: zynq
* Target device:  xc7z020-clg400-1


================================================================
== Performance Estimates
================================================================
+ Timing: 
    * Summary: 
    +--------+---------+----------+------------+
    |  Clock |  Target | Estimated| Uncertainty|
    +--------+---------+----------+------------+
    |ap_clk  | 5.00 ns | 4.234 ns |   0.62 ns  |
    +--------+---------+----------+------------+

+ Latency: 
    * Summary: 
    +---------+---------+-----------+-----------+------+------+---------+
    |  Latency (cycles) |   Latency (absolute)  |   Interval  | Pipeline|
    |   min   |   max   |    min    |    max    |  min |  max |   Type  |
    +---------+---------+-----------+-----------+------+------+---------+
    |     7113|     7113| 35.565 us | 35.565 us |  7113|  7113|   none  |
    +---------+---------+-----------+-----------+------+------+---------+

    + Detail: 
        * Instance: 
        N/A

        * Loop: 
        +-------------+---------+---------+----------+-----------+-----------+------+----------+
        |             |  Latency (cycles) | Iteration|  Initiation Interval  | Trip |          |
        |  Loop Name  |   min   |   max   |  Latency |  achieved |   target  | Count| Pipelined|
        +-------------+---------+---------+----------+-----------+-----------+------+----------+
        |- Loop 1     |     7112|     7112|       254|          -|          -|    28|    no    |
        | + Loop 1.1  |      252|      252|         9|          -|          -|    28|    no    |
        +-------------+---------+---------+----------+-----------+-----------+------+----------+



================================================================
== Utilization Estimates
================================================================
* Summary: 
+-----------------+---------+-------+--------+-------+-----+
|       Name      | BRAM_18K| DSP48E|   FF   |  LUT  | URAM|
+-----------------+---------+-------+--------+-------+-----+
|DSP              |        -|      -|       -|      -|    -|
|Expression       |        -|      -|       0|   8941|    -|
|FIFO             |        -|      -|       -|      -|    -|
|Instance         |        -|      0|     314|    354|    -|
|Memory           |        -|      -|       -|      -|    -|
|Multiplexer      |        -|      -|       -|     98|    -|
|Register         |        -|      -|    1744|      -|    -|
+-----------------+---------+-------+--------+-------+-----+
|Total            |        0|      0|    2058|   9393|    0|
+-----------------+---------+-------+--------+-------+-----+
|Available        |      280|    220|  106400|  53200|    0|
+-----------------+---------+-------+--------+-------+-----+
|Utilization (%)  |        0|      0|       1|     17|    0|
+-----------------+---------+-------+--------+-------+-----+

+ Detail: 
    * Instance: 
    +----------------------------------------+-------------------------------------+---------+-------+-----+-----+-----+
    |                Instance                |                Module               | BRAM_18K| DSP48E|  FF | LUT | URAM|
    +----------------------------------------+-------------------------------------+---------+-------+-----+-----+-----+
    |myproject_axi_ashr_54ns_32ns_54_2_1_U2  |myproject_axi_ashr_54ns_32ns_54_2_1  |        0|      0|  214|  216|    0|
    |myproject_axi_fpext_32ns_64_3_1_U1      |myproject_axi_fpext_32ns_64_3_1      |        0|      0|  100|  138|    0|
    +----------------------------------------+-------------------------------------+---------+-------+-----+-----+-----+
    |Total                                   |                                     |        0|      0|  314|  354|    0|
    +----------------------------------------+-------------------------------------+---------+-------+-----+-----+-----+

    * DSP48E: 
    N/A

    * Memory: 
    N/A

    * FIFO: 
    N/A

    * Expression: 
    +---------------------------+----------+-------+---+------+------------+------------+
    |       Variable Name       | Operation| DSP48E| FF|  LUT | Bitwidth P0| Bitwidth P1|
    +---------------------------+----------+-------+---+------+------------+------------+
    |add_ln581_fu_845_p2        |     +    |      0|  0|    12|           5|          12|
    |i_fu_431_p2                |     +    |      0|  0|    15|           5|           1|
    |j_fu_443_p2                |     +    |      0|  0|    15|           5|           1|
    |F2_fu_833_p2               |     -    |      0|  0|    12|          11|          12|
    |man_V_1_fu_815_p2          |     -    |      0|  0|    61|           1|          54|
    |sub_ln203_1_fu_1067_p2     |     -    |      0|  0|    15|           8|           9|
    |sub_ln203_fu_1053_p2       |     -    |      0|  0|    15|           8|           9|
    |sub_ln581_fu_851_p2        |     -    |      0|  0|    12|           4|          12|
    |and_ln203_1_fu_1148_p2     |    and   |      0|  0|   448|         448|         448|
    |and_ln203_2_fu_1154_p2     |    and   |      0|  0|   448|         448|         448|
    |and_ln203_fu_1122_p2       |    and   |      0|  0|   448|         448|         448|
    |and_ln581_fu_936_p2        |    and   |      0|  0|     2|           1|           1|
    |and_ln582_fu_994_p2        |    and   |      0|  0|     2|           1|           1|
    |and_ln585_1_fu_953_p2      |    and   |      0|  0|     2|           1|           1|
    |and_ln585_fu_947_p2        |    and   |      0|  0|     2|           1|           1|
    |and_ln603_fu_970_p2        |    and   |      0|  0|     2|           1|           1|
    |ap_block_state3            |    and   |      0|  0|     2|           1|           1|
    |icmp_ln17_fu_425_p2        |   icmp   |      0|  0|    11|           5|           4|
    |icmp_ln203_fu_1047_p2      |   icmp   |      0|  0|    13|           9|           9|
    |icmp_ln20_fu_437_p2        |   icmp   |      0|  0|    11|           5|           4|
    |icmp_ln571_fu_828_p2       |   icmp   |      0|  0|    29|          63|           1|
    |icmp_ln581_fu_839_p2       |   icmp   |      0|  0|    13|          12|           4|
    |icmp_ln582_fu_865_p2       |   icmp   |      0|  0|    13|          12|           4|
    |icmp_ln585_fu_888_p2       |   icmp   |      0|  0|    13|          12|           6|
    |icmp_ln603_fu_893_p2       |   icmp   |      0|  0|    11|           8|           1|
    |lshr_ln203_fu_1116_p2      |   lshr   |      0|  0|  1915|           2|         448|
    |ap_block_state1            |    or    |      0|  0|     2|           1|           1|
    |ctype_data_V_1_fu_1159_p2  |    or    |      0|  0|   448|         448|         448|
    |empty_83_fu_1041_p2        |    or    |      0|  0|     9|           9|           4|
    |is_last_fu_458_p2          |    or    |      0|  0|     2|           1|           1|
    |or_ln581_fu_959_p2         |    or    |      0|  0|     2|           1|           1|
    |or_ln582_fu_926_p2         |    or    |      0|  0|     2|           1|           1|
    |or_ln603_1_fu_999_p2       |    or    |      0|  0|     2|           1|           1|
    |or_ln603_2_fu_1004_p2      |    or    |      0|  0|     2|           1|           1|
    |or_ln603_fu_976_p2         |    or    |      0|  0|     2|           1|           1|
    |man_V_2_fu_821_p3          |  select  |      0|  0|    54|           1|          54|
    |select_ln203_1_fu_1083_p3  |  select  |      0|  0|     9|           1|           9|
    |select_ln203_2_fu_1088_p3  |  select  |      0|  0|     9|           1|           9|
    |select_ln203_3_fu_1137_p3  |  select  |      0|  0|   448|           1|         448|
    |select_ln203_fu_1059_p3    |  select  |      0|  0|     9|           1|           9|
    |select_ln588_fu_918_p3     |  select  |      0|  0|     2|           1|           2|
    |select_ln603_1_fu_982_p3   |  select  |      0|  0|    16|           1|          16|
    |select_ln603_2_fu_1027_p3  |  select  |      0|  0|    16|           1|          16|
    |select_ln603_3_fu_1073_p3  |  select  |      0|  0|    16|           1|          16|
    |select_ln603_fu_1020_p3    |  select  |      0|  0|    16|           1|          16|
    |sh_amt_fu_857_p3           |  select  |      0|  0|    12|           1|          12|
    |shl_ln203_1_fu_1110_p2     |    shl   |      0|  0|  1915|           2|         448|
    |shl_ln203_fu_1104_p2       |    shl   |      0|  0|  1915|         448|         448|
    |shl_ln604_fu_1015_p2       |    shl   |      0|  0|    35|          16|          16|
    |xor_ln203_fu_1143_p2       |    xor   |      0|  0|   448|           2|         448|
    |xor_ln571_fu_989_p2        |    xor   |      0|  0|     2|           1|           2|
    |xor_ln581_fu_964_p2        |    xor   |      0|  0|     2|           1|           2|
    |xor_ln582_fu_930_p2        |    xor   |      0|  0|     2|           1|           2|
    |xor_ln585_fu_941_p2        |    xor   |      0|  0|     2|           1|           2|
    +---------------------------+----------+-------+---+------+------------+------------+
    |Total                      |          |      0|  0|  8941|        2472|        4375|
    +---------------------------+----------+-------+---+------+------------+------------+

    * Multiplexer: 
    +------------------+----+-----------+-----+-----------+
    |       Name       | LUT| Input Size| Bits| Total Bits|
    +------------------+----+-----------+-----+-----------+
    |ap_NS_fsm         |  53|         12|    1|         12|
    |ap_done           |   9|          2|    1|          2|
    |i_0_i_reg_388     |   9|          2|    5|         10|
    |in_r_TDATA_blk_n  |   9|          2|    1|          2|
    |is_last_1_fu_200  |   9|          2|    1|          2|
    |j_0_i_reg_399     |   9|          2|    5|         10|
    +------------------+----+-----------+-----+-----------+
    |Total             |  98|         22|   14|         38|
    +------------------+----+-----------+-----+-----------+

    * Register: 
    +-------------------------+-----+----+-----+-----------+
    |           Name          |  FF | LUT| Bits| Const Bits|
    +-------------------------+-----+----+-----+-----------+
    |and_ln203_reg_1481       |  448|   0|  448|          0|
    |and_ln585_reg_1411       |    1|   0|    1|          0|
    |and_ln603_reg_1416       |    1|   0|    1|          0|
    |ap_CS_fsm                |   11|   0|   11|          0|
    |ap_done_reg              |    1|   0|    1|          0|
    |ashr_ln586_reg_1432      |   54|   0|   54|          0|
    |ctype_data_V_fu_204      |  448|   0|  448|          0|
    |empty_83_reg_1453        |    5|   0|    9|          4|
    |exp_tmp_V_reg_1355       |   11|   0|   11|          0|
    |i_0_i_reg_388            |    5|   0|    5|          0|
    |i_reg_1326               |    5|   0|    5|          0|
    |icmp_ln203_reg_1458      |    1|   0|    1|          0|
    |icmp_ln571_reg_1370      |    1|   0|    1|          0|
    |icmp_ln581_reg_1376      |    1|   0|    1|          0|
    |icmp_ln582_reg_1389      |    1|   0|    1|          0|
    |in_data_tmp_reg_1339     |   32|   0|   32|          0|
    |is_last_1_fu_200         |    1|   0|    1|          0|
    |j_0_i_reg_399            |    5|   0|    5|          0|
    |j_reg_1334               |    5|   0|    5|          0|
    |man_V_2_reg_1365         |   54|   0|   54|          0|
    |or_ln603_2_reg_1437      |    1|   0|    1|          0|
    |or_ln603_reg_1421        |    1|   0|    1|          0|
    |p_Result_s_reg_1350      |    1|   0|    1|          0|
    |select_ln603_1_reg_1427  |   16|   0|   16|          0|
    |select_ln603_2_reg_1442  |   16|   0|   16|          0|
    |sh_amt_reg_1382          |   12|   0|   12|          0|
    |shl_ln203_reg_1475       |  448|   0|  448|          0|
    |shl_ln_reg_1447          |    5|   0|    9|          4|
    |sub_ln203_1_reg_1470     |    9|   0|    9|          0|
    |sub_ln203_reg_1465       |    5|   0|    9|          4|
    |tmp_4_reg_1401           |    8|   0|    8|          0|
    |trunc_ln556_reg_1345     |   63|   0|   63|          0|
    |trunc_ln565_reg_1360     |   52|   0|   52|          0|
    |trunc_ln583_reg_1395     |   16|   0|   16|          0|
    +-------------------------+-----+----+-----+-----------+
    |Total                    | 1744|   0| 1756|         12|
    +-------------------------+-----+----+-----+-----------+



================================================================
== Interface
================================================================
* Summary: 
+-------------+-----+-----+------------+---------------+--------------+
|  RTL Ports  | Dir | Bits|  Protocol  | Source Object |    C Type    |
+-------------+-----+-----+------------+---------------+--------------+
|ap_clk       |  in |    1| ap_ctrl_hs | Loop_1_proc58 | return value |
|ap_rst       |  in |    1| ap_ctrl_hs | Loop_1_proc58 | return value |
|ap_start     |  in |    1| ap_ctrl_hs | Loop_1_proc58 | return value |
|ap_done      | out |    1| ap_ctrl_hs | Loop_1_proc58 | return value |
|ap_continue  |  in |    1| ap_ctrl_hs | Loop_1_proc58 | return value |
|ap_idle      | out |    1| ap_ctrl_hs | Loop_1_proc58 | return value |
|ap_ready     | out |    1| ap_ctrl_hs | Loop_1_proc58 | return value |
|ap_return    | out |    1| ap_ctrl_hs | Loop_1_proc58 | return value |
|in_r_TLAST   |  in |    1|    axis    |   in_last_V   |    pointer   |
|in_r_TVALID  |  in |    1|    axis    |    in_data    |    pointer   |
|in_r_TREADY  | out |    1|    axis    |    in_data    |    pointer   |
|in_r_TDATA   |  in |   32|    axis    |    in_data    |    pointer   |
+-------------+-----+-----+------------+---------------+--------------+

